<?xml version="1.0" encoding="UTF-8"?>
<testsuite xmlns:xsi="http://www.w3.org/2001/XMLSchema-instance" xsi:noNamespaceSchemaLocation="https://maven.apache.org/surefire/maven-surefire-plugin/xsd/surefire-test-report-3.0.xsd" version="3.0" name="com.seguridad.seguridad_calidad_back.SeguridadCalidadBackApplicationTests" time="6.669" tests="1" errors="0" skipped="0" failures="0">
  <properties>
    <property name="java.specification.version" value="21"/>
    <property name="sun.cpu.isalist" value="amd64"/>
    <property name="sun.jnu.encoding" value="Cp1252"/>
    <property name="java.class.path" value="H:\Duoc\SEGURIDAD Y CALIDAD EN EL DESARROLLO DE SOFTWARE\S2\seguridad-calidad-back\target\test-classes;H:\Duoc\SEGURIDAD Y CALIDAD EN EL DESARROLLO DE SOFTWARE\S2\seguridad-calidad-back\target\classes;C:\Users\jorgs\.m2\repository\org\springframework\boot\spring-boot-starter-data-jpa\3.3.5\spring-boot-starter-data-jpa-3.3.5.jar;C:\Users\jorgs\.m2\repository\org\springframework\boot\spring-boot-starter-aop\3.3.5\spring-boot-starter-aop-3.3.5.jar;C:\Users\jorgs\.m2\repository\org\springframework\spring-aop\6.1.14\spring-aop-6.1.14.jar;C:\Users\jorgs\.m2\repository\org\aspectj\aspectjweaver\1.9.22.1\aspectjweaver-1.9.22.1.jar;C:\Users\jorgs\.m2\repository\org\springframework\boot\spring-boot-starter-jdbc\3.3.5\spring-boot-starter-jdbc-3.3.5.jar;C:\Users\jorgs\.m2\repository\com\zaxxer\HikariCP\5.1.0\HikariCP-5.1.0.jar;C:\Users\jorgs\.m2\repository\org\springframework\spring-jdbc\6.1.14\spring-jdbc-6.1.14.jar;C:\Users\jorgs\.m2\repository\org\hibernate\orm\hibernate-core\6.5.3.Final\hibernate-core-6.5.3.Final.jar;C:\Users\jorgs\.m2\repository\jakarta\persistence\jakarta.persistence-api\3.1.0\jakarta.persistence-api-3.1.0.jar;C:\Users\jorgs\.m2\repository\jakarta\transaction\jakarta.transaction-api\2.0.1\jakarta.transaction-api-2.0.1.jar;C:\Users\jorgs\.m2\repository\org\jboss\logging\jboss-logging\3.5.3.Final\jboss-logging-3.5.3.Final.jar;C:\Users\jorgs\.m2\repository\org\hibernate\common\hibernate-commons-annotations\6.0.6.Final\hibernate-commons-annotations-6.0.6.Final.jar;C:\Users\jorgs\.m2\repository\io\smallrye\jandex\3.1.2\jandex-3.1.2.jar;C:\Users\jorgs\.m2\repository\com\fasterxml\classmate\1.7.0\classmate-1.7.0.jar;C:\Users\jorgs\.m2\repository\net\bytebuddy\byte-buddy\1.14.19\byte-buddy-1.14.19.jar;C:\Users\jorgs\.m2\repository\org\glassfish\jaxb\jaxb-runtime\4.0.5\jaxb-runtime-4.0.5.jar;C:\Users\jorgs\.m2\repository\org\glassfish\jaxb\jaxb-core\4.0.5\jaxb-core-4.0.5.jar;C:\Users\jorgs\.m2\repository\org\eclipse\angus\angus-activation\2.0.2\angus-activation-2.0.2.jar;C:\Users\jorgs\.m2\repository\org\glassfish\jaxb\txw2\4.0.5\txw2-4.0.5.jar;C:\Users\jorgs\.m2\repository\com\sun\istack\istack-commons-runtime\4.1.2\istack-commons-runtime-4.1.2.jar;C:\Users\jorgs\.m2\repository\jakarta\inject\jakarta.inject-api\2.0.1\jakarta.inject-api-2.0.1.jar;C:\Users\jorgs\.m2\repository\org\antlr\antlr4-runtime\4.13.0\antlr4-runtime-4.13.0.jar;C:\Users\jorgs\.m2\repository\org\springframework\data\spring-data-jpa\3.3.5\spring-data-jpa-3.3.5.jar;C:\Users\jorgs\.m2\repository\org\springframework\data\spring-data-commons\3.3.5\spring-data-commons-3.3.5.jar;C:\Users\jorgs\.m2\repository\org\springframework\spring-orm\6.1.14\spring-orm-6.1.14.jar;C:\Users\jorgs\.m2\repository\org\springframework\spring-context\6.1.14\spring-context-6.1.14.jar;C:\Users\jorgs\.m2\repository\org\springframework\spring-tx\6.1.14\spring-tx-6.1.14.jar;C:\Users\jorgs\.m2\repository\org\springframework\spring-beans\6.1.14\spring-beans-6.1.14.jar;C:\Users\jorgs\.m2\repository\jakarta\annotation\jakarta.annotation-api\2.1.1\jakarta.annotation-api-2.1.1.jar;C:\Users\jorgs\.m2\repository\org\slf4j\slf4j-api\2.0.16\slf4j-api-2.0.16.jar;C:\Users\jorgs\.m2\repository\org\springframework\spring-aspects\6.1.14\spring-aspects-6.1.14.jar;C:\Users\jorgs\.m2\repository\com\mysql\mysql-connector-j\8.3.0\mysql-connector-j-8.3.0.jar;C:\Users\jorgs\.m2\repository\org\springframework\boot\spring-boot-starter-test\3.3.5\spring-boot-starter-test-3.3.5.jar;C:\Users\jorgs\.m2\repository\org\springframework\boot\spring-boot-starter\3.3.5\spring-boot-starter-3.3.5.jar;C:\Users\jorgs\.m2\repository\org\springframework\boot\spring-boot\3.3.5\spring-boot-3.3.5.jar;C:\Users\jorgs\.m2\repository\org\springframework\boot\spring-boot-autoconfigure\3.3.5\spring-boot-autoconfigure-3.3.5.jar;C:\Users\jorgs\.m2\repository\org\springframework\boot\spring-boot-starter-logging\3.3.5\spring-boot-starter-logging-3.3.5.jar;C:\Users\jorgs\.m2\repository\ch\qos\logback\logback-classic\1.5.11\logback-classic-1.5.11.jar;C:\Users\jorgs\.m2\repository\ch\qos\logback\logback-core\1.5.11\logback-core-1.5.11.jar;C:\Users\jorgs\.m2\repository\org\apache\logging\log4j\log4j-to-slf4j\2.23.1\log4j-to-slf4j-2.23.1.jar;C:\Users\jorgs\.m2\repository\org\apache\logging\log4j\log4j-api\2.23.1\log4j-api-2.23.1.jar;C:\Users\jorgs\.m2\repository\org\slf4j\jul-to-slf4j\2.0.16\jul-to-slf4j-2.0.16.jar;C:\Users\jorgs\.m2\repository\org\yaml\snakeyaml\2.2\snakeyaml-2.2.jar;C:\Users\jorgs\.m2\repository\org\springframework\boot\spring-boot-test\3.3.5\spring-boot-test-3.3.5.jar;C:\Users\jorgs\.m2\repository\org\springframework\boot\spring-boot-test-autoconfigure\3.3.5\spring-boot-test-autoconfigure-3.3.5.jar;C:\Users\jorgs\.m2\repository\com\jayway\jsonpath\json-path\2.9.0\json-path-2.9.0.jar;C:\Users\jorgs\.m2\repository\jakarta\xml\bind\jakarta.xml.bind-api\4.0.2\jakarta.xml.bind-api-4.0.2.jar;C:\Users\jorgs\.m2\repository\jakarta\activation\jakarta.activation-api\2.1.3\jakarta.activation-api-2.1.3.jar;C:\Users\jorgs\.m2\repository\net\minidev\json-smart\2.5.1\json-smart-2.5.1.jar;C:\Users\jorgs\.m2\repository\net\minidev\accessors-smart\2.5.1\accessors-smart-2.5.1.jar;C:\Users\jorgs\.m2\repository\org\ow2\asm\asm\9.6\asm-9.6.jar;C:\Users\jorgs\.m2\repository\org\assertj\assertj-core\3.25.3\assertj-core-3.25.3.jar;C:\Users\jorgs\.m2\repository\org\awaitility\awaitility\4.2.2\awaitility-4.2.2.jar;C:\Users\jorgs\.m2\repository\org\hamcrest\hamcrest\2.2\hamcrest-2.2.jar;C:\Users\jorgs\.m2\repository\org\junit\jupiter\junit-jupiter\5.10.5\junit-jupiter-5.10.5.jar;C:\Users\jorgs\.m2\repository\org\junit\jupiter\junit-jupiter-api\5.10.5\junit-jupiter-api-5.10.5.jar;C:\Users\jorgs\.m2\repository\org\opentest4j\opentest4j\1.3.0\opentest4j-1.3.0.jar;C:\Users\jorgs\.m2\repository\org\junit\platform\junit-platform-commons\1.10.5\junit-platform-commons-1.10.5.jar;C:\Users\jorgs\.m2\repository\org\apiguardian\apiguardian-api\1.1.2\apiguardian-api-1.1.2.jar;C:\Users\jorgs\.m2\repository\org\junit\jupiter\junit-jupiter-params\5.10.5\junit-jupiter-params-5.10.5.jar;C:\Users\jorgs\.m2\repository\org\junit\jupiter\junit-jupiter-engine\5.10.5\junit-jupiter-engine-5.10.5.jar;C:\Users\jorgs\.m2\repository\org\junit\platform\junit-platform-engine\1.10.5\junit-platform-engine-1.10.5.jar;C:\Users\jorgs\.m2\repository\org\mockito\mockito-core\5.11.0\mockito-core-5.11.0.jar;C:\Users\jorgs\.m2\repository\net\bytebuddy\byte-buddy-agent\1.14.19\byte-buddy-agent-1.14.19.jar;C:\Users\jorgs\.m2\repository\org\objenesis\objenesis\3.3\objenesis-3.3.jar;C:\Users\jorgs\.m2\repository\org\mockito\mockito-junit-jupiter\5.11.0\mockito-junit-jupiter-5.11.0.jar;C:\Users\jorgs\.m2\repository\org\skyscreamer\jsonassert\1.5.3\jsonassert-1.5.3.jar;C:\Users\jorgs\.m2\repository\com\vaadin\external\google\android-json\0.0.20131108.vaadin1\android-json-0.0.20131108.vaadin1.jar;C:\Users\jorgs\.m2\repository\org\springframework\spring-core\6.1.14\spring-core-6.1.14.jar;C:\Users\jorgs\.m2\repository\org\springframework\spring-jcl\6.1.14\spring-jcl-6.1.14.jar;C:\Users\jorgs\.m2\repository\org\springframework\spring-test\6.1.14\spring-test-6.1.14.jar;C:\Users\jorgs\.m2\repository\org\xmlunit\xmlunit-core\2.9.1\xmlunit-core-2.9.1.jar;C:\Users\jorgs\.m2\repository\io\jsonwebtoken\jjwt-api\0.12.5\jjwt-api-0.12.5.jar;C:\Users\jorgs\.m2\repository\io\jsonwebtoken\jjwt-impl\0.12.5\jjwt-impl-0.12.5.jar;C:\Users\jorgs\.m2\repository\io\jsonwebtoken\jjwt-jackson\0.12.5\jjwt-jackson-0.12.5.jar;C:\Users\jorgs\.m2\repository\com\fasterxml\jackson\core\jackson-databind\2.17.2\jackson-databind-2.17.2.jar;C:\Users\jorgs\.m2\repository\com\fasterxml\jackson\core\jackson-annotations\2.17.2\jackson-annotations-2.17.2.jar;C:\Users\jorgs\.m2\repository\com\fasterxml\jackson\core\jackson-core\2.17.2\jackson-core-2.17.2.jar;C:\Users\jorgs\.m2\repository\org\springframework\boot\spring-boot-starter-web\3.3.5\spring-boot-starter-web-3.3.5.jar;C:\Users\jorgs\.m2\repository\org\springframework\boot\spring-boot-starter-json\3.3.5\spring-boot-starter-json-3.3.5.jar;C:\Users\jorgs\.m2\repository\com\fasterxml\jackson\datatype\jackson-datatype-jdk8\2.17.2\jackson-datatype-jdk8-2.17.2.jar;C:\Users\jorgs\.m2\repository\com\fasterxml\jackson\datatype\jackson-datatype-jsr310\2.17.2\jackson-datatype-jsr310-2.17.2.jar;C:\Users\jorgs\.m2\repository\com\fasterxml\jackson\module\jackson-module-parameter-names\2.17.2\jackson-module-parameter-names-2.17.2.jar;C:\Users\jorgs\.m2\repository\org\springframework\boot\spring-boot-starter-tomcat\3.3.5\spring-boot-starter-tomcat-3.3.5.jar;C:\Users\jorgs\.m2\repository\org\apache\tomcat\embed\tomcat-embed-core\10.1.31\tomcat-embed-core-10.1.31.jar;C:\Users\jorgs\.m2\repository\org\apache\tomcat\embed\tomcat-embed-el\10.1.31\tomcat-embed-el-10.1.31.jar;C:\Users\jorgs\.m2\repository\org\apache\tomcat\embed\tomcat-embed-websocket\10.1.31\tomcat-embed-websocket-10.1.31.jar;C:\Users\jorgs\.m2\repository\org\springframework\spring-web\6.1.14\spring-web-6.1.14.jar;C:\Users\jorgs\.m2\repository\io\micrometer\micrometer-observation\1.13.6\micrometer-observation-1.13.6.jar;C:\Users\jorgs\.m2\repository\io\micrometer\micrometer-commons\1.13.6\micrometer-commons-1.13.6.jar;C:\Users\jorgs\.m2\repository\org\springframework\spring-webmvc\6.1.14\spring-webmvc-6.1.14.jar;C:\Users\jorgs\.m2\repository\org\springframework\spring-expression\6.1.14\spring-expression-6.1.14.jar;"/>
    <property name="java.vm.vendor" value="Oracle Corporation"/>
    <property name="sun.arch.data.model" value="64"/>
    <property name="user.variant" value=""/>
    <property name="java.vendor.url" value="https://java.oracle.com/"/>
    <property name="user.timezone" value="America/Santiago"/>
    <property name="org.jboss.logging.provider" value="slf4j"/>
    <property name="os.name" value="Windows 10"/>
    <property name="java.vm.specification.version" value="21"/>
    <property name="sun.java.launcher" value="SUN_STANDARD"/>
    <property name="user.country" value="CL"/>
    <property name="sun.boot.library.path" value="C:\Program Files\Java\jdk-21\bin"/>
    <property name="sun.java.command" value="C:\Users\jorgs\AppData\Local\Temp\surefire85044866688407535\surefirebooter-20241028225620018_3.jar C:\Users\jorgs\AppData\Local\Temp\surefire85044866688407535 2024-10-28T22-56-19_848-jvmRun1 surefire-20241028225620018_1tmp surefire_0-20241028225620018_2tmp"/>
    <property name="jdk.debug" value="release"/>
    <property name="surefire.test.class.path" value="H:\Duoc\SEGURIDAD Y CALIDAD EN EL DESARROLLO DE SOFTWARE\S2\seguridad-calidad-back\target\test-classes;H:\Duoc\SEGURIDAD Y CALIDAD EN EL DESARROLLO DE SOFTWARE\S2\seguridad-calidad-back\target\classes;C:\Users\jorgs\.m2\repository\org\springframework\boot\spring-boot-starter-data-jpa\3.3.5\spring-boot-starter-data-jpa-3.3.5.jar;C:\Users\jorgs\.m2\repository\org\springframework\boot\spring-boot-starter-aop\3.3.5\spring-boot-starter-aop-3.3.5.jar;C:\Users\jorgs\.m2\repository\org\springframework\spring-aop\6.1.14\spring-aop-6.1.14.jar;C:\Users\jorgs\.m2\repository\org\aspectj\aspectjweaver\1.9.22.1\aspectjweaver-1.9.22.1.jar;C:\Users\jorgs\.m2\repository\org\springframework\boot\spring-boot-starter-jdbc\3.3.5\spring-boot-starter-jdbc-3.3.5.jar;C:\Users\jorgs\.m2\repository\com\zaxxer\HikariCP\5.1.0\HikariCP-5.1.0.jar;C:\Users\jorgs\.m2\repository\org\springframework\spring-jdbc\6.1.14\spring-jdbc-6.1.14.jar;C:\Users\jorgs\.m2\repository\org\hibernate\orm\hibernate-core\6.5.3.Final\hibernate-core-6.5.3.Final.jar;C:\Users\jorgs\.m2\repository\jakarta\persistence\jakarta.persistence-api\3.1.0\jakarta.persistence-api-3.1.0.jar;C:\Users\jorgs\.m2\repository\jakarta\transaction\jakarta.transaction-api\2.0.1\jakarta.transaction-api-2.0.1.jar;C:\Users\jorgs\.m2\repository\org\jboss\logging\jboss-logging\3.5.3.Final\jboss-logging-3.5.3.Final.jar;C:\Users\jorgs\.m2\repository\org\hibernate\common\hibernate-commons-annotations\6.0.6.Final\hibernate-commons-annotations-6.0.6.Final.jar;C:\Users\jorgs\.m2\repository\io\smallrye\jandex\3.1.2\jandex-3.1.2.jar;C:\Users\jorgs\.m2\repository\com\fasterxml\classmate\1.7.0\classmate-1.7.0.jar;C:\Users\jorgs\.m2\repository\net\bytebuddy\byte-buddy\1.14.19\byte-buddy-1.14.19.jar;C:\Users\jorgs\.m2\repository\org\glassfish\jaxb\jaxb-runtime\4.0.5\jaxb-runtime-4.0.5.jar;C:\Users\jorgs\.m2\repository\org\glassfish\jaxb\jaxb-core\4.0.5\jaxb-core-4.0.5.jar;C:\Users\jorgs\.m2\repository\org\eclipse\angus\angus-activation\2.0.2\angus-activation-2.0.2.jar;C:\Users\jorgs\.m2\repository\org\glassfish\jaxb\txw2\4.0.5\txw2-4.0.5.jar;C:\Users\jorgs\.m2\repository\com\sun\istack\istack-commons-runtime\4.1.2\istack-commons-runtime-4.1.2.jar;C:\Users\jorgs\.m2\repository\jakarta\inject\jakarta.inject-api\2.0.1\jakarta.inject-api-2.0.1.jar;C:\Users\jorgs\.m2\repository\org\antlr\antlr4-runtime\4.13.0\antlr4-runtime-4.13.0.jar;C:\Users\jorgs\.m2\repository\org\springframework\data\spring-data-jpa\3.3.5\spring-data-jpa-3.3.5.jar;C:\Users\jorgs\.m2\repository\org\springframework\data\spring-data-commons\3.3.5\spring-data-commons-3.3.5.jar;C:\Users\jorgs\.m2\repository\org\springframework\spring-orm\6.1.14\spring-orm-6.1.14.jar;C:\Users\jorgs\.m2\repository\org\springframework\spring-context\6.1.14\spring-context-6.1.14.jar;C:\Users\jorgs\.m2\repository\org\springframework\spring-tx\6.1.14\spring-tx-6.1.14.jar;C:\Users\jorgs\.m2\repository\org\springframework\spring-beans\6.1.14\spring-beans-6.1.14.jar;C:\Users\jorgs\.m2\repository\jakarta\annotation\jakarta.annotation-api\2.1.1\jakarta.annotation-api-2.1.1.jar;C:\Users\jorgs\.m2\repository\org\slf4j\slf4j-api\2.0.16\slf4j-api-2.0.16.jar;C:\Users\jorgs\.m2\repository\org\springframework\spring-aspects\6.1.14\spring-aspects-6.1.14.jar;C:\Users\jorgs\.m2\repository\com\mysql\mysql-connector-j\8.3.0\mysql-connector-j-8.3.0.jar;C:\Users\jorgs\.m2\repository\org\springframework\boot\spring-boot-starter-test\3.3.5\spring-boot-starter-test-3.3.5.jar;C:\Users\jorgs\.m2\repository\org\springframework\boot\spring-boot-starter\3.3.5\spring-boot-starter-3.3.5.jar;C:\Users\jorgs\.m2\repository\org\springframework\boot\spring-boot\3.3.5\spring-boot-3.3.5.jar;C:\Users\jorgs\.m2\repository\org\springframework\boot\spring-boot-autoconfigure\3.3.5\spring-boot-autoconfigure-3.3.5.jar;C:\Users\jorgs\.m2\repository\org\springframework\boot\spring-boot-starter-logging\3.3.5\spring-boot-starter-logging-3.3.5.jar;C:\Users\jorgs\.m2\repository\ch\qos\logback\logback-classic\1.5.11\logback-classic-1.5.11.jar;C:\Users\jorgs\.m2\repository\ch\qos\logback\logback-core\1.5.11\logback-core-1.5.11.jar;C:\Users\jorgs\.m2\repository\org\apache\logging\log4j\log4j-to-slf4j\2.23.1\log4j-to-slf4j-2.23.1.jar;C:\Users\jorgs\.m2\repository\org\apache\logging\log4j\log4j-api\2.23.1\log4j-api-2.23.1.jar;C:\Users\jorgs\.m2\repository\org\slf4j\jul-to-slf4j\2.0.16\jul-to-slf4j-2.0.16.jar;C:\Users\jorgs\.m2\repository\org\yaml\snakeyaml\2.2\snakeyaml-2.2.jar;C:\Users\jorgs\.m2\repository\org\springframework\boot\spring-boot-test\3.3.5\spring-boot-test-3.3.5.jar;C:\Users\jorgs\.m2\repository\org\springframework\boot\spring-boot-test-autoconfigure\3.3.5\spring-boot-test-autoconfigure-3.3.5.jar;C:\Users\jorgs\.m2\repository\com\jayway\jsonpath\json-path\2.9.0\json-path-2.9.0.jar;C:\Users\jorgs\.m2\repository\jakarta\xml\bind\jakarta.xml.bind-api\4.0.2\jakarta.xml.bind-api-4.0.2.jar;C:\Users\jorgs\.m2\repository\jakarta\activation\jakarta.activation-api\2.1.3\jakarta.activation-api-2.1.3.jar;C:\Users\jorgs\.m2\repository\net\minidev\json-smart\2.5.1\json-smart-2.5.1.jar;C:\Users\jorgs\.m2\repository\net\minidev\accessors-smart\2.5.1\accessors-smart-2.5.1.jar;C:\Users\jorgs\.m2\repository\org\ow2\asm\asm\9.6\asm-9.6.jar;C:\Users\jorgs\.m2\repository\org\assertj\assertj-core\3.25.3\assertj-core-3.25.3.jar;C:\Users\jorgs\.m2\repository\org\awaitility\awaitility\4.2.2\awaitility-4.2.2.jar;C:\Users\jorgs\.m2\repository\org\hamcrest\hamcrest\2.2\hamcrest-2.2.jar;C:\Users\jorgs\.m2\repository\org\junit\jupiter\junit-jupiter\5.10.5\junit-jupiter-5.10.5.jar;C:\Users\jorgs\.m2\repository\org\junit\jupiter\junit-jupiter-api\5.10.5\junit-jupiter-api-5.10.5.jar;C:\Users\jorgs\.m2\repository\org\opentest4j\opentest4j\1.3.0\opentest4j-1.3.0.jar;C:\Users\jorgs\.m2\repository\org\junit\platform\junit-platform-commons\1.10.5\junit-platform-commons-1.10.5.jar;C:\Users\jorgs\.m2\repository\org\apiguardian\apiguardian-api\1.1.2\apiguardian-api-1.1.2.jar;C:\Users\jorgs\.m2\repository\org\junit\jupiter\junit-jupiter-params\5.10.5\junit-jupiter-params-5.10.5.jar;C:\Users\jorgs\.m2\repository\org\junit\jupiter\junit-jupiter-engine\5.10.5\junit-jupiter-engine-5.10.5.jar;C:\Users\jorgs\.m2\repository\org\junit\platform\junit-platform-engine\1.10.5\junit-platform-engine-1.10.5.jar;C:\Users\jorgs\.m2\repository\org\mockito\mockito-core\5.11.0\mockito-core-5.11.0.jar;C:\Users\jorgs\.m2\repository\net\bytebuddy\byte-buddy-agent\1.14.19\byte-buddy-agent-1.14.19.jar;C:\Users\jorgs\.m2\repository\org\objenesis\objenesis\3.3\objenesis-3.3.jar;C:\Users\jorgs\.m2\repository\org\mockito\mockito-junit-jupiter\5.11.0\mockito-junit-jupiter-5.11.0.jar;C:\Users\jorgs\.m2\repository\org\skyscreamer\jsonassert\1.5.3\jsonassert-1.5.3.jar;C:\Users\jorgs\.m2\repository\com\vaadin\external\google\android-json\0.0.20131108.vaadin1\android-json-0.0.20131108.vaadin1.jar;C:\Users\jorgs\.m2\repository\org\springframework\spring-core\6.1.14\spring-core-6.1.14.jar;C:\Users\jorgs\.m2\repository\org\springframework\spring-jcl\6.1.14\spring-jcl-6.1.14.jar;C:\Users\jorgs\.m2\repository\org\springframework\spring-test\6.1.14\spring-test-6.1.14.jar;C:\Users\jorgs\.m2\repository\org\xmlunit\xmlunit-core\2.9.1\xmlunit-core-2.9.1.jar;C:\Users\jorgs\.m2\repository\io\jsonwebtoken\jjwt-api\0.12.5\jjwt-api-0.12.5.jar;C:\Users\jorgs\.m2\repository\io\jsonwebtoken\jjwt-impl\0.12.5\jjwt-impl-0.12.5.jar;C:\Users\jorgs\.m2\repository\io\jsonwebtoken\jjwt-jackson\0.12.5\jjwt-jackson-0.12.5.jar;C:\Users\jorgs\.m2\repository\com\fasterxml\jackson\core\jackson-databind\2.17.2\jackson-databind-2.17.2.jar;C:\Users\jorgs\.m2\repository\com\fasterxml\jackson\core\jackson-annotations\2.17.2\jackson-annotations-2.17.2.jar;C:\Users\jorgs\.m2\repository\com\fasterxml\jackson\core\jackson-core\2.17.2\jackson-core-2.17.2.jar;C:\Users\jorgs\.m2\repository\org\springframework\boot\spring-boot-starter-web\3.3.5\spring-boot-starter-web-3.3.5.jar;C:\Users\jorgs\.m2\repository\org\springframework\boot\spring-boot-starter-json\3.3.5\spring-boot-starter-json-3.3.5.jar;C:\Users\jorgs\.m2\repository\com\fasterxml\jackson\datatype\jackson-datatype-jdk8\2.17.2\jackson-datatype-jdk8-2.17.2.jar;C:\Users\jorgs\.m2\repository\com\fasterxml\jackson\datatype\jackson-datatype-jsr310\2.17.2\jackson-datatype-jsr310-2.17.2.jar;C:\Users\jorgs\.m2\repository\com\fasterxml\jackson\module\jackson-module-parameter-names\2.17.2\jackson-module-parameter-names-2.17.2.jar;C:\Users\jorgs\.m2\repository\org\springframework\boot\spring-boot-starter-tomcat\3.3.5\spring-boot-starter-tomcat-3.3.5.jar;C:\Users\jorgs\.m2\repository\org\apache\tomcat\embed\tomcat-embed-core\10.1.31\tomcat-embed-core-10.1.31.jar;C:\Users\jorgs\.m2\repository\org\apache\tomcat\embed\tomcat-embed-el\10.1.31\tomcat-embed-el-10.1.31.jar;C:\Users\jorgs\.m2\repository\org\apache\tomcat\embed\tomcat-embed-websocket\10.1.31\tomcat-embed-websocket-10.1.31.jar;C:\Users\jorgs\.m2\repository\org\springframework\spring-web\6.1.14\spring-web-6.1.14.jar;C:\Users\jorgs\.m2\repository\io\micrometer\micrometer-observation\1.13.6\micrometer-observation-1.13.6.jar;C:\Users\jorgs\.m2\repository\io\micrometer\micrometer-commons\1.13.6\micrometer-commons-1.13.6.jar;C:\Users\jorgs\.m2\repository\org\springframework\spring-webmvc\6.1.14\spring-webmvc-6.1.14.jar;C:\Users\jorgs\.m2\repository\org\springframework\spring-expression\6.1.14\spring-expression-6.1.14.jar;"/>
    <property name="sun.cpu.endian" value="little"/>
    <property name="user.home" value="C:\Users\jorgs"/>
    <property name="user.language" value="es"/>
    <property name="java.specification.vendor" value="Oracle Corporation"/>
    <property name="java.version.date" value="2024-01-16"/>
    <property name="java.home" value="C:\Program Files\Java\jdk-21"/>
    <property name="file.separator" value="\"/>
    <property name="basedir" value="H:\Duoc\SEGURIDAD Y CALIDAD EN EL DESARROLLO DE SOFTWARE\S2\seguridad-calidad-back"/>
    <property name="java.vm.compressedOopsMode" value="Zero based"/>
    <property name="line.separator" value="&#10;"/>
    <property name="java.vm.specification.vendor" value="Oracle Corporation"/>
    <property name="java.specification.name" value="Java Platform API Specification"/>
    <property name="FILE_LOG_CHARSET" value="UTF-8"/>
    <property name="java.awt.headless" value="true"/>
    <property name="surefire.real.class.path" value="C:\Users\jorgs\AppData\Local\Temp\surefire85044866688407535\surefirebooter-20241028225620018_3.jar"/>
    <property name="user.script" value=""/>
    <property name="sun.management.compiler" value="HotSpot 64-Bit Tiered Compilers"/>
    <property name="java.runtime.version" value="21.0.2+13-LTS-58"/>
    <property name="user.name" value="jorgs"/>
    <property name="stdout.encoding" value="Cp1252"/>
    <property name="path.separator" value=";"/>
    <property name="os.version" value="10.0"/>
    <property name="java.runtime.name" value="Java(TM) SE Runtime Environment"/>
    <property name="file.encoding" value="UTF-8"/>
    <property name="java.vm.name" value="Java HotSpot(TM) 64-Bit Server VM"/>
    <property name="localRepository" value="C:\Users\jorgs\.m2\repository"/>
    <property name="java.vendor.url.bug" value="https://bugreport.java.com/bugreport/"/>
    <property name="java.io.tmpdir" value="C:\Users\jorgs\AppData\Local\Temp\"/>
    <property name="com.zaxxer.hikari.pool_number" value="1"/>
    <property name="java.version" value="21.0.2"/>
    <property name="user.dir" value="H:\Duoc\SEGURIDAD Y CALIDAD EN EL DESARROLLO DE SOFTWARE\S2\seguridad-calidad-back"/>
    <property name="os.arch" value="amd64"/>
    <property name="java.vm.specification.name" value="Java Virtual Machine Specification"/>
    <property name="PID" value="17164"/>
    <property name="sun.os.patch.level" value=""/>
    <property name="CONSOLE_LOG_CHARSET" value="UTF-8"/>
    <property name="native.encoding" value="Cp1252"/>
    <property name="java.library.path" value="C:\Program Files\Java\jdk-21\bin;C:\windows\Sun\Java\bin;C:\windows\system32;C:\windows;C:\Program Files\Common Files\Oracle\Java\javapath;C:\Python310\Scripts\;C:\Python310\;C:\Program Files\Zulu\zulu-16\bin\;C:\Program Files (x86)\Common Files\Oracle\Java\javapath;C:\ProgramData\Oracle\Java\javapath;C:\windows\system32;C:\windows;C:\windows\System32\Wbem;C:\windows\System32\WindowsPowerShell\v1.0\;C:\windows\System32\OpenSSH\;C:\Program Files (x86)\NVIDIA Corporation\PhysX\Common;C:\Program Files\NVIDIA Corporation\NVIDIA NvDLISR;C:\Program Files\Microsoft SQL Server\130\Tools\Binn\;C:\Program Files\PuTTY\;C:\ProgramData\chocolatey\bin;C:\Program Files\Amazon\AWSCLIV2\;C:\Program Files\Docker\Docker\resources\bin;C:\Program Files\Git\cmd;C:\xampp\php;C:\ProgramData\ComposerSetup\bin;C:\Program Files\Java\jdk-21;C:\Program Files\HP\HP One Agent;C:\Program Files\Maven\apache-maven-3.9.6\bin;G:\nodejs\;C:\Users\jorgs\AppData\Local\Programs\Python\Python311\Scripts\;C:\Users\jorgs\AppData\Local\Programs\Python\Python311\;C:\Users\jorgs\AppData\Local\Microsoft\WindowsApps;C:\Users\jorgs\AppData\Local\Programs\Microsoft VS Code\bin;C:\Users\jorgs\AppData\Roaming\Composer\vendor\bin;C:\Users\jorgs\AppData\Roaming\npm;."/>
    <property name="java.vm.info" value="mixed mode, sharing"/>
    <property name="stderr.encoding" value="Cp1252"/>
    <property name="java.vendor" value="Oracle Corporation"/>
    <property name="java.vm.version" value="21.0.2+13-LTS-58"/>
    <property name="sun.io.unicode.encoding" value="UnicodeLittle"/>
    <property name="java.class.version" value="65.0"/>
    <property name="LOGGED_APPLICATION_NAME" value="[seguridad-calidad-back] "/>
  </properties>
  <testcase name="contextLoads" classname="com.seguridad.seguridad_calidad_back.SeguridadCalidadBackApplicationTests" time="0.568">
    <system-out><![CDATA[22:56:21.083 [main] INFO org.springframework.test.context.support.AnnotationConfigContextLoaderUtils -- Could not detect default configuration classes for test class [com.seguridad.seguridad_calidad_back.SeguridadCalidadBackApplicationTests]: SeguridadCalidadBackApplicationTests does not declare any static, non-private, non-final, nested classes annotated with @Configuration.
22:56:21.239 [main] INFO org.springframework.boot.test.context.SpringBootTestContextBootstrapper -- Found @SpringBootConfiguration com.seguridad.seguridad_calidad_back.SeguridadCalidadBackApplication for test class com.seguridad.seguridad_calidad_back.SeguridadCalidadBackApplicationTests

  .   ____          _            __ _ _
 /\\ / ___'_ __ _ _(_)_ __  __ _ \ \ \ \
( ( )\___ | '_ | '_| | '_ \/ _` | \ \ \ \
 \\/  ___)| |_)| | | | | || (_| |  ) ) ) )
  '  |____| .__|_| |_|_| |_\__, | / / / /
 =========|_|==============|___/=/_/_/_/

 :: Spring Boot ::                (v3.3.5)

2024-10-28T22:56:21.729-03:00  INFO 17164 --- [seguridad-calidad-back] [           main] s.s.SeguridadCalidadBackApplicationTests : Starting SeguridadCalidadBackApplicationTests using Java 21.0.2 with PID 17164 (started by jorgs in H:\Duoc\SEGURIDAD Y CALIDAD EN EL DESARROLLO DE SOFTWARE\S2\seguridad-calidad-back)
2024-10-28T22:56:21.730-03:00 DEBUG 17164 --- [seguridad-calidad-back] [           main] s.s.SeguridadCalidadBackApplicationTests : Running with Spring Boot v3.3.5, Spring v6.1.14
2024-10-28T22:56:21.731-03:00  INFO 17164 --- [seguridad-calidad-back] [           main] s.s.SeguridadCalidadBackApplicationTests : No active profile set, falling back to 1 default profile: "default"
2024-10-28T22:56:21.731-03:00 DEBUG 17164 --- [seguridad-calidad-back] [           main] o.s.boot.SpringApplication               : Loading source class com.seguridad.seguridad_calidad_back.SeguridadCalidadBackApplication
2024-10-28T22:56:21.763-03:00 DEBUG 17164 --- [seguridad-calidad-back] [           main] o.s.w.c.s.GenericWebApplicationContext   : Refreshing org.springframework.web.context.support.GenericWebApplicationContext@41c07648
2024-10-28T22:56:21.785-03:00 DEBUG 17164 --- [seguridad-calidad-back] [           main] o.s.b.f.s.DefaultListableBeanFactory     : Creating shared instance of singleton bean 'org.springframework.context.annotation.internalConfigurationAnnotationProcessor'
2024-10-28T22:56:21.799-03:00 DEBUG 17164 --- [seguridad-calidad-back] [           main] o.s.b.f.s.DefaultListableBeanFactory     : Creating shared instance of singleton bean 'org.springframework.boot.autoconfigure.internalCachingMetadataReaderFactory'
2024-10-28T22:56:21.859-03:00 DEBUG 17164 --- [seguridad-calidad-back] [           main] o.s.c.a.ClassPathBeanDefinitionScanner   : Identified candidate component class: file [H:\Duoc\SEGURIDAD Y CALIDAD EN EL DESARROLLO DE SOFTWARE\S2\seguridad-calidad-back\target\classes\com\seguridad\seguridad_calidad_back\controller\RecetaController.class]
2024-10-28T22:56:21.867-03:00 DEBUG 17164 --- [seguridad-calidad-back] [           main] o.s.c.a.ClassPathBeanDefinitionScanner   : Identified candidate component class: file [H:\Duoc\SEGURIDAD Y CALIDAD EN EL DESARROLLO DE SOFTWARE\S2\seguridad-calidad-back\target\classes\com\seguridad\seguridad_calidad_back\service\IngredienteServiceImpl.class]
2024-10-28T22:56:21.870-03:00 DEBUG 17164 --- [seguridad-calidad-back] [           main] o.s.c.a.ClassPathBeanDefinitionScanner   : Identified candidate component class: file [H:\Duoc\SEGURIDAD Y CALIDAD EN EL DESARROLLO DE SOFTWARE\S2\seguridad-calidad-back\target\classes\com\seguridad\seguridad_calidad_back\service\RecetaServiceImpl.class]
2024-10-28T22:56:22.496-03:00  INFO 17164 --- [seguridad-calidad-back] [           main] .s.d.r.c.RepositoryConfigurationDelegate : Bootstrapping Spring Data JPA repositories in DEFAULT mode.
2024-10-28T22:56:22.510-03:00 DEBUG 17164 --- [seguridad-calidad-back] [           main] o.s.b.f.s.DefaultListableBeanFactory     : Creating shared instance of singleton bean 'org.springframework.boot.autoconfigure.AutoConfigurationPackages'
2024-10-28T22:56:22.524-03:00 DEBUG 17164 --- [seguridad-calidad-back] [           main] o.s.b.a.AutoConfigurationPackages        : @EnableAutoConfiguration was declared on a class in the package 'com.seguridad.seguridad_calidad_back'. Automatic @Repository and @Entity scanning is enabled.
2024-10-28T22:56:22.526-03:00 DEBUG 17164 --- [seguridad-calidad-back] [           main] .s.d.r.c.RepositoryConfigurationDelegate : Scanning for JPA repositories in packages com.seguridad.seguridad_calidad_back.
2024-10-28T22:56:22.552-03:00 DEBUG 17164 --- [seguridad-calidad-back] [           main] o.s.d.r.c.RepositoryComponentProvider    : Identified candidate component class: file [H:\Duoc\SEGURIDAD Y CALIDAD EN EL DESARROLLO DE SOFTWARE\S2\seguridad-calidad-back\target\classes\com\seguridad\seguridad_calidad_back\repository\IngredienteRepository.class]
2024-10-28T22:56:22.552-03:00 DEBUG 17164 --- [seguridad-calidad-back] [           main] o.s.d.r.c.RepositoryComponentProvider    : Identified candidate component class: file [H:\Duoc\SEGURIDAD Y CALIDAD EN EL DESARROLLO DE SOFTWARE\S2\seguridad-calidad-back\target\classes\com\seguridad\seguridad_calidad_back\repository\RecetaIngredienteRepository.class]
2024-10-28T22:56:22.552-03:00 DEBUG 17164 --- [seguridad-calidad-back] [           main] o.s.d.r.c.RepositoryComponentProvider    : Identified candidate component class: file [H:\Duoc\SEGURIDAD Y CALIDAD EN EL DESARROLLO DE SOFTWARE\S2\seguridad-calidad-back\target\classes\com\seguridad\seguridad_calidad_back\repository\RecetaRepository.class]
2024-10-28T22:56:22.602-03:00 DEBUG 17164 --- [seguridad-calidad-back] [           main] ssPathScanningCandidateComponentProvider : Identified candidate component class: file [H:\Duoc\SEGURIDAD Y CALIDAD EN EL DESARROLLO DE SOFTWARE\S2\seguridad-calidad-back\target\classes\com\seguridad\seguridad_calidad_back\service\IngredienteServiceImpl.class]
2024-10-28T22:56:22.602-03:00 DEBUG 17164 --- [seguridad-calidad-back] [           main] ssPathScanningCandidateComponentProvider : Identified candidate component class: file [H:\Duoc\SEGURIDAD Y CALIDAD EN EL DESARROLLO DE SOFTWARE\S2\seguridad-calidad-back\target\classes\com\seguridad\seguridad_calidad_back\service\RecetaIngredienteServiceImpl.class]
2024-10-28T22:56:22.602-03:00 DEBUG 17164 --- [seguridad-calidad-back] [           main] ssPathScanningCandidateComponentProvider : Identified candidate component class: file [H:\Duoc\SEGURIDAD Y CALIDAD EN EL DESARROLLO DE SOFTWARE\S2\seguridad-calidad-back\target\classes\com\seguridad\seguridad_calidad_back\service\RecetaServiceImpl.class]
2024-10-28T22:56:22.619-03:00  INFO 17164 --- [seguridad-calidad-back] [           main] .s.d.r.c.RepositoryConfigurationDelegate : Finished Spring Data repository scanning in 91 ms. Found 3 JPA repository interfaces.
2024-10-28T22:56:22.794-03:00 DEBUG 17164 --- [seguridad-calidad-back] [           main] o.s.b.f.s.DefaultListableBeanFactory     : Creating shared instance of singleton bean 'propertySourcesPlaceholderConfigurer'
2024-10-28T22:56:22.798-03:00 DEBUG 17164 --- [seguridad-calidad-back] [           main] o.s.b.f.s.DefaultListableBeanFactory     : Creating shared instance of singleton bean 'org.springframework.boot.test.mock.mockito.MockitoPostProcessor'
2024-10-28T22:56:22.800-03:00 DEBUG 17164 --- [seguridad-calidad-back] [           main] o.s.b.f.s.DefaultListableBeanFactory     : Creating shared instance of singleton bean 'emBeanDefinitionRegistrarPostProcessor'
2024-10-28T22:56:22.800-03:00 DEBUG 17164 --- [seguridad-calidad-back] [           main] o.s.b.f.s.DefaultListableBeanFactory     : Creating shared instance of singleton bean 'org.springframework.boot.sql.init.dependency.DatabaseInitializationDependencyConfigurer$DependsOnDatabaseInitializationPostProcessor'
2024-10-28T22:56:22.851-03:00 DEBUG 17164 --- [seguridad-calidad-back] [           main] o.s.b.f.s.DefaultListableBeanFactory     : Creating shared instance of singleton bean 'org.springframework.context.event.internalEventListenerProcessor'
2024-10-28T22:56:22.853-03:00 DEBUG 17164 --- [seguridad-calidad-back] [           main] o.s.b.f.s.DefaultListableBeanFactory     : Creating shared instance of singleton bean 'preserveErrorControllerTargetClassPostProcessor'
2024-10-28T22:56:22.854-03:00 DEBUG 17164 --- [seguridad-calidad-back] [           main] o.s.b.f.s.DefaultListableBeanFactory     : Creating shared instance of singleton bean 'org.springframework.context.event.internalEventListenerFactory'
2024-10-28T22:56:22.854-03:00 DEBUG 17164 --- [seguridad-calidad-back] [           main] o.s.b.f.s.DefaultListableBeanFactory     : Creating shared instance of singleton bean 'org.springframework.transaction.config.internalTransactionalEventListenerFactory'
2024-10-28T22:56:22.858-03:00 DEBUG 17164 --- [seguridad-calidad-back] [           main] o.s.b.f.s.DefaultListableBeanFactory     : Creating shared instance of singleton bean 'org.springframework.boot.test.mock.mockito.MockitoPostProcessor$SpyPostProcessor'
2024-10-28T22:56:22.860-03:00 DEBUG 17164 --- [seguridad-calidad-back] [           main] o.s.b.f.s.DefaultListableBeanFactory     : Creating shared instance of singleton bean 'org.springframework.context.annotation.internalAutowiredAnnotationProcessor'
2024-10-28T22:56:22.863-03:00 DEBUG 17164 --- [seguridad-calidad-back] [           main] o.s.b.f.s.DefaultListableBeanFactory     : Creating shared instance of singleton bean 'org.springframework.context.annotation.internalCommonAnnotationProcessor'
2024-10-28T22:56:22.867-03:00 DEBUG 17164 --- [seguridad-calidad-back] [           main] o.s.b.f.s.DefaultListableBeanFactory     : Creating shared instance of singleton bean 'org.springframework.context.annotation.internalPersistenceAnnotationProcessor'
2024-10-28T22:56:22.868-03:00 DEBUG 17164 --- [seguridad-calidad-back] [           main] o.s.b.f.s.DefaultListableBeanFactory     : Creating shared instance of singleton bean 'org.springframework.boot.context.properties.ConfigurationPropertiesBindingPostProcessor'
2024-10-28T22:56:22.868-03:00 DEBUG 17164 --- [seguridad-calidad-back] [           main] o.s.b.f.s.DefaultListableBeanFactory     : Creating shared instance of singleton bean 'org.springframework.boot.context.internalConfigurationPropertiesBinder'
2024-10-28T22:56:22.871-03:00 DEBUG 17164 --- [seguridad-calidad-back] [           main] o.s.b.f.s.DefaultListableBeanFactory     : Creating shared instance of singleton bean 'jdbcConnectionDetailsHikariBeanPostProcessor'
2024-10-28T22:56:22.876-03:00 DEBUG 17164 --- [seguridad-calidad-back] [           main] o.s.b.f.s.DefaultListableBeanFactory     : Creating shared instance of singleton bean 'org.springframework.aop.config.internalAutoProxyCreator'
2024-10-28T22:56:22.919-03:00 DEBUG 17164 --- [seguridad-calidad-back] [           main] o.s.b.f.s.DefaultListableBeanFactory     : Creating shared instance of singleton bean 'persistenceExceptionTranslationPostProcessor'
2024-10-28T22:56:22.945-03:00 DEBUG 17164 --- [seguridad-calidad-back] [           main] o.s.b.f.s.DefaultListableBeanFactory     : Autowiring by type from bean name 'persistenceExceptionTranslationPostProcessor' via factory method to bean named 'environment'
2024-10-28T22:56:22.953-03:00 DEBUG 17164 --- [seguridad-calidad-back] [           main] o.s.b.f.s.DefaultListableBeanFactory     : Creating shared instance of singleton bean 'webServerFactoryCustomizerBeanPostProcessor'
2024-10-28T22:56:22.954-03:00 DEBUG 17164 --- [seguridad-calidad-back] [           main] o.s.b.f.s.DefaultListableBeanFactory     : Creating shared instance of singleton bean 'errorPageRegistrarBeanPostProcessor'
2024-10-28T22:56:22.955-03:00 DEBUG 17164 --- [seguridad-calidad-back] [           main] o.s.b.f.s.DefaultListableBeanFactory     : Creating shared instance of singleton bean 'projectingArgumentResolverBeanPostProcessor'
2024-10-28T22:56:22.956-03:00 DEBUG 17164 --- [seguridad-calidad-back] [           main] o.s.b.f.s.DefaultListableBeanFactory     : Creating shared instance of singleton bean 'org.springframework.transaction.config.internalTransactionAdvisor'
2024-10-28T22:56:22.957-03:00 DEBUG 17164 --- [seguridad-calidad-back] [           main] o.s.b.f.s.DefaultListableBeanFactory     : Creating shared instance of singleton bean 'org.springframework.transaction.annotation.ProxyTransactionManagementConfiguration'
2024-10-28T22:56:22.970-03:00 DEBUG 17164 --- [seguridad-calidad-back] [           main] o.s.b.f.s.DefaultListableBeanFactory     : Creating shared instance of singleton bean 'transactionAttributeSource'
2024-10-28T22:56:22.972-03:00 DEBUG 17164 --- [seguridad-calidad-back] [           main] o.s.b.f.s.DefaultListableBeanFactory     : Creating shared instance of singleton bean 'transactionInterceptor'
2024-10-28T22:56:22.973-03:00 DEBUG 17164 --- [seguridad-calidad-back] [           main] o.s.b.f.s.DefaultListableBeanFactory     : Autowiring by type from bean name 'transactionInterceptor' via factory method to bean named 'transactionAttributeSource'
2024-10-28T22:56:22.978-03:00 DEBUG 17164 --- [seguridad-calidad-back] [           main] o.s.b.f.s.DefaultListableBeanFactory     : Autowiring by type from bean name 'org.springframework.transaction.config.internalTransactionAdvisor' via factory method to bean named 'transactionAttributeSource'
2024-10-28T22:56:22.979-03:00 DEBUG 17164 --- [seguridad-calidad-back] [           main] o.s.b.f.s.DefaultListableBeanFactory     : Autowiring by type from bean name 'org.springframework.transaction.config.internalTransactionAdvisor' via factory method to bean named 'transactionInterceptor'
2024-10-28T22:56:23.014-03:00 DEBUG 17164 --- [seguridad-calidad-back] [           main] o.s.u.c.s.UiApplicationContextUtils      : Unable to locate ThemeSource with name 'themeSource': using default [org.springframework.ui.context.support.ResourceBundleThemeSource@286090c]
2024-10-28T22:56:23.015-03:00 DEBUG 17164 --- [seguridad-calidad-back] [           main] o.s.b.f.s.DefaultListableBeanFactory     : Creating shared instance of singleton bean 'dataSourceScriptDatabaseInitializer'
2024-10-28T22:56:23.016-03:00 DEBUG 17164 --- [seguridad-calidad-back] [           main] o.s.b.f.s.DefaultListableBeanFactory     : Creating shared instance of singleton bean 'org.springframework.boot.autoconfigure.sql.init.DataSourceInitializationConfiguration'
2024-10-28T22:56:23.018-03:00 DEBUG 17164 --- [seguridad-calidad-back] [           main] o.s.b.f.s.DefaultListableBeanFactory     : Creating shared instance of singleton bean 'dataSource'
2024-10-28T22:56:23.018-03:00 DEBUG 17164 --- [seguridad-calidad-back] [           main] o.s.b.f.s.DefaultListableBeanFactory     : Creating shared instance of singleton bean 'org.springframework.boot.autoconfigure.jdbc.DataSourceConfiguration$Hikari'
2024-10-28T22:56:23.019-03:00 DEBUG 17164 --- [seguridad-calidad-back] [           main] o.s.b.f.s.DefaultListableBeanFactory     : Creating shared instance of singleton bean 'spring.datasource-org.springframework.boot.autoconfigure.jdbc.DataSourceProperties'
2024-10-28T22:56:23.021-03:00 DEBUG 17164 --- [seguridad-calidad-back] [           main] o.s.b.f.s.DefaultListableBeanFactory     : Creating shared instance of singleton bean 'org.springframework.boot.context.properties.BoundConfigurationProperties'
2024-10-28T22:56:23.049-03:00 DEBUG 17164 --- [seguridad-calidad-back] [           main] o.s.b.f.s.DefaultListableBeanFactory     : Creating shared instance of singleton bean 'jdbcConnectionDetails'
2024-10-28T22:56:23.049-03:00 DEBUG 17164 --- [seguridad-calidad-back] [           main] o.s.b.f.s.DefaultListableBeanFactory     : Creating shared instance of singleton bean 'org.springframework.boot.autoconfigure.jdbc.DataSourceAutoConfiguration$PooledDataSourceConfiguration'
2024-10-28T22:56:23.051-03:00 DEBUG 17164 --- [seguridad-calidad-back] [           main] o.s.b.f.s.DefaultListableBeanFactory     : Autowiring by type from bean name 'jdbcConnectionDetails' via factory method to bean named 'spring.datasource-org.springframework.boot.autoconfigure.jdbc.DataSourceProperties'
2024-10-28T22:56:23.052-03:00 DEBUG 17164 --- [seguridad-calidad-back] [           main] o.s.b.f.s.DefaultListableBeanFactory     : Autowiring by type from bean name 'dataSource' via factory method to bean named 'spring.datasource-org.springframework.boot.autoconfigure.jdbc.DataSourceProperties'
2024-10-28T22:56:23.052-03:00 DEBUG 17164 --- [seguridad-calidad-back] [           main] o.s.b.f.s.DefaultListableBeanFactory     : Autowiring by type from bean name 'dataSource' via factory method to bean named 'jdbcConnectionDetails'
2024-10-28T22:56:23.056-03:00 DEBUG 17164 --- [seguridad-calidad-back] [           main] com.zaxxer.hikari.HikariConfig           : Driver class com.mysql.cj.jdbc.Driver found in Thread context class loader jdk.internal.loader.ClassLoaders$AppClassLoader@70dea4e
2024-10-28T22:56:23.090-03:00 DEBUG 17164 --- [seguridad-calidad-back] [           main] o.s.b.f.s.DefaultListableBeanFactory     : Creating shared instance of singleton bean 'spring.sql.init-org.springframework.boot.autoconfigure.sql.init.SqlInitializationProperties'
2024-10-28T22:56:23.094-03:00 DEBUG 17164 --- [seguridad-calidad-back] [           main] o.s.b.f.s.DefaultListableBeanFactory     : Autowiring by type from bean name 'dataSourceScriptDatabaseInitializer' via factory method to bean named 'dataSource'
2024-10-28T22:56:23.094-03:00 DEBUG 17164 --- [seguridad-calidad-back] [           main] o.s.b.f.s.DefaultListableBeanFactory     : Autowiring by type from bean name 'dataSourceScriptDatabaseInitializer' via factory method to bean named 'spring.sql.init-org.springframework.boot.autoconfigure.sql.init.SqlInitializationProperties'
2024-10-28T22:56:23.103-03:00 DEBUG 17164 --- [seguridad-calidad-back] [           main] o.s.b.f.s.DefaultListableBeanFactory     : Creating shared instance of singleton bean 'entityManagerFactory'
2024-10-28T22:56:23.104-03:00 DEBUG 17164 --- [seguridad-calidad-back] [           main] o.s.b.f.s.DefaultListableBeanFactory     : Creating shared instance of singleton bean 'org.springframework.boot.autoconfigure.orm.jpa.HibernateJpaConfiguration'
2024-10-28T22:56:23.106-03:00 DEBUG 17164 --- [seguridad-calidad-back] [           main] o.s.b.f.s.DefaultListableBeanFactory     : Creating shared instance of singleton bean 'spring.jpa-org.springframework.boot.autoconfigure.orm.jpa.JpaProperties'
2024-10-28T22:56:23.113-03:00 DEBUG 17164 --- [seguridad-calidad-back] [           main] o.s.b.f.s.DefaultListableBeanFactory     : Creating shared instance of singleton bean 'spring.jpa.hibernate-org.springframework.boot.autoconfigure.orm.jpa.HibernateProperties'
2024-10-28T22:56:23.117-03:00 DEBUG 17164 --- [seguridad-calidad-back] [           main] o.s.b.f.s.DefaultListableBeanFactory     : Autowiring by type from bean name 'org.springframework.boot.autoconfigure.orm.jpa.HibernateJpaConfiguration' via constructor to bean named 'dataSource'
2024-10-28T22:56:23.118-03:00 DEBUG 17164 --- [seguridad-calidad-back] [           main] o.s.b.f.s.DefaultListableBeanFactory     : Autowiring by type from bean name 'org.springframework.boot.autoconfigure.orm.jpa.HibernateJpaConfiguration' via constructor to bean named 'spring.jpa-org.springframework.boot.autoconfigure.orm.jpa.JpaProperties'
2024-10-28T22:56:23.118-03:00 DEBUG 17164 --- [seguridad-calidad-back] [           main] o.s.b.f.s.DefaultListableBeanFactory     : Autowiring by type from bean name 'org.springframework.boot.autoconfigure.orm.jpa.HibernateJpaConfiguration' via constructor to bean named 'org.springframework.beans.factory.support.DefaultListableBeanFactory@4925f4f5'
2024-10-28T22:56:23.118-03:00 DEBUG 17164 --- [seguridad-calidad-back] [           main] o.s.b.f.s.DefaultListableBeanFactory     : Autowiring by type from bean name 'org.springframework.boot.autoconfigure.orm.jpa.HibernateJpaConfiguration' via constructor to bean named 'spring.jpa.hibernate-org.springframework.boot.autoconfigure.orm.jpa.HibernateProperties'
2024-10-28T22:56:23.123-03:00 DEBUG 17164 --- [seguridad-calidad-back] [           main] o.s.b.f.s.DefaultListableBeanFactory     : Creating shared instance of singleton bean 'hikariPoolDataSourceMetadataProvider'
2024-10-28T22:56:23.124-03:00 DEBUG 17164 --- [seguridad-calidad-back] [           main] o.s.b.f.s.DefaultListableBeanFactory     : Creating shared instance of singleton bean 'org.springframework.boot.autoconfigure.jdbc.metadata.DataSourcePoolMetadataProvidersConfiguration$HikariPoolDataSourceMetadataProviderConfiguration'
2024-10-28T22:56:23.133-03:00 DEBUG 17164 --- [seguridad-calidad-back] [           main] o.s.b.f.s.DefaultListableBeanFactory     : Creating shared instance of singleton bean 'entityManagerFactoryBuilder'
2024-10-28T22:56:23.135-03:00 DEBUG 17164 --- [seguridad-calidad-back] [           main] o.s.b.f.s.DefaultListableBeanFactory     : Creating shared instance of singleton bean 'jpaVendorAdapter'
2024-10-28T22:56:23.157-03:00 DEBUG 17164 --- [seguridad-calidad-back] [           main] org.jboss.logging                        : Logging Provider: org.jboss.logging.Slf4jLoggerProvider found via system property
2024-10-28T22:56:23.163-03:00 DEBUG 17164 --- [seguridad-calidad-back] [           main] o.s.b.f.s.DefaultListableBeanFactory     : Autowiring by type from bean name 'entityManagerFactoryBuilder' via factory method to bean named 'jpaVendorAdapter'
2024-10-28T22:56:23.168-03:00 DEBUG 17164 --- [seguridad-calidad-back] [           main] o.s.b.f.s.DefaultListableBeanFactory     : Creating shared instance of singleton bean 'persistenceManagedTypes'
2024-10-28T22:56:23.170-03:00 DEBUG 17164 --- [seguridad-calidad-back] [           main] o.s.b.f.s.DefaultListableBeanFactory     : Autowiring by type from bean name 'persistenceManagedTypes' via factory method to bean named 'org.springframework.beans.factory.support.DefaultListableBeanFactory@4925f4f5'
2024-10-28T22:56:23.170-03:00 DEBUG 17164 --- [seguridad-calidad-back] [           main] o.s.b.f.s.DefaultListableBeanFactory     : Autowiring by type from bean name 'persistenceManagedTypes' via factory method to bean named 'org.springframework.web.context.support.GenericWebApplicationContext@41c07648'
2024-10-28T22:56:23.194-03:00 DEBUG 17164 --- [seguridad-calidad-back] [           main] o.s.b.f.s.DefaultListableBeanFactory     : Autowiring by type from bean name 'entityManagerFactory' via factory method to bean named 'entityManagerFactoryBuilder'
2024-10-28T22:56:23.195-03:00 DEBUG 17164 --- [seguridad-calidad-back] [           main] o.s.b.f.s.DefaultListableBeanFactory     : Autowiring by type from bean name 'entityManagerFactory' via factory method to bean named 'persistenceManagedTypes'
2024-10-28T22:56:23.221-03:00 DEBUG 17164 --- [seguridad-calidad-back] [           main] j.LocalContainerEntityManagerFactoryBean : Building JPA container EntityManagerFactory for persistence unit 'default'
2024-10-28T22:56:23.258-03:00 DEBUG 17164 --- [seguridad-calidad-back] [           main] o.hibernate.jpa.internal.util.LogHelper  : PersistenceUnitInfo [
	name: default
	persistence provider classname: null
	classloader: jdk.internal.loader.ClassLoaders$AppClassLoader@70dea4e
	excludeUnlistedClasses: true
	JTA datasource: null
	Non JTA datasource: HikariDataSource (null)
	Transaction type: RESOURCE_LOCAL
	PU root URL: file:/H:/Duoc/SEGURIDAD%20Y%20CALIDAD%20EN%20EL%20DESARROLLO%20DE%20SOFTWARE/S2/seguridad-calidad-back/target/test-classes/
	Shared Cache Mode: UNSPECIFIED
	Validation Mode: AUTO
	Jar files URLs []
	Managed classes names [
		com.seguridad.seguridad_calidad_back.model.Ingrediente
		com.seguridad.seguridad_calidad_back.model.Receta
		com.seguridad.seguridad_calidad_back.model.RecetaIngrediente
		com.seguridad.seguridad_calidad_back.model.RecetaIngredienteId]
	Mapping files names []
	Properties []
2024-10-28T22:56:23.279-03:00 DEBUG 17164 --- [seguridad-calidad-back] [           main] o.h.i.internal.IntegratorServiceImpl     : Adding Integrator [org.hibernate.boot.beanvalidation.BeanValidationIntegrator].
2024-10-28T22:56:23.281-03:00 DEBUG 17164 --- [seguridad-calidad-back] [           main] o.h.i.internal.IntegratorServiceImpl     : Adding Integrator [org.hibernate.cache.internal.CollectionCacheInvalidator].
2024-10-28T22:56:23.351-03:00  INFO 17164 --- [seguridad-calidad-back] [           main] org.hibernate.Version                    : HHH000412: Hibernate ORM core version 6.5.3.Final
2024-10-28T22:56:23.352-03:00 DEBUG 17164 --- [seguridad-calidad-back] [           main] org.hibernate.cfg.Environment            : HHH000206: 'hibernate.properties' not found
2024-10-28T22:56:23.375-03:00 DEBUG 17164 --- [seguridad-calidad-back] [           main] org.hibernate.orm.idgen.factory          : Registering IdentifierGenerator strategy [uuid2] -> [org.hibernate.id.UUIDGenerator]
2024-10-28T22:56:23.376-03:00 DEBUG 17164 --- [seguridad-calidad-back] [           main] org.hibernate.orm.idgen.factory          : Registering IdentifierGenerator strategy [guid] -> [org.hibernate.id.GUIDGenerator]
2024-10-28T22:56:23.377-03:00 DEBUG 17164 --- [seguridad-calidad-back] [           main] org.hibernate.orm.idgen.factory          : Registering IdentifierGenerator strategy [uuid] -> [org.hibernate.id.UUIDHexGenerator]
2024-10-28T22:56:23.377-03:00 DEBUG 17164 --- [seguridad-calidad-back] [           main] org.hibernate.orm.idgen.factory          : Registering IdentifierGenerator strategy [uuid.hex] -> [org.hibernate.id.UUIDHexGenerator]
2024-10-28T22:56:23.377-03:00 DEBUG 17164 --- [seguridad-calidad-back] [           main] org.hibernate.orm.idgen.factory          : Registering IdentifierGenerator strategy [assigned] -> [org.hibernate.id.Assigned]
2024-10-28T22:56:23.378-03:00 DEBUG 17164 --- [seguridad-calidad-back] [           main] org.hibernate.orm.idgen.factory          : Registering IdentifierGenerator strategy [identity] -> [org.hibernate.id.IdentityGenerator]
2024-10-28T22:56:23.379-03:00 DEBUG 17164 --- [seguridad-calidad-back] [           main] org.hibernate.orm.idgen.factory          : Registering IdentifierGenerator strategy [select] -> [org.hibernate.id.SelectGenerator]
2024-10-28T22:56:23.380-03:00 DEBUG 17164 --- [seguridad-calidad-back] [           main] org.hibernate.orm.idgen.factory          : Registering IdentifierGenerator strategy [sequence] -> [org.hibernate.id.enhanced.SequenceStyleGenerator]
2024-10-28T22:56:23.381-03:00 DEBUG 17164 --- [seguridad-calidad-back] [           main] org.hibernate.orm.idgen.factory          : Registering IdentifierGenerator strategy [increment] -> [org.hibernate.id.IncrementGenerator]
2024-10-28T22:56:23.381-03:00 DEBUG 17164 --- [seguridad-calidad-back] [           main] org.hibernate.orm.idgen.factory          : Registering IdentifierGenerator strategy [foreign] -> [org.hibernate.id.ForeignGenerator]
2024-10-28T22:56:23.381-03:00 DEBUG 17164 --- [seguridad-calidad-back] [           main] org.hibernate.orm.idgen.factory          : Registering IdentifierGenerator strategy [enhanced-sequence] -> [org.hibernate.id.enhanced.SequenceStyleGenerator]
2024-10-28T22:56:23.382-03:00 DEBUG 17164 --- [seguridad-calidad-back] [           main] org.hibernate.orm.idgen.factory          : Registering IdentifierGenerator strategy [enhanced-table] -> [org.hibernate.id.enhanced.TableGenerator]
2024-10-28T22:56:23.387-03:00 DEBUG 17164 --- [seguridad-calidad-back] [           main] o.h.c.internal.RegionFactoryInitiator    : Cannot default RegionFactory based on registered strategies as `[]` RegionFactory strategies were registered
2024-10-28T22:56:23.388-03:00  INFO 17164 --- [seguridad-calidad-back] [           main] o.h.c.internal.RegionFactoryInitiator    : HHH000026: Second-level cache disabled
2024-10-28T22:56:23.491-03:00 DEBUG 17164 --- [seguridad-calidad-back] [           main] org.hibernate.type.BasicTypeRegistry     : Adding type registration boolean -> org.hibernate.type.BasicTypeReference@4f820f42
2024-10-28T22:56:23.491-03:00 DEBUG 17164 --- [seguridad-calidad-back] [           main] org.hibernate.type.BasicTypeRegistry     : Adding type registration boolean -> org.hibernate.type.BasicTypeReference@4f820f42
2024-10-28T22:56:23.491-03:00 DEBUG 17164 --- [seguridad-calidad-back] [           main] org.hibernate.type.BasicTypeRegistry     : Adding type registration java.lang.Boolean -> org.hibernate.type.BasicTypeReference@4f820f42
2024-10-28T22:56:23.492-03:00 DEBUG 17164 --- [seguridad-calidad-back] [           main] org.hibernate.type.BasicTypeRegistry     : Adding type registration numeric_boolean -> org.hibernate.type.BasicTypeReference@4b325930
2024-10-28T22:56:23.492-03:00 DEBUG 17164 --- [seguridad-calidad-back] [           main] org.hibernate.type.BasicTypeRegistry     : Adding type registration org.hibernate.type.NumericBooleanConverter -> org.hibernate.type.BasicTypeReference@4b325930
2024-10-28T22:56:23.492-03:00 DEBUG 17164 --- [seguridad-calidad-back] [           main] org.hibernate.type.BasicTypeRegistry     : Adding type registration true_false -> org.hibernate.type.BasicTypeReference@267f9765
2024-10-28T22:56:23.492-03:00 DEBUG 17164 --- [seguridad-calidad-back] [           main] org.hibernate.type.BasicTypeRegistry     : Adding type registration org.hibernate.type.TrueFalseConverter -> org.hibernate.type.BasicTypeReference@267f9765
2024-10-28T22:56:23.492-03:00 DEBUG 17164 --- [seguridad-calidad-back] [           main] org.hibernate.type.BasicTypeRegistry     : Adding type registration yes_no -> org.hibernate.type.BasicTypeReference@79ba0a6f
2024-10-28T22:56:23.492-03:00 DEBUG 17164 --- [seguridad-calidad-back] [           main] org.hibernate.type.BasicTypeRegistry     : Adding type registration org.hibernate.type.YesNoConverter -> org.hibernate.type.BasicTypeReference@79ba0a6f
2024-10-28T22:56:23.492-03:00 DEBUG 17164 --- [seguridad-calidad-back] [           main] org.hibernate.type.BasicTypeRegistry     : Adding type registration byte -> org.hibernate.type.BasicTypeReference@261de205
2024-10-28T22:56:23.492-03:00 DEBUG 17164 --- [seguridad-calidad-back] [           main] org.hibernate.type.BasicTypeRegistry     : Adding type registration byte -> org.hibernate.type.BasicTypeReference@261de205
2024-10-28T22:56:23.492-03:00 DEBUG 17164 --- [seguridad-calidad-back] [           main] org.hibernate.type.BasicTypeRegistry     : Adding type registration java.lang.Byte -> org.hibernate.type.BasicTypeReference@261de205
2024-10-28T22:56:23.492-03:00 DEBUG 17164 --- [seguridad-calidad-back] [           main] org.hibernate.type.BasicTypeRegistry     : Adding type registration binary -> org.hibernate.type.BasicTypeReference@7f3fc42f
2024-10-28T22:56:23.492-03:00 DEBUG 17164 --- [seguridad-calidad-back] [           main] org.hibernate.type.BasicTypeRegistry     : Adding type registration byte[] -> org.hibernate.type.BasicTypeReference@7f3fc42f
2024-10-28T22:56:23.492-03:00 DEBUG 17164 --- [seguridad-calidad-back] [           main] org.hibernate.type.BasicTypeRegistry     : Adding type registration [B -> org.hibernate.type.BasicTypeReference@7f3fc42f
2024-10-28T22:56:23.493-03:00 DEBUG 17164 --- [seguridad-calidad-back] [           main] org.hibernate.type.BasicTypeRegistry     : Adding type registration binary_wrapper -> org.hibernate.type.BasicTypeReference@25a1a012
2024-10-28T22:56:23.493-03:00 DEBUG 17164 --- [seguridad-calidad-back] [           main] org.hibernate.type.BasicTypeRegistry     : Adding type registration wrapper-binary -> org.hibernate.type.BasicTypeReference@25a1a012
2024-10-28T22:56:23.493-03:00 DEBUG 17164 --- [seguridad-calidad-back] [           main] org.hibernate.type.BasicTypeRegistry     : Adding type registration image -> org.hibernate.type.BasicTypeReference@ce12fbb
2024-10-28T22:56:23.493-03:00 DEBUG 17164 --- [seguridad-calidad-back] [           main] org.hibernate.type.BasicTypeRegistry     : Adding type registration blob -> org.hibernate.type.BasicTypeReference@4525e9e8
2024-10-28T22:56:23.493-03:00 DEBUG 17164 --- [seguridad-calidad-back] [           main] org.hibernate.type.BasicTypeRegistry     : Adding type registration java.sql.Blob -> org.hibernate.type.BasicTypeReference@4525e9e8
2024-10-28T22:56:23.493-03:00 DEBUG 17164 --- [seguridad-calidad-back] [           main] org.hibernate.type.BasicTypeRegistry     : Adding type registration materialized_blob -> org.hibernate.type.BasicTypeReference@443a53df
2024-10-28T22:56:23.493-03:00 DEBUG 17164 --- [seguridad-calidad-back] [           main] org.hibernate.type.BasicTypeRegistry     : Adding type registration materialized_blob_wrapper -> org.hibernate.type.BasicTypeReference@6c33da7a
2024-10-28T22:56:23.493-03:00 DEBUG 17164 --- [seguridad-calidad-back] [           main] org.hibernate.type.BasicTypeRegistry     : Adding type registration short -> org.hibernate.type.BasicTypeReference@69aabcb0
2024-10-28T22:56:23.494-03:00 DEBUG 17164 --- [seguridad-calidad-back] [           main] org.hibernate.type.BasicTypeRegistry     : Adding type registration short -> org.hibernate.type.BasicTypeReference@69aabcb0
2024-10-28T22:56:23.494-03:00 DEBUG 17164 --- [seguridad-calidad-back] [           main] org.hibernate.type.BasicTypeRegistry     : Adding type registration java.lang.Short -> org.hibernate.type.BasicTypeReference@69aabcb0
2024-10-28T22:56:23.494-03:00 DEBUG 17164 --- [seguridad-calidad-back] [           main] org.hibernate.type.BasicTypeRegistry     : Adding type registration integer -> org.hibernate.type.BasicTypeReference@32a72c4
2024-10-28T22:56:23.494-03:00 DEBUG 17164 --- [seguridad-calidad-back] [           main] org.hibernate.type.BasicTypeRegistry     : Adding type registration int -> org.hibernate.type.BasicTypeReference@32a72c4
2024-10-28T22:56:23.494-03:00 DEBUG 17164 --- [seguridad-calidad-back] [           main] org.hibernate.type.BasicTypeRegistry     : Adding type registration java.lang.Integer -> org.hibernate.type.BasicTypeReference@32a72c4
2024-10-28T22:56:23.494-03:00 DEBUG 17164 --- [seguridad-calidad-back] [           main] org.hibernate.type.BasicTypeRegistry     : Adding type registration long -> org.hibernate.type.BasicTypeReference@15986dd5
2024-10-28T22:56:23.495-03:00 DEBUG 17164 --- [seguridad-calidad-back] [           main] org.hibernate.type.BasicTypeRegistry     : Adding type registration long -> org.hibernate.type.BasicTypeReference@15986dd5
2024-10-28T22:56:23.495-03:00 DEBUG 17164 --- [seguridad-calidad-back] [           main] org.hibernate.type.BasicTypeRegistry     : Adding type registration java.lang.Long -> org.hibernate.type.BasicTypeReference@15986dd5
2024-10-28T22:56:23.495-03:00 DEBUG 17164 --- [seguridad-calidad-back] [           main] org.hibernate.type.BasicTypeRegistry     : Adding type registration float -> org.hibernate.type.BasicTypeReference@678a9516
2024-10-28T22:56:23.495-03:00 DEBUG 17164 --- [seguridad-calidad-back] [           main] org.hibernate.type.BasicTypeRegistry     : Adding type registration float -> org.hibernate.type.BasicTypeReference@678a9516
2024-10-28T22:56:23.495-03:00 DEBUG 17164 --- [seguridad-calidad-back] [           main] org.hibernate.type.BasicTypeRegistry     : Adding type registration java.lang.Float -> org.hibernate.type.BasicTypeReference@678a9516
2024-10-28T22:56:23.495-03:00 DEBUG 17164 --- [seguridad-calidad-back] [           main] org.hibernate.type.BasicTypeRegistry     : Adding type registration double -> org.hibernate.type.BasicTypeReference@5bf9ea6b
2024-10-28T22:56:23.495-03:00 DEBUG 17164 --- [seguridad-calidad-back] [           main] org.hibernate.type.BasicTypeRegistry     : Adding type registration double -> org.hibernate.type.BasicTypeReference@5bf9ea6b
2024-10-28T22:56:23.495-03:00 DEBUG 17164 --- [seguridad-calidad-back] [           main] org.hibernate.type.BasicTypeRegistry     : Adding type registration java.lang.Double -> org.hibernate.type.BasicTypeReference@5bf9ea6b
2024-10-28T22:56:23.495-03:00 DEBUG 17164 --- [seguridad-calidad-back] [           main] org.hibernate.type.BasicTypeRegistry     : Adding type registration big_integer -> org.hibernate.type.BasicTypeReference@b950f82
2024-10-28T22:56:23.495-03:00 DEBUG 17164 --- [seguridad-calidad-back] [           main] org.hibernate.type.BasicTypeRegistry     : Adding type registration java.math.BigInteger -> org.hibernate.type.BasicTypeReference@b950f82
2024-10-28T22:56:23.496-03:00 DEBUG 17164 --- [seguridad-calidad-back] [           main] org.hibernate.type.BasicTypeRegistry     : Adding type registration big_decimal -> org.hibernate.type.BasicTypeReference@5d352de0
2024-10-28T22:56:23.496-03:00 DEBUG 17164 --- [seguridad-calidad-back] [           main] org.hibernate.type.BasicTypeRegistry     : Adding type registration java.math.BigDecimal -> org.hibernate.type.BasicTypeReference@5d352de0
2024-10-28T22:56:23.496-03:00 DEBUG 17164 --- [seguridad-calidad-back] [           main] org.hibernate.type.BasicTypeRegistry     : Adding type registration character -> org.hibernate.type.BasicTypeReference@6e243175
2024-10-28T22:56:23.496-03:00 DEBUG 17164 --- [seguridad-calidad-back] [           main] org.hibernate.type.BasicTypeRegistry     : Adding type registration char -> org.hibernate.type.BasicTypeReference@6e243175
2024-10-28T22:56:23.496-03:00 DEBUG 17164 --- [seguridad-calidad-back] [           main] org.hibernate.type.BasicTypeRegistry     : Adding type registration java.lang.Character -> org.hibernate.type.BasicTypeReference@6e243175
2024-10-28T22:56:23.496-03:00 DEBUG 17164 --- [seguridad-calidad-back] [           main] org.hibernate.type.BasicTypeRegistry     : Adding type registration character_nchar -> org.hibernate.type.BasicTypeReference@7a1a3468
2024-10-28T22:56:23.496-03:00 DEBUG 17164 --- [seguridad-calidad-back] [           main] org.hibernate.type.BasicTypeRegistry     : Adding type registration string -> org.hibernate.type.BasicTypeReference@59d0cdb6
2024-10-28T22:56:23.496-03:00 DEBUG 17164 --- [seguridad-calidad-back] [           main] org.hibernate.type.BasicTypeRegistry     : Adding type registration java.lang.String -> org.hibernate.type.BasicTypeReference@59d0cdb6
2024-10-28T22:56:23.496-03:00 DEBUG 17164 --- [seguridad-calidad-back] [           main] org.hibernate.type.BasicTypeRegistry     : Adding type registration nstring -> org.hibernate.type.BasicTypeReference@2dfeb141
2024-10-28T22:56:23.496-03:00 DEBUG 17164 --- [seguridad-calidad-back] [           main] org.hibernate.type.BasicTypeRegistry     : Adding type registration characters -> org.hibernate.type.BasicTypeReference@629e8212
2024-10-28T22:56:23.497-03:00 DEBUG 17164 --- [seguridad-calidad-back] [           main] org.hibernate.type.BasicTypeRegistry     : Adding type registration char[] -> org.hibernate.type.BasicTypeReference@629e8212
2024-10-28T22:56:23.497-03:00 DEBUG 17164 --- [seguridad-calidad-back] [           main] org.hibernate.type.BasicTypeRegistry     : Adding type registration [C -> org.hibernate.type.BasicTypeReference@629e8212
2024-10-28T22:56:23.497-03:00 DEBUG 17164 --- [seguridad-calidad-back] [           main] org.hibernate.type.BasicTypeRegistry     : Adding type registration wrapper-characters -> org.hibernate.type.BasicTypeReference@498c535d
2024-10-28T22:56:23.497-03:00 DEBUG 17164 --- [seguridad-calidad-back] [           main] org.hibernate.type.BasicTypeRegistry     : Adding type registration text -> org.hibernate.type.BasicTypeReference@16ee9aa7
2024-10-28T22:56:23.497-03:00 DEBUG 17164 --- [seguridad-calidad-back] [           main] org.hibernate.type.BasicTypeRegistry     : Adding type registration ntext -> org.hibernate.type.BasicTypeReference@4e424582
2024-10-28T22:56:23.497-03:00 DEBUG 17164 --- [seguridad-calidad-back] [           main] org.hibernate.type.BasicTypeRegistry     : Adding type registration clob -> org.hibernate.type.BasicTypeReference@58dad04a
2024-10-28T22:56:23.497-03:00 DEBUG 17164 --- [seguridad-calidad-back] [           main] org.hibernate.type.BasicTypeRegistry     : Adding type registration java.sql.Clob -> org.hibernate.type.BasicTypeReference@58dad04a
2024-10-28T22:56:23.497-03:00 DEBUG 17164 --- [seguridad-calidad-back] [           main] org.hibernate.type.BasicTypeRegistry     : Adding type registration nclob -> org.hibernate.type.BasicTypeReference@73e776b7
2024-10-28T22:56:23.497-03:00 DEBUG 17164 --- [seguridad-calidad-back] [           main] org.hibernate.type.BasicTypeRegistry     : Adding type registration java.sql.NClob -> org.hibernate.type.BasicTypeReference@73e776b7
2024-10-28T22:56:23.498-03:00 DEBUG 17164 --- [seguridad-calidad-back] [           main] org.hibernate.type.BasicTypeRegistry     : Adding type registration materialized_clob -> org.hibernate.type.BasicTypeReference@113ee1ce
2024-10-28T22:56:23.498-03:00 DEBUG 17164 --- [seguridad-calidad-back] [           main] org.hibernate.type.BasicTypeRegistry     : Adding type registration materialized_clob_char_array -> org.hibernate.type.BasicTypeReference@4d0cc83e
2024-10-28T22:56:23.498-03:00 DEBUG 17164 --- [seguridad-calidad-back] [           main] org.hibernate.type.BasicTypeRegistry     : Adding type registration materialized_clob_character_array -> org.hibernate.type.BasicTypeReference@43da0955
2024-10-28T22:56:23.498-03:00 DEBUG 17164 --- [seguridad-calidad-back] [           main] org.hibernate.type.BasicTypeRegistry     : Adding type registration materialized_nclob -> org.hibernate.type.BasicTypeReference@bc09d57
2024-10-28T22:56:23.498-03:00 DEBUG 17164 --- [seguridad-calidad-back] [           main] org.hibernate.type.BasicTypeRegistry     : Adding type registration materialized_nclob_character_array -> org.hibernate.type.BasicTypeReference@6d963d70
2024-10-28T22:56:23.498-03:00 DEBUG 17164 --- [seguridad-calidad-back] [           main] org.hibernate.type.BasicTypeRegistry     : Adding type registration materialized_nclob_char_array -> org.hibernate.type.BasicTypeReference@467045c4
2024-10-28T22:56:23.498-03:00 DEBUG 17164 --- [seguridad-calidad-back] [           main] org.hibernate.type.BasicTypeRegistry     : Adding type registration Duration -> org.hibernate.type.BasicTypeReference@55736cfe
2024-10-28T22:56:23.498-03:00 DEBUG 17164 --- [seguridad-calidad-back] [           main] org.hibernate.type.BasicTypeRegistry     : Adding type registration java.time.Duration -> org.hibernate.type.BasicTypeReference@55736cfe
2024-10-28T22:56:23.499-03:00 DEBUG 17164 --- [seguridad-calidad-back] [           main] org.hibernate.type.BasicTypeRegistry     : Adding type registration LocalDateTime -> org.hibernate.type.BasicTypeReference@5a566922
2024-10-28T22:56:23.499-03:00 DEBUG 17164 --- [seguridad-calidad-back] [           main] org.hibernate.type.BasicTypeRegistry     : Adding type registration java.time.LocalDateTime -> org.hibernate.type.BasicTypeReference@5a566922
2024-10-28T22:56:23.499-03:00 DEBUG 17164 --- [seguridad-calidad-back] [           main] org.hibernate.type.BasicTypeRegistry     : Adding type registration LocalDate -> org.hibernate.type.BasicTypeReference@6f7a2a5
2024-10-28T22:56:23.499-03:00 DEBUG 17164 --- [seguridad-calidad-back] [           main] org.hibernate.type.BasicTypeRegistry     : Adding type registration java.time.LocalDate -> org.hibernate.type.BasicTypeReference@6f7a2a5
2024-10-28T22:56:23.499-03:00 DEBUG 17164 --- [seguridad-calidad-back] [           main] org.hibernate.type.BasicTypeRegistry     : Adding type registration LocalTime -> org.hibernate.type.BasicTypeReference@42ed89da
2024-10-28T22:56:23.499-03:00 DEBUG 17164 --- [seguridad-calidad-back] [           main] org.hibernate.type.BasicTypeRegistry     : Adding type registration java.time.LocalTime -> org.hibernate.type.BasicTypeReference@42ed89da
2024-10-28T22:56:23.499-03:00 DEBUG 17164 --- [seguridad-calidad-back] [           main] org.hibernate.type.BasicTypeRegistry     : Adding type registration OffsetDateTime -> org.hibernate.type.BasicTypeReference@c3719e5
2024-10-28T22:56:23.499-03:00 DEBUG 17164 --- [seguridad-calidad-back] [           main] org.hibernate.type.BasicTypeRegistry     : Adding type registration java.time.OffsetDateTime -> org.hibernate.type.BasicTypeReference@c3719e5
2024-10-28T22:56:23.499-03:00 DEBUG 17164 --- [seguridad-calidad-back] [           main] org.hibernate.type.BasicTypeRegistry     : Adding type registration OffsetDateTimeWithTimezone -> org.hibernate.type.BasicTypeReference@65c17e38
2024-10-28T22:56:23.500-03:00 DEBUG 17164 --- [seguridad-calidad-back] [           main] org.hibernate.type.BasicTypeRegistry     : Adding type registration OffsetDateTimeWithoutTimezone -> org.hibernate.type.BasicTypeReference@5e180aaf
2024-10-28T22:56:23.500-03:00 DEBUG 17164 --- [seguridad-calidad-back] [           main] org.hibernate.type.BasicTypeRegistry     : Adding type registration OffsetTime -> org.hibernate.type.BasicTypeReference@7015ebef
2024-10-28T22:56:23.500-03:00 DEBUG 17164 --- [seguridad-calidad-back] [           main] org.hibernate.type.BasicTypeRegistry     : Adding type registration java.time.OffsetTime -> org.hibernate.type.BasicTypeReference@7015ebef
2024-10-28T22:56:23.500-03:00 DEBUG 17164 --- [seguridad-calidad-back] [           main] org.hibernate.type.BasicTypeRegistry     : Adding type registration OffsetTimeUtc -> org.hibernate.type.BasicTypeReference@44592c39
2024-10-28T22:56:23.500-03:00 DEBUG 17164 --- [seguridad-calidad-back] [           main] org.hibernate.type.BasicTypeRegistry     : Adding type registration OffsetTimeWithTimezone -> org.hibernate.type.BasicTypeReference@2a87ba34
2024-10-28T22:56:23.500-03:00 DEBUG 17164 --- [seguridad-calidad-back] [           main] org.hibernate.type.BasicTypeRegistry     : Adding type registration OffsetTimeWithoutTimezone -> org.hibernate.type.BasicTypeReference@34d480b9
2024-10-28T22:56:23.500-03:00 DEBUG 17164 --- [seguridad-calidad-back] [           main] org.hibernate.type.BasicTypeRegistry     : Adding type registration ZonedDateTime -> org.hibernate.type.BasicTypeReference@6b415f5f
2024-10-28T22:56:23.500-03:00 DEBUG 17164 --- [seguridad-calidad-back] [           main] org.hibernate.type.BasicTypeRegistry     : Adding type registration java.time.ZonedDateTime -> org.hibernate.type.BasicTypeReference@6b415f5f
2024-10-28T22:56:23.500-03:00 DEBUG 17164 --- [seguridad-calidad-back] [           main] org.hibernate.type.BasicTypeRegistry     : Adding type registration ZonedDateTimeWithTimezone -> org.hibernate.type.BasicTypeReference@66749eea
2024-10-28T22:56:23.500-03:00 DEBUG 17164 --- [seguridad-calidad-back] [           main] org.hibernate.type.BasicTypeRegistry     : Adding type registration ZonedDateTimeWithoutTimezone -> org.hibernate.type.BasicTypeReference@7135ce0a
2024-10-28T22:56:23.501-03:00 DEBUG 17164 --- [seguridad-calidad-back] [           main] org.hibernate.type.BasicTypeRegistry     : Adding type registration date -> org.hibernate.type.BasicTypeReference@617449dd
2024-10-28T22:56:23.501-03:00 DEBUG 17164 --- [seguridad-calidad-back] [           main] org.hibernate.type.BasicTypeRegistry     : Adding type registration java.sql.Date -> org.hibernate.type.BasicTypeReference@617449dd
2024-10-28T22:56:23.501-03:00 DEBUG 17164 --- [seguridad-calidad-back] [           main] org.hibernate.type.BasicTypeRegistry     : Adding type registration time -> org.hibernate.type.BasicTypeReference@2e590b
2024-10-28T22:56:23.501-03:00 DEBUG 17164 --- [seguridad-calidad-back] [           main] org.hibernate.type.BasicTypeRegistry     : Adding type registration java.sql.Time -> org.hibernate.type.BasicTypeReference@2e590b
2024-10-28T22:56:23.501-03:00 DEBUG 17164 --- [seguridad-calidad-back] [           main] org.hibernate.type.BasicTypeRegistry     : Adding type registration timestamp -> org.hibernate.type.BasicTypeReference@42ef042a
2024-10-28T22:56:23.501-03:00 DEBUG 17164 --- [seguridad-calidad-back] [           main] org.hibernate.type.BasicTypeRegistry     : Adding type registration java.sql.Timestamp -> org.hibernate.type.BasicTypeReference@42ef042a
2024-10-28T22:56:23.501-03:00 DEBUG 17164 --- [seguridad-calidad-back] [           main] org.hibernate.type.BasicTypeRegistry     : Adding type registration java.util.Date -> org.hibernate.type.BasicTypeReference@42ef042a
2024-10-28T22:56:23.501-03:00 DEBUG 17164 --- [seguridad-calidad-back] [           main] org.hibernate.type.BasicTypeRegistry     : Adding type registration calendar -> org.hibernate.type.BasicTypeReference@1df5c7e3
2024-10-28T22:56:23.501-03:00 DEBUG 17164 --- [seguridad-calidad-back] [           main] org.hibernate.type.BasicTypeRegistry     : Adding type registration java.util.Calendar -> org.hibernate.type.BasicTypeReference@1df5c7e3
2024-10-28T22:56:23.502-03:00 DEBUG 17164 --- [seguridad-calidad-back] [           main] org.hibernate.type.BasicTypeRegistry     : Adding type registration java.util.GregorianCalendar -> org.hibernate.type.BasicTypeReference@1df5c7e3
2024-10-28T22:56:23.502-03:00 DEBUG 17164 --- [seguridad-calidad-back] [           main] org.hibernate.type.BasicTypeRegistry     : Adding type registration calendar_date -> org.hibernate.type.BasicTypeReference@5e0c4f21
2024-10-28T22:56:23.502-03:00 DEBUG 17164 --- [seguridad-calidad-back] [           main] org.hibernate.type.BasicTypeRegistry     : Adding type registration calendar_time -> org.hibernate.type.BasicTypeReference@2c18a3ea
2024-10-28T22:56:23.502-03:00 DEBUG 17164 --- [seguridad-calidad-back] [           main] org.hibernate.type.BasicTypeRegistry     : Adding type registration instant -> org.hibernate.type.BasicTypeReference@166c2c17
2024-10-28T22:56:23.502-03:00 DEBUG 17164 --- [seguridad-calidad-back] [           main] org.hibernate.type.BasicTypeRegistry     : Adding type registration java.time.Instant -> org.hibernate.type.BasicTypeReference@166c2c17
2024-10-28T22:56:23.502-03:00 DEBUG 17164 --- [seguridad-calidad-back] [           main] org.hibernate.type.BasicTypeRegistry     : Adding type registration uuid -> org.hibernate.type.BasicTypeReference@25953be6
2024-10-28T22:56:23.503-03:00 DEBUG 17164 --- [seguridad-calidad-back] [           main] org.hibernate.type.BasicTypeRegistry     : Adding type registration java.util.UUID -> org.hibernate.type.BasicTypeReference@25953be6
2024-10-28T22:56:23.503-03:00 DEBUG 17164 --- [seguridad-calidad-back] [           main] org.hibernate.type.BasicTypeRegistry     : Adding type registration pg-uuid -> org.hibernate.type.BasicTypeReference@25953be6
2024-10-28T22:56:23.503-03:00 DEBUG 17164 --- [seguridad-calidad-back] [           main] org.hibernate.type.BasicTypeRegistry     : Adding type registration uuid-binary -> org.hibernate.type.BasicTypeReference@19dc0d32
2024-10-28T22:56:23.503-03:00 DEBUG 17164 --- [seguridad-calidad-back] [           main] org.hibernate.type.BasicTypeRegistry     : Adding type registration uuid-char -> org.hibernate.type.BasicTypeReference@70b2fa10
2024-10-28T22:56:23.503-03:00 DEBUG 17164 --- [seguridad-calidad-back] [           main] org.hibernate.type.BasicTypeRegistry     : Adding type registration class -> org.hibernate.type.BasicTypeReference@7c96c85
2024-10-28T22:56:23.503-03:00 DEBUG 17164 --- [seguridad-calidad-back] [           main] org.hibernate.type.BasicTypeRegistry     : Adding type registration java.lang.Class -> org.hibernate.type.BasicTypeReference@7c96c85
2024-10-28T22:56:23.503-03:00 DEBUG 17164 --- [seguridad-calidad-back] [           main] org.hibernate.type.BasicTypeRegistry     : Adding type registration currency -> org.hibernate.type.BasicTypeReference@b0f2d91
2024-10-28T22:56:23.504-03:00 DEBUG 17164 --- [seguridad-calidad-back] [           main] org.hibernate.type.BasicTypeRegistry     : Adding type registration Currency -> org.hibernate.type.BasicTypeReference@b0f2d91
2024-10-28T22:56:23.504-03:00 DEBUG 17164 --- [seguridad-calidad-back] [           main] org.hibernate.type.BasicTypeRegistry     : Adding type registration java.util.Currency -> org.hibernate.type.BasicTypeReference@b0f2d91
2024-10-28T22:56:23.504-03:00 DEBUG 17164 --- [seguridad-calidad-back] [           main] org.hibernate.type.BasicTypeRegistry     : Adding type registration locale -> org.hibernate.type.BasicTypeReference@15c6027d
2024-10-28T22:56:23.504-03:00 DEBUG 17164 --- [seguridad-calidad-back] [           main] org.hibernate.type.BasicTypeRegistry     : Adding type registration java.util.Locale -> org.hibernate.type.BasicTypeReference@15c6027d
2024-10-28T22:56:23.505-03:00 DEBUG 17164 --- [seguridad-calidad-back] [           main] org.hibernate.type.BasicTypeRegistry     : Adding type registration serializable -> org.hibernate.type.BasicTypeReference@5927f904
2024-10-28T22:56:23.505-03:00 DEBUG 17164 --- [seguridad-calidad-back] [           main] org.hibernate.type.BasicTypeRegistry     : Adding type registration java.io.Serializable -> org.hibernate.type.BasicTypeReference@5927f904
2024-10-28T22:56:23.505-03:00 DEBUG 17164 --- [seguridad-calidad-back] [           main] org.hibernate.type.BasicTypeRegistry     : Adding type registration timezone -> org.hibernate.type.BasicTypeReference@2bb62414
2024-10-28T22:56:23.505-03:00 DEBUG 17164 --- [seguridad-calidad-back] [           main] org.hibernate.type.BasicTypeRegistry     : Adding type registration java.util.TimeZone -> org.hibernate.type.BasicTypeReference@2bb62414
2024-10-28T22:56:23.505-03:00 DEBUG 17164 --- [seguridad-calidad-back] [           main] org.hibernate.type.BasicTypeRegistry     : Adding type registration ZoneOffset -> org.hibernate.type.BasicTypeReference@413d2cd1
2024-10-28T22:56:23.505-03:00 DEBUG 17164 --- [seguridad-calidad-back] [           main] org.hibernate.type.BasicTypeRegistry     : Adding type registration java.time.ZoneOffset -> org.hibernate.type.BasicTypeReference@413d2cd1
2024-10-28T22:56:23.505-03:00 DEBUG 17164 --- [seguridad-calidad-back] [           main] org.hibernate.type.BasicTypeRegistry     : Adding type registration url -> org.hibernate.type.BasicTypeReference@644d1b61
2024-10-28T22:56:23.505-03:00 DEBUG 17164 --- [seguridad-calidad-back] [           main] org.hibernate.type.BasicTypeRegistry     : Adding type registration java.net.URL -> org.hibernate.type.BasicTypeReference@644d1b61
2024-10-28T22:56:23.505-03:00 DEBUG 17164 --- [seguridad-calidad-back] [           main] org.hibernate.type.BasicTypeRegistry     : Adding type registration vector -> org.hibernate.type.BasicTypeReference@2443135
2024-10-28T22:56:23.505-03:00 DEBUG 17164 --- [seguridad-calidad-back] [           main] org.hibernate.type.BasicTypeRegistry     : Adding type registration row_version -> org.hibernate.type.BasicTypeReference@184823ed
2024-10-28T22:56:23.509-03:00 DEBUG 17164 --- [seguridad-calidad-back] [           main] org.hibernate.type.BasicTypeRegistry     : Adding type registration object -> org.hibernate.type.JavaObjectType@1ab14636
2024-10-28T22:56:23.510-03:00 DEBUG 17164 --- [seguridad-calidad-back] [           main] org.hibernate.type.BasicTypeRegistry     : Adding type registration java.lang.Object -> org.hibernate.type.JavaObjectType@1ab14636
2024-10-28T22:56:23.511-03:00 DEBUG 17164 --- [seguridad-calidad-back] [           main] org.hibernate.type.BasicTypeRegistry     : Adding type registration null -> org.hibernate.type.NullType@7a65a360
2024-10-28T22:56:23.511-03:00 DEBUG 17164 --- [seguridad-calidad-back] [           main] org.hibernate.type.BasicTypeRegistry     : Adding type registration imm_date -> org.hibernate.type.BasicTypeReference@30a7653e
2024-10-28T22:56:23.512-03:00 DEBUG 17164 --- [seguridad-calidad-back] [           main] org.hibernate.type.BasicTypeRegistry     : Adding type registration imm_time -> org.hibernate.type.BasicTypeReference@7cff3f1d
2024-10-28T22:56:23.512-03:00 DEBUG 17164 --- [seguridad-calidad-back] [           main] org.hibernate.type.BasicTypeRegistry     : Adding type registration imm_timestamp -> org.hibernate.type.BasicTypeReference@6401188a
2024-10-28T22:56:23.512-03:00 DEBUG 17164 --- [seguridad-calidad-back] [           main] org.hibernate.type.BasicTypeRegistry     : Adding type registration imm_calendar -> org.hibernate.type.BasicTypeReference@33a8c9c9
2024-10-28T22:56:23.512-03:00 DEBUG 17164 --- [seguridad-calidad-back] [           main] org.hibernate.type.BasicTypeRegistry     : Adding type registration imm_calendar_date -> org.hibernate.type.BasicTypeReference@382dc417
2024-10-28T22:56:23.512-03:00 DEBUG 17164 --- [seguridad-calidad-back] [           main] org.hibernate.type.BasicTypeRegistry     : Adding type registration imm_calendar_time -> org.hibernate.type.BasicTypeReference@3daf03d8
2024-10-28T22:56:23.512-03:00 DEBUG 17164 --- [seguridad-calidad-back] [           main] org.hibernate.type.BasicTypeRegistry     : Adding type registration imm_binary -> org.hibernate.type.BasicTypeReference@510689af
2024-10-28T22:56:23.512-03:00 DEBUG 17164 --- [seguridad-calidad-back] [           main] org.hibernate.type.BasicTypeRegistry     : Adding type registration imm_serializable -> org.hibernate.type.BasicTypeReference@2415e4c7
2024-10-28T22:56:23.516-03:00 DEBUG 17164 --- [seguridad-calidad-back] [           main] o.h.boot.internal.BootstrapContextImpl   : Injecting JPA temp ClassLoader [org.springframework.instrument.classloading.SimpleThrowawayClassLoader@622d7e4] into BootstrapContext; was [null]
2024-10-28T22:56:23.517-03:00 DEBUG 17164 --- [seguridad-calidad-back] [           main] o.h.boot.internal.ClassLoaderAccessImpl  : ClassLoaderAccessImpl#injectTempClassLoader(org.springframework.instrument.classloading.SimpleThrowawayClassLoader@622d7e4) [was null]
2024-10-28T22:56:23.517-03:00 DEBUG 17164 --- [seguridad-calidad-back] [           main] o.h.boot.internal.BootstrapContextImpl   : Injecting ScanEnvironment [org.hibernate.jpa.boot.internal.StandardJpaScanEnvironmentImpl@1213ffbc] into BootstrapContext; was [null]
2024-10-28T22:56:23.518-03:00 DEBUG 17164 --- [seguridad-calidad-back] [           main] o.h.boot.internal.BootstrapContextImpl   : Injecting ScanOptions [org.hibernate.boot.archive.scan.internal.StandardScanOptions@68a305eb] into BootstrapContext; was [org.hibernate.boot.archive.scan.internal.StandardScanOptions@6637a365]
2024-10-28T22:56:23.817-03:00  INFO 17164 --- [seguridad-calidad-back] [           main] o.s.o.j.p.SpringPersistenceUnitInfo      : No LoadTimeWeaver setup: ignoring JPA class transformer
2024-10-28T22:56:23.818-03:00 DEBUG 17164 --- [seguridad-calidad-back] [           main] o.h.boot.internal.BootstrapContextImpl   : Injecting JPA temp ClassLoader [null] into BootstrapContext; was [org.springframework.instrument.classloading.SimpleThrowawayClassLoader@622d7e4]
2024-10-28T22:56:23.818-03:00 DEBUG 17164 --- [seguridad-calidad-back] [           main] o.h.boot.internal.ClassLoaderAccessImpl  : ClassLoaderAccessImpl#injectTempClassLoader(null) [was org.springframework.instrument.classloading.SimpleThrowawayClassLoader@622d7e4]
2024-10-28T22:56:23.850-03:00 DEBUG 17164 --- [seguridad-calidad-back] [           main] com.zaxxer.hikari.HikariConfig           : HikariPool-1 - configuration:
2024-10-28T22:56:23.855-03:00 DEBUG 17164 --- [seguridad-calidad-back] [           main] com.zaxxer.hikari.HikariConfig           : allowPoolSuspension.............false
2024-10-28T22:56:23.855-03:00 DEBUG 17164 --- [seguridad-calidad-back] [           main] com.zaxxer.hikari.HikariConfig           : autoCommit......................true
2024-10-28T22:56:23.856-03:00 DEBUG 17164 --- [seguridad-calidad-back] [           main] com.zaxxer.hikari.HikariConfig           : catalog.........................none
2024-10-28T22:56:23.856-03:00 DEBUG 17164 --- [seguridad-calidad-back] [           main] com.zaxxer.hikari.HikariConfig           : connectionInitSql...............none
2024-10-28T22:56:23.856-03:00 DEBUG 17164 --- [seguridad-calidad-back] [           main] com.zaxxer.hikari.HikariConfig           : connectionTestQuery.............none
2024-10-28T22:56:23.857-03:00 DEBUG 17164 --- [seguridad-calidad-back] [           main] com.zaxxer.hikari.HikariConfig           : connectionTimeout...............30000
2024-10-28T22:56:23.858-03:00 DEBUG 17164 --- [seguridad-calidad-back] [           main] com.zaxxer.hikari.HikariConfig           : dataSource......................none
2024-10-28T22:56:23.858-03:00 DEBUG 17164 --- [seguridad-calidad-back] [           main] com.zaxxer.hikari.HikariConfig           : dataSourceClassName.............none
2024-10-28T22:56:23.858-03:00 DEBUG 17164 --- [seguridad-calidad-back] [           main] com.zaxxer.hikari.HikariConfig           : dataSourceJNDI..................none
2024-10-28T22:56:23.859-03:00 DEBUG 17164 --- [seguridad-calidad-back] [           main] com.zaxxer.hikari.HikariConfig           : dataSourceProperties............{password=<masked>}
2024-10-28T22:56:23.859-03:00 DEBUG 17164 --- [seguridad-calidad-back] [           main] com.zaxxer.hikari.HikariConfig           : driverClassName................."com.mysql.cj.jdbc.Driver"
2024-10-28T22:56:23.859-03:00 DEBUG 17164 --- [seguridad-calidad-back] [           main] com.zaxxer.hikari.HikariConfig           : exceptionOverrideClassName......none
2024-10-28T22:56:23.860-03:00 DEBUG 17164 --- [seguridad-calidad-back] [           main] com.zaxxer.hikari.HikariConfig           : healthCheckProperties...........{}
2024-10-28T22:56:23.860-03:00 DEBUG 17164 --- [seguridad-calidad-back] [           main] com.zaxxer.hikari.HikariConfig           : healthCheckRegistry.............none
2024-10-28T22:56:23.860-03:00 DEBUG 17164 --- [seguridad-calidad-back] [           main] com.zaxxer.hikari.HikariConfig           : idleTimeout.....................600000
2024-10-28T22:56:23.860-03:00 DEBUG 17164 --- [seguridad-calidad-back] [           main] com.zaxxer.hikari.HikariConfig           : initializationFailTimeout.......1
2024-10-28T22:56:23.860-03:00 DEBUG 17164 --- [seguridad-calidad-back] [           main] com.zaxxer.hikari.HikariConfig           : isolateInternalQueries..........false
2024-10-28T22:56:23.861-03:00 DEBUG 17164 --- [seguridad-calidad-back] [           main] com.zaxxer.hikari.HikariConfig           : jdbcUrl.........................jdbc:mysql://localhost:3306/seguridadcalidad
2024-10-28T22:56:23.861-03:00 DEBUG 17164 --- [seguridad-calidad-back] [           main] com.zaxxer.hikari.HikariConfig           : keepaliveTime...................0
2024-10-28T22:56:23.861-03:00 DEBUG 17164 --- [seguridad-calidad-back] [           main] com.zaxxer.hikari.HikariConfig           : leakDetectionThreshold..........0
2024-10-28T22:56:23.861-03:00 DEBUG 17164 --- [seguridad-calidad-back] [           main] com.zaxxer.hikari.HikariConfig           : maxLifetime.....................1800000
2024-10-28T22:56:23.861-03:00 DEBUG 17164 --- [seguridad-calidad-back] [           main] com.zaxxer.hikari.HikariConfig           : maximumPoolSize.................10
2024-10-28T22:56:23.861-03:00 DEBUG 17164 --- [seguridad-calidad-back] [           main] com.zaxxer.hikari.HikariConfig           : metricRegistry..................none
2024-10-28T22:56:23.862-03:00 DEBUG 17164 --- [seguridad-calidad-back] [           main] com.zaxxer.hikari.HikariConfig           : metricsTrackerFactory...........none
2024-10-28T22:56:23.862-03:00 DEBUG 17164 --- [seguridad-calidad-back] [           main] com.zaxxer.hikari.HikariConfig           : minimumIdle.....................10
2024-10-28T22:56:23.862-03:00 DEBUG 17164 --- [seguridad-calidad-back] [           main] com.zaxxer.hikari.HikariConfig           : password........................<masked>
2024-10-28T22:56:23.862-03:00 DEBUG 17164 --- [seguridad-calidad-back] [           main] com.zaxxer.hikari.HikariConfig           : poolName........................"HikariPool-1"
2024-10-28T22:56:23.862-03:00 DEBUG 17164 --- [seguridad-calidad-back] [           main] com.zaxxer.hikari.HikariConfig           : readOnly........................false
2024-10-28T22:56:23.862-03:00 DEBUG 17164 --- [seguridad-calidad-back] [           main] com.zaxxer.hikari.HikariConfig           : registerMbeans..................false
2024-10-28T22:56:23.862-03:00 DEBUG 17164 --- [seguridad-calidad-back] [           main] com.zaxxer.hikari.HikariConfig           : scheduledExecutor...............none
2024-10-28T22:56:23.862-03:00 DEBUG 17164 --- [seguridad-calidad-back] [           main] com.zaxxer.hikari.HikariConfig           : schema..........................none
2024-10-28T22:56:23.862-03:00 DEBUG 17164 --- [seguridad-calidad-back] [           main] com.zaxxer.hikari.HikariConfig           : threadFactory...................internal
2024-10-28T22:56:23.863-03:00 DEBUG 17164 --- [seguridad-calidad-back] [           main] com.zaxxer.hikari.HikariConfig           : transactionIsolation............default
2024-10-28T22:56:23.863-03:00 DEBUG 17164 --- [seguridad-calidad-back] [           main] com.zaxxer.hikari.HikariConfig           : username........................"myuser"
2024-10-28T22:56:23.863-03:00 DEBUG 17164 --- [seguridad-calidad-back] [           main] com.zaxxer.hikari.HikariConfig           : validationTimeout...............5000
2024-10-28T22:56:23.863-03:00  INFO 17164 --- [seguridad-calidad-back] [           main] com.zaxxer.hikari.HikariDataSource       : HikariPool-1 - Starting...
2024-10-28T22:56:24.260-03:00 DEBUG 17164 --- [seguridad-calidad-back] [           main] jdk.event.security                       : X509Certificate: Alg:SHA256withRSA, Serial:2, Subject:CN=MySQL_Server_9.1.0_Auto_Generated_Server_Certificate, Issuer:CN=MySQL_Server_9.1.0_Auto_Generated_CA_Certificate, Key type:RSA, Length:2048, Cert Id:2287201279, Valid from:28-10-24, 00:15, Valid until:26-10-34, 00:15
2024-10-28T22:56:24.261-03:00 DEBUG 17164 --- [seguridad-calidad-back] [           main] jdk.event.security                       : X509Certificate: Alg:SHA256withRSA, Serial:1, Subject:CN=MySQL_Server_9.1.0_Auto_Generated_CA_Certificate, Issuer:CN=MySQL_Server_9.1.0_Auto_Generated_CA_Certificate, Key type:RSA, Length:2048, Cert Id:1007117164, Valid from:28-10-24, 00:15, Valid until:26-10-34, 00:15
2024-10-28T22:56:24.275-03:00 DEBUG 17164 --- [seguridad-calidad-back] [           main] jdk.event.security                       :  TLSHandshake: localhost:3306, TLSv1.3, TLS_AES_256_GCM_SHA384, 2287201279
2024-10-28T22:56:24.387-03:00  INFO 17164 --- [seguridad-calidad-back] [           main] com.zaxxer.hikari.pool.HikariPool        : HikariPool-1 - Added connection com.mysql.cj.jdbc.ConnectionImpl@8af1c49
2024-10-28T22:56:24.390-03:00  INFO 17164 --- [seguridad-calidad-back] [           main] com.zaxxer.hikari.HikariDataSource       : HikariPool-1 - Start completed.
2024-10-28T22:56:24.398-03:00 DEBUG 17164 --- [seguridad-calidad-back] [           main] o.h.e.j.e.i.JdbcEnvironmentInitiator     : Database ->
	   name : MySQL
	version : 9.1.0
	  major : 9
	  minor : 1
2024-10-28T22:56:24.399-03:00 DEBUG 17164 --- [seguridad-calidad-back] [           main] o.h.e.j.e.i.JdbcEnvironmentInitiator     : Driver ->
	   name : MySQL Connector/J
	version : mysql-connector-j-8.3.0 (Revision: 805f872a57875f311cb82487efcfb070411a3fa0)
	  major : 8
	  minor : 3
2024-10-28T22:56:24.399-03:00 DEBUG 17164 --- [seguridad-calidad-back] [           main] o.h.e.j.e.i.JdbcEnvironmentInitiator     : JDBC version : 4.2
2024-10-28T22:56:24.465-03:00  WARN 17164 --- [seguridad-calidad-back] [           main] org.hibernate.orm.deprecation            : HHH90000025: MySQLDialect does not need to be specified explicitly using 'hibernate.dialect' (remove the property setting and it will be selected by default)
2024-10-28T22:56:24.467-03:00 DEBUG 17164 --- [seguridad-calidad-back] [           main] org.hibernate.orm.dialect                : HHH035001: Using dialect: org.hibernate.dialect.MySQLDialect, version: 9.1
2024-10-28T22:56:24.471-03:00 DEBUG 17164 --- [seguridad-calidad-back] [           main] o.h.e.j.env.spi.IdentifierHelperBuilder  : JDBC driver metadata reported database stores quoted identifiers in more than one case
2024-10-28T22:56:24.471-03:00 DEBUG 17164 --- [seguridad-calidad-back] [           main] o.h.e.j.env.spi.IdentifierHelperBuilder  : IdentifierCaseStrategy for both quoted and unquoted identifiers was set to the same strategy [MIXED]; that will likely lead to problems in schema update and validation if using quoted identifiers
2024-10-28T22:56:24.497-03:00 DEBUG 17164 --- [seguridad-calidad-back] [           main] o.h.t.d.sql.spi.DdlTypeRegistry          : addDescriptor(12, org.hibernate.type.descriptor.sql.internal.CapacityDependentDdlType@154864f8) replaced previous registration(org.hibernate.type.descriptor.sql.internal.CapacityDependentDdlType@11cadb32)
2024-10-28T22:56:24.497-03:00 DEBUG 17164 --- [seguridad-calidad-back] [           main] o.h.t.d.sql.spi.DdlTypeRegistry          : addDescriptor(-9, org.hibernate.type.descriptor.sql.internal.CapacityDependentDdlType@6d3ad37a) replaced previous registration(org.hibernate.type.descriptor.sql.internal.CapacityDependentDdlType@26f5e45d)
2024-10-28T22:56:24.497-03:00 DEBUG 17164 --- [seguridad-calidad-back] [           main] o.h.t.d.sql.spi.DdlTypeRegistry          : addDescriptor(-3, org.hibernate.type.descriptor.sql.internal.CapacityDependentDdlType@704c3bdf) replaced previous registration(org.hibernate.type.descriptor.sql.internal.CapacityDependentDdlType@37986daf)
2024-10-28T22:56:24.497-03:00 DEBUG 17164 --- [seguridad-calidad-back] [           main] o.h.t.d.sql.spi.DdlTypeRegistry          : addDescriptor(4003, org.hibernate.type.descriptor.sql.internal.DdlTypeImpl@c82d925) replaced previous registration(org.hibernate.type.descriptor.sql.internal.DdlTypeImpl@55c03e4)
2024-10-28T22:56:24.497-03:00 DEBUG 17164 --- [seguridad-calidad-back] [           main] o.h.t.d.sql.spi.DdlTypeRegistry          : addDescriptor(4001, org.hibernate.type.descriptor.sql.internal.DdlTypeImpl@14df5253) replaced previous registration(org.hibernate.type.descriptor.sql.internal.DdlTypeImpl@605eb072)
2024-10-28T22:56:24.497-03:00 DEBUG 17164 --- [seguridad-calidad-back] [           main] o.h.t.d.sql.spi.DdlTypeRegistry          : addDescriptor(4002, org.hibernate.type.descriptor.sql.internal.DdlTypeImpl@7a0f06ad) replaced previous registration(org.hibernate.type.descriptor.sql.internal.DdlTypeImpl@1fa9692b)
2024-10-28T22:56:24.497-03:00 DEBUG 17164 --- [seguridad-calidad-back] [           main] o.h.t.d.sql.spi.DdlTypeRegistry          : addDescriptor(2004, org.hibernate.type.descriptor.sql.internal.CapacityDependentDdlType@710afd47) replaced previous registration(org.hibernate.type.descriptor.sql.internal.DdlTypeImpl@64420e34)
2024-10-28T22:56:24.498-03:00 DEBUG 17164 --- [seguridad-calidad-back] [           main] o.h.t.d.sql.spi.DdlTypeRegistry          : addDescriptor(2005, org.hibernate.type.descriptor.sql.internal.CapacityDependentDdlType@667a467f) replaced previous registration(org.hibernate.type.descriptor.sql.internal.DdlTypeImpl@324e8baa)
2024-10-28T22:56:24.498-03:00 DEBUG 17164 --- [seguridad-calidad-back] [           main] o.h.t.d.sql.spi.DdlTypeRegistry          : addDescriptor(2011, org.hibernate.type.descriptor.sql.internal.CapacityDependentDdlType@1488a861) replaced previous registration(org.hibernate.type.descriptor.sql.internal.DdlTypeImpl@604f376a)
2024-10-28T22:56:24.500-03:00 DEBUG 17164 --- [seguridad-calidad-back] [           main] o.h.t.d.jdbc.spi.JdbcTypeRegistry        : addDescriptor(NCharTypeDescriptor) replaced previous registration(CharTypeDescriptor)
2024-10-28T22:56:24.500-03:00 DEBUG 17164 --- [seguridad-calidad-back] [           main] o.h.t.d.jdbc.spi.JdbcTypeRegistry        : addDescriptor(NVarcharTypeDescriptor) replaced previous registration(VarcharTypeDescriptor)
2024-10-28T22:56:24.501-03:00 DEBUG 17164 --- [seguridad-calidad-back] [           main] o.h.t.d.jdbc.spi.JdbcTypeRegistry        : addDescriptor(LongNVarcharTypeDescriptor) replaced previous registration(LongVarcharTypeDescriptor)
2024-10-28T22:56:24.503-03:00 DEBUG 17164 --- [seguridad-calidad-back] [           main] o.h.t.d.jdbc.spi.JdbcTypeRegistry        : addDescriptor(NClobTypeDescriptor(DEFAULT)) replaced previous registration(ClobTypeDescriptor(DEFAULT))
2024-10-28T22:56:24.503-03:00 DEBUG 17164 --- [seguridad-calidad-back] [l-1 housekeeper] com.zaxxer.hikari.pool.HikariPool        : HikariPool-1 - Pool stats (total=1, active=0, idle=1, waiting=0)
2024-10-28T22:56:24.503-03:00 DEBUG 17164 --- [seguridad-calidad-back] [           main] o.h.t.d.jdbc.spi.JdbcTypeRegistry        : addDescriptor(2005, ClobTypeDescriptor(STREAM_BINDING)) replaced previous registration(ClobTypeDescriptor(DEFAULT))
2024-10-28T22:56:24.510-03:00 DEBUG 17164 --- [seguridad-calidad-back] [           main] org.hibernate.type.BasicTypeRegistry     : Adding type registration null -> org.hibernate.type.NullType@35e689a0
2024-10-28T22:56:24.510-03:00 DEBUG 17164 --- [seguridad-calidad-back] [           main] org.hibernate.type.BasicTypeRegistry     : Type registration key [null] overrode previous entry : `org.hibernate.type.NullType@7a65a360`
2024-10-28T22:56:24.518-03:00 DEBUG 17164 --- [seguridad-calidad-back] [           main] org.hibernate.type.BasicTypeRegistry     : Adding type registration org.hibernate.type.DurationType -> basicType@1(java.time.Duration,3015)
2024-10-28T22:56:24.518-03:00 DEBUG 17164 --- [seguridad-calidad-back] [           main] org.hibernate.type.BasicTypeRegistry     : Adding type registration Duration -> basicType@1(java.time.Duration,3015)
2024-10-28T22:56:24.519-03:00 DEBUG 17164 --- [seguridad-calidad-back] [           main] org.hibernate.type.BasicTypeRegistry     : Adding type registration java.time.Duration -> basicType@1(java.time.Duration,3015)
2024-10-28T22:56:24.524-03:00 DEBUG 17164 --- [seguridad-calidad-back] [onnection adder] jdk.event.security                       : X509Certificate: Alg:SHA256withRSA, Serial:2, Subject:CN=MySQL_Server_9.1.0_Auto_Generated_Server_Certificate, Issuer:CN=MySQL_Server_9.1.0_Auto_Generated_CA_Certificate, Key type:RSA, Length:2048, Cert Id:2287201279, Valid from:28-10-24, 00:15, Valid until:26-10-34, 00:15
2024-10-28T22:56:24.525-03:00 DEBUG 17164 --- [seguridad-calidad-back] [onnection adder] jdk.event.security                       : X509Certificate: Alg:SHA256withRSA, Serial:1, Subject:CN=MySQL_Server_9.1.0_Auto_Generated_CA_Certificate, Issuer:CN=MySQL_Server_9.1.0_Auto_Generated_CA_Certificate, Key type:RSA, Length:2048, Cert Id:1007117164, Valid from:28-10-24, 00:15, Valid until:26-10-34, 00:15
2024-10-28T22:56:24.526-03:00 DEBUG 17164 --- [seguridad-calidad-back] [           main] org.hibernate.type.BasicTypeRegistry     : Adding type registration org.hibernate.type.OffsetDateTimeType -> basicType@2(java.time.OffsetDateTime,3003)
2024-10-28T22:56:24.527-03:00 DEBUG 17164 --- [seguridad-calidad-back] [           main] org.hibernate.type.BasicTypeRegistry     : Adding type registration OffsetDateTime -> basicType@2(java.time.OffsetDateTime,3003)
2024-10-28T22:56:24.527-03:00 DEBUG 17164 --- [seguridad-calidad-back] [           main] org.hibernate.type.BasicTypeRegistry     : Adding type registration java.time.OffsetDateTime -> basicType@2(java.time.OffsetDateTime,3003)
2024-10-28T22:56:24.527-03:00 DEBUG 17164 --- [seguridad-calidad-back] [           main] org.hibernate.type.BasicTypeRegistry     : Adding type registration org.hibernate.type.ZonedDateTimeType -> basicType@3(java.time.ZonedDateTime,3003)
2024-10-28T22:56:24.527-03:00 DEBUG 17164 --- [seguridad-calidad-back] [           main] org.hibernate.type.BasicTypeRegistry     : Adding type registration ZonedDateTime -> basicType@3(java.time.ZonedDateTime,3003)
2024-10-28T22:56:24.527-03:00 DEBUG 17164 --- [seguridad-calidad-back] [           main] org.hibernate.type.BasicTypeRegistry     : Adding type registration java.time.ZonedDateTime -> basicType@3(java.time.ZonedDateTime,3003)
2024-10-28T22:56:24.530-03:00 DEBUG 17164 --- [seguridad-calidad-back] [           main] org.hibernate.type.BasicTypeRegistry     : Adding type registration org.hibernate.type.OffsetTimeType -> basicType@4(java.time.OffsetTime,3007)
2024-10-28T22:56:24.530-03:00 DEBUG 17164 --- [seguridad-calidad-back] [           main] org.hibernate.type.BasicTypeRegistry     : Adding type registration OffsetTime -> basicType@4(java.time.OffsetTime,3007)
2024-10-28T22:56:24.530-03:00 DEBUG 17164 --- [seguridad-calidad-back] [           main] org.hibernate.type.BasicTypeRegistry     : Adding type registration java.time.OffsetTime -> basicType@4(java.time.OffsetTime,3007)
2024-10-28T22:56:24.532-03:00 DEBUG 17164 --- [seguridad-calidad-back] [           main] o.h.type.spi.TypeConfiguration$Scope     : Scoping TypeConfiguration [org.hibernate.type.spi.TypeConfiguration@37d3aa8c] to MetadataBuildingContext [org.hibernate.boot.internal.MetadataBuildingContextRootImpl@5dd747c1]
2024-10-28T22:56:24.543-03:00 DEBUG 17164 --- [seguridad-calidad-back] [onnection adder] jdk.event.security                       :  TLSHandshake: localhost:3306, TLSv1.3, TLS_AES_256_GCM_SHA384, 2287201279
2024-10-28T22:56:24.561-03:00 DEBUG 17164 --- [seguridad-calidad-back] [onnection adder] com.zaxxer.hikari.pool.HikariPool        : HikariPool-1 - Added connection com.mysql.cj.jdbc.ConnectionImpl@2a7a0cc7
2024-10-28T22:56:24.586-03:00 DEBUG 17164 --- [seguridad-calidad-back] [           main] o.h.boot.model.relational.Namespace      : Created database namespace [logicalName=Name{catalog=null, schema=null}, physicalName=Name{catalog=null, schema=null}]
2024-10-28T22:56:24.594-03:00 DEBUG 17164 --- [seguridad-calidad-back] [onnection adder] com.zaxxer.hikari.pool.HikariPool        : HikariPool-1 - After adding stats (total=2, active=0, idle=2, waiting=0)
2024-10-28T22:56:24.608-03:00 DEBUG 17164 --- [seguridad-calidad-back] [onnection adder] jdk.event.security                       : X509Certificate: Alg:SHA256withRSA, Serial:2, Subject:CN=MySQL_Server_9.1.0_Auto_Generated_Server_Certificate, Issuer:CN=MySQL_Server_9.1.0_Auto_Generated_CA_Certificate, Key type:RSA, Length:2048, Cert Id:2287201279, Valid from:28-10-24, 00:15, Valid until:26-10-34, 00:15
2024-10-28T22:56:24.609-03:00 DEBUG 17164 --- [seguridad-calidad-back] [onnection adder] jdk.event.security                       : X509Certificate: Alg:SHA256withRSA, Serial:1, Subject:CN=MySQL_Server_9.1.0_Auto_Generated_CA_Certificate, Issuer:CN=MySQL_Server_9.1.0_Auto_Generated_CA_Certificate, Key type:RSA, Length:2048, Cert Id:1007117164, Valid from:28-10-24, 00:15, Valid until:26-10-34, 00:15
2024-10-28T22:56:24.613-03:00 DEBUG 17164 --- [seguridad-calidad-back] [onnection adder] jdk.event.security                       :  TLSHandshake: localhost:3306, TLSv1.3, TLS_AES_256_GCM_SHA384, 2287201279
2024-10-28T22:56:24.621-03:00 DEBUG 17164 --- [seguridad-calidad-back] [           main] o.h.boot.model.internal.EntityBinder     : Binding entity from annotated class: com.seguridad.seguridad_calidad_back.model.Ingrediente
2024-10-28T22:56:24.627-03:00 DEBUG 17164 --- [seguridad-calidad-back] [onnection adder] com.zaxxer.hikari.pool.HikariPool        : HikariPool-1 - Added connection com.mysql.cj.jdbc.ConnectionImpl@20806152
2024-10-28T22:56:24.631-03:00 DEBUG 17164 --- [seguridad-calidad-back] [           main] o.h.boot.model.internal.EntityBinder     : Import with entity name Ingrediente
2024-10-28T22:56:24.638-03:00 DEBUG 17164 --- [seguridad-calidad-back] [           main] o.h.boot.model.internal.EntityBinder     : Bind entity com.seguridad.seguridad_calidad_back.model.Ingrediente on table ingredientes
2024-10-28T22:56:24.652-03:00 DEBUG 17164 --- [seguridad-calidad-back] [           main] o.h.boot.model.internal.AnnotatedColumn  : Binding column: AnnotatedDiscriminatorColumn(column='DTYPE')
2024-10-28T22:56:24.670-03:00 DEBUG 17164 --- [seguridad-calidad-back] [onnection adder] com.zaxxer.hikari.pool.HikariPool        : HikariPool-1 - After adding stats (total=3, active=0, idle=3, waiting=0)
2024-10-28T22:56:24.680-03:00 DEBUG 17164 --- [seguridad-calidad-back] [           main] o.h.boot.model.internal.AnnotatedColumn  : Binding column: AnnotatedColumn()
2024-10-28T22:56:24.681-03:00 DEBUG 17164 --- [seguridad-calidad-back] [           main] o.h.boot.internal.ClassLoaderAccessImpl  : Not known whether passed class name [com.seguridad.seguridad_calidad_back.model.Ingrediente] is safe
2024-10-28T22:56:24.681-03:00 DEBUG 17164 --- [seguridad-calidad-back] [           main] o.h.boot.internal.ClassLoaderAccessImpl  : No temp ClassLoader provided; using live ClassLoader for loading potentially unsafe class : com.seguridad.seguridad_calidad_back.model.Ingrediente
2024-10-28T22:56:24.685-03:00 DEBUG 17164 --- [seguridad-calidad-back] [onnection adder] jdk.event.security                       : X509Certificate: Alg:SHA256withRSA, Serial:2, Subject:CN=MySQL_Server_9.1.0_Auto_Generated_Server_Certificate, Issuer:CN=MySQL_Server_9.1.0_Auto_Generated_CA_Certificate, Key type:RSA, Length:2048, Cert Id:2287201279, Valid from:28-10-24, 00:15, Valid until:26-10-34, 00:15
2024-10-28T22:56:24.686-03:00 DEBUG 17164 --- [seguridad-calidad-back] [onnection adder] jdk.event.security                       : X509Certificate: Alg:SHA256withRSA, Serial:1, Subject:CN=MySQL_Server_9.1.0_Auto_Generated_CA_Certificate, Issuer:CN=MySQL_Server_9.1.0_Auto_Generated_CA_Certificate, Key type:RSA, Length:2048, Cert Id:1007117164, Valid from:28-10-24, 00:15, Valid until:26-10-34, 00:15
2024-10-28T22:56:24.687-03:00 DEBUG 17164 --- [seguridad-calidad-back] [           main] o.h.boot.model.internal.PropertyBinder   : MetadataSourceProcessor property id with lazy=false
2024-10-28T22:56:24.690-03:00 DEBUG 17164 --- [seguridad-calidad-back] [onnection adder] jdk.event.security                       :  TLSHandshake: localhost:3306, TLSv1.3, TLS_AES_256_GCM_SHA384, 2287201279
2024-10-28T22:56:24.698-03:00 DEBUG 17164 --- [seguridad-calidad-back] [           main] o.h.b.m.internal.AbstractPropertyHolder  : Attempting to locate auto-apply AttributeConverter for property [com.seguridad.seguridad_calidad_back.model.Ingrediente:id]
2024-10-28T22:56:24.700-03:00 DEBUG 17164 --- [seguridad-calidad-back] [onnection adder] com.zaxxer.hikari.pool.HikariPool        : HikariPool-1 - Added connection com.mysql.cj.jdbc.ConnectionImpl@584b74a0
2024-10-28T22:56:24.705-03:00 DEBUG 17164 --- [seguridad-calidad-back] [           main] o.h.b.model.internal.BasicValueBinder    : building BasicValue for id
2024-10-28T22:56:24.708-03:00 DEBUG 17164 --- [seguridad-calidad-back] [           main] org.hibernate.mapping.BasicValue         : Skipping column re-registration: ingredientes.id
2024-10-28T22:56:24.709-03:00 DEBUG 17164 --- [seguridad-calidad-back] [           main] o.h.boot.model.internal.PropertyBinder   : Building property id
2024-10-28T22:56:24.712-03:00 DEBUG 17164 --- [seguridad-calidad-back] [           main] o.h.boot.model.internal.BinderHelper     : #makeIdGenerator(BasicValue([Column(id)]), id, identity, , ...)
2024-10-28T22:56:24.715-03:00 DEBUG 17164 --- [seguridad-calidad-back] [           main] o.h.boot.model.internal.AnnotatedColumn  : Binding column: AnnotatedColumn()
2024-10-28T22:56:24.715-03:00 DEBUG 17164 --- [seguridad-calidad-back] [           main] o.h.boot.model.internal.PropertyBinder   : MetadataSourceProcessor property nombre with lazy=false
2024-10-28T22:56:24.716-03:00 DEBUG 17164 --- [seguridad-calidad-back] [           main] o.h.b.m.internal.AbstractPropertyHolder  : Attempting to locate auto-apply AttributeConverter for property [com.seguridad.seguridad_calidad_back.model.Ingrediente:nombre]
2024-10-28T22:56:24.716-03:00 DEBUG 17164 --- [seguridad-calidad-back] [           main] o.h.b.model.internal.BasicValueBinder    : building BasicValue for nombre
2024-10-28T22:56:24.716-03:00 DEBUG 17164 --- [seguridad-calidad-back] [           main] org.hibernate.mapping.BasicValue         : Skipping column re-registration: ingredientes.nombre
2024-10-28T22:56:24.716-03:00 DEBUG 17164 --- [seguridad-calidad-back] [           main] o.h.boot.model.internal.PropertyBinder   : Building property nombre
2024-10-28T22:56:24.719-03:00 DEBUG 17164 --- [seguridad-calidad-back] [           main] o.h.boot.model.internal.AnnotatedColumn  : Binding column: AnnotatedJoinColumn()
2024-10-28T22:56:24.719-03:00 DEBUG 17164 --- [seguridad-calidad-back] [           main] o.h.boot.model.internal.AnnotatedColumn  : Binding column: AnnotatedColumn()
2024-10-28T22:56:24.729-03:00 DEBUG 17164 --- [seguridad-calidad-back] [           main] o.h.boot.model.internal.AnnotatedColumn  : Binding column: IndexColumn(column='recetaIngredientes_ORDER')
2024-10-28T22:56:24.731-03:00 DEBUG 17164 --- [seguridad-calidad-back] [           main] o.h.boot.model.internal.AnnotatedColumn  : Binding column: AnnotatedColumn()
2024-10-28T22:56:24.731-03:00 DEBUG 17164 --- [seguridad-calidad-back] [           main] o.h.boot.model.internal.AnnotatedColumn  : Binding column: AnnotatedColumn(column='recetaIngredientes_KEY')
2024-10-28T22:56:24.732-03:00 DEBUG 17164 --- [seguridad-calidad-back] [onnection adder] com.zaxxer.hikari.pool.HikariPool        : HikariPool-1 - After adding stats (total=4, active=0, idle=4, waiting=0)
2024-10-28T22:56:24.735-03:00 DEBUG 17164 --- [seguridad-calidad-back] [           main] o.h.boot.model.internal.AnnotatedColumn  : Binding column: AnnotatedJoinColumn(column='recetaIngredientes_KEY')
2024-10-28T22:56:24.738-03:00 DEBUG 17164 --- [seguridad-calidad-back] [           main] o.h.boot.model.internal.AnnotatedColumn  : Binding column: AnnotatedJoinColumn()
2024-10-28T22:56:24.738-03:00 DEBUG 17164 --- [seguridad-calidad-back] [           main] o.h.boot.model.internal.AnnotatedColumn  : Binding column: AnnotatedJoinColumn()
2024-10-28T22:56:24.742-03:00 DEBUG 17164 --- [seguridad-calidad-back] [           main] o.h.b.model.internal.CollectionBinder    : Collection role: com.seguridad.seguridad_calidad_back.model.Ingrediente.recetaIngredientes
2024-10-28T22:56:24.745-03:00 DEBUG 17164 --- [seguridad-calidad-back] [           main] o.h.boot.model.internal.PropertyBinder   : Building property recetaIngredientes
2024-10-28T22:56:24.748-03:00 DEBUG 17164 --- [seguridad-calidad-back] [           main] o.h.b.r.c.i.ClassLoaderServiceImpl       : HHH000194: Package not found or no package-info.java: com.seguridad.seguridad_calidad_back.model
2024-10-28T22:56:24.750-03:00 DEBUG 17164 --- [seguridad-calidad-back] [onnection adder] jdk.event.security                       : X509Certificate: Alg:SHA256withRSA, Serial:2, Subject:CN=MySQL_Server_9.1.0_Auto_Generated_Server_Certificate, Issuer:CN=MySQL_Server_9.1.0_Auto_Generated_CA_Certificate, Key type:RSA, Length:2048, Cert Id:2287201279, Valid from:28-10-24, 00:15, Valid until:26-10-34, 00:15
2024-10-28T22:56:24.751-03:00 DEBUG 17164 --- [seguridad-calidad-back] [onnection adder] jdk.event.security                       : X509Certificate: Alg:SHA256withRSA, Serial:1, Subject:CN=MySQL_Server_9.1.0_Auto_Generated_CA_Certificate, Issuer:CN=MySQL_Server_9.1.0_Auto_Generated_CA_Certificate, Key type:RSA, Length:2048, Cert Id:1007117164, Valid from:28-10-24, 00:15, Valid until:26-10-34, 00:15
2024-10-28T22:56:24.755-03:00 DEBUG 17164 --- [seguridad-calidad-back] [onnection adder] jdk.event.security                       :  TLSHandshake: localhost:3306, TLSv1.3, TLS_AES_256_GCM_SHA384, 2287201279
2024-10-28T22:56:24.755-03:00 DEBUG 17164 --- [seguridad-calidad-back] [           main] o.h.boot.model.internal.EntityBinder     : Binding entity from annotated class: com.seguridad.seguridad_calidad_back.model.Receta
2024-10-28T22:56:24.755-03:00 DEBUG 17164 --- [seguridad-calidad-back] [           main] o.h.boot.model.internal.EntityBinder     : Import with entity name Receta
2024-10-28T22:56:24.756-03:00 DEBUG 17164 --- [seguridad-calidad-back] [           main] o.h.boot.model.internal.EntityBinder     : Bind entity com.seguridad.seguridad_calidad_back.model.Receta on table recetas
2024-10-28T22:56:24.756-03:00 DEBUG 17164 --- [seguridad-calidad-back] [           main] o.h.boot.model.internal.AnnotatedColumn  : Binding column: AnnotatedDiscriminatorColumn(column='DTYPE')
2024-10-28T22:56:24.759-03:00 DEBUG 17164 --- [seguridad-calidad-back] [           main] o.h.boot.model.internal.AnnotatedColumn  : Binding column: AnnotatedColumn()
2024-10-28T22:56:24.759-03:00 DEBUG 17164 --- [seguridad-calidad-back] [           main] o.h.boot.internal.ClassLoaderAccessImpl  : Not known whether passed class name [com.seguridad.seguridad_calidad_back.model.Receta] is safe
2024-10-28T22:56:24.759-03:00 DEBUG 17164 --- [seguridad-calidad-back] [           main] o.h.boot.internal.ClassLoaderAccessImpl  : No temp ClassLoader provided; using live ClassLoader for loading potentially unsafe class : com.seguridad.seguridad_calidad_back.model.Receta
2024-10-28T22:56:24.759-03:00 DEBUG 17164 --- [seguridad-calidad-back] [           main] o.h.boot.model.internal.PropertyBinder   : MetadataSourceProcessor property id with lazy=false
2024-10-28T22:56:24.759-03:00 DEBUG 17164 --- [seguridad-calidad-back] [           main] o.h.b.m.internal.AbstractPropertyHolder  : Attempting to locate auto-apply AttributeConverter for property [com.seguridad.seguridad_calidad_back.model.Receta:id]
2024-10-28T22:56:24.760-03:00 DEBUG 17164 --- [seguridad-calidad-back] [           main] o.h.b.model.internal.BasicValueBinder    : building BasicValue for id
2024-10-28T22:56:24.760-03:00 DEBUG 17164 --- [seguridad-calidad-back] [           main] org.hibernate.mapping.BasicValue         : Skipping column re-registration: recetas.id
2024-10-28T22:56:24.760-03:00 DEBUG 17164 --- [seguridad-calidad-back] [           main] o.h.boot.model.internal.PropertyBinder   : Building property id
2024-10-28T22:56:24.760-03:00 DEBUG 17164 --- [seguridad-calidad-back] [           main] o.h.boot.model.internal.BinderHelper     : #makeIdGenerator(BasicValue([Column(id)]), id, identity, , ...)
2024-10-28T22:56:24.761-03:00 DEBUG 17164 --- [seguridad-calidad-back] [           main] o.h.boot.model.internal.AnnotatedColumn  : Binding column: AnnotatedColumn(column='dificultad_elaboracion')
2024-10-28T22:56:24.762-03:00 DEBUG 17164 --- [seguridad-calidad-back] [           main] o.h.boot.model.internal.PropertyBinder   : MetadataSourceProcessor property dificultadElaboracion with lazy=false
2024-10-28T22:56:24.762-03:00 DEBUG 17164 --- [seguridad-calidad-back] [           main] o.h.b.m.internal.AbstractPropertyHolder  : Attempting to locate auto-apply AttributeConverter for property [com.seguridad.seguridad_calidad_back.model.Receta:dificultadElaboracion]
2024-10-28T22:56:24.762-03:00 DEBUG 17164 --- [seguridad-calidad-back] [           main] o.h.b.model.internal.BasicValueBinder    : building BasicValue for dificultadElaboracion
2024-10-28T22:56:24.762-03:00 DEBUG 17164 --- [seguridad-calidad-back] [           main] org.hibernate.mapping.BasicValue         : Skipping column re-registration: recetas.dificultad_elaboracion
2024-10-28T22:56:24.762-03:00 DEBUG 17164 --- [seguridad-calidad-back] [           main] o.h.boot.model.internal.PropertyBinder   : Building property dificultadElaboracion
2024-10-28T22:56:24.763-03:00 DEBUG 17164 --- [seguridad-calidad-back] [           main] o.h.boot.model.internal.AnnotatedColumn  : Binding column: AnnotatedColumn(column='fecha_creacion')
2024-10-28T22:56:24.763-03:00 DEBUG 17164 --- [seguridad-calidad-back] [           main] o.h.boot.model.internal.PropertyBinder   : MetadataSourceProcessor property fechaCreacion with lazy=false
2024-10-28T22:56:24.763-03:00 DEBUG 17164 --- [seguridad-calidad-back] [           main] o.h.b.m.internal.AbstractPropertyHolder  : Attempting to locate auto-apply AttributeConverter for property [com.seguridad.seguridad_calidad_back.model.Receta:fechaCreacion]
2024-10-28T22:56:24.764-03:00 DEBUG 17164 --- [seguridad-calidad-back] [           main] o.h.b.model.internal.BasicValueBinder    : building BasicValue for fechaCreacion
2024-10-28T22:56:24.764-03:00 DEBUG 17164 --- [seguridad-calidad-back] [           main] org.hibernate.mapping.BasicValue         : Skipping column re-registration: recetas.fecha_creacion
2024-10-28T22:56:24.764-03:00 DEBUG 17164 --- [seguridad-calidad-back] [           main] o.h.boot.model.internal.PropertyBinder   : Building property fechaCreacion
2024-10-28T22:56:24.764-03:00 DEBUG 17164 --- [seguridad-calidad-back] [           main] o.h.boot.model.internal.AnnotatedColumn  : Binding column: AnnotatedColumn(column='instrucciones_preparacion')
2024-10-28T22:56:24.764-03:00 DEBUG 17164 --- [seguridad-calidad-back] [           main] o.h.boot.model.internal.PropertyBinder   : MetadataSourceProcessor property instruccionesPreparacion with lazy=false
2024-10-28T22:56:24.765-03:00 DEBUG 17164 --- [seguridad-calidad-back] [           main] o.h.b.m.internal.AbstractPropertyHolder  : Attempting to locate auto-apply AttributeConverter for property [com.seguridad.seguridad_calidad_back.model.Receta:instruccionesPreparacion]
2024-10-28T22:56:24.765-03:00 DEBUG 17164 --- [seguridad-calidad-back] [           main] o.h.b.model.internal.BasicValueBinder    : building BasicValue for instruccionesPreparacion
2024-10-28T22:56:24.765-03:00 DEBUG 17164 --- [seguridad-calidad-back] [           main] org.hibernate.mapping.BasicValue         : Skipping column re-registration: recetas.instrucciones_preparacion
2024-10-28T22:56:24.765-03:00 DEBUG 17164 --- [seguridad-calidad-back] [           main] o.h.boot.model.internal.PropertyBinder   : Building property instruccionesPreparacion
2024-10-28T22:56:24.765-03:00 DEBUG 17164 --- [seguridad-calidad-back] [           main] o.h.boot.model.internal.AnnotatedColumn  : Binding column: AnnotatedColumn()
2024-10-28T22:56:24.765-03:00 DEBUG 17164 --- [seguridad-calidad-back] [           main] o.h.boot.model.internal.PropertyBinder   : MetadataSourceProcessor property nombre with lazy=false
2024-10-28T22:56:24.765-03:00 DEBUG 17164 --- [seguridad-calidad-back] [           main] o.h.b.m.internal.AbstractPropertyHolder  : Attempting to locate auto-apply AttributeConverter for property [com.seguridad.seguridad_calidad_back.model.Receta:nombre]
2024-10-28T22:56:24.765-03:00 DEBUG 17164 --- [seguridad-calidad-back] [           main] o.h.b.model.internal.BasicValueBinder    : building BasicValue for nombre
2024-10-28T22:56:24.765-03:00 DEBUG 17164 --- [seguridad-calidad-back] [           main] org.hibernate.mapping.BasicValue         : Skipping column re-registration: recetas.nombre
2024-10-28T22:56:24.766-03:00 DEBUG 17164 --- [seguridad-calidad-back] [           main] o.h.boot.model.internal.PropertyBinder   : Building property nombre
2024-10-28T22:56:24.766-03:00 DEBUG 17164 --- [seguridad-calidad-back] [           main] o.h.boot.model.internal.AnnotatedColumn  : Binding column: AnnotatedColumn(column='pais_de_origen')
2024-10-28T22:56:24.766-03:00 DEBUG 17164 --- [seguridad-calidad-back] [onnection adder] com.zaxxer.hikari.pool.HikariPool        : HikariPool-1 - Added connection com.mysql.cj.jdbc.ConnectionImpl@28c1937d
2024-10-28T22:56:24.766-03:00 DEBUG 17164 --- [seguridad-calidad-back] [           main] o.h.boot.model.internal.PropertyBinder   : MetadataSourceProcessor property paisDeOrigen with lazy=false
2024-10-28T22:56:24.766-03:00 DEBUG 17164 --- [seguridad-calidad-back] [           main] o.h.b.m.internal.AbstractPropertyHolder  : Attempting to locate auto-apply AttributeConverter for property [com.seguridad.seguridad_calidad_back.model.Receta:paisDeOrigen]
2024-10-28T22:56:24.767-03:00 DEBUG 17164 --- [seguridad-calidad-back] [           main] o.h.b.model.internal.BasicValueBinder    : building BasicValue for paisDeOrigen
2024-10-28T22:56:24.767-03:00 DEBUG 17164 --- [seguridad-calidad-back] [           main] org.hibernate.mapping.BasicValue         : Skipping column re-registration: recetas.pais_de_origen
2024-10-28T22:56:24.767-03:00 DEBUG 17164 --- [seguridad-calidad-back] [           main] o.h.boot.model.internal.PropertyBinder   : Building property paisDeOrigen
2024-10-28T22:56:24.767-03:00 DEBUG 17164 --- [seguridad-calidad-back] [           main] o.h.boot.model.internal.AnnotatedColumn  : Binding column: AnnotatedColumn()
2024-10-28T22:56:24.767-03:00 DEBUG 17164 --- [seguridad-calidad-back] [           main] o.h.boot.model.internal.PropertyBinder   : MetadataSourceProcessor property popularidad with lazy=false
2024-10-28T22:56:24.767-03:00 DEBUG 17164 --- [seguridad-calidad-back] [           main] o.h.b.m.internal.AbstractPropertyHolder  : Attempting to locate auto-apply AttributeConverter for property [com.seguridad.seguridad_calidad_back.model.Receta:popularidad]
2024-10-28T22:56:24.767-03:00 DEBUG 17164 --- [seguridad-calidad-back] [           main] o.h.b.model.internal.BasicValueBinder    : building BasicValue for popularidad
2024-10-28T22:56:24.767-03:00 DEBUG 17164 --- [seguridad-calidad-back] [           main] org.hibernate.mapping.BasicValue         : Skipping column re-registration: recetas.popularidad
2024-10-28T22:56:24.767-03:00 DEBUG 17164 --- [seguridad-calidad-back] [           main] o.h.boot.model.internal.PropertyBinder   : Building property popularidad
2024-10-28T22:56:24.767-03:00 DEBUG 17164 --- [seguridad-calidad-back] [           main] o.h.boot.model.internal.AnnotatedColumn  : Binding column: AnnotatedJoinColumn()
2024-10-28T22:56:24.768-03:00 DEBUG 17164 --- [seguridad-calidad-back] [           main] o.h.boot.model.internal.AnnotatedColumn  : Binding column: AnnotatedColumn()
2024-10-28T22:56:24.768-03:00 DEBUG 17164 --- [seguridad-calidad-back] [           main] o.h.boot.model.internal.AnnotatedColumn  : Binding column: IndexColumn(column='recetaIngredientes_ORDER')
2024-10-28T22:56:24.768-03:00 DEBUG 17164 --- [seguridad-calidad-back] [           main] o.h.boot.model.internal.AnnotatedColumn  : Binding column: AnnotatedColumn()
2024-10-28T22:56:24.768-03:00 DEBUG 17164 --- [seguridad-calidad-back] [           main] o.h.boot.model.internal.AnnotatedColumn  : Binding column: AnnotatedColumn(column='recetaIngredientes_KEY')
2024-10-28T22:56:24.768-03:00 DEBUG 17164 --- [seguridad-calidad-back] [           main] o.h.boot.model.internal.AnnotatedColumn  : Binding column: AnnotatedJoinColumn(column='recetaIngredientes_KEY')
2024-10-28T22:56:24.768-03:00 DEBUG 17164 --- [seguridad-calidad-back] [           main] o.h.boot.model.internal.AnnotatedColumn  : Binding column: AnnotatedJoinColumn()
2024-10-28T22:56:24.768-03:00 DEBUG 17164 --- [seguridad-calidad-back] [           main] o.h.boot.model.internal.AnnotatedColumn  : Binding column: AnnotatedJoinColumn()
2024-10-28T22:56:24.769-03:00 DEBUG 17164 --- [seguridad-calidad-back] [           main] o.h.b.model.internal.CollectionBinder    : Collection role: com.seguridad.seguridad_calidad_back.model.Receta.recetaIngredientes
2024-10-28T22:56:24.769-03:00 DEBUG 17164 --- [seguridad-calidad-back] [           main] o.h.boot.model.internal.PropertyBinder   : Building property recetaIngredientes
2024-10-28T22:56:24.769-03:00 DEBUG 17164 --- [seguridad-calidad-back] [           main] o.h.boot.model.internal.AnnotatedColumn  : Binding column: AnnotatedColumn(column='tiempo_coccion')
2024-10-28T22:56:24.769-03:00 DEBUG 17164 --- [seguridad-calidad-back] [           main] o.h.boot.model.internal.PropertyBinder   : MetadataSourceProcessor property tiempoCoccion with lazy=false
2024-10-28T22:56:24.769-03:00 DEBUG 17164 --- [seguridad-calidad-back] [           main] o.h.b.m.internal.AbstractPropertyHolder  : Attempting to locate auto-apply AttributeConverter for property [com.seguridad.seguridad_calidad_back.model.Receta:tiempoCoccion]
2024-10-28T22:56:24.769-03:00 DEBUG 17164 --- [seguridad-calidad-back] [           main] o.h.b.model.internal.BasicValueBinder    : building BasicValue for tiempoCoccion
2024-10-28T22:56:24.769-03:00 DEBUG 17164 --- [seguridad-calidad-back] [           main] org.hibernate.mapping.BasicValue         : Skipping column re-registration: recetas.tiempo_coccion
2024-10-28T22:56:24.769-03:00 DEBUG 17164 --- [seguridad-calidad-back] [           main] o.h.boot.model.internal.PropertyBinder   : Building property tiempoCoccion
2024-10-28T22:56:24.769-03:00 DEBUG 17164 --- [seguridad-calidad-back] [           main] o.h.boot.model.internal.AnnotatedColumn  : Binding column: AnnotatedColumn(column='tipo_de_cocina')
2024-10-28T22:56:24.769-03:00 DEBUG 17164 --- [seguridad-calidad-back] [           main] o.h.boot.model.internal.PropertyBinder   : MetadataSourceProcessor property tipoDeCocina with lazy=false
2024-10-28T22:56:24.769-03:00 DEBUG 17164 --- [seguridad-calidad-back] [           main] o.h.b.m.internal.AbstractPropertyHolder  : Attempting to locate auto-apply AttributeConverter for property [com.seguridad.seguridad_calidad_back.model.Receta:tipoDeCocina]
2024-10-28T22:56:24.769-03:00 DEBUG 17164 --- [seguridad-calidad-back] [           main] o.h.b.model.internal.BasicValueBinder    : building BasicValue for tipoDeCocina
2024-10-28T22:56:24.769-03:00 DEBUG 17164 --- [seguridad-calidad-back] [           main] org.hibernate.mapping.BasicValue         : Skipping column re-registration: recetas.tipo_de_cocina
2024-10-28T22:56:24.769-03:00 DEBUG 17164 --- [seguridad-calidad-back] [           main] o.h.boot.model.internal.PropertyBinder   : Building property tipoDeCocina
2024-10-28T22:56:24.770-03:00 DEBUG 17164 --- [seguridad-calidad-back] [           main] o.h.boot.model.internal.AnnotatedColumn  : Binding column: AnnotatedColumn(column='url_imagen')
2024-10-28T22:56:24.770-03:00 DEBUG 17164 --- [seguridad-calidad-back] [           main] o.h.boot.model.internal.PropertyBinder   : MetadataSourceProcessor property urlImagen with lazy=false
2024-10-28T22:56:24.770-03:00 DEBUG 17164 --- [seguridad-calidad-back] [           main] o.h.b.m.internal.AbstractPropertyHolder  : Attempting to locate auto-apply AttributeConverter for property [com.seguridad.seguridad_calidad_back.model.Receta:urlImagen]
2024-10-28T22:56:24.770-03:00 DEBUG 17164 --- [seguridad-calidad-back] [           main] o.h.b.model.internal.BasicValueBinder    : building BasicValue for urlImagen
2024-10-28T22:56:24.770-03:00 DEBUG 17164 --- [seguridad-calidad-back] [           main] org.hibernate.mapping.BasicValue         : Skipping column re-registration: recetas.url_imagen
2024-10-28T22:56:24.770-03:00 DEBUG 17164 --- [seguridad-calidad-back] [           main] o.h.boot.model.internal.PropertyBinder   : Building property urlImagen
2024-10-28T22:56:24.770-03:00 DEBUG 17164 --- [seguridad-calidad-back] [           main] o.h.b.r.c.i.ClassLoaderServiceImpl       : HHH000194: Package not found or no package-info.java: com.seguridad.seguridad_calidad_back.model
2024-10-28T22:56:24.771-03:00 DEBUG 17164 --- [seguridad-calidad-back] [           main] o.h.boot.model.internal.EntityBinder     : Binding entity from annotated class: com.seguridad.seguridad_calidad_back.model.RecetaIngrediente
2024-10-28T22:56:24.771-03:00 DEBUG 17164 --- [seguridad-calidad-back] [           main] o.h.boot.model.internal.EntityBinder     : Import with entity name RecetaIngrediente
2024-10-28T22:56:24.771-03:00 DEBUG 17164 --- [seguridad-calidad-back] [           main] o.h.boot.model.internal.EntityBinder     : Bind entity com.seguridad.seguridad_calidad_back.model.RecetaIngrediente on table receta_ingredientes
2024-10-28T22:56:24.771-03:00 DEBUG 17164 --- [seguridad-calidad-back] [           main] o.h.boot.model.internal.AnnotatedColumn  : Binding column: AnnotatedDiscriminatorColumn(column='DTYPE')
2024-10-28T22:56:24.778-03:00 DEBUG 17164 --- [seguridad-calidad-back] [           main] o.h.boot.model.internal.AnnotatedColumn  : Binding column: AnnotatedColumn()
2024-10-28T22:56:24.778-03:00 DEBUG 17164 --- [seguridad-calidad-back] [           main] o.h.boot.internal.ClassLoaderAccessImpl  : Not known whether passed class name [com.seguridad.seguridad_calidad_back.model.RecetaIngrediente] is safe
2024-10-28T22:56:24.778-03:00 DEBUG 17164 --- [seguridad-calidad-back] [           main] o.h.boot.internal.ClassLoaderAccessImpl  : No temp ClassLoader provided; using live ClassLoader for loading potentially unsafe class : com.seguridad.seguridad_calidad_back.model.RecetaIngrediente
2024-10-28T22:56:24.781-03:00 DEBUG 17164 --- [seguridad-calidad-back] [           main] o.h.boot.model.internal.AnnotatedColumn  : Binding column: AnnotatedColumn()
2024-10-28T22:56:24.782-03:00 DEBUG 17164 --- [seguridad-calidad-back] [           main] o.h.boot.model.internal.AnnotatedColumn  : Binding column: AnnotatedJoinColumn(column='ingrediente_id')
2024-10-28T22:56:24.782-03:00 DEBUG 17164 --- [seguridad-calidad-back] [           main] o.h.boot.model.internal.PropertyBinder   : MetadataSourceProcessor property ingredienteId with lazy=false
2024-10-28T22:56:24.782-03:00 DEBUG 17164 --- [seguridad-calidad-back] [           main] o.h.b.m.internal.AbstractPropertyHolder  : Attempting to locate auto-apply AttributeConverter for property [com.seguridad.seguridad_calidad_back.model.RecetaIngrediente.id:ingredienteId]
2024-10-28T22:56:24.782-03:00 DEBUG 17164 --- [seguridad-calidad-back] [           main] o.h.b.model.internal.BasicValueBinder    : building BasicValue for ingredienteId
2024-10-28T22:56:24.782-03:00 DEBUG 17164 --- [seguridad-calidad-back] [           main] org.hibernate.mapping.BasicValue         : Skipping column re-registration: receta_ingredientes.ingrediente_id
2024-10-28T22:56:24.782-03:00 DEBUG 17164 --- [seguridad-calidad-back] [           main] o.h.boot.model.internal.PropertyBinder   : Building property ingredienteId
2024-10-28T22:56:24.783-03:00 DEBUG 17164 --- [seguridad-calidad-back] [           main] o.h.boot.model.internal.BinderHelper     : #makeIdGenerator(BasicValue([Column(ingrediente_id)]), ingredienteId, foreign, Hibernate-local--foreign generator, ...)
2024-10-28T22:56:24.784-03:00 DEBUG 17164 --- [seguridad-calidad-back] [           main] o.h.boot.model.internal.AnnotatedColumn  : Binding column: AnnotatedColumn()
2024-10-28T22:56:24.784-03:00 DEBUG 17164 --- [seguridad-calidad-back] [           main] o.h.boot.model.internal.AnnotatedColumn  : Binding column: AnnotatedJoinColumn(column='receta_id')
2024-10-28T22:56:24.784-03:00 DEBUG 17164 --- [seguridad-calidad-back] [           main] o.h.boot.model.internal.PropertyBinder   : MetadataSourceProcessor property recetaId with lazy=false
2024-10-28T22:56:24.784-03:00 DEBUG 17164 --- [seguridad-calidad-back] [           main] o.h.b.m.internal.AbstractPropertyHolder  : Attempting to locate auto-apply AttributeConverter for property [com.seguridad.seguridad_calidad_back.model.RecetaIngrediente.id:recetaId]
2024-10-28T22:56:24.784-03:00 DEBUG 17164 --- [seguridad-calidad-back] [           main] o.h.b.model.internal.BasicValueBinder    : building BasicValue for recetaId
2024-10-28T22:56:24.784-03:00 DEBUG 17164 --- [seguridad-calidad-back] [           main] org.hibernate.mapping.BasicValue         : Skipping column re-registration: receta_ingredientes.receta_id
2024-10-28T22:56:24.784-03:00 DEBUG 17164 --- [seguridad-calidad-back] [           main] o.h.boot.model.internal.PropertyBinder   : Building property recetaId
2024-10-28T22:56:24.784-03:00 DEBUG 17164 --- [seguridad-calidad-back] [           main] o.h.boot.model.internal.BinderHelper     : #makeIdGenerator(BasicValue([Column(receta_id)]), recetaId, foreign, Hibernate-local--foreign generator, ...)
2024-10-28T22:56:24.786-03:00 DEBUG 17164 --- [seguridad-calidad-back] [           main] o.h.boot.model.internal.PropertyBinder   : Building property id
2024-10-28T22:56:24.786-03:00 DEBUG 17164 --- [seguridad-calidad-back] [           main] o.h.boot.model.internal.BinderHelper     : #makeIdGenerator(Component(com.seguridad.seguridad_calidad_back.model.RecetaIngredienteId), id, assigned, , ...)
2024-10-28T22:56:24.787-03:00 DEBUG 17164 --- [seguridad-calidad-back] [           main] o.h.boot.model.internal.AnnotatedColumn  : Binding column: AnnotatedJoinColumn(column='ingrediente_id')
2024-10-28T22:56:24.787-03:00 DEBUG 17164 --- [seguridad-calidad-back] [           main] o.h.boot.model.internal.AnnotatedColumn  : Binding column: AnnotatedColumn()
2024-10-28T22:56:24.791-03:00 DEBUG 17164 --- [seguridad-calidad-back] [           main] o.h.boot.model.internal.PropertyBinder   : Building property ingrediente
2024-10-28T22:56:24.791-03:00 DEBUG 17164 --- [seguridad-calidad-back] [           main] o.h.boot.model.internal.AnnotatedColumn  : Binding column: AnnotatedJoinColumn(column='receta_id')
2024-10-28T22:56:24.792-03:00 DEBUG 17164 --- [seguridad-calidad-back] [           main] o.h.boot.model.internal.AnnotatedColumn  : Binding column: AnnotatedColumn()
2024-10-28T22:56:24.792-03:00 DEBUG 17164 --- [seguridad-calidad-back] [           main] o.h.boot.model.internal.PropertyBinder   : Building property receta
2024-10-28T22:56:24.793-03:00 DEBUG 17164 --- [seguridad-calidad-back] [           main] o.h.b.r.c.i.ClassLoaderServiceImpl       : HHH000194: Package not found or no package-info.java: com.seguridad.seguridad_calidad_back.model
2024-10-28T22:56:24.795-03:00 DEBUG 17164 --- [seguridad-calidad-back] [           main] o.h.b.model.internal.BasicValueBinder    : Starting `BasicValueBinder#fillSimpleValue` for id
2024-10-28T22:56:24.796-03:00 DEBUG 17164 --- [seguridad-calidad-back] [           main] o.h.b.model.internal.BasicValueBinder    : Starting `BasicValueBinder#fillSimpleValue` for nombre
2024-10-28T22:56:24.796-03:00 DEBUG 17164 --- [seguridad-calidad-back] [           main] o.h.b.model.internal.BasicValueBinder    : Starting `BasicValueBinder#fillSimpleValue` for id
2024-10-28T22:56:24.796-03:00 DEBUG 17164 --- [seguridad-calidad-back] [           main] o.h.b.model.internal.BasicValueBinder    : Starting `BasicValueBinder#fillSimpleValue` for dificultadElaboracion
2024-10-28T22:56:24.797-03:00 DEBUG 17164 --- [seguridad-calidad-back] [           main] o.h.b.model.internal.BasicValueBinder    : Starting `BasicValueBinder#fillSimpleValue` for fechaCreacion
2024-10-28T22:56:24.797-03:00 DEBUG 17164 --- [seguridad-calidad-back] [           main] o.h.b.model.internal.BasicValueBinder    : Starting `BasicValueBinder#fillSimpleValue` for instruccionesPreparacion
2024-10-28T22:56:24.797-03:00 DEBUG 17164 --- [seguridad-calidad-back] [           main] o.h.b.model.internal.BasicValueBinder    : Starting `BasicValueBinder#fillSimpleValue` for nombre
2024-10-28T22:56:24.797-03:00 DEBUG 17164 --- [seguridad-calidad-back] [           main] o.h.b.model.internal.BasicValueBinder    : Starting `BasicValueBinder#fillSimpleValue` for paisDeOrigen
2024-10-28T22:56:24.797-03:00 DEBUG 17164 --- [seguridad-calidad-back] [           main] o.h.b.model.internal.BasicValueBinder    : Starting `BasicValueBinder#fillSimpleValue` for popularidad
2024-10-28T22:56:24.797-03:00 DEBUG 17164 --- [seguridad-calidad-back] [           main] o.h.b.model.internal.BasicValueBinder    : Starting `BasicValueBinder#fillSimpleValue` for tiempoCoccion
2024-10-28T22:56:24.797-03:00 DEBUG 17164 --- [seguridad-calidad-back] [           main] o.h.b.model.internal.BasicValueBinder    : Starting `BasicValueBinder#fillSimpleValue` for tipoDeCocina
2024-10-28T22:56:24.797-03:00 DEBUG 17164 --- [seguridad-calidad-back] [           main] o.h.b.model.internal.BasicValueBinder    : Starting `BasicValueBinder#fillSimpleValue` for urlImagen
2024-10-28T22:56:24.797-03:00 DEBUG 17164 --- [seguridad-calidad-back] [           main] o.h.b.model.internal.BasicValueBinder    : Starting `BasicValueBinder#fillSimpleValue` for ingredienteId
2024-10-28T22:56:24.797-03:00 DEBUG 17164 --- [seguridad-calidad-back] [           main] o.h.b.model.internal.BasicValueBinder    : Starting `BasicValueBinder#fillSimpleValue` for recetaId
2024-10-28T22:56:24.801-03:00 DEBUG 17164 --- [seguridad-calidad-back] [           main] org.hibernate.mapping.PrimaryKey         : Forcing column [id] to be non-null as it is part of the primary key for table [ingredientes]
2024-10-28T22:56:24.802-03:00 DEBUG 17164 --- [seguridad-calidad-back] [           main] org.hibernate.mapping.PrimaryKey         : Forcing column [id] to be non-null as it is part of the primary key for table [recetas]
2024-10-28T22:56:24.802-03:00 DEBUG 17164 --- [seguridad-calidad-back] [           main] org.hibernate.mapping.PrimaryKey         : Forcing column [ingrediente_id] to be non-null as it is part of the primary key for table [receta_ingredientes]
2024-10-28T22:56:24.802-03:00 DEBUG 17164 --- [seguridad-calidad-back] [           main] org.hibernate.mapping.PrimaryKey         : Forcing column [receta_id] to be non-null as it is part of the primary key for table [receta_ingredientes]
2024-10-28T22:56:24.802-03:00 DEBUG 17164 --- [seguridad-calidad-back] [           main] o.h.b.m.internal.CollectionSecondPass    : Second pass for collection: com.seguridad.seguridad_calidad_back.model.Ingrediente.recetaIngredientes
2024-10-28T22:56:24.804-03:00 DEBUG 17164 --- [seguridad-calidad-back] [           main] o.h.b.model.internal.CollectionBinder    : Binding a OneToMany: com.seguridad.seguridad_calidad_back.model.Ingrediente.recetaIngredientes through a foreign key
2024-10-28T22:56:24.805-03:00 DEBUG 17164 --- [seguridad-calidad-back] [           main] o.h.b.model.internal.CollectionBinder    : Mapping collection: com.seguridad.seguridad_calidad_back.model.Ingrediente.recetaIngredientes -> receta_ingredientes
2024-10-28T22:56:24.806-03:00 DEBUG 17164 --- [seguridad-calidad-back] [           main] o.h.boot.model.internal.TableBinder      : Retrieving property com.seguridad.seguridad_calidad_back.model.RecetaIngrediente.ingrediente
2024-10-28T22:56:24.807-03:00 DEBUG 17164 --- [seguridad-calidad-back] [           main] o.h.b.m.internal.CollectionSecondPass    : Mapped collection key: ingrediente_id, one-to-many: com.seguridad.seguridad_calidad_back.model.RecetaIngrediente
2024-10-28T22:56:24.807-03:00 DEBUG 17164 --- [seguridad-calidad-back] [           main] o.h.b.m.internal.CollectionSecondPass    : Second pass for collection: com.seguridad.seguridad_calidad_back.model.Receta.recetaIngredientes
2024-10-28T22:56:24.807-03:00 DEBUG 17164 --- [seguridad-calidad-back] [           main] o.h.b.model.internal.CollectionBinder    : Binding a OneToMany: com.seguridad.seguridad_calidad_back.model.Receta.recetaIngredientes through a foreign key
2024-10-28T22:56:24.807-03:00 DEBUG 17164 --- [seguridad-calidad-back] [           main] o.h.b.model.internal.CollectionBinder    : Mapping collection: com.seguridad.seguridad_calidad_back.model.Receta.recetaIngredientes -> receta_ingredientes
2024-10-28T22:56:24.807-03:00 DEBUG 17164 --- [seguridad-calidad-back] [           main] o.h.boot.model.internal.TableBinder      : Retrieving property com.seguridad.seguridad_calidad_back.model.RecetaIngrediente.receta
2024-10-28T22:56:24.807-03:00 DEBUG 17164 --- [seguridad-calidad-back] [           main] o.h.b.m.internal.CollectionSecondPass    : Mapped collection key: receta_id, one-to-many: com.seguridad.seguridad_calidad_back.model.RecetaIngrediente
2024-10-28T22:56:24.809-03:00 DEBUG 17164 --- [seguridad-calidad-back] [onnection adder] com.zaxxer.hikari.pool.HikariPool        : HikariPool-1 - After adding stats (total=5, active=0, idle=5, waiting=0)
2024-10-28T22:56:24.821-03:00 DEBUG 17164 --- [seguridad-calidad-back] [onnection adder] jdk.event.security                       : X509Certificate: Alg:SHA256withRSA, Serial:2, Subject:CN=MySQL_Server_9.1.0_Auto_Generated_Server_Certificate, Issuer:CN=MySQL_Server_9.1.0_Auto_Generated_CA_Certificate, Key type:RSA, Length:2048, Cert Id:2287201279, Valid from:28-10-24, 00:15, Valid until:26-10-34, 00:15
2024-10-28T22:56:24.822-03:00 DEBUG 17164 --- [seguridad-calidad-back] [onnection adder] jdk.event.security                       : X509Certificate: Alg:SHA256withRSA, Serial:1, Subject:CN=MySQL_Server_9.1.0_Auto_Generated_CA_Certificate, Issuer:CN=MySQL_Server_9.1.0_Auto_Generated_CA_Certificate, Key type:RSA, Length:2048, Cert Id:1007117164, Valid from:28-10-24, 00:15, Valid until:26-10-34, 00:15
2024-10-28T22:56:24.825-03:00 DEBUG 17164 --- [seguridad-calidad-back] [onnection adder] jdk.event.security                       :  TLSHandshake: localhost:3306, TLSv1.3, TLS_AES_256_GCM_SHA384, 2287201279
2024-10-28T22:56:24.838-03:00 DEBUG 17164 --- [seguridad-calidad-back] [onnection adder] com.zaxxer.hikari.pool.HikariPool        : HikariPool-1 - Added connection com.mysql.cj.jdbc.ConnectionImpl@2bd82698
2024-10-28T22:56:24.871-03:00 DEBUG 17164 --- [seguridad-calidad-back] [onnection adder] com.zaxxer.hikari.pool.HikariPool        : HikariPool-1 - After adding stats (total=6, active=0, idle=6, waiting=0)
2024-10-28T22:56:24.883-03:00 DEBUG 17164 --- [seguridad-calidad-back] [onnection adder] jdk.event.security                       : X509Certificate: Alg:SHA256withRSA, Serial:2, Subject:CN=MySQL_Server_9.1.0_Auto_Generated_Server_Certificate, Issuer:CN=MySQL_Server_9.1.0_Auto_Generated_CA_Certificate, Key type:RSA, Length:2048, Cert Id:2287201279, Valid from:28-10-24, 00:15, Valid until:26-10-34, 00:15
2024-10-28T22:56:24.883-03:00 DEBUG 17164 --- [seguridad-calidad-back] [onnection adder] jdk.event.security                       : X509Certificate: Alg:SHA256withRSA, Serial:1, Subject:CN=MySQL_Server_9.1.0_Auto_Generated_CA_Certificate, Issuer:CN=MySQL_Server_9.1.0_Auto_Generated_CA_Certificate, Key type:RSA, Length:2048, Cert Id:1007117164, Valid from:28-10-24, 00:15, Valid until:26-10-34, 00:15
2024-10-28T22:56:24.886-03:00 DEBUG 17164 --- [seguridad-calidad-back] [onnection adder] jdk.event.security                       :  TLSHandshake: localhost:3306, TLSv1.3, TLS_AES_256_GCM_SHA384, 2287201279
2024-10-28T22:56:24.891-03:00 DEBUG 17164 --- [seguridad-calidad-back] [           main] o.hibernate.internal.SessionFactoryImpl  : Building session factory
2024-10-28T22:56:24.896-03:00 DEBUG 17164 --- [seguridad-calidad-back] [onnection adder] com.zaxxer.hikari.pool.HikariPool        : HikariPool-1 - Added connection com.mysql.cj.jdbc.ConnectionImpl@44ccc51c
2024-10-28T22:56:24.931-03:00 DEBUG 17164 --- [seguridad-calidad-back] [           main] .h.s.i.SessionFactoryServiceRegistryImpl : EventListenerRegistry access via ServiceRegistry is deprecated.  Use `sessionFactory.getEventEngine().getListenerRegistry()` instead
2024-10-28T22:56:24.931-03:00 DEBUG 17164 --- [seguridad-calidad-back] [           main] o.hibernate.internal.SessionFactoryImpl  : Instantiating SessionFactory with settings: {java.specification.version=21, sun.cpu.isalist=amd64, hibernate.resource.beans.container=org.springframework.orm.hibernate5.SpringBeanContainer@4dffff9, hibernate.connection.handling_mode=DELAYED_ACQUISITION_AND_HOLD, sun.jnu.encoding=Cp1252, hibernate.dialect=org.hibernate.dialect.MySQLDialect, hibernate.implicit_naming_strategy=org.springframework.boot.orm.jpa.hibernate.SpringImplicitNamingStrategy, java.class.path=H:\Duoc\SEGURIDAD Y CALIDAD EN EL DESARROLLO DE SOFTWARE\S2\seguridad-calidad-back\target\test-classes;H:\Duoc\SEGURIDAD Y CALIDAD EN EL DESARROLLO DE SOFTWARE\S2\seguridad-calidad-back\target\classes;C:\Users\jorgs\.m2\repository\org\springframework\boot\spring-boot-starter-data-jpa\3.3.5\spring-boot-starter-data-jpa-3.3.5.jar;C:\Users\jorgs\.m2\repository\org\springframework\boot\spring-boot-starter-aop\3.3.5\spring-boot-starter-aop-3.3.5.jar;C:\Users\jorgs\.m2\repository\org\springframework\spring-aop\6.1.14\spring-aop-6.1.14.jar;C:\Users\jorgs\.m2\repository\org\aspectj\aspectjweaver\1.9.22.1\aspectjweaver-1.9.22.1.jar;C:\Users\jorgs\.m2\repository\org\springframework\boot\spring-boot-starter-jdbc\3.3.5\spring-boot-starter-jdbc-3.3.5.jar;C:\Users\jorgs\.m2\repository\com\zaxxer\HikariCP\5.1.0\HikariCP-5.1.0.jar;C:\Users\jorgs\.m2\repository\org\springframework\spring-jdbc\6.1.14\spring-jdbc-6.1.14.jar;C:\Users\jorgs\.m2\repository\org\hibernate\orm\hibernate-core\6.5.3.Final\hibernate-core-6.5.3.Final.jar;C:\Users\jorgs\.m2\repository\jakarta\persistence\jakarta.persistence-api\3.1.0\jakarta.persistence-api-3.1.0.jar;C:\Users\jorgs\.m2\repository\jakarta\transaction\jakarta.transaction-api\2.0.1\jakarta.transaction-api-2.0.1.jar;C:\Users\jorgs\.m2\repository\org\jboss\logging\jboss-logging\3.5.3.Final\jboss-logging-3.5.3.Final.jar;C:\Users\jorgs\.m2\repository\org\hibernate\common\hibernate-commons-annotations\6.0.6.Final\hibernate-commons-annotations-6.0.6.Final.jar;C:\Users\jorgs\.m2\repository\io\smallrye\jandex\3.1.2\jandex-3.1.2.jar;C:\Users\jorgs\.m2\repository\com\fasterxml\classmate\1.7.0\classmate-1.7.0.jar;C:\Users\jorgs\.m2\repository\net\bytebuddy\byte-buddy\1.14.19\byte-buddy-1.14.19.jar;C:\Users\jorgs\.m2\repository\org\glassfish\jaxb\jaxb-runtime\4.0.5\jaxb-runtime-4.0.5.jar;C:\Users\jorgs\.m2\repository\org\glassfish\jaxb\jaxb-core\4.0.5\jaxb-core-4.0.5.jar;C:\Users\jorgs\.m2\repository\org\eclipse\angus\angus-activation\2.0.2\angus-activation-2.0.2.jar;C:\Users\jorgs\.m2\repository\org\glassfish\jaxb\txw2\4.0.5\txw2-4.0.5.jar;C:\Users\jorgs\.m2\repository\com\sun\istack\istack-commons-runtime\4.1.2\istack-commons-runtime-4.1.2.jar;C:\Users\jorgs\.m2\repository\jakarta\inject\jakarta.inject-api\2.0.1\jakarta.inject-api-2.0.1.jar;C:\Users\jorgs\.m2\repository\org\antlr\antlr4-runtime\4.13.0\antlr4-runtime-4.13.0.jar;C:\Users\jorgs\.m2\repository\org\springframework\data\spring-data-jpa\3.3.5\spring-data-jpa-3.3.5.jar;C:\Users\jorgs\.m2\repository\org\springframework\data\spring-data-commons\3.3.5\spring-data-commons-3.3.5.jar;C:\Users\jorgs\.m2\repository\org\springframework\spring-orm\6.1.14\spring-orm-6.1.14.jar;C:\Users\jorgs\.m2\repository\org\springframework\spring-context\6.1.14\spring-context-6.1.14.jar;C:\Users\jorgs\.m2\repository\org\springframework\spring-tx\6.1.14\spring-tx-6.1.14.jar;C:\Users\jorgs\.m2\repository\org\springframework\spring-beans\6.1.14\spring-beans-6.1.14.jar;C:\Users\jorgs\.m2\repository\jakarta\annotation\jakarta.annotation-api\2.1.1\jakarta.annotation-api-2.1.1.jar;C:\Users\jorgs\.m2\repository\org\slf4j\slf4j-api\2.0.16\slf4j-api-2.0.16.jar;C:\Users\jorgs\.m2\repository\org\springframework\spring-aspects\6.1.14\spring-aspects-6.1.14.jar;C:\Users\jorgs\.m2\repository\com\mysql\mysql-connector-j\8.3.0\mysql-connector-j-8.3.0.jar;C:\Users\jorgs\.m2\repository\org\springframework\boot\spring-boot-starter-test\3.3.5\spring-boot-starter-test-3.3.5.jar;C:\Users\jorgs\.m2\repository\org\springframework\boot\spring-boot-starter\3.3.5\spring-boot-starter-3.3.5.jar;C:\Users\jorgs\.m2\repository\org\springframework\boot\spring-boot\3.3.5\spring-boot-3.3.5.jar;C:\Users\jorgs\.m2\repository\org\springframework\boot\spring-boot-autoconfigure\3.3.5\spring-boot-autoconfigure-3.3.5.jar;C:\Users\jorgs\.m2\repository\org\springframework\boot\spring-boot-starter-logging\3.3.5\spring-boot-starter-logging-3.3.5.jar;C:\Users\jorgs\.m2\repository\ch\qos\logback\logback-classic\1.5.11\logback-classic-1.5.11.jar;C:\Users\jorgs\.m2\repository\ch\qos\logback\logback-core\1.5.11\logback-core-1.5.11.jar;C:\Users\jorgs\.m2\repository\org\apache\logging\log4j\log4j-to-slf4j\2.23.1\log4j-to-slf4j-2.23.1.jar;C:\Users\jorgs\.m2\repository\org\apache\logging\log4j\log4j-api\2.23.1\log4j-api-2.23.1.jar;C:\Users\jorgs\.m2\repository\org\slf4j\jul-to-slf4j\2.0.16\jul-to-slf4j-2.0.16.jar;C:\Users\jorgs\.m2\repository\org\yaml\snakeyaml\2.2\snakeyaml-2.2.jar;C:\Users\jorgs\.m2\repository\org\springframework\boot\spring-boot-test\3.3.5\spring-boot-test-3.3.5.jar;C:\Users\jorgs\.m2\repository\org\springframework\boot\spring-boot-test-autoconfigure\3.3.5\spring-boot-test-autoconfigure-3.3.5.jar;C:\Users\jorgs\.m2\repository\com\jayway\jsonpath\json-path\2.9.0\json-path-2.9.0.jar;C:\Users\jorgs\.m2\repository\jakarta\xml\bind\jakarta.xml.bind-api\4.0.2\jakarta.xml.bind-api-4.0.2.jar;C:\Users\jorgs\.m2\repository\jakarta\activation\jakarta.activation-api\2.1.3\jakarta.activation-api-2.1.3.jar;C:\Users\jorgs\.m2\repository\net\minidev\json-smart\2.5.1\json-smart-2.5.1.jar;C:\Users\jorgs\.m2\repository\net\minidev\accessors-smart\2.5.1\accessors-smart-2.5.1.jar;C:\Users\jorgs\.m2\repository\org\ow2\asm\asm\9.6\asm-9.6.jar;C:\Users\jorgs\.m2\repository\org\assertj\assertj-core\3.25.3\assertj-core-3.25.3.jar;C:\Users\jorgs\.m2\repository\org\awaitility\awaitility\4.2.2\awaitility-4.2.2.jar;C:\Users\jorgs\.m2\repository\org\hamcrest\hamcrest\2.2\hamcrest-2.2.jar;C:\Users\jorgs\.m2\repository\org\junit\jupiter\junit-jupiter\5.10.5\junit-jupiter-5.10.5.jar;C:\Users\jorgs\.m2\repository\org\junit\jupiter\junit-jupiter-api\5.10.5\junit-jupiter-api-5.10.5.jar;C:\Users\jorgs\.m2\repository\org\opentest4j\opentest4j\1.3.0\opentest4j-1.3.0.jar;C:\Users\jorgs\.m2\repository\org\junit\platform\junit-platform-commons\1.10.5\junit-platform-commons-1.10.5.jar;C:\Users\jorgs\.m2\repository\org\apiguardian\apiguardian-api\1.1.2\apiguardian-api-1.1.2.jar;C:\Users\jorgs\.m2\repository\org\junit\jupiter\junit-jupiter-params\5.10.5\junit-jupiter-params-5.10.5.jar;C:\Users\jorgs\.m2\repository\org\junit\jupiter\junit-jupiter-engine\5.10.5\junit-jupiter-engine-5.10.5.jar;C:\Users\jorgs\.m2\repository\org\junit\platform\junit-platform-engine\1.10.5\junit-platform-engine-1.10.5.jar;C:\Users\jorgs\.m2\repository\org\mockito\mockito-core\5.11.0\mockito-core-5.11.0.jar;C:\Users\jorgs\.m2\repository\net\bytebuddy\byte-buddy-agent\1.14.19\byte-buddy-agent-1.14.19.jar;C:\Users\jorgs\.m2\repository\org\objenesis\objenesis\3.3\objenesis-3.3.jar;C:\Users\jorgs\.m2\repository\org\mockito\mockito-junit-jupiter\5.11.0\mockito-junit-jupiter-5.11.0.jar;C:\Users\jorgs\.m2\repository\org\skyscreamer\jsonassert\1.5.3\jsonassert-1.5.3.jar;C:\Users\jorgs\.m2\repository\com\vaadin\external\google\android-json\0.0.20131108.vaadin1\android-json-0.0.20131108.vaadin1.jar;C:\Users\jorgs\.m2\repository\org\springframework\spring-core\6.1.14\spring-core-6.1.14.jar;C:\Users\jorgs\.m2\repository\org\springframework\spring-jcl\6.1.14\spring-jcl-6.1.14.jar;C:\Users\jorgs\.m2\repository\org\springframework\spring-test\6.1.14\spring-test-6.1.14.jar;C:\Users\jorgs\.m2\repository\org\xmlunit\xmlunit-core\2.9.1\xmlunit-core-2.9.1.jar;C:\Users\jorgs\.m2\repository\io\jsonwebtoken\jjwt-api\0.12.5\jjwt-api-0.12.5.jar;C:\Users\jorgs\.m2\repository\io\jsonwebtoken\jjwt-impl\0.12.5\jjwt-impl-0.12.5.jar;C:\Users\jorgs\.m2\repository\io\jsonwebtoken\jjwt-jackson\0.12.5\jjwt-jackson-0.12.5.jar;C:\Users\jorgs\.m2\repository\com\fasterxml\jackson\core\jackson-databind\2.17.2\jackson-databind-2.17.2.jar;C:\Users\jorgs\.m2\repository\com\fasterxml\jackson\core\jackson-annotations\2.17.2\jackson-annotations-2.17.2.jar;C:\Users\jorgs\.m2\repository\com\fasterxml\jackson\core\jackson-core\2.17.2\jackson-core-2.17.2.jar;C:\Users\jorgs\.m2\repository\org\springframework\boot\spring-boot-starter-web\3.3.5\spring-boot-starter-web-3.3.5.jar;C:\Users\jorgs\.m2\repository\org\springframework\boot\spring-boot-starter-json\3.3.5\spring-boot-starter-json-3.3.5.jar;C:\Users\jorgs\.m2\repository\com\fasterxml\jackson\datatype\jackson-datatype-jdk8\2.17.2\jackson-datatype-jdk8-2.17.2.jar;C:\Users\jorgs\.m2\repository\com\fasterxml\jackson\datatype\jackson-datatype-jsr310\2.17.2\jackson-datatype-jsr310-2.17.2.jar;C:\Users\jorgs\.m2\repository\com\fasterxml\jackson\module\jackson-module-parameter-names\2.17.2\jackson-module-parameter-names-2.17.2.jar;C:\Users\jorgs\.m2\repository\org\springframework\boot\spring-boot-starter-tomcat\3.3.5\spring-boot-starter-tomcat-3.3.5.jar;C:\Users\jorgs\.m2\repository\org\apache\tomcat\embed\tomcat-embed-core\10.1.31\tomcat-embed-core-10.1.31.jar;C:\Users\jorgs\.m2\repository\org\apache\tomcat\embed\tomcat-embed-el\10.1.31\tomcat-embed-el-10.1.31.jar;C:\Users\jorgs\.m2\repository\org\apache\tomcat\embed\tomcat-embed-websocket\10.1.31\tomcat-embed-websocket-10.1.31.jar;C:\Users\jorgs\.m2\repository\org\springframework\spring-web\6.1.14\spring-web-6.1.14.jar;C:\Users\jorgs\.m2\repository\io\micrometer\micrometer-observation\1.13.6\micrometer-observation-1.13.6.jar;C:\Users\jorgs\.m2\repository\io\micrometer\micrometer-commons\1.13.6\micrometer-commons-1.13.6.jar;C:\Users\jorgs\.m2\repository\org\springframework\spring-webmvc\6.1.14\spring-webmvc-6.1.14.jar;C:\Users\jorgs\.m2\repository\org\springframework\spring-expression\6.1.14\spring-expression-6.1.14.jar;, java.vm.vendor=Oracle Corporation, sun.arch.data.model=64, user.variant=, java.vendor.url=https://java.oracle.com/, user.timezone=America/Santiago, jakarta.persistence.sharedCache.mode=UNSPECIFIED, org.jboss.logging.provider=slf4j, java.vm.specification.version=21, os.name=Windows 10, jakarta.persistence.nonJtaDataSource=HikariDataSource (HikariPool-1), sun.java.launcher=SUN_STANDARD, user.country=CL, sun.boot.library.path=C:\Program Files\Java\jdk-21\bin, sun.java.command=C:\Users\jorgs\AppData\Local\Temp\surefire85044866688407535\surefirebooter-20241028225620018_3.jar C:\Users\jorgs\AppData\Local\Temp\surefire85044866688407535 2024-10-28T22-56-19_848-jvmRun1 surefire-20241028225620018_1tmp surefire_0-20241028225620018_2tmp, javax.persistence.nonJtaDataSource=HikariDataSource (HikariPool-1), hibernate.transaction.jta.platform=org.hibernate.engine.transaction.jta.platform.internal.NoJtaPlatform@2904bc56, jdk.debug=release, surefire.test.class.path=H:\Duoc\SEGURIDAD Y CALIDAD EN EL DESARROLLO DE SOFTWARE\S2\seguridad-calidad-back\target\test-classes;H:\Duoc\SEGURIDAD Y CALIDAD EN EL DESARROLLO DE SOFTWARE\S2\seguridad-calidad-back\target\classes;C:\Users\jorgs\.m2\repository\org\springframework\boot\spring-boot-starter-data-jpa\3.3.5\spring-boot-starter-data-jpa-3.3.5.jar;C:\Users\jorgs\.m2\repository\org\springframework\boot\spring-boot-starter-aop\3.3.5\spring-boot-starter-aop-3.3.5.jar;C:\Users\jorgs\.m2\repository\org\springframework\spring-aop\6.1.14\spring-aop-6.1.14.jar;C:\Users\jorgs\.m2\repository\org\aspectj\aspectjweaver\1.9.22.1\aspectjweaver-1.9.22.1.jar;C:\Users\jorgs\.m2\repository\org\springframework\boot\spring-boot-starter-jdbc\3.3.5\spring-boot-starter-jdbc-3.3.5.jar;C:\Users\jorgs\.m2\repository\com\zaxxer\HikariCP\5.1.0\HikariCP-5.1.0.jar;C:\Users\jorgs\.m2\repository\org\springframework\spring-jdbc\6.1.14\spring-jdbc-6.1.14.jar;C:\Users\jorgs\.m2\repository\org\hibernate\orm\hibernate-core\6.5.3.Final\hibernate-core-6.5.3.Final.jar;C:\Users\jorgs\.m2\repository\jakarta\persistence\jakarta.persistence-api\3.1.0\jakarta.persistence-api-3.1.0.jar;C:\Users\jorgs\.m2\repository\jakarta\transaction\jakarta.transaction-api\2.0.1\jakarta.transaction-api-2.0.1.jar;C:\Users\jorgs\.m2\repository\org\jboss\logging\jboss-logging\3.5.3.Final\jboss-logging-3.5.3.Final.jar;C:\Users\jorgs\.m2\repository\org\hibernate\common\hibernate-commons-annotations\6.0.6.Final\hibernate-commons-annotations-6.0.6.Final.jar;C:\Users\jorgs\.m2\repository\io\smallrye\jandex\3.1.2\jandex-3.1.2.jar;C:\Users\jorgs\.m2\repository\com\fasterxml\classmate\1.7.0\classmate-1.7.0.jar;C:\Users\jorgs\.m2\repository\net\bytebuddy\byte-buddy\1.14.19\byte-buddy-1.14.19.jar;C:\Users\jorgs\.m2\repository\org\glassfish\jaxb\jaxb-runtime\4.0.5\jaxb-runtime-4.0.5.jar;C:\Users\jorgs\.m2\repository\org\glassfish\jaxb\jaxb-core\4.0.5\jaxb-core-4.0.5.jar;C:\Users\jorgs\.m2\repository\org\eclipse\angus\angus-activation\2.0.2\angus-activation-2.0.2.jar;C:\Users\jorgs\.m2\repository\org\glassfish\jaxb\txw2\4.0.5\txw2-4.0.5.jar;C:\Users\jorgs\.m2\repository\com\sun\istack\istack-commons-runtime\4.1.2\istack-commons-runtime-4.1.2.jar;C:\Users\jorgs\.m2\repository\jakarta\inject\jakarta.inject-api\2.0.1\jakarta.inject-api-2.0.1.jar;C:\Users\jorgs\.m2\repository\org\antlr\antlr4-runtime\4.13.0\antlr4-runtime-4.13.0.jar;C:\Users\jorgs\.m2\repository\org\springframework\data\spring-data-jpa\3.3.5\spring-data-jpa-3.3.5.jar;C:\Users\jorgs\.m2\repository\org\springframework\data\spring-data-commons\3.3.5\spring-data-commons-3.3.5.jar;C:\Users\jorgs\.m2\repository\org\springframework\spring-orm\6.1.14\spring-orm-6.1.14.jar;C:\Users\jorgs\.m2\repository\org\springframework\spring-context\6.1.14\spring-context-6.1.14.jar;C:\Users\jorgs\.m2\repository\org\springframework\spring-tx\6.1.14\spring-tx-6.1.14.jar;C:\Users\jorgs\.m2\repository\org\springframework\spring-beans\6.1.14\spring-beans-6.1.14.jar;C:\Users\jorgs\.m2\repository\jakarta\annotation\jakarta.annotation-api\2.1.1\jakarta.annotation-api-2.1.1.jar;C:\Users\jorgs\.m2\repository\org\slf4j\slf4j-api\2.0.16\slf4j-api-2.0.16.jar;C:\Users\jorgs\.m2\repository\org\springframework\spring-aspects\6.1.14\spring-aspects-6.1.14.jar;C:\Users\jorgs\.m2\repository\com\mysql\mysql-connector-j\8.3.0\mysql-connector-j-8.3.0.jar;C:\Users\jorgs\.m2\repository\org\springframework\boot\spring-boot-starter-test\3.3.5\spring-boot-starter-test-3.3.5.jar;C:\Users\jorgs\.m2\repository\org\springframework\boot\spring-boot-starter\3.3.5\spring-boot-starter-3.3.5.jar;C:\Users\jorgs\.m2\repository\org\springframework\boot\spring-boot\3.3.5\spring-boot-3.3.5.jar;C:\Users\jorgs\.m2\repository\org\springframework\boot\spring-boot-autoconfigure\3.3.5\spring-boot-autoconfigure-3.3.5.jar;C:\Users\jorgs\.m2\repository\org\springframework\boot\spring-boot-starter-logging\3.3.5\spring-boot-starter-logging-3.3.5.jar;C:\Users\jorgs\.m2\repository\ch\qos\logback\logback-classic\1.5.11\logback-classic-1.5.11.jar;C:\Users\jorgs\.m2\repository\ch\qos\logback\logback-core\1.5.11\logback-core-1.5.11.jar;C:\Users\jorgs\.m2\repository\org\apache\logging\log4j\log4j-to-slf4j\2.23.1\log4j-to-slf4j-2.23.1.jar;C:\Users\jorgs\.m2\repository\org\apache\logging\log4j\log4j-api\2.23.1\log4j-api-2.23.1.jar;C:\Users\jorgs\.m2\repository\org\slf4j\jul-to-slf4j\2.0.16\jul-to-slf4j-2.0.16.jar;C:\Users\jorgs\.m2\repository\org\yaml\snakeyaml\2.2\snakeyaml-2.2.jar;C:\Users\jorgs\.m2\repository\org\springframework\boot\spring-boot-test\3.3.5\spring-boot-test-3.3.5.jar;C:\Users\jorgs\.m2\repository\org\springframework\boot\spring-boot-test-autoconfigure\3.3.5\spring-boot-test-autoconfigure-3.3.5.jar;C:\Users\jorgs\.m2\repository\com\jayway\jsonpath\json-path\2.9.0\json-path-2.9.0.jar;C:\Users\jorgs\.m2\repository\jakarta\xml\bind\jakarta.xml.bind-api\4.0.2\jakarta.xml.bind-api-4.0.2.jar;C:\Users\jorgs\.m2\repository\jakarta\activation\jakarta.activation-api\2.1.3\jakarta.activation-api-2.1.3.jar;C:\Users\jorgs\.m2\repository\net\minidev\json-smart\2.5.1\json-smart-2.5.1.jar;C:\Users\jorgs\.m2\repository\net\minidev\accessors-smart\2.5.1\accessors-smart-2.5.1.jar;C:\Users\jorgs\.m2\repository\org\ow2\asm\asm\9.6\asm-9.6.jar;C:\Users\jorgs\.m2\repository\org\assertj\assertj-core\3.25.3\assertj-core-3.25.3.jar;C:\Users\jorgs\.m2\repository\org\awaitility\awaitility\4.2.2\awaitility-4.2.2.jar;C:\Users\jorgs\.m2\repository\org\hamcrest\hamcrest\2.2\hamcrest-2.2.jar;C:\Users\jorgs\.m2\repository\org\junit\jupiter\junit-jupiter\5.10.5\junit-jupiter-5.10.5.jar;C:\Users\jorgs\.m2\repository\org\junit\jupiter\junit-jupiter-api\5.10.5\junit-jupiter-api-5.10.5.jar;C:\Users\jorgs\.m2\repository\org\opentest4j\opentest4j\1.3.0\opentest4j-1.3.0.jar;C:\Users\jorgs\.m2\repository\org\junit\platform\junit-platform-commons\1.10.5\junit-platform-commons-1.10.5.jar;C:\Users\jorgs\.m2\repository\org\apiguardian\apiguardian-api\1.1.2\apiguardian-api-1.1.2.jar;C:\Users\jorgs\.m2\repository\org\junit\jupiter\junit-jupiter-params\5.10.5\junit-jupiter-params-5.10.5.jar;C:\Users\jorgs\.m2\repository\org\junit\jupiter\junit-jupiter-engine\5.10.5\junit-jupiter-engine-5.10.5.jar;C:\Users\jorgs\.m2\repository\org\junit\platform\junit-platform-engine\1.10.5\junit-platform-engine-1.10.5.jar;C:\Users\jorgs\.m2\repository\org\mockito\mockito-core\5.11.0\mockito-core-5.11.0.jar;C:\Users\jorgs\.m2\repository\net\bytebuddy\byte-buddy-agent\1.14.19\byte-buddy-agent-1.14.19.jar;C:\Users\jorgs\.m2\repository\org\objenesis\objenesis\3.3\objenesis-3.3.jar;C:\Users\jorgs\.m2\repository\org\mockito\mockito-junit-jupiter\5.11.0\mockito-junit-jupiter-5.11.0.jar;C:\Users\jorgs\.m2\repository\org\skyscreamer\jsonassert\1.5.3\jsonassert-1.5.3.jar;C:\Users\jorgs\.m2\repository\com\vaadin\external\google\android-json\0.0.20131108.vaadin1\android-json-0.0.20131108.vaadin1.jar;C:\Users\jorgs\.m2\repository\org\springframework\spring-core\6.1.14\spring-core-6.1.14.jar;C:\Users\jorgs\.m2\repository\org\springframework\spring-jcl\6.1.14\spring-jcl-6.1.14.jar;C:\Users\jorgs\.m2\repository\org\springframework\spring-test\6.1.14\spring-test-6.1.14.jar;C:\Users\jorgs\.m2\repository\org\xmlunit\xmlunit-core\2.9.1\xmlunit-core-2.9.1.jar;C:\Users\jorgs\.m2\repository\io\jsonwebtoken\jjwt-api\0.12.5\jjwt-api-0.12.5.jar;C:\Users\jorgs\.m2\repository\io\jsonwebtoken\jjwt-impl\0.12.5\jjwt-impl-0.12.5.jar;C:\Users\jorgs\.m2\repository\io\jsonwebtoken\jjwt-jackson\0.12.5\jjwt-jackson-0.12.5.jar;C:\Users\jorgs\.m2\repository\com\fasterxml\jackson\core\jackson-databind\2.17.2\jackson-databind-2.17.2.jar;C:\Users\jorgs\.m2\repository\com\fasterxml\jackson\core\jackson-annotations\2.17.2\jackson-annotations-2.17.2.jar;C:\Users\jorgs\.m2\repository\com\fasterxml\jackson\core\jackson-core\2.17.2\jackson-core-2.17.2.jar;C:\Users\jorgs\.m2\repository\org\springframework\boot\spring-boot-starter-web\3.3.5\spring-boot-starter-web-3.3.5.jar;C:\Users\jorgs\.m2\repository\org\springframework\boot\spring-boot-starter-json\3.3.5\spring-boot-starter-json-3.3.5.jar;C:\Users\jorgs\.m2\repository\com\fasterxml\jackson\datatype\jackson-datatype-jdk8\2.17.2\jackson-datatype-jdk8-2.17.2.jar;C:\Users\jorgs\.m2\repository\com\fasterxml\jackson\datatype\jackson-datatype-jsr310\2.17.2\jackson-datatype-jsr310-2.17.2.jar;C:\Users\jorgs\.m2\repository\com\fasterxml\jackson\module\jackson-module-parameter-names\2.17.2\jackson-module-parameter-names-2.17.2.jar;C:\Users\jorgs\.m2\repository\org\springframework\boot\spring-boot-starter-tomcat\3.3.5\spring-boot-starter-tomcat-3.3.5.jar;C:\Users\jorgs\.m2\repository\org\apache\tomcat\embed\tomcat-embed-core\10.1.31\tomcat-embed-core-10.1.31.jar;C:\Users\jorgs\.m2\repository\org\apache\tomcat\embed\tomcat-embed-el\10.1.31\tomcat-embed-el-10.1.31.jar;C:\Users\jorgs\.m2\repository\org\apache\tomcat\embed\tomcat-embed-websocket\10.1.31\tomcat-embed-websocket-10.1.31.jar;C:\Users\jorgs\.m2\repository\org\springframework\spring-web\6.1.14\spring-web-6.1.14.jar;C:\Users\jorgs\.m2\repository\io\micrometer\micrometer-observation\1.13.6\micrometer-observation-1.13.6.jar;C:\Users\jorgs\.m2\repository\io\micrometer\micrometer-commons\1.13.6\micrometer-commons-1.13.6.jar;C:\Users\jorgs\.m2\repository\org\springframework\spring-webmvc\6.1.14\spring-webmvc-6.1.14.jar;C:\Users\jorgs\.m2\repository\org\springframework\spring-expression\6.1.14\spring-expression-6.1.14.jar;, sun.cpu.endian=little, hibernate.cdi.extensions=true, user.home=C:\Users\jorgs, user.language=es, java.specification.vendor=Oracle Corporation, java.version.date=2024-01-16, java.home=C:\Program Files\Java\jdk-21, file.separator=\, basedir=H:\Duoc\SEGURIDAD Y CALIDAD EN EL DESARROLLO DE SOFTWARE\S2\seguridad-calidad-back, java.vm.compressedOopsMode=Zero based, line.separator=
, hibernate.persistenceUnitName=default, java.vm.specification.vendor=Oracle Corporation, java.specification.name=Java Platform API Specification, FILE_LOG_CHARSET=UTF-8, hibernate.transaction.coordinator_class=class org.hibernate.resource.transaction.backend.jdbc.internal.JdbcResourceLocalTransactionCoordinatorBuilderImpl, java.awt.headless=true, surefire.real.class.path=C:\Users\jorgs\AppData\Local\Temp\surefire85044866688407535\surefirebooter-20241028225620018_3.jar, jakarta.persistence.validation.mode=AUTO, hibernate.hbm2ddl.auto=update, user.script=, sun.management.compiler=HotSpot 64-Bit Tiered Compilers, java.runtime.version=21.0.2+13-LTS-58, user.name=jorgs, stdout.encoding=Cp1252, path.separator=;, os.version=10.0, java.runtime.name=Java(TM) SE Runtime Environment, file.encoding=UTF-8, java.vm.name=Java HotSpot(TM) 64-Bit Server VM, localRepository=C:\Users\jorgs\.m2\repository, java.vendor.url.bug=https://bugreport.java.com/bugreport/, java.io.tmpdir=C:\Users\jorgs\AppData\Local\Temp\, java.version=21.0.2, hibernate.physical_naming_strategy=org.hibernate.boot.model.naming.CamelCaseToUnderscoresNamingStrategy, user.dir=H:\Duoc\SEGURIDAD Y CALIDAD EN EL DESARROLLO DE SOFTWARE\S2\seguridad-calidad-back, os.arch=amd64, java.vm.specification.name=Java Virtual Machine Specification, PID=17164, sun.os.patch.level=, CONSOLE_LOG_CHARSET=UTF-8, hibernate.boot.CfgXmlAccessService.key=org.hibernate.boot.registry.StandardServiceRegistryBuilder$1@7bb25046, native.encoding=Cp1252, java.library.path=C:\Program Files\Java\jdk-21\bin;C:\windows\Sun\Java\bin;C:\windows\system32;C:\windows;C:\Program Files\Common Files\Oracle\Java\javapath;C:\Python310\Scripts\;C:\Python310\;C:\Program Files\Zulu\zulu-16\bin\;C:\Program Files (x86)\Common Files\Oracle\Java\javapath;C:\ProgramData\Oracle\Java\javapath;C:\windows\system32;C:\windows;C:\windows\System32\Wbem;C:\windows\System32\WindowsPowerShell\v1.0\;C:\windows\System32\OpenSSH\;C:\Program Files (x86)\NVIDIA Corporation\PhysX\Common;C:\Program Files\NVIDIA Corporation\NVIDIA NvDLISR;C:\Program Files\Microsoft SQL Server\130\Tools\Binn\;C:\Program Files\PuTTY\;C:\ProgramData\chocolatey\bin;C:\Program Files\Amazon\AWSCLIV2\;C:\Program Files\Docker\Docker\resources\bin;C:\Program Files\Git\cmd;C:\xampp\php;C:\ProgramData\ComposerSetup\bin;C:\Program Files\Java\jdk-21;C:\Program Files\HP\HP One Agent;C:\Program Files\Maven\apache-maven-3.9.6\bin;G:\nodejs\;C:\Users\jorgs\AppData\Local\Programs\Python\Python311\Scripts\;C:\Users\jorgs\AppData\Local\Programs\Python\Python311\;C:\Users\jorgs\AppData\Local\Microsoft\WindowsApps;C:\Users\jorgs\AppData\Local\Programs\Microsoft VS Code\bin;C:\Users\jorgs\AppData\Roaming\Composer\vendor\bin;C:\Users\jorgs\AppData\Roaming\npm;., stderr.encoding=Cp1252, java.vendor=Oracle Corporation, java.vm.info=mixed mode, sharing, java.vm.version=21.0.2+13-LTS-58, sun.io.unicode.encoding=UnicodeLittle, hibernate.archive.scanner=org.hibernate.boot.archive.scan.internal.DisabledScanner, hibernate.connection.datasource=HikariDataSource (HikariPool-1), java.class.version=65.0, LOGGED_APPLICATION_NAME=[seguridad-calidad-back] }
2024-10-28T22:56:24.933-03:00 DEBUG 17164 --- [seguridad-calidad-back] [onnection adder] com.zaxxer.hikari.pool.HikariPool        : HikariPool-1 - After adding stats (total=7, active=0, idle=7, waiting=0)
2024-10-28T22:56:24.940-03:00 DEBUG 17164 --- [seguridad-calidad-back] [           main] o.hibernate.internal.SessionFactoryImpl  : Session factory constructed with filter configurations : {}
2024-10-28T22:56:24.951-03:00 DEBUG 17164 --- [seguridad-calidad-back] [onnection adder] jdk.event.security                       : X509Certificate: Alg:SHA256withRSA, Serial:2, Subject:CN=MySQL_Server_9.1.0_Auto_Generated_Server_Certificate, Issuer:CN=MySQL_Server_9.1.0_Auto_Generated_CA_Certificate, Key type:RSA, Length:2048, Cert Id:2287201279, Valid from:28-10-24, 00:15, Valid until:26-10-34, 00:15
2024-10-28T22:56:24.952-03:00 DEBUG 17164 --- [seguridad-calidad-back] [onnection adder] jdk.event.security                       : X509Certificate: Alg:SHA256withRSA, Serial:1, Subject:CN=MySQL_Server_9.1.0_Auto_Generated_CA_Certificate, Issuer:CN=MySQL_Server_9.1.0_Auto_Generated_CA_Certificate, Key type:RSA, Length:2048, Cert Id:1007117164, Valid from:28-10-24, 00:15, Valid until:26-10-34, 00:15
2024-10-28T22:56:24.955-03:00 DEBUG 17164 --- [seguridad-calidad-back] [onnection adder] jdk.event.security                       :  TLSHandshake: localhost:3306, TLSv1.3, TLS_AES_256_GCM_SHA384, 2287201279
2024-10-28T22:56:24.972-03:00 DEBUG 17164 --- [seguridad-calidad-back] [onnection adder] com.zaxxer.hikari.pool.HikariPool        : HikariPool-1 - Added connection com.mysql.cj.jdbc.ConnectionImpl@11600b2b
2024-10-28T22:56:25.009-03:00 DEBUG 17164 --- [seguridad-calidad-back] [onnection adder] com.zaxxer.hikari.pool.HikariPool        : HikariPool-1 - After adding stats (total=8, active=0, idle=8, waiting=0)
2024-10-28T22:56:25.016-03:00 DEBUG 17164 --- [seguridad-calidad-back] [           main] o.h.q.sqm.function.SqmFunctionRegistry   : Registered SqmFunctionTemplate [NamedSqmFunctionTemplate(max)] under max; prior registration was null
2024-10-28T22:56:25.017-03:00 DEBUG 17164 --- [seguridad-calidad-back] [           main] o.h.q.sqm.function.SqmFunctionRegistry   : Registered SqmFunctionTemplate [NamedSqmFunctionTemplate(min)] under min; prior registration was null
2024-10-28T22:56:25.018-03:00 DEBUG 17164 --- [seguridad-calidad-back] [           main] o.h.q.sqm.function.SqmFunctionRegistry   : Registered SqmFunctionTemplate [NamedSqmFunctionTemplate(sum)] under sum; prior registration was null
2024-10-28T22:56:25.018-03:00 DEBUG 17164 --- [seguridad-calidad-back] [           main] o.h.q.sqm.function.SqmFunctionRegistry   : Registered SqmFunctionTemplate [NamedSqmFunctionTemplate(avg)] under avg; prior registration was null
2024-10-28T22:56:25.022-03:00 DEBUG 17164 --- [seguridad-calidad-back] [           main] o.h.q.sqm.function.SqmFunctionRegistry   : Registered SqmFunctionTemplate [org.hibernate.dialect.function.CountFunction@43090195] under count; prior registration was null
2024-10-28T22:56:25.022-03:00 DEBUG 17164 --- [seguridad-calidad-back] [onnection adder] jdk.event.security                       : X509Certificate: Alg:SHA256withRSA, Serial:2, Subject:CN=MySQL_Server_9.1.0_Auto_Generated_Server_Certificate, Issuer:CN=MySQL_Server_9.1.0_Auto_Generated_CA_Certificate, Key type:RSA, Length:2048, Cert Id:2287201279, Valid from:28-10-24, 00:15, Valid until:26-10-34, 00:15
2024-10-28T22:56:25.023-03:00 DEBUG 17164 --- [seguridad-calidad-back] [           main] o.h.q.sqm.function.SqmFunctionRegistry   : Registered SqmFunctionTemplate [org.hibernate.dialect.function.EveryAnyEmulation@19c1f6f4] under every; prior registration was null
2024-10-28T22:56:25.023-03:00 DEBUG 17164 --- [seguridad-calidad-back] [onnection adder] jdk.event.security                       : X509Certificate: Alg:SHA256withRSA, Serial:1, Subject:CN=MySQL_Server_9.1.0_Auto_Generated_CA_Certificate, Issuer:CN=MySQL_Server_9.1.0_Auto_Generated_CA_Certificate, Key type:RSA, Length:2048, Cert Id:1007117164, Valid from:28-10-24, 00:15, Valid until:26-10-34, 00:15
2024-10-28T22:56:25.023-03:00 DEBUG 17164 --- [seguridad-calidad-back] [           main] o.h.q.sqm.function.SqmFunctionRegistry   : Registered SqmFunctionTemplate [org.hibernate.dialect.function.EveryAnyEmulation@46fa2a7e] under any; prior registration was null
2024-10-28T22:56:25.023-03:00 DEBUG 17164 --- [seguridad-calidad-back] [           main] o.h.q.sqm.function.SqmFunctionRegistry   : Registered SqmFunctionTemplate [NamedSqmFunctionTemplate(floor)] under floor; prior registration was null
2024-10-28T22:56:25.023-03:00 DEBUG 17164 --- [seguridad-calidad-back] [           main] o.h.q.sqm.function.SqmFunctionRegistry   : Registered SqmFunctionTemplate [NamedSqmFunctionTemplate(ceiling)] under ceiling; prior registration was null
2024-10-28T22:56:25.023-03:00 DEBUG 17164 --- [seguridad-calidad-back] [           main] o.h.q.sqm.function.SqmFunctionRegistry   : Registered SqmFunctionTemplate [NamedSqmFunctionTemplate(mod)] under mod; prior registration was null
2024-10-28T22:56:25.023-03:00 DEBUG 17164 --- [seguridad-calidad-back] [           main] o.h.q.sqm.function.SqmFunctionRegistry   : Registered SqmFunctionTemplate [NamedSqmFunctionTemplate(abs)] under abs; prior registration was null
2024-10-28T22:56:25.023-03:00 DEBUG 17164 --- [seguridad-calidad-back] [           main] o.h.q.sqm.function.SqmFunctionRegistry   : Registered SqmFunctionTemplate [NamedSqmFunctionTemplate(sign)] under sign; prior registration was null
2024-10-28T22:56:25.023-03:00 DEBUG 17164 --- [seguridad-calidad-back] [           main] o.h.q.sqm.function.SqmFunctionRegistry   : Registered SqmFunctionTemplate [NamedSqmFunctionTemplate(sqrt)] under sqrt; prior registration was null
2024-10-28T22:56:25.023-03:00 DEBUG 17164 --- [seguridad-calidad-back] [           main] o.h.q.sqm.function.SqmFunctionRegistry   : Registered SqmFunctionTemplate [NamedSqmFunctionTemplate(ln)] under ln; prior registration was null
2024-10-28T22:56:25.024-03:00 DEBUG 17164 --- [seguridad-calidad-back] [           main] o.h.q.sqm.function.SqmFunctionRegistry   : Registered SqmFunctionTemplate [NamedSqmFunctionTemplate(exp)] under exp; prior registration was null
2024-10-28T22:56:25.024-03:00 DEBUG 17164 --- [seguridad-calidad-back] [           main] o.h.q.sqm.function.SqmFunctionRegistry   : Registered SqmFunctionTemplate [NamedSqmFunctionTemplate(power)] under power; prior registration was null
2024-10-28T22:56:25.024-03:00 DEBUG 17164 --- [seguridad-calidad-back] [           main] o.h.q.sqm.function.SqmFunctionRegistry   : Registered SqmFunctionTemplate [NamedSqmFunctionTemplate(round)] under round; prior registration was null
2024-10-28T22:56:25.024-03:00 DEBUG 17164 --- [seguridad-calidad-back] [           main] o.h.q.sqm.function.SqmFunctionRegistry   : Registered SqmFunctionTemplate [NamedSqmFunctionTemplate(sin)] under sin; prior registration was null
2024-10-28T22:56:25.024-03:00 DEBUG 17164 --- [seguridad-calidad-back] [           main] o.h.q.sqm.function.SqmFunctionRegistry   : Registered SqmFunctionTemplate [NamedSqmFunctionTemplate(cos)] under cos; prior registration was null
2024-10-28T22:56:25.024-03:00 DEBUG 17164 --- [seguridad-calidad-back] [           main] o.h.q.sqm.function.SqmFunctionRegistry   : Registered SqmFunctionTemplate [NamedSqmFunctionTemplate(tan)] under tan; prior registration was null
2024-10-28T22:56:25.024-03:00 DEBUG 17164 --- [seguridad-calidad-back] [           main] o.h.q.sqm.function.SqmFunctionRegistry   : Registered SqmFunctionTemplate [NamedSqmFunctionTemplate(asin)] under asin; prior registration was null
2024-10-28T22:56:25.024-03:00 DEBUG 17164 --- [seguridad-calidad-back] [           main] o.h.q.sqm.function.SqmFunctionRegistry   : Registered SqmFunctionTemplate [NamedSqmFunctionTemplate(acos)] under acos; prior registration was null
2024-10-28T22:56:25.025-03:00 DEBUG 17164 --- [seguridad-calidad-back] [           main] o.h.q.sqm.function.SqmFunctionRegistry   : Registered SqmFunctionTemplate [NamedSqmFunctionTemplate(atan)] under atan; prior registration was null
2024-10-28T22:56:25.025-03:00 DEBUG 17164 --- [seguridad-calidad-back] [           main] o.h.q.sqm.function.SqmFunctionRegistry   : Registered SqmFunctionTemplate [NamedSqmFunctionTemplate(atan2)] under atan2; prior registration was null
2024-10-28T22:56:25.026-03:00 DEBUG 17164 --- [seguridad-calidad-back] [onnection adder] jdk.event.security                       :  TLSHandshake: localhost:3306, TLSv1.3, TLS_AES_256_GCM_SHA384, 2287201279
2024-10-28T22:56:25.029-03:00 DEBUG 17164 --- [seguridad-calidad-back] [           main] o.h.q.sqm.function.SqmFunctionRegistry   : Registered SqmFunctionTemplate [org.hibernate.query.sqm.function.PatternBasedSqmFunctionDescriptor@5a06eeef] under sinh; prior registration was null
2024-10-28T22:56:25.029-03:00 DEBUG 17164 --- [seguridad-calidad-back] [           main] o.h.q.sqm.function.SqmFunctionRegistry   : Registered SqmFunctionTemplate [org.hibernate.query.sqm.function.PatternBasedSqmFunctionDescriptor@1c0cf193] under cosh; prior registration was null
2024-10-28T22:56:25.029-03:00 DEBUG 17164 --- [seguridad-calidad-back] [           main] o.h.q.sqm.function.SqmFunctionRegistry   : Registered SqmFunctionTemplate [org.hibernate.query.sqm.function.PatternBasedSqmFunctionDescriptor@3dd66ff5] under tanh; prior registration was null
2024-10-28T22:56:25.029-03:00 DEBUG 17164 --- [seguridad-calidad-back] [           main] o.h.q.sqm.function.SqmFunctionRegistry   : Registered SqmFunctionTemplate [org.hibernate.query.sqm.function.PatternBasedSqmFunctionDescriptor@24258b54] under pi; prior registration was null
2024-10-28T22:56:25.029-03:00 DEBUG 17164 --- [seguridad-calidad-back] [           main] o.h.q.sqm.function.SqmFunctionRegistry   : Registered SqmFunctionTemplate [org.hibernate.query.sqm.function.PatternBasedSqmFunctionDescriptor@493968a9] under log; prior registration was null
2024-10-28T22:56:25.030-03:00 DEBUG 17164 --- [seguridad-calidad-back] [           main] o.h.q.sqm.function.SqmFunctionRegistry   : Registered SqmFunctionTemplate [NamedSqmFunctionTemplate(coalesce)] under coalesce; prior registration was null
2024-10-28T22:56:25.030-03:00 DEBUG 17164 --- [seguridad-calidad-back] [           main] o.h.q.sqm.function.SqmFunctionRegistry   : Registered SqmFunctionTemplate [NamedSqmFunctionTemplate(nullif)] under nullif; prior registration was null
2024-10-28T22:56:25.030-03:00 DEBUG 17164 --- [seguridad-calidad-back] [           main] o.h.q.sqm.function.SqmFunctionRegistry   : Registered SqmFunctionTemplate [NamedSqmFunctionTemplate(left)] under left; prior registration was null
2024-10-28T22:56:25.031-03:00 DEBUG 17164 --- [seguridad-calidad-back] [           main] o.h.q.sqm.function.SqmFunctionRegistry   : Registered SqmFunctionTemplate [NamedSqmFunctionTemplate(right)] under right; prior registration was null
2024-10-28T22:56:25.031-03:00 DEBUG 17164 --- [seguridad-calidad-back] [           main] o.h.q.sqm.function.SqmFunctionRegistry   : Registered SqmFunctionTemplate [NamedSqmFunctionTemplate(replace)] under replace; prior registration was null
2024-10-28T22:56:25.031-03:00 DEBUG 17164 --- [seguridad-calidad-back] [           main] o.h.q.sqm.function.SqmFunctionRegistry   : Registered SqmFunctionTemplate [NamedSqmFunctionTemplate(concat)] under concat; prior registration was null
2024-10-28T22:56:25.031-03:00 DEBUG 17164 --- [seguridad-calidad-back] [           main] o.h.q.sqm.function.SqmFunctionRegistry   : Registered SqmFunctionTemplate [NamedSqmFunctionTemplate(lower)] under lower; prior registration was null
2024-10-28T22:56:25.031-03:00 DEBUG 17164 --- [seguridad-calidad-back] [           main] o.h.q.sqm.function.SqmFunctionRegistry   : Registered SqmFunctionTemplate [NamedSqmFunctionTemplate(upper)] under upper; prior registration was null
2024-10-28T22:56:25.031-03:00 DEBUG 17164 --- [seguridad-calidad-back] [           main] o.h.q.sqm.function.SqmFunctionRegistry   : Registered SqmFunctionTemplate [NamedSqmFunctionTemplate(substring)] under substring; prior registration was null
2024-10-28T22:56:25.032-03:00 DEBUG 17164 --- [seguridad-calidad-back] [           main] o.h.q.sqm.function.SqmFunctionRegistry   : Registered SqmFunctionTemplate [NamedSqmFunctionTemplate(locate)] under locate; prior registration was null
2024-10-28T22:56:25.032-03:00 DEBUG 17164 --- [seguridad-calidad-back] [           main] o.h.q.sqm.function.SqmFunctionRegistry   : Registered SqmFunctionTemplate [NamedSqmFunctionTemplate(character_length)] under character_length; prior registration was null
2024-10-28T22:56:25.032-03:00 DEBUG 17164 --- [seguridad-calidad-back] [           main] o.h.q.sqm.function.SqmFunctionRegistry   : Registering alternate key : length -> character_length
2024-10-28T22:56:25.033-03:00 DEBUG 17164 --- [seguridad-calidad-back] [           main] o.h.q.sqm.function.SqmFunctionRegistry   : Registered SqmFunctionTemplate [org.hibernate.dialect.function.LocatePositionEmulation@538905d2] under position; prior registration was null
2024-10-28T22:56:25.035-03:00 DEBUG 17164 --- [seguridad-calidad-back] [           main] o.h.q.sqm.function.SqmFunctionRegistry   : Registered SqmFunctionTemplate [org.hibernate.dialect.function.InsertSubstringOverlayEmulation@6528d339] under overlay; prior registration was null
2024-10-28T22:56:25.036-03:00 DEBUG 17164 --- [seguridad-calidad-back] [           main] o.h.q.sqm.function.SqmFunctionRegistry   : Registered SqmFunctionTemplate [org.hibernate.dialect.function.TrimFunction@bdda8a7] under trim; prior registration was null
2024-10-28T22:56:25.036-03:00 DEBUG 17164 --- [seguridad-calidad-back] [onnection adder] com.zaxxer.hikari.pool.HikariPool        : HikariPool-1 - Added connection com.mysql.cj.jdbc.ConnectionImpl@e7abd9a
2024-10-28T22:56:25.038-03:00 DEBUG 17164 --- [seguridad-calidad-back] [           main] o.h.q.sqm.function.SqmFunctionRegistry   : Registered SqmFunctionTemplate [org.hibernate.dialect.function.CastFunction@1df9f7c6] under cast; prior registration was null
2024-10-28T22:56:25.038-03:00 DEBUG 17164 --- [seguridad-calidad-back] [           main] o.h.q.sqm.function.SqmFunctionRegistry   : Registered SqmFunctionTemplate [org.hibernate.query.sqm.function.PatternBasedSqmFunctionDescriptor@4b5aa48b] under collate; prior registration was null
2024-10-28T22:56:25.038-03:00 DEBUG 17164 --- [seguridad-calidad-back] [           main] o.h.q.sqm.function.SqmFunctionRegistry   : Registered SqmFunctionTemplate [org.hibernate.dialect.function.ExtractFunction@3c98981e] under extract; prior registration was null
2024-10-28T22:56:25.039-03:00 DEBUG 17164 --- [seguridad-calidad-back] [           main] o.h.q.sqm.function.SqmFunctionRegistry   : Registered SqmFunctionTemplate [NamedSqmFunctionTemplate(least)] under least; prior registration was null
2024-10-28T22:56:25.039-03:00 DEBUG 17164 --- [seguridad-calidad-back] [           main] o.h.q.sqm.function.SqmFunctionRegistry   : Registered SqmFunctionTemplate [NamedSqmFunctionTemplate(greatest)] under greatest; prior registration was null
2024-10-28T22:56:25.039-03:00 DEBUG 17164 --- [seguridad-calidad-back] [           main] o.h.q.sqm.function.SqmFunctionRegistry   : Registered SqmFunctionTemplate [org.hibernate.dialect.function.CoalesceIfnullEmulation@6bf54260] under ifnull; prior registration was null
2024-10-28T22:56:25.039-03:00 DEBUG 17164 --- [seguridad-calidad-back] [           main] o.h.q.sqm.function.SqmFunctionRegistry   : Registered SqmFunctionTemplate [NamedSqmFunctionTemplate(lpad)] under lpad; prior registration was null
2024-10-28T22:56:25.039-03:00 DEBUG 17164 --- [seguridad-calidad-back] [           main] o.h.q.sqm.function.SqmFunctionRegistry   : Registered SqmFunctionTemplate [NamedSqmFunctionTemplate(rpad)] under rpad; prior registration was null
2024-10-28T22:56:25.039-03:00 DEBUG 17164 --- [seguridad-calidad-back] [           main] o.h.q.sqm.function.SqmFunctionRegistry   : Registered SqmFunctionTemplate [org.hibernate.dialect.function.LpadRpadPadEmulation@b5ff70b] under pad; prior registration was null
2024-10-28T22:56:25.040-03:00 DEBUG 17164 --- [seguridad-calidad-back] [           main] o.h.q.sqm.function.SqmFunctionRegistry   : Registered SqmFunctionTemplate [org.hibernate.dialect.function.CastStrEmulation@6d7bb5cc] under str; prior registration was null
2024-10-28T22:56:25.042-03:00 DEBUG 17164 --- [seguridad-calidad-back] [           main] o.h.q.sqm.function.SqmFunctionRegistry   : Registered SqmFunctionTemplate [org.hibernate.dialect.function.FormatFunction@563c3aca] under format; prior registration was null
2024-10-28T22:56:25.043-03:00 DEBUG 17164 --- [seguridad-calidad-back] [           main] o.h.q.sqm.function.SqmFunctionRegistry   : Registered SqmFunctionTemplate [org.hibernate.dialect.function.TimestampaddFunction@17a7d6c8] under timestampadd; prior registration was null
2024-10-28T22:56:25.043-03:00 DEBUG 17164 --- [seguridad-calidad-back] [           main] o.h.q.sqm.function.SqmFunctionRegistry   : Registered SqmFunctionTemplate [org.hibernate.dialect.function.TimestampdiffFunction@1c459c28] under timestampdiff; prior registration was null
2024-10-28T22:56:25.043-03:00 DEBUG 17164 --- [seguridad-calidad-back] [           main] o.h.q.sqm.function.SqmFunctionRegistry   : Registering alternate key : dateadd -> timestampadd
2024-10-28T22:56:25.043-03:00 DEBUG 17164 --- [seguridad-calidad-back] [           main] o.h.q.sqm.function.SqmFunctionRegistry   : Registering alternate key : datediff -> timestampdiff
2024-10-28T22:56:25.043-03:00 DEBUG 17164 --- [seguridad-calidad-back] [           main] o.h.q.sqm.function.SqmFunctionRegistry   : Registered SqmFunctionTemplate [org.hibernate.dialect.function.CurrentFunction@d677be9] under current_date; prior registration was null
2024-10-28T22:56:25.044-03:00 DEBUG 17164 --- [seguridad-calidad-back] [           main] o.h.q.sqm.function.SqmFunctionRegistry   : Registered SqmFunctionTemplate [org.hibernate.dialect.function.CurrentFunction@fefb66c] under current_time; prior registration was null
2024-10-28T22:56:25.044-03:00 DEBUG 17164 --- [seguridad-calidad-back] [           main] o.h.q.sqm.function.SqmFunctionRegistry   : Registered SqmFunctionTemplate [org.hibernate.dialect.function.CurrentFunction@6d7556a8] under current_timestamp; prior registration was null
2024-10-28T22:56:25.044-03:00 DEBUG 17164 --- [seguridad-calidad-back] [           main] o.h.q.sqm.function.SqmFunctionRegistry   : Registering alternate key : current date -> current_date
2024-10-28T22:56:25.044-03:00 DEBUG 17164 --- [seguridad-calidad-back] [           main] o.h.q.sqm.function.SqmFunctionRegistry   : Registering alternate key : current time -> current_time
2024-10-28T22:56:25.044-03:00 DEBUG 17164 --- [seguridad-calidad-back] [           main] o.h.q.sqm.function.SqmFunctionRegistry   : Registering alternate key : current timestamp -> current_timestamp
2024-10-28T22:56:25.044-03:00 DEBUG 17164 --- [seguridad-calidad-back] [           main] o.h.q.sqm.function.SqmFunctionRegistry   : Registered SqmFunctionTemplate [org.hibernate.dialect.function.CurrentFunction@48860139] under local_date; prior registration was null
2024-10-28T22:56:25.044-03:00 DEBUG 17164 --- [seguridad-calidad-back] [           main] o.h.q.sqm.function.SqmFunctionRegistry   : Registered SqmFunctionTemplate [org.hibernate.dialect.function.CurrentFunction@7e0883f3] under local_time; prior registration was null
2024-10-28T22:56:25.044-03:00 DEBUG 17164 --- [seguridad-calidad-back] [           main] o.h.q.sqm.function.SqmFunctionRegistry   : Registered SqmFunctionTemplate [org.hibernate.dialect.function.CurrentFunction@ca60688] under local_datetime; prior registration was null
2024-10-28T22:56:25.044-03:00 DEBUG 17164 --- [seguridad-calidad-back] [           main] o.h.q.sqm.function.SqmFunctionRegistry   : Registered SqmFunctionTemplate [org.hibernate.dialect.function.CurrentFunction@4ba1c1a2] under offset_datetime; prior registration was null
2024-10-28T22:56:25.044-03:00 DEBUG 17164 --- [seguridad-calidad-back] [           main] o.h.q.sqm.function.SqmFunctionRegistry   : Registering alternate key : local date -> local_date
2024-10-28T22:56:25.044-03:00 DEBUG 17164 --- [seguridad-calidad-back] [           main] o.h.q.sqm.function.SqmFunctionRegistry   : Registering alternate key : local time -> local_time
2024-10-28T22:56:25.044-03:00 DEBUG 17164 --- [seguridad-calidad-back] [           main] o.h.q.sqm.function.SqmFunctionRegistry   : Registering alternate key : local datetime -> local_datetime
2024-10-28T22:56:25.044-03:00 DEBUG 17164 --- [seguridad-calidad-back] [           main] o.h.q.sqm.function.SqmFunctionRegistry   : Registering alternate key : offset datetime -> offset_datetime
2024-10-28T22:56:25.044-03:00 DEBUG 17164 --- [seguridad-calidad-back] [           main] o.h.q.sqm.function.SqmFunctionRegistry   : Registered SqmFunctionTemplate [org.hibernate.dialect.function.CurrentFunction@33568e26] under instant; prior registration was null
2024-10-28T22:56:25.044-03:00 DEBUG 17164 --- [seguridad-calidad-back] [           main] o.h.q.sqm.function.SqmFunctionRegistry   : Registering alternate key : current_instant -> instant
2024-10-28T22:56:25.044-03:00 DEBUG 17164 --- [seguridad-calidad-back] [           main] o.h.q.sqm.function.SqmFunctionRegistry   : Registered SqmFunctionTemplate [org.hibernate.dialect.function.SqlFunction@771cbd13] under sql; prior registration was null
2024-10-28T22:56:25.044-03:00 DEBUG 17164 --- [seguridad-calidad-back] [           main] o.h.q.sqm.function.SqmFunctionRegistry   : Registered SqmFunctionTemplate [NamedSqmFunctionTemplate(soundex)] under soundex; prior registration was null
2024-10-28T22:56:25.044-03:00 DEBUG 17164 --- [seguridad-calidad-back] [           main] o.h.q.sqm.function.SqmFunctionRegistry   : Registered SqmFunctionTemplate [NamedSqmFunctionTemplate(radians)] under radians; prior registration was null
2024-10-28T22:56:25.045-03:00 DEBUG 17164 --- [seguridad-calidad-back] [           main] o.h.q.sqm.function.SqmFunctionRegistry   : Registered SqmFunctionTemplate [NamedSqmFunctionTemplate(degrees)] under degrees; prior registration was null
2024-10-28T22:56:25.045-03:00 DEBUG 17164 --- [seguridad-calidad-back] [           main] o.h.q.sqm.function.SqmFunctionRegistry   : Registered SqmFunctionTemplate [NamedSqmFunctionTemplate(cot)] under cot; prior registration was null
2024-10-28T22:56:25.045-03:00 DEBUG 17164 --- [seguridad-calidad-back] [           main] o.h.q.sqm.function.SqmFunctionRegistry   : Registered SqmFunctionTemplate [NamedSqmFunctionTemplate(log)] under log; prior registration was org.hibernate.query.sqm.function.PatternBasedSqmFunctionDescriptor@493968a9
2024-10-28T22:56:25.045-03:00 DEBUG 17164 --- [seguridad-calidad-back] [           main] o.h.q.sqm.function.SqmFunctionRegistry   : Registered SqmFunctionTemplate [NamedSqmFunctionTemplate(log2)] under log2; prior registration was null
2024-10-28T22:56:25.045-03:00 DEBUG 17164 --- [seguridad-calidad-back] [           main] o.h.q.sqm.function.SqmFunctionRegistry   : Registered SqmFunctionTemplate [NamedSqmFunctionTemplate(log10)] under log10; prior registration was null
2024-10-28T22:56:25.045-03:00 DEBUG 17164 --- [seguridad-calidad-back] [           main] o.h.q.sqm.function.SqmFunctionRegistry   : Registered SqmFunctionTemplate [NamedSqmFunctionTemplate(ltrim)] under ltrim; prior registration was null
2024-10-28T22:56:25.045-03:00 DEBUG 17164 --- [seguridad-calidad-back] [           main] o.h.q.sqm.function.SqmFunctionRegistry   : Registered SqmFunctionTemplate [NamedSqmFunctionTemplate(rtrim)] under rtrim; prior registration was null
2024-10-28T22:56:25.045-03:00 DEBUG 17164 --- [seguridad-calidad-back] [           main] o.h.q.sqm.function.SqmFunctionRegistry   : Registered SqmFunctionTemplate [NamedSqmFunctionTemplate(octet_length)] under octet_length; prior registration was null
2024-10-28T22:56:25.045-03:00 DEBUG 17164 --- [seguridad-calidad-back] [           main] o.h.q.sqm.function.SqmFunctionRegistry   : Registered SqmFunctionTemplate [NamedSqmFunctionTemplate(reverse)] under reverse; prior registration was null
2024-10-28T22:56:25.045-03:00 DEBUG 17164 --- [seguridad-calidad-back] [           main] o.h.q.sqm.function.SqmFunctionRegistry   : Registered SqmFunctionTemplate [NamedSqmFunctionTemplate(space)] under space; prior registration was null
2024-10-28T22:56:25.045-03:00 DEBUG 17164 --- [seguridad-calidad-back] [           main] o.h.q.sqm.function.SqmFunctionRegistry   : Registered SqmFunctionTemplate [NamedSqmFunctionTemplate(repeat)] under repeat; prior registration was null
2024-10-28T22:56:25.045-03:00 DEBUG 17164 --- [seguridad-calidad-back] [           main] o.h.q.sqm.function.SqmFunctionRegistry   : Registered SqmFunctionTemplate [org.hibernate.query.sqm.function.MultipatternSqmFunctionDescriptor@3e489ac1] under lpad; prior registration was NamedSqmFunctionTemplate(lpad)
2024-10-28T22:56:25.046-03:00 DEBUG 17164 --- [seguridad-calidad-back] [           main] o.h.q.sqm.function.SqmFunctionRegistry   : Registered SqmFunctionTemplate [org.hibernate.query.sqm.function.MultipatternSqmFunctionDescriptor@26888c31] under rpad; prior registration was NamedSqmFunctionTemplate(rpad)
2024-10-28T22:56:25.046-03:00 DEBUG 17164 --- [seguridad-calidad-back] [           main] o.h.q.sqm.function.SqmFunctionRegistry   : Registered SqmFunctionTemplate [NamedSqmFunctionTemplate(md5)] under md5; prior registration was null
2024-10-28T22:56:25.046-03:00 DEBUG 17164 --- [seguridad-calidad-back] [           main] o.h.q.sqm.function.SqmFunctionRegistry   : Registered SqmFunctionTemplate [NamedSqmFunctionTemplate(day)] under day; prior registration was null
2024-10-28T22:56:25.046-03:00 DEBUG 17164 --- [seguridad-calidad-back] [           main] o.h.q.sqm.function.SqmFunctionRegistry   : Registered SqmFunctionTemplate [NamedSqmFunctionTemplate(month)] under month; prior registration was null
2024-10-28T22:56:25.046-03:00 DEBUG 17164 --- [seguridad-calidad-back] [           main] o.h.q.sqm.function.SqmFunctionRegistry   : Registered SqmFunctionTemplate [NamedSqmFunctionTemplate(year)] under year; prior registration was null
2024-10-28T22:56:25.046-03:00 DEBUG 17164 --- [seguridad-calidad-back] [           main] o.h.q.sqm.function.SqmFunctionRegistry   : Registered SqmFunctionTemplate [NamedSqmFunctionTemplate(hour)] under hour; prior registration was null
2024-10-28T22:56:25.046-03:00 DEBUG 17164 --- [seguridad-calidad-back] [           main] o.h.q.sqm.function.SqmFunctionRegistry   : Registered SqmFunctionTemplate [NamedSqmFunctionTemplate(minute)] under minute; prior registration was null
2024-10-28T22:56:25.046-03:00 DEBUG 17164 --- [seguridad-calidad-back] [           main] o.h.q.sqm.function.SqmFunctionRegistry   : Registered SqmFunctionTemplate [NamedSqmFunctionTemplate(second)] under second; prior registration was null
2024-10-28T22:56:25.046-03:00 DEBUG 17164 --- [seguridad-calidad-back] [           main] o.h.q.sqm.function.SqmFunctionRegistry   : Registered SqmFunctionTemplate [NamedSqmFunctionTemplate(microsecond)] under microsecond; prior registration was null
2024-10-28T22:56:25.046-03:00 DEBUG 17164 --- [seguridad-calidad-back] [           main] o.h.q.sqm.function.SqmFunctionRegistry   : Registered SqmFunctionTemplate [NamedSqmFunctionTemplate(dayofweek)] under dayofweek; prior registration was null
2024-10-28T22:56:25.046-03:00 DEBUG 17164 --- [seguridad-calidad-back] [           main] o.h.q.sqm.function.SqmFunctionRegistry   : Registered SqmFunctionTemplate [NamedSqmFunctionTemplate(dayofmonth)] under dayofmonth; prior registration was null
2024-10-28T22:56:25.046-03:00 DEBUG 17164 --- [seguridad-calidad-back] [           main] o.h.q.sqm.function.SqmFunctionRegistry   : Registering alternate key : day -> dayofmonth
2024-10-28T22:56:25.046-03:00 DEBUG 17164 --- [seguridad-calidad-back] [           main] o.h.q.sqm.function.SqmFunctionRegistry   : Registered SqmFunctionTemplate [NamedSqmFunctionTemplate(dayofyear)] under dayofyear; prior registration was null
2024-10-28T22:56:25.046-03:00 DEBUG 17164 --- [seguridad-calidad-back] [           main] o.h.q.sqm.function.SqmFunctionRegistry   : Registered SqmFunctionTemplate [NamedSqmFunctionTemplate(week)] under week; prior registration was null
2024-10-28T22:56:25.046-03:00 DEBUG 17164 --- [seguridad-calidad-back] [           main] o.h.q.sqm.function.SqmFunctionRegistry   : Registered SqmFunctionTemplate [NamedSqmFunctionTemplate(quarter)] under quarter; prior registration was null
2024-10-28T22:56:25.046-03:00 DEBUG 17164 --- [seguridad-calidad-back] [           main] o.h.q.sqm.function.SqmFunctionRegistry   : Registered SqmFunctionTemplate [NamedSqmFunctionTemplate(monthname)] under monthname; prior registration was null
2024-10-28T22:56:25.046-03:00 DEBUG 17164 --- [seguridad-calidad-back] [           main] o.h.q.sqm.function.SqmFunctionRegistry   : Registered SqmFunctionTemplate [NamedSqmFunctionTemplate(dayname)] under dayname; prior registration was null
2024-10-28T22:56:25.046-03:00 DEBUG 17164 --- [seguridad-calidad-back] [           main] o.h.q.sqm.function.SqmFunctionRegistry   : Registered SqmFunctionTemplate [NamedSqmFunctionTemplate(last_day)] under last_day; prior registration was null
2024-10-28T22:56:25.046-03:00 DEBUG 17164 --- [seguridad-calidad-back] [           main] o.h.q.sqm.function.SqmFunctionRegistry   : Registered SqmFunctionTemplate [NamedSqmFunctionTemplate(date)] under date; prior registration was null
2024-10-28T22:56:25.046-03:00 DEBUG 17164 --- [seguridad-calidad-back] [           main] o.h.q.sqm.function.SqmFunctionRegistry   : Registered SqmFunctionTemplate [NamedSqmFunctionTemplate(timestamp)] under timestamp; prior registration was null
2024-10-28T22:56:25.046-03:00 DEBUG 17164 --- [seguridad-calidad-back] [           main] o.h.q.sqm.function.SqmFunctionRegistry   : Registered SqmFunctionTemplate [NamedSqmFunctionTemplate(time)] under time; prior registration was null
2024-10-28T22:56:25.047-03:00 DEBUG 17164 --- [seguridad-calidad-back] [           main] o.h.q.sqm.function.SqmFunctionRegistry   : Registered SqmFunctionTemplate [NamedSqmFunctionTemplate(utc_date)] under utc_date; prior registration was null
2024-10-28T22:56:25.047-03:00 DEBUG 17164 --- [seguridad-calidad-back] [           main] o.h.q.sqm.function.SqmFunctionRegistry   : Registered SqmFunctionTemplate [NamedSqmFunctionTemplate(utc_time)] under utc_time; prior registration was null
2024-10-28T22:56:25.047-03:00 DEBUG 17164 --- [seguridad-calidad-back] [           main] o.h.q.sqm.function.SqmFunctionRegistry   : Registered SqmFunctionTemplate [NamedSqmFunctionTemplate(utc_timestamp)] under utc_timestamp; prior registration was null
2024-10-28T22:56:25.047-03:00 DEBUG 17164 --- [seguridad-calidad-back] [           main] o.h.q.sqm.function.SqmFunctionRegistry   : Registered SqmFunctionTemplate [NamedSqmFunctionTemplate(rand)] under rand; prior registration was null
2024-10-28T22:56:25.047-03:00 DEBUG 17164 --- [seguridad-calidad-back] [           main] o.h.q.sqm.function.SqmFunctionRegistry   : Registered SqmFunctionTemplate [NamedSqmFunctionTemplate(crc32)] under crc32; prior registration was null
2024-10-28T22:56:25.047-03:00 DEBUG 17164 --- [seguridad-calidad-back] [           main] o.h.q.sqm.function.SqmFunctionRegistry   : Registered SqmFunctionTemplate [NamedSqmFunctionTemplate(sha1)] under sha1; prior registration was null
2024-10-28T22:56:25.047-03:00 DEBUG 17164 --- [seguridad-calidad-back] [           main] o.h.q.sqm.function.SqmFunctionRegistry   : Registered SqmFunctionTemplate [NamedSqmFunctionTemplate(sha2)] under sha2; prior registration was null
2024-10-28T22:56:25.047-03:00 DEBUG 17164 --- [seguridad-calidad-back] [           main] o.h.q.sqm.function.SqmFunctionRegistry   : Registered SqmFunctionTemplate [NamedSqmFunctionTemplate(sha)] under sha; prior registration was null
2024-10-28T22:56:25.047-03:00 DEBUG 17164 --- [seguridad-calidad-back] [           main] o.h.q.sqm.function.SqmFunctionRegistry   : Registered SqmFunctionTemplate [NamedSqmFunctionTemplate(bit_length)] under bit_length; prior registration was null
2024-10-28T22:56:25.047-03:00 DEBUG 17164 --- [seguridad-calidad-back] [           main] o.h.q.sqm.function.SqmFunctionRegistry   : Registered SqmFunctionTemplate [NamedSqmFunctionTemplate(octet_length)] under octet_length; prior registration was NamedSqmFunctionTemplate(octet_length)
2024-10-28T22:56:25.047-03:00 DEBUG 17164 --- [seguridad-calidad-back] [           main] o.h.q.sqm.function.SqmFunctionRegistry   : Registered SqmFunctionTemplate [NamedSqmFunctionTemplate(ascii)] under ascii; prior registration was null
2024-10-28T22:56:25.047-03:00 DEBUG 17164 --- [seguridad-calidad-back] [           main] o.h.q.sqm.function.SqmFunctionRegistry   : Registered SqmFunctionTemplate [NamedSqmFunctionTemplate(instr)] under instr; prior registration was null
2024-10-28T22:56:25.047-03:00 DEBUG 17164 --- [seguridad-calidad-back] [           main] o.h.q.sqm.function.SqmFunctionRegistry   : Registered SqmFunctionTemplate [NamedSqmFunctionTemplate(substr)] under substr; prior registration was null
2024-10-28T22:56:25.047-03:00 DEBUG 17164 --- [seguridad-calidad-back] [           main] o.h.q.sqm.function.SqmFunctionRegistry   : Registered SqmFunctionTemplate [org.hibernate.query.sqm.function.PatternBasedSqmFunctionDescriptor@24010875] under position; prior registration was org.hibernate.dialect.function.LocatePositionEmulation@538905d2
2024-10-28T22:56:25.047-03:00 DEBUG 17164 --- [seguridad-calidad-back] [           main] o.h.q.sqm.function.SqmFunctionRegistry   : Registered SqmFunctionTemplate [NamedSqmFunctionTemplate(curtime)] under curtime; prior registration was null
2024-10-28T22:56:25.047-03:00 DEBUG 17164 --- [seguridad-calidad-back] [           main] o.h.q.sqm.function.SqmFunctionRegistry   : Registered SqmFunctionTemplate [NamedSqmFunctionTemplate(curdate)] under curdate; prior registration was null
2024-10-28T22:56:25.047-03:00 DEBUG 17164 --- [seguridad-calidad-back] [           main] o.h.q.sqm.function.SqmFunctionRegistry   : Registered SqmFunctionTemplate [NamedSqmFunctionTemplate(now)] under now; prior registration was null
2024-10-28T22:56:25.050-03:00 DEBUG 17164 --- [seguridad-calidad-back] [           main] o.h.q.sqm.function.SqmFunctionRegistry   : Registered SqmFunctionTemplate [org.hibernate.dialect.function.TruncFunction@b671dda] under trunc; prior registration was null
2024-10-28T22:56:25.050-03:00 DEBUG 17164 --- [seguridad-calidad-back] [           main] o.h.q.sqm.function.SqmFunctionRegistry   : Registering alternate key : truncate -> trunc
2024-10-28T22:56:25.051-03:00 DEBUG 17164 --- [seguridad-calidad-back] [           main] o.h.q.sqm.function.SqmFunctionRegistry   : Registered SqmFunctionTemplate [NamedSqmFunctionTemplate(insert)] under insert; prior registration was null
2024-10-28T22:56:25.051-03:00 DEBUG 17164 --- [seguridad-calidad-back] [           main] o.h.q.sqm.function.SqmFunctionRegistry   : Registered SqmFunctionTemplate [org.hibernate.query.sqm.function.PatternBasedSqmFunctionDescriptor@25b20860] under bitand; prior registration was null
2024-10-28T22:56:25.051-03:00 DEBUG 17164 --- [seguridad-calidad-back] [           main] o.h.q.sqm.function.SqmFunctionRegistry   : Registered SqmFunctionTemplate [org.hibernate.query.sqm.function.PatternBasedSqmFunctionDescriptor@5ba63110] under bitor; prior registration was null
2024-10-28T22:56:25.051-03:00 DEBUG 17164 --- [seguridad-calidad-back] [           main] o.h.q.sqm.function.SqmFunctionRegistry   : Registered SqmFunctionTemplate [org.hibernate.query.sqm.function.PatternBasedSqmFunctionDescriptor@1c0680b0] under bitxor; prior registration was null
2024-10-28T22:56:25.051-03:00 DEBUG 17164 --- [seguridad-calidad-back] [           main] o.h.q.sqm.function.SqmFunctionRegistry   : Registered SqmFunctionTemplate [org.hibernate.query.sqm.function.PatternBasedSqmFunctionDescriptor@2f3cd727] under bitnot; prior registration was null
2024-10-28T22:56:25.051-03:00 DEBUG 17164 --- [seguridad-calidad-back] [           main] o.h.q.sqm.function.SqmFunctionRegistry   : Registered SqmFunctionTemplate [NamedSqmFunctionTemplate(bit_and)] under bit_and; prior registration was null
2024-10-28T22:56:25.051-03:00 DEBUG 17164 --- [seguridad-calidad-back] [           main] o.h.q.sqm.function.SqmFunctionRegistry   : Registered SqmFunctionTemplate [NamedSqmFunctionTemplate(bit_or)] under bit_or; prior registration was null
2024-10-28T22:56:25.051-03:00 DEBUG 17164 --- [seguridad-calidad-back] [           main] o.h.q.sqm.function.SqmFunctionRegistry   : Registered SqmFunctionTemplate [NamedSqmFunctionTemplate(stddev)] under stddev; prior registration was null
2024-10-28T22:56:25.051-03:00 DEBUG 17164 --- [seguridad-calidad-back] [           main] o.h.q.sqm.function.SqmFunctionRegistry   : Registered SqmFunctionTemplate [NamedSqmFunctionTemplate(stddev_pop)] under stddev_pop; prior registration was null
2024-10-28T22:56:25.051-03:00 DEBUG 17164 --- [seguridad-calidad-back] [           main] o.h.q.sqm.function.SqmFunctionRegistry   : Registered SqmFunctionTemplate [NamedSqmFunctionTemplate(stddev_samp)] under stddev_samp; prior registration was null
2024-10-28T22:56:25.051-03:00 DEBUG 17164 --- [seguridad-calidad-back] [           main] o.h.q.sqm.function.SqmFunctionRegistry   : Registered SqmFunctionTemplate [NamedSqmFunctionTemplate(variance)] under variance; prior registration was null
2024-10-28T22:56:25.051-03:00 DEBUG 17164 --- [seguridad-calidad-back] [           main] o.h.q.sqm.function.SqmFunctionRegistry   : Registered SqmFunctionTemplate [NamedSqmFunctionTemplate(var_pop)] under var_pop; prior registration was null
2024-10-28T22:56:25.051-03:00 DEBUG 17164 --- [seguridad-calidad-back] [           main] o.h.q.sqm.function.SqmFunctionRegistry   : Registered SqmFunctionTemplate [NamedSqmFunctionTemplate(var_samp)] under var_samp; prior registration was null
2024-10-28T22:56:25.051-03:00 DEBUG 17164 --- [seguridad-calidad-back] [           main] o.h.q.sqm.function.SqmFunctionRegistry   : Registered SqmFunctionTemplate [NamedSqmFunctionTemplate(datediff)] under datediff; prior registration was null
2024-10-28T22:56:25.051-03:00 DEBUG 17164 --- [seguridad-calidad-back] [           main] o.h.q.sqm.function.SqmFunctionRegistry   : Registered SqmFunctionTemplate [NamedSqmFunctionTemplate(adddate)] under adddate; prior registration was null
2024-10-28T22:56:25.051-03:00 DEBUG 17164 --- [seguridad-calidad-back] [           main] o.h.q.sqm.function.SqmFunctionRegistry   : Registered SqmFunctionTemplate [NamedSqmFunctionTemplate(subdate)] under subdate; prior registration was null
2024-10-28T22:56:25.051-03:00 DEBUG 17164 --- [seguridad-calidad-back] [           main] o.h.q.sqm.function.SqmFunctionRegistry   : Registered SqmFunctionTemplate [NamedSqmFunctionTemplate(addtime)] under addtime; prior registration was null
2024-10-28T22:56:25.051-03:00 DEBUG 17164 --- [seguridad-calidad-back] [           main] o.h.q.sqm.function.SqmFunctionRegistry   : Registered SqmFunctionTemplate [NamedSqmFunctionTemplate(subtime)] under subtime; prior registration was null
2024-10-28T22:56:25.051-03:00 DEBUG 17164 --- [seguridad-calidad-back] [           main] o.h.q.sqm.function.SqmFunctionRegistry   : Registered SqmFunctionTemplate [org.hibernate.dialect.function.FormatFunction@1af82ba8] under format; prior registration was org.hibernate.dialect.function.FormatFunction@563c3aca
2024-10-28T22:56:25.052-03:00 DEBUG 17164 --- [seguridad-calidad-back] [           main] o.h.q.sqm.function.SqmFunctionRegistry   : Registered SqmFunctionTemplate [NamedSqmFunctionTemplate(makedate)] under makedate; prior registration was null
2024-10-28T22:56:25.052-03:00 DEBUG 17164 --- [seguridad-calidad-back] [           main] o.h.q.sqm.function.SqmFunctionRegistry   : Registered SqmFunctionTemplate [NamedSqmFunctionTemplate(maketime)] under maketime; prior registration was null
2024-10-28T22:56:25.052-03:00 DEBUG 17164 --- [seguridad-calidad-back] [           main] o.h.q.sqm.function.SqmFunctionRegistry   : Registered SqmFunctionTemplate [NamedSqmFunctionTemplate(localtime)] under localtime; prior registration was null
2024-10-28T22:56:25.052-03:00 DEBUG 17164 --- [seguridad-calidad-back] [           main] o.h.q.sqm.function.SqmFunctionRegistry   : Registered SqmFunctionTemplate [NamedSqmFunctionTemplate(localtimestamp)] under localtimestamp; prior registration was null
2024-10-28T22:56:25.052-03:00 DEBUG 17164 --- [seguridad-calidad-back] [           main] o.h.q.sqm.function.SqmFunctionRegistry   : Registered SqmFunctionTemplate [NamedSqmFunctionTemplate(localtime)] under local_time; prior registration was org.hibernate.dialect.function.CurrentFunction@7e0883f3
2024-10-28T22:56:25.052-03:00 DEBUG 17164 --- [seguridad-calidad-back] [           main] o.h.q.sqm.function.SqmFunctionRegistry   : Registered SqmFunctionTemplate [NamedSqmFunctionTemplate(localtimestamp)] under local_datetime; prior registration was org.hibernate.dialect.function.CurrentFunction@ca60688
2024-10-28T22:56:25.052-03:00 DEBUG 17164 --- [seguridad-calidad-back] [           main] o.h.q.sqm.function.SqmFunctionRegistry   : Registered SqmFunctionTemplate [NamedSqmFunctionTemplate(localtime)] under localtime; prior registration was NamedSqmFunctionTemplate(localtime)
2024-10-28T22:56:25.052-03:00 DEBUG 17164 --- [seguridad-calidad-back] [           main] o.h.q.sqm.function.SqmFunctionRegistry   : Registered SqmFunctionTemplate [org.hibernate.query.sqm.function.PatternBasedSqmFunctionDescriptor@703cb756] under pi; prior registration was org.hibernate.query.sqm.function.PatternBasedSqmFunctionDescriptor@24258b54
2024-10-28T22:56:25.052-03:00 DEBUG 17164 --- [seguridad-calidad-back] [           main] o.h.q.sqm.function.SqmFunctionRegistry   : Registered SqmFunctionTemplate [org.hibernate.query.sqm.function.PatternBasedSqmFunctionDescriptor@5897aae1] under chr; prior registration was null
2024-10-28T22:56:25.052-03:00 DEBUG 17164 --- [seguridad-calidad-back] [           main] o.h.q.sqm.function.SqmFunctionRegistry   : Registering alternate key : char -> chr
2024-10-28T22:56:25.052-03:00 DEBUG 17164 --- [seguridad-calidad-back] [           main] o.h.q.sqm.function.SqmFunctionRegistry   : Registered SqmFunctionTemplate [org.hibernate.query.sqm.function.PatternBasedSqmFunctionDescriptor@11dbcb3b] under sysdate; prior registration was null
2024-10-28T22:56:25.052-03:00 DEBUG 17164 --- [seguridad-calidad-back] [           main] o.h.q.sqm.function.SqmFunctionRegistry   : Registered SqmFunctionTemplate [NamedSqmFunctionTemplate(row_number)] under row_number; prior registration was null
2024-10-28T22:56:25.053-03:00 DEBUG 17164 --- [seguridad-calidad-back] [           main] o.h.q.sqm.function.SqmFunctionRegistry   : Registered SqmFunctionTemplate [NamedSqmFunctionTemplate(lag)] under lag; prior registration was null
2024-10-28T22:56:25.053-03:00 DEBUG 17164 --- [seguridad-calidad-back] [           main] o.h.q.sqm.function.SqmFunctionRegistry   : Registered SqmFunctionTemplate [NamedSqmFunctionTemplate(lead)] under lead; prior registration was null
2024-10-28T22:56:25.053-03:00 DEBUG 17164 --- [seguridad-calidad-back] [           main] o.h.q.sqm.function.SqmFunctionRegistry   : Registered SqmFunctionTemplate [NamedSqmFunctionTemplate(first_value)] under first_value; prior registration was null
2024-10-28T22:56:25.053-03:00 DEBUG 17164 --- [seguridad-calidad-back] [           main] o.h.q.sqm.function.SqmFunctionRegistry   : Registered SqmFunctionTemplate [NamedSqmFunctionTemplate(last_value)] under last_value; prior registration was null
2024-10-28T22:56:25.053-03:00 DEBUG 17164 --- [seguridad-calidad-back] [           main] o.h.q.sqm.function.SqmFunctionRegistry   : Registered SqmFunctionTemplate [NamedSqmFunctionTemplate(nth_value)] under nth_value; prior registration was null
2024-10-28T22:56:25.054-03:00 DEBUG 17164 --- [seguridad-calidad-back] [           main] o.h.q.sqm.function.SqmFunctionRegistry   : Registered SqmFunctionTemplate [org.hibernate.dialect.function.HypotheticalSetWindowEmulation@2f262474] under rank; prior registration was null
2024-10-28T22:56:25.054-03:00 DEBUG 17164 --- [seguridad-calidad-back] [           main] o.h.q.sqm.function.SqmFunctionRegistry   : Registered SqmFunctionTemplate [org.hibernate.dialect.function.HypotheticalSetWindowEmulation@7c03f9d0] under dense_rank; prior registration was null
2024-10-28T22:56:25.054-03:00 DEBUG 17164 --- [seguridad-calidad-back] [           main] o.h.q.sqm.function.SqmFunctionRegistry   : Registered SqmFunctionTemplate [org.hibernate.dialect.function.HypotheticalSetWindowEmulation@6ad3fbe4] under percent_rank; prior registration was null
2024-10-28T22:56:25.054-03:00 DEBUG 17164 --- [seguridad-calidad-back] [           main] o.h.q.sqm.function.SqmFunctionRegistry   : Registered SqmFunctionTemplate [org.hibernate.dialect.function.HypotheticalSetWindowEmulation@17189618] under cume_dist; prior registration was null
2024-10-28T22:56:25.054-03:00 DEBUG 17164 --- [seguridad-calidad-back] [           main] o.h.q.sqm.function.SqmFunctionRegistry   : Registered SqmFunctionTemplate [org.hibernate.dialect.function.ListaggGroupConcatEmulation@4caf875c] under listagg; prior registration was null
2024-10-28T22:56:25.056-03:00 DEBUG 17164 --- [seguridad-calidad-back] [           main] org.hibernate.HQL_FUNCTIONS              : abs(NUMERIC arg)
2024-10-28T22:56:25.056-03:00 DEBUG 17164 --- [seguridad-calidad-back] [           main] org.hibernate.HQL_FUNCTIONS              : Double acos(NUMERIC arg)
2024-10-28T22:56:25.056-03:00 DEBUG 17164 --- [seguridad-calidad-back] [           main] org.hibernate.HQL_FUNCTIONS              : adddate(DATE datetime, INTEGER days)
2024-10-28T22:56:25.056-03:00 DEBUG 17164 --- [seguridad-calidad-back] [           main] org.hibernate.HQL_FUNCTIONS              : addtime(TIME datetime, TIME time)
2024-10-28T22:56:25.056-03:00 DEBUG 17164 --- [seguridad-calidad-back] [           main] org.hibernate.HQL_FUNCTIONS              : Boolean any(BOOLEAN arg)
2024-10-28T22:56:25.056-03:00 DEBUG 17164 --- [seguridad-calidad-back] [           main] org.hibernate.HQL_FUNCTIONS              : Integer ascii(STRING arg)
2024-10-28T22:56:25.057-03:00 DEBUG 17164 --- [seguridad-calidad-back] [           main] org.hibernate.HQL_FUNCTIONS              : Double asin(NUMERIC arg)
2024-10-28T22:56:25.057-03:00 DEBUG 17164 --- [seguridad-calidad-back] [           main] org.hibernate.HQL_FUNCTIONS              : Double atan(NUMERIC arg)
2024-10-28T22:56:25.057-03:00 DEBUG 17164 --- [seguridad-calidad-back] [           main] org.hibernate.HQL_FUNCTIONS              : Double atan2(NUMERIC arg0, NUMERIC arg1)
2024-10-28T22:56:25.057-03:00 DEBUG 17164 --- [seguridad-calidad-back] [           main] org.hibernate.HQL_FUNCTIONS              : avg(arg)
2024-10-28T22:56:25.057-03:00 DEBUG 17164 --- [seguridad-calidad-back] [           main] org.hibernate.HQL_FUNCTIONS              : bit_and(arg)
2024-10-28T22:56:25.057-03:00 DEBUG 17164 --- [seguridad-calidad-back] [           main] org.hibernate.HQL_FUNCTIONS              : Integer bit_length(STRING_OR_CLOB arg)
2024-10-28T22:56:25.057-03:00 DEBUG 17164 --- [seguridad-calidad-back] [           main] org.hibernate.HQL_FUNCTIONS              : bit_or(arg)
2024-10-28T22:56:25.057-03:00 DEBUG 17164 --- [seguridad-calidad-back] [           main] org.hibernate.HQL_FUNCTIONS              : bitand(arg0, arg1)
2024-10-28T22:56:25.057-03:00 DEBUG 17164 --- [seguridad-calidad-back] [           main] org.hibernate.HQL_FUNCTIONS              : bitnot(arg)
2024-10-28T22:56:25.057-03:00 DEBUG 17164 --- [seguridad-calidad-back] [           main] org.hibernate.HQL_FUNCTIONS              : bitor(arg0, arg1)
2024-10-28T22:56:25.057-03:00 DEBUG 17164 --- [seguridad-calidad-back] [           main] org.hibernate.HQL_FUNCTIONS              : bitxor(arg0, arg1)
2024-10-28T22:56:25.057-03:00 DEBUG 17164 --- [seguridad-calidad-back] [           main] org.hibernate.HQL_FUNCTIONS              : cast(arg as Type)
2024-10-28T22:56:25.057-03:00 DEBUG 17164 --- [seguridad-calidad-back] [           main] org.hibernate.HQL_FUNCTIONS              : ceiling(NUMERIC arg)
2024-10-28T22:56:25.057-03:00 DEBUG 17164 --- [seguridad-calidad-back] [           main] org.hibernate.HQL_FUNCTIONS              : Character char(INTEGER arg)
2024-10-28T22:56:25.057-03:00 DEBUG 17164 --- [seguridad-calidad-back] [           main] org.hibernate.HQL_FUNCTIONS              : Integer character_length(STRING_OR_CLOB arg)
2024-10-28T22:56:25.057-03:00 DEBUG 17164 --- [seguridad-calidad-back] [           main] org.hibernate.HQL_FUNCTIONS              : Character chr(INTEGER arg)
2024-10-28T22:56:25.057-03:00 DEBUG 17164 --- [seguridad-calidad-back] [           main] org.hibernate.HQL_FUNCTIONS              : coalesce(arg0[, arg1[, ...]])
2024-10-28T22:56:25.057-03:00 DEBUG 17164 --- [seguridad-calidad-back] [           main] org.hibernate.HQL_FUNCTIONS              : String collate(STRING string as COLLATION collation)
2024-10-28T22:56:25.057-03:00 DEBUG 17164 --- [seguridad-calidad-back] [           main] org.hibernate.HQL_FUNCTIONS              : String concat(STRING string0[, STRING string1[, ...]])
2024-10-28T22:56:25.057-03:00 DEBUG 17164 --- [seguridad-calidad-back] [           main] org.hibernate.HQL_FUNCTIONS              : Double cos(NUMERIC arg)
2024-10-28T22:56:25.057-03:00 DEBUG 17164 --- [seguridad-calidad-back] [           main] org.hibernate.HQL_FUNCTIONS              : Double cosh(NUMERIC arg)
2024-10-28T22:56:25.057-03:00 DEBUG 17164 --- [seguridad-calidad-back] [           main] org.hibernate.HQL_FUNCTIONS              : Double cot(NUMERIC arg)
2024-10-28T22:56:25.058-03:00 DEBUG 17164 --- [seguridad-calidad-back] [           main] org.hibernate.HQL_FUNCTIONS              : Long count([distinct ]{arg|*})
2024-10-28T22:56:25.058-03:00 DEBUG 17164 --- [seguridad-calidad-back] [           main] org.hibernate.HQL_FUNCTIONS              : Integer crc32(arg)
2024-10-28T22:56:25.058-03:00 DEBUG 17164 --- [seguridad-calidad-back] [           main] org.hibernate.HQL_FUNCTIONS              : Double cume_dist([arg0[, ...]])
2024-10-28T22:56:25.058-03:00 DEBUG 17164 --- [seguridad-calidad-back] [           main] org.hibernate.HQL_FUNCTIONS              : Date curdate()
2024-10-28T22:56:25.058-03:00 DEBUG 17164 --- [seguridad-calidad-back] [           main] org.hibernate.HQL_FUNCTIONS              : Date current date
2024-10-28T22:56:25.058-03:00 DEBUG 17164 --- [seguridad-calidad-back] [           main] org.hibernate.HQL_FUNCTIONS              : Time current time
2024-10-28T22:56:25.058-03:00 DEBUG 17164 --- [seguridad-calidad-back] [           main] org.hibernate.HQL_FUNCTIONS              : Timestamp current timestamp
2024-10-28T22:56:25.058-03:00 DEBUG 17164 --- [seguridad-calidad-back] [           main] org.hibernate.HQL_FUNCTIONS              : Date current_date
2024-10-28T22:56:25.058-03:00 DEBUG 17164 --- [seguridad-calidad-back] [           main] org.hibernate.HQL_FUNCTIONS              : Instant current_instant
2024-10-28T22:56:25.058-03:00 DEBUG 17164 --- [seguridad-calidad-back] [           main] org.hibernate.HQL_FUNCTIONS              : Time current_time
2024-10-28T22:56:25.058-03:00 DEBUG 17164 --- [seguridad-calidad-back] [           main] org.hibernate.HQL_FUNCTIONS              : Timestamp current_timestamp
2024-10-28T22:56:25.058-03:00 DEBUG 17164 --- [seguridad-calidad-back] [           main] org.hibernate.HQL_FUNCTIONS              : Time curtime()
2024-10-28T22:56:25.058-03:00 DEBUG 17164 --- [seguridad-calidad-back] [           main] org.hibernate.HQL_FUNCTIONS              : Date date(arg)
2024-10-28T22:56:25.058-03:00 DEBUG 17164 --- [seguridad-calidad-back] [           main] org.hibernate.HQL_FUNCTIONS              : dateadd(TEMPORAL_UNIT field, INTEGER magnitude, TEMPORAL datetime)
2024-10-28T22:56:25.058-03:00 DEBUG 17164 --- [seguridad-calidad-back] [           main] org.hibernate.HQL_FUNCTIONS              : Integer datediff(DATE end, DATE start)
2024-10-28T22:56:25.058-03:00 DEBUG 17164 --- [seguridad-calidad-back] [           main] org.hibernate.HQL_FUNCTIONS              : Integer day(DATE arg)
2024-10-28T22:56:25.058-03:00 DEBUG 17164 --- [seguridad-calidad-back] [           main] org.hibernate.HQL_FUNCTIONS              : String dayname(DATE arg)
2024-10-28T22:56:25.058-03:00 DEBUG 17164 --- [seguridad-calidad-back] [           main] org.hibernate.HQL_FUNCTIONS              : Integer dayofmonth(DATE arg)
2024-10-28T22:56:25.059-03:00 DEBUG 17164 --- [seguridad-calidad-back] [           main] org.hibernate.HQL_FUNCTIONS              : Integer dayofweek(DATE arg)
2024-10-28T22:56:25.059-03:00 DEBUG 17164 --- [seguridad-calidad-back] [           main] org.hibernate.HQL_FUNCTIONS              : Integer dayofyear(DATE arg)
2024-10-28T22:56:25.059-03:00 DEBUG 17164 --- [seguridad-calidad-back] [           main] org.hibernate.HQL_FUNCTIONS              : Double degrees(NUMERIC arg)
2024-10-28T22:56:25.059-03:00 DEBUG 17164 --- [seguridad-calidad-back] [           main] org.hibernate.HQL_FUNCTIONS              : Long dense_rank([arg0[, ...]])
2024-10-28T22:56:25.059-03:00 DEBUG 17164 --- [seguridad-calidad-back] [           main] org.hibernate.HQL_FUNCTIONS              : Boolean every(BOOLEAN arg)
2024-10-28T22:56:25.059-03:00 DEBUG 17164 --- [seguridad-calidad-back] [           main] org.hibernate.HQL_FUNCTIONS              : Double exp(NUMERIC arg)
2024-10-28T22:56:25.059-03:00 DEBUG 17164 --- [seguridad-calidad-back] [           main] org.hibernate.HQL_FUNCTIONS              : extract(TEMPORAL_UNIT field from TEMPORAL arg)
2024-10-28T22:56:25.059-03:00 DEBUG 17164 --- [seguridad-calidad-back] [           main] org.hibernate.HQL_FUNCTIONS              : first_valueANY value
2024-10-28T22:56:25.059-03:00 DEBUG 17164 --- [seguridad-calidad-back] [           main] org.hibernate.HQL_FUNCTIONS              : floor(NUMERIC arg)
2024-10-28T22:56:25.059-03:00 DEBUG 17164 --- [seguridad-calidad-back] [           main] org.hibernate.HQL_FUNCTIONS              : String format(TEMPORAL datetime as STRING pattern)
2024-10-28T22:56:25.059-03:00 DEBUG 17164 --- [seguridad-calidad-back] [           main] org.hibernate.HQL_FUNCTIONS              : greatest(COMPARABLE arg0, COMPARABLE arg1[, arg2[, ...]])
2024-10-28T22:56:25.059-03:00 DEBUG 17164 --- [seguridad-calidad-back] [           main] org.hibernate.HQL_FUNCTIONS              : Integer hour(TIME arg)
2024-10-28T22:56:25.059-03:00 DEBUG 17164 --- [seguridad-calidad-back] [           main] org.hibernate.HQL_FUNCTIONS              : ifnull(arg0, arg1)
2024-10-28T22:56:25.059-03:00 DEBUG 17164 --- [seguridad-calidad-back] [           main] org.hibernate.HQL_FUNCTIONS              : String insert(STRING string, INTEGER start, INTEGER length, STRING replacement)
2024-10-28T22:56:25.059-03:00 DEBUG 17164 --- [seguridad-calidad-back] [           main] org.hibernate.HQL_FUNCTIONS              : Instant instant
2024-10-28T22:56:25.059-03:00 DEBUG 17164 --- [seguridad-calidad-back] [           main] org.hibernate.HQL_FUNCTIONS              : Integer instr(STRING string, STRING pattern[, INTEGER start[, INTEGER occurrence]])
2024-10-28T22:56:25.059-03:00 DEBUG 17164 --- [seguridad-calidad-back] [           main] org.hibernate.HQL_FUNCTIONS              : lagANY value[, INTEGER offset[, ANY default]]
2024-10-28T22:56:25.060-03:00 DEBUG 17164 --- [seguridad-calidad-back] [           main] org.hibernate.HQL_FUNCTIONS              : Date last_day(DATE arg)
2024-10-28T22:56:25.060-03:00 DEBUG 17164 --- [seguridad-calidad-back] [           main] org.hibernate.HQL_FUNCTIONS              : last_valueANY value
2024-10-28T22:56:25.060-03:00 DEBUG 17164 --- [seguridad-calidad-back] [           main] org.hibernate.HQL_FUNCTIONS              : leadANY value[, INTEGER offset[, ANY default]]
2024-10-28T22:56:25.060-03:00 DEBUG 17164 --- [seguridad-calidad-back] [           main] org.hibernate.HQL_FUNCTIONS              : least(COMPARABLE arg0, COMPARABLE arg1[, arg2[, ...]])
2024-10-28T22:56:25.060-03:00 DEBUG 17164 --- [seguridad-calidad-back] [           main] org.hibernate.HQL_FUNCTIONS              : String left(STRING string, INTEGER length)
2024-10-28T22:56:25.060-03:00 DEBUG 17164 --- [seguridad-calidad-back] [           main] org.hibernate.HQL_FUNCTIONS              : Integer length(STRING_OR_CLOB arg)
2024-10-28T22:56:25.060-03:00 DEBUG 17164 --- [seguridad-calidad-back] [           main] org.hibernate.HQL_FUNCTIONS              : String listagg(STRING arg0, STRING arg1)
2024-10-28T22:56:25.060-03:00 DEBUG 17164 --- [seguridad-calidad-back] [           main] org.hibernate.HQL_FUNCTIONS              : Double ln(NUMERIC arg)
2024-10-28T22:56:25.061-03:00 DEBUG 17164 --- [seguridad-calidad-back] [           main] org.hibernate.HQL_FUNCTIONS              : LocalDate local date
2024-10-28T22:56:25.061-03:00 DEBUG 17164 --- [seguridad-calidad-back] [           main] org.hibernate.HQL_FUNCTIONS              : LocalDateTime local datetime
2024-10-28T22:56:25.061-03:00 DEBUG 17164 --- [seguridad-calidad-back] [           main] org.hibernate.HQL_FUNCTIONS              : LocalTime local time
2024-10-28T22:56:25.061-03:00 DEBUG 17164 --- [seguridad-calidad-back] [           main] org.hibernate.HQL_FUNCTIONS              : LocalDate local_date
2024-10-28T22:56:25.062-03:00 DEBUG 17164 --- [seguridad-calidad-back] [           main] org.hibernate.HQL_FUNCTIONS              : LocalDateTime local_datetime
2024-10-28T22:56:25.062-03:00 DEBUG 17164 --- [seguridad-calidad-back] [           main] org.hibernate.HQL_FUNCTIONS              : LocalTime local_time
2024-10-28T22:56:25.062-03:00 DEBUG 17164 --- [seguridad-calidad-back] [           main] org.hibernate.HQL_FUNCTIONS              : Timestamp localtime
2024-10-28T22:56:25.062-03:00 DEBUG 17164 --- [seguridad-calidad-back] [           main] org.hibernate.HQL_FUNCTIONS              : Timestamp localtimestamp
2024-10-28T22:56:25.062-03:00 DEBUG 17164 --- [seguridad-calidad-back] [           main] org.hibernate.HQL_FUNCTIONS              : Integer locate(STRING pattern, STRING string[, INTEGER start])
2024-10-28T22:56:25.063-03:00 DEBUG 17164 --- [seguridad-calidad-back] [           main] org.hibernate.HQL_FUNCTIONS              : Double log(NUMERIC arg0[, NUMERIC arg1])
2024-10-28T22:56:25.063-03:00 DEBUG 17164 --- [seguridad-calidad-back] [           main] org.hibernate.HQL_FUNCTIONS              : Double log10(NUMERIC arg)
2024-10-28T22:56:25.063-03:00 DEBUG 17164 --- [seguridad-calidad-back] [           main] org.hibernate.HQL_FUNCTIONS              : Double log2(NUMERIC arg)
2024-10-28T22:56:25.063-03:00 DEBUG 17164 --- [seguridad-calidad-back] [           main] org.hibernate.HQL_FUNCTIONS              : String lower(STRING string)
2024-10-28T22:56:25.063-03:00 DEBUG 17164 --- [seguridad-calidad-back] [           main] org.hibernate.HQL_FUNCTIONS              : String lpad(string, length[, padding])
2024-10-28T22:56:25.064-03:00 DEBUG 17164 --- [seguridad-calidad-back] [           main] org.hibernate.HQL_FUNCTIONS              : String ltrim(STRING string[, STRING characters])
2024-10-28T22:56:25.065-03:00 DEBUG 17164 --- [seguridad-calidad-back] [           main] org.hibernate.HQL_FUNCTIONS              : Date makedate(INTEGER year, INTEGER dayofyear)
2024-10-28T22:56:25.065-03:00 DEBUG 17164 --- [seguridad-calidad-back] [           main] org.hibernate.HQL_FUNCTIONS              : Time maketime(INTEGER hour, INTEGER min, INTEGER sec)
2024-10-28T22:56:25.065-03:00 DEBUG 17164 --- [seguridad-calidad-back] [           main] org.hibernate.HQL_FUNCTIONS              : max(COMPARABLE arg)
2024-10-28T22:56:25.065-03:00 DEBUG 17164 --- [seguridad-calidad-back] [           main] org.hibernate.HQL_FUNCTIONS              : String md5(arg)
2024-10-28T22:56:25.065-03:00 DEBUG 17164 --- [seguridad-calidad-back] [           main] org.hibernate.HQL_FUNCTIONS              : Integer microsecond(TIME arg)
2024-10-28T22:56:25.065-03:00 DEBUG 17164 --- [seguridad-calidad-back] [           main] org.hibernate.HQL_FUNCTIONS              : min(COMPARABLE arg)
2024-10-28T22:56:25.065-03:00 DEBUG 17164 --- [seguridad-calidad-back] [           main] org.hibernate.HQL_FUNCTIONS              : Integer minute(TIME arg)
2024-10-28T22:56:25.065-03:00 DEBUG 17164 --- [seguridad-calidad-back] [           main] org.hibernate.HQL_FUNCTIONS              : Integer mod(INTEGER arg0, INTEGER arg1)
2024-10-28T22:56:25.065-03:00 DEBUG 17164 --- [seguridad-calidad-back] [           main] org.hibernate.HQL_FUNCTIONS              : Integer month(DATE arg)
2024-10-28T22:56:25.065-03:00 DEBUG 17164 --- [seguridad-calidad-back] [           main] org.hibernate.HQL_FUNCTIONS              : String monthname(DATE arg)
2024-10-28T22:56:25.065-03:00 DEBUG 17164 --- [seguridad-calidad-back] [           main] org.hibernate.HQL_FUNCTIONS              : Timestamp now()
2024-10-28T22:56:25.065-03:00 DEBUG 17164 --- [seguridad-calidad-back] [           main] org.hibernate.HQL_FUNCTIONS              : nth_valueANY value, INTEGER nth
2024-10-28T22:56:25.065-03:00 DEBUG 17164 --- [seguridad-calidad-back] [           main] org.hibernate.HQL_FUNCTIONS              : nullif(arg0, arg1)
2024-10-28T22:56:25.065-03:00 DEBUG 17164 --- [seguridad-calidad-back] [           main] org.hibernate.HQL_FUNCTIONS              : Integer octet_length(STRING_OR_CLOB arg)
2024-10-28T22:56:25.065-03:00 DEBUG 17164 --- [seguridad-calidad-back] [           main] org.hibernate.HQL_FUNCTIONS              : OffsetDateTime offset datetime
2024-10-28T22:56:25.065-03:00 DEBUG 17164 --- [seguridad-calidad-back] [           main] org.hibernate.HQL_FUNCTIONS              : OffsetDateTime offset_datetime
2024-10-28T22:56:25.065-03:00 DEBUG 17164 --- [seguridad-calidad-back] [           main] org.hibernate.HQL_FUNCTIONS              : String overlay(STRING string placing STRING replacement from INTEGER start[ for INTEGER length])
2024-10-28T22:56:25.065-03:00 DEBUG 17164 --- [seguridad-calidad-back] [           main] org.hibernate.HQL_FUNCTIONS              : String pad(STRING string with INTEGER length {leading|trailing}[ STRING character])
2024-10-28T22:56:25.065-03:00 DEBUG 17164 --- [seguridad-calidad-back] [           main] org.hibernate.HQL_FUNCTIONS              : Double percent_rank([arg0[, ...]])
2024-10-28T22:56:25.065-03:00 DEBUG 17164 --- [seguridad-calidad-back] [           main] org.hibernate.HQL_FUNCTIONS              : Double pi
2024-10-28T22:56:25.066-03:00 DEBUG 17164 --- [seguridad-calidad-back] [           main] org.hibernate.HQL_FUNCTIONS              : Integer position(STRING pattern in STRING string)
2024-10-28T22:56:25.066-03:00 DEBUG 17164 --- [seguridad-calidad-back] [           main] org.hibernate.HQL_FUNCTIONS              : Double power(NUMERIC arg0, NUMERIC arg1)
2024-10-28T22:56:25.066-03:00 DEBUG 17164 --- [seguridad-calidad-back] [           main] org.hibernate.HQL_FUNCTIONS              : Integer quarter(DATE arg)
2024-10-28T22:56:25.066-03:00 DEBUG 17164 --- [seguridad-calidad-back] [           main] org.hibernate.HQL_FUNCTIONS              : Double radians(NUMERIC arg)
2024-10-28T22:56:25.066-03:00 DEBUG 17164 --- [seguridad-calidad-back] [           main] org.hibernate.HQL_FUNCTIONS              : Double rand([INTEGER seed])
2024-10-28T22:56:25.066-03:00 DEBUG 17164 --- [seguridad-calidad-back] [           main] org.hibernate.HQL_FUNCTIONS              : Long rank([arg0[, ...]])
2024-10-28T22:56:25.066-03:00 DEBUG 17164 --- [seguridad-calidad-back] [           main] org.hibernate.HQL_FUNCTIONS              : String repeat(STRING string, INTEGER times)
2024-10-28T22:56:25.066-03:00 DEBUG 17164 --- [seguridad-calidad-back] [           main] org.hibernate.HQL_FUNCTIONS              : String replace(STRING string, STRING pattern, STRING replacement)
2024-10-28T22:56:25.066-03:00 DEBUG 17164 --- [seguridad-calidad-back] [           main] org.hibernate.HQL_FUNCTIONS              : String reverse(STRING arg)
2024-10-28T22:56:25.066-03:00 DEBUG 17164 --- [seguridad-calidad-back] [           main] org.hibernate.HQL_FUNCTIONS              : String right(STRING string, INTEGER length)
2024-10-28T22:56:25.066-03:00 DEBUG 17164 --- [seguridad-calidad-back] [           main] org.hibernate.HQL_FUNCTIONS              : round(NUMERIC number[, INTEGER places])
2024-10-28T22:56:25.066-03:00 DEBUG 17164 --- [seguridad-calidad-back] [           main] org.hibernate.HQL_FUNCTIONS              : Long row_number()
2024-10-28T22:56:25.066-03:00 DEBUG 17164 --- [seguridad-calidad-back] [           main] org.hibernate.HQL_FUNCTIONS              : String rpad(string, length[, padding])
2024-10-28T22:56:25.066-03:00 DEBUG 17164 --- [seguridad-calidad-back] [           main] org.hibernate.HQL_FUNCTIONS              : String rtrim(STRING string[, STRING characters])
2024-10-28T22:56:25.066-03:00 DEBUG 17164 --- [seguridad-calidad-back] [           main] org.hibernate.HQL_FUNCTIONS              : Integer second(TIME arg)
2024-10-28T22:56:25.066-03:00 DEBUG 17164 --- [seguridad-calidad-back] [           main] org.hibernate.HQL_FUNCTIONS              : String sha(arg)
2024-10-28T22:56:25.066-03:00 DEBUG 17164 --- [seguridad-calidad-back] [           main] org.hibernate.HQL_FUNCTIONS              : String sha1(arg)
2024-10-28T22:56:25.066-03:00 DEBUG 17164 --- [seguridad-calidad-back] [           main] org.hibernate.HQL_FUNCTIONS              : String sha2(arg0, arg1)
2024-10-28T22:56:25.066-03:00 DEBUG 17164 --- [seguridad-calidad-back] [           main] org.hibernate.HQL_FUNCTIONS              : Integer sign(NUMERIC arg)
2024-10-28T22:56:25.066-03:00 DEBUG 17164 --- [seguridad-calidad-back] [           main] org.hibernate.HQL_FUNCTIONS              : Double sin(NUMERIC arg)
2024-10-28T22:56:25.066-03:00 DEBUG 17164 --- [seguridad-calidad-back] [           main] org.hibernate.HQL_FUNCTIONS              : Double sinh(NUMERIC arg)
2024-10-28T22:56:25.067-03:00 DEBUG 17164 --- [seguridad-calidad-back] [           main] org.hibernate.HQL_FUNCTIONS              : String soundex(arg)
2024-10-28T22:56:25.067-03:00 DEBUG 17164 --- [seguridad-calidad-back] [           main] org.hibernate.HQL_FUNCTIONS              : String space(INTEGER arg)
2024-10-28T22:56:25.067-03:00 DEBUG 17164 --- [seguridad-calidad-back] [           main] org.hibernate.HQL_FUNCTIONS              : Object sql
2024-10-28T22:56:25.067-03:00 DEBUG 17164 --- [seguridad-calidad-back] [           main] org.hibernate.HQL_FUNCTIONS              : Double sqrt(NUMERIC arg)
2024-10-28T22:56:25.067-03:00 DEBUG 17164 --- [seguridad-calidad-back] [           main] org.hibernate.HQL_FUNCTIONS              : Double stddev(NUMERIC arg)
2024-10-28T22:56:25.067-03:00 DEBUG 17164 --- [seguridad-calidad-back] [           main] org.hibernate.HQL_FUNCTIONS              : Double stddev_pop(NUMERIC arg)
2024-10-28T22:56:25.067-03:00 DEBUG 17164 --- [seguridad-calidad-back] [           main] org.hibernate.HQL_FUNCTIONS              : Double stddev_samp(NUMERIC arg)
2024-10-28T22:56:25.067-03:00 DEBUG 17164 --- [seguridad-calidad-back] [           main] org.hibernate.HQL_FUNCTIONS              : String str(arg)
2024-10-28T22:56:25.067-03:00 DEBUG 17164 --- [seguridad-calidad-back] [           main] org.hibernate.HQL_FUNCTIONS              : subdate(DATE datetime, INTEGER days)
2024-10-28T22:56:25.067-03:00 DEBUG 17164 --- [seguridad-calidad-back] [           main] org.hibernate.HQL_FUNCTIONS              : String substr(STRING string, INTEGER start[, INTEGER length])
2024-10-28T22:56:25.067-03:00 DEBUG 17164 --- [seguridad-calidad-back] [           main] org.hibernate.HQL_FUNCTIONS              : String substring(STRING string{ from|,} INTEGER start[{ for|,} INTEGER length])
2024-10-28T22:56:25.067-03:00 DEBUG 17164 --- [seguridad-calidad-back] [           main] org.hibernate.HQL_FUNCTIONS              : subtime(TIME datetime, TIME time)
2024-10-28T22:56:25.067-03:00 DEBUG 17164 --- [seguridad-calidad-back] [           main] org.hibernate.HQL_FUNCTIONS              : sum(arg)
2024-10-28T22:56:25.067-03:00 DEBUG 17164 --- [seguridad-calidad-back] [           main] org.hibernate.HQL_FUNCTIONS              : Timestamp sysdate()
2024-10-28T22:56:25.067-03:00 DEBUG 17164 --- [seguridad-calidad-back] [           main] org.hibernate.HQL_FUNCTIONS              : Double tan(NUMERIC arg)
2024-10-28T22:56:25.067-03:00 DEBUG 17164 --- [seguridad-calidad-back] [           main] org.hibernate.HQL_FUNCTIONS              : Double tanh(NUMERIC arg)
2024-10-28T22:56:25.067-03:00 DEBUG 17164 --- [seguridad-calidad-back] [           main] org.hibernate.HQL_FUNCTIONS              : String time(arg)
2024-10-28T22:56:25.067-03:00 DEBUG 17164 --- [seguridad-calidad-back] [           main] org.hibernate.HQL_FUNCTIONS              : Timestamp timestamp(arg0[, arg1])
2024-10-28T22:56:25.067-03:00 DEBUG 17164 --- [seguridad-calidad-back] [           main] org.hibernate.HQL_FUNCTIONS              : timestampadd(TEMPORAL_UNIT field, INTEGER magnitude, TEMPORAL datetime)
2024-10-28T22:56:25.067-03:00 DEBUG 17164 --- [seguridad-calidad-back] [           main] org.hibernate.HQL_FUNCTIONS              : Long|Double timestampdiff(TEMPORAL_UNIT field, TEMPORAL start, TEMPORAL end)
2024-10-28T22:56:25.068-03:00 DEBUG 17164 --- [seguridad-calidad-back] [           main] org.hibernate.HQL_FUNCTIONS              : String trim([[{leading|trailing|both} ][STRING arg0 ]from] STRING arg1)
2024-10-28T22:56:25.068-03:00 DEBUG 17164 --- [seguridad-calidad-back] [           main] org.hibernate.HQL_FUNCTIONS              : trunc( ... )
2024-10-28T22:56:25.068-03:00 DEBUG 17164 --- [seguridad-calidad-back] [           main] org.hibernate.HQL_FUNCTIONS              : truncate( ... )
2024-10-28T22:56:25.068-03:00 DEBUG 17164 --- [seguridad-calidad-back] [           main] org.hibernate.HQL_FUNCTIONS              : String upper(STRING string)
2024-10-28T22:56:25.068-03:00 DEBUG 17164 --- [seguridad-calidad-back] [           main] org.hibernate.HQL_FUNCTIONS              : Date utc_date
2024-10-28T22:56:25.068-03:00 DEBUG 17164 --- [seguridad-calidad-back] [           main] org.hibernate.HQL_FUNCTIONS              : Time utc_time
2024-10-28T22:56:25.068-03:00 DEBUG 17164 --- [seguridad-calidad-back] [           main] org.hibernate.HQL_FUNCTIONS              : Timestamp utc_timestamp
2024-10-28T22:56:25.068-03:00 DEBUG 17164 --- [seguridad-calidad-back] [           main] org.hibernate.HQL_FUNCTIONS              : Double var_pop(NUMERIC arg)
2024-10-28T22:56:25.068-03:00 DEBUG 17164 --- [seguridad-calidad-back] [           main] org.hibernate.HQL_FUNCTIONS              : Double var_samp(NUMERIC arg)
2024-10-28T22:56:25.068-03:00 DEBUG 17164 --- [seguridad-calidad-back] [           main] org.hibernate.HQL_FUNCTIONS              : Double variance(NUMERIC arg)
2024-10-28T22:56:25.068-03:00 DEBUG 17164 --- [seguridad-calidad-back] [           main] org.hibernate.HQL_FUNCTIONS              : Integer week(DATE arg)
2024-10-28T22:56:25.068-03:00 DEBUG 17164 --- [seguridad-calidad-back] [           main] org.hibernate.HQL_FUNCTIONS              : Integer year(DATE arg)
2024-10-28T22:56:25.071-03:00 DEBUG 17164 --- [seguridad-calidad-back] [onnection adder] com.zaxxer.hikari.pool.HikariPool        : HikariPool-1 - After adding stats (total=9, active=0, idle=9, waiting=0)
2024-10-28T22:56:25.077-03:00 DEBUG 17164 --- [seguridad-calidad-back] [           main] org.hibernate.orm.query.plan.cache       : Starting QueryInterpretationCache(2048)
2024-10-28T22:56:25.087-03:00 DEBUG 17164 --- [seguridad-calidad-back] [onnection adder] jdk.event.security                       : X509Certificate: Alg:SHA256withRSA, Serial:2, Subject:CN=MySQL_Server_9.1.0_Auto_Generated_Server_Certificate, Issuer:CN=MySQL_Server_9.1.0_Auto_Generated_CA_Certificate, Key type:RSA, Length:2048, Cert Id:2287201279, Valid from:28-10-24, 00:15, Valid until:26-10-34, 00:15
2024-10-28T22:56:25.088-03:00 DEBUG 17164 --- [seguridad-calidad-back] [onnection adder] jdk.event.security                       : X509Certificate: Alg:SHA256withRSA, Serial:1, Subject:CN=MySQL_Server_9.1.0_Auto_Generated_CA_Certificate, Issuer:CN=MySQL_Server_9.1.0_Auto_Generated_CA_Certificate, Key type:RSA, Length:2048, Cert Id:1007117164, Valid from:28-10-24, 00:15, Valid until:26-10-34, 00:15
2024-10-28T22:56:25.091-03:00 DEBUG 17164 --- [seguridad-calidad-back] [onnection adder] jdk.event.security                       :  TLSHandshake: localhost:3306, TLSv1.3, TLS_AES_256_GCM_SHA384, 2287201279
2024-10-28T22:56:25.111-03:00 DEBUG 17164 --- [seguridad-calidad-back] [onnection adder] com.zaxxer.hikari.pool.HikariPool        : HikariPool-1 - Added connection com.mysql.cj.jdbc.ConnectionImpl@548e0ff6
2024-10-28T22:56:25.146-03:00 DEBUG 17164 --- [seguridad-calidad-back] [onnection adder] com.zaxxer.hikari.pool.HikariPool        : HikariPool-1 - After adding stats (total=10, active=0, idle=10, waiting=0)
2024-10-28T22:56:25.168-03:00 DEBUG 17164 --- [seguridad-calidad-back] [           main] .h.s.i.SessionFactoryServiceRegistryImpl : EventListenerRegistry access via ServiceRegistry is deprecated.  Use `sessionFactory.getEventEngine().getListenerRegistry()` instead
2024-10-28T22:56:25.169-03:00 DEBUG 17164 --- [seguridad-calidad-back] [           main] h.e.i.EntityCopyObserverFactoryInitiator : Configured EntityCopyObserver strategy: disallow
2024-10-28T22:56:25.227-03:00 DEBUG 17164 --- [seguridad-calidad-back] [           main] o.h.boot.internal.ClassLoaderAccessImpl  : Not known whether passed class name [com.seguridad.seguridad_calidad_back.model.Receta] is safe
2024-10-28T22:56:25.227-03:00 DEBUG 17164 --- [seguridad-calidad-back] [           main] o.h.boot.internal.ClassLoaderAccessImpl  : No temp ClassLoader provided; using live ClassLoader for loading potentially unsafe class : com.seguridad.seguridad_calidad_back.model.Receta
2024-10-28T22:56:25.407-03:00 DEBUG 17164 --- [seguridad-calidad-back] [           main] o.h.b.i.bytebuddy.BytecodeProviderImpl   : HHH000513: Unable to create the ReflectionOptimizer for [com.seguridad.seguridad_calidad_back.model.Receta]: private accessor [dificultadElaboracion]
2024-10-28T22:56:25.427-03:00 DEBUG 17164 --- [seguridad-calidad-back] [           main] org.hibernate.ormbytecode.interceptor    : To-one property `com.seguridad.seguridad_calidad_back.model.RecetaIngrediente#ingrediente` was mapped with LAZY + NO_PROXY but the class was not enhanced
2024-10-28T22:56:25.427-03:00 DEBUG 17164 --- [seguridad-calidad-back] [           main] org.hibernate.ormbytecode.interceptor    : To-one property `com.seguridad.seguridad_calidad_back.model.RecetaIngrediente#ingrediente` was mapped with LAZY + NO_PROXY but the class was not enhanced
2024-10-28T22:56:25.427-03:00 DEBUG 17164 --- [seguridad-calidad-back] [           main] org.hibernate.ormbytecode.interceptor    : To-one property `com.seguridad.seguridad_calidad_back.model.RecetaIngrediente#receta` was mapped with LAZY + NO_PROXY but the class was not enhanced
2024-10-28T22:56:25.427-03:00 DEBUG 17164 --- [seguridad-calidad-back] [           main] org.hibernate.ormbytecode.interceptor    : To-one property `com.seguridad.seguridad_calidad_back.model.RecetaIngrediente#receta` was mapped with LAZY + NO_PROXY but the class was not enhanced
2024-10-28T22:56:25.427-03:00 DEBUG 17164 --- [seguridad-calidad-back] [           main] o.h.boot.internal.ClassLoaderAccessImpl  : Not known whether passed class name [com.seguridad.seguridad_calidad_back.model.RecetaIngrediente] is safe
2024-10-28T22:56:25.427-03:00 DEBUG 17164 --- [seguridad-calidad-back] [           main] o.h.boot.internal.ClassLoaderAccessImpl  : No temp ClassLoader provided; using live ClassLoader for loading potentially unsafe class : com.seguridad.seguridad_calidad_back.model.RecetaIngrediente
2024-10-28T22:56:25.437-03:00 DEBUG 17164 --- [seguridad-calidad-back] [           main] o.h.b.i.bytebuddy.BytecodeProviderImpl   : HHH000513: Unable to create the ReflectionOptimizer for [com.seguridad.seguridad_calidad_back.model.RecetaIngrediente]: private accessor [ingrediente]
2024-10-28T22:56:25.438-03:00 DEBUG 17164 --- [seguridad-calidad-back] [           main] org.hibernate.ormbytecode.interceptor    : To-one property `com.seguridad.seguridad_calidad_back.model.RecetaIngrediente#ingrediente` was mapped with LAZY + NO_PROXY but the class was not enhanced
2024-10-28T22:56:25.438-03:00 DEBUG 17164 --- [seguridad-calidad-back] [           main] org.hibernate.ormbytecode.interceptor    : To-one property `com.seguridad.seguridad_calidad_back.model.RecetaIngrediente#receta` was mapped with LAZY + NO_PROXY but the class was not enhanced
2024-10-28T22:56:25.439-03:00 DEBUG 17164 --- [seguridad-calidad-back] [           main] o.h.boot.internal.ClassLoaderAccessImpl  : Not known whether passed class name [com.seguridad.seguridad_calidad_back.model.Ingrediente] is safe
2024-10-28T22:56:25.439-03:00 DEBUG 17164 --- [seguridad-calidad-back] [           main] o.h.boot.internal.ClassLoaderAccessImpl  : No temp ClassLoader provided; using live ClassLoader for loading potentially unsafe class : com.seguridad.seguridad_calidad_back.model.Ingrediente
2024-10-28T22:56:25.450-03:00 DEBUG 17164 --- [seguridad-calidad-back] [           main] o.h.b.i.bytebuddy.BytecodeProviderImpl   : HHH000513: Unable to create the ReflectionOptimizer for [com.seguridad.seguridad_calidad_back.model.Ingrediente]: private accessor [nombre]
2024-10-28T22:56:25.465-03:00 DEBUG 17164 --- [seguridad-calidad-back] [           main] org.hibernate.orm.jdbc.mutation          : Skipping collection (re)creation - com.seguridad.seguridad_calidad_back.model.Ingrediente.recetaIngredientes
2024-10-28T22:56:25.466-03:00 DEBUG 17164 --- [seguridad-calidad-back] [           main] org.hibernate.orm.jdbc.mutation          : Skipping collection row deletions - com.seguridad.seguridad_calidad_back.model.Ingrediente.recetaIngredientes
2024-10-28T22:56:25.466-03:00 DEBUG 17164 --- [seguridad-calidad-back] [           main] org.hibernate.orm.jdbc.mutation          : Skipping collection removals - com.seguridad.seguridad_calidad_back.model.Ingrediente.recetaIngredientes
2024-10-28T22:56:25.467-03:00 DEBUG 17164 --- [seguridad-calidad-back] [           main] org.hibernate.orm.jdbc.mutation          : Skipping collection (re)creation - com.seguridad.seguridad_calidad_back.model.Receta.recetaIngredientes
2024-10-28T22:56:25.467-03:00 DEBUG 17164 --- [seguridad-calidad-back] [           main] org.hibernate.orm.jdbc.mutation          : Skipping collection row deletions - com.seguridad.seguridad_calidad_back.model.Receta.recetaIngredientes
2024-10-28T22:56:25.467-03:00 DEBUG 17164 --- [seguridad-calidad-back] [           main] org.hibernate.orm.jdbc.mutation          : Skipping collection removals - com.seguridad.seguridad_calidad_back.model.Receta.recetaIngredientes
2024-10-28T22:56:25.498-03:00 DEBUG 17164 --- [seguridad-calidad-back] [           main] o.hibernate.orm.model.mapping.creation   : Starting post-init callbacks
2024-10-28T22:56:25.498-03:00 DEBUG 17164 --- [seguridad-calidad-back] [           main] o.hibernate.orm.model.mapping.creation   : Starting PostInitCallbackEntry : PluralAttributeMapping( NavigableRole[com.seguridad.seguridad_calidad_back.model.Receta.recetaIngredientes#{element}]) - element descriptor
2024-10-28T22:56:25.498-03:00 DEBUG 17164 --- [seguridad-calidad-back] [           main] o.hibernate.orm.model.mapping.creation   : Starting PostInitCallbackEntry : PluralAttributeMapping(com.seguridad.seguridad_calidad_back.model.Receta.recetaIngredientes)#finishInitialization
2024-10-28T22:56:25.498-03:00 DEBUG 17164 --- [seguridad-calidad-back] [           main] o.hibernate.orm.model.mapping.creation   : Starting PostInitCallbackEntry : PluralAttributeMapping(com.seguridad.seguridad_calidad_back.model.Receta.recetaIngredientes) - key descriptor
2024-10-28T22:56:25.501-03:00 DEBUG 17164 --- [seguridad-calidad-back] [           main] o.hibernate.orm.model.mapping.creation   : Starting PostInitCallbackEntry : Entity(com.seguridad.seguridad_calidad_back.model.Receta) `staticFetchableList` generator
2024-10-28T22:56:25.502-03:00 DEBUG 17164 --- [seguridad-calidad-back] [           main] o.hibernate.orm.model.mapping.creation   : Starting PostInitCallbackEntry : EmbeddableMappingType(com.seguridad.seguridad_calidad_back.model.RecetaIngrediente#{id})#finishInitialization
2024-10-28T22:56:25.502-03:00 DEBUG 17164 --- [seguridad-calidad-back] [           main] o.hibernate.orm.model.mapping.creation   : Starting PostInitCallbackEntry : To-one key - NavigableRole[com.seguridad.seguridad_calidad_back.model.RecetaIngrediente.ingrediente]
2024-10-28T22:56:25.502-03:00 DEBUG 17164 --- [seguridad-calidad-back] [           main] o.hibernate.orm.model.mapping.creation   : Starting PostInitCallbackEntry : To-one key - NavigableRole[com.seguridad.seguridad_calidad_back.model.RecetaIngrediente.receta]
2024-10-28T22:56:25.502-03:00 DEBUG 17164 --- [seguridad-calidad-back] [           main] o.hibernate.orm.model.mapping.creation   : Starting PostInitCallbackEntry : Entity(com.seguridad.seguridad_calidad_back.model.RecetaIngrediente) `staticFetchableList` generator
2024-10-28T22:56:25.502-03:00 DEBUG 17164 --- [seguridad-calidad-back] [           main] o.hibernate.orm.model.mapping.creation   : Starting PostInitCallbackEntry : PluralAttributeMapping( NavigableRole[com.seguridad.seguridad_calidad_back.model.Ingrediente.recetaIngredientes#{element}]) - element descriptor
2024-10-28T22:56:25.502-03:00 DEBUG 17164 --- [seguridad-calidad-back] [           main] o.hibernate.orm.model.mapping.creation   : Starting PostInitCallbackEntry : PluralAttributeMapping(com.seguridad.seguridad_calidad_back.model.Ingrediente.recetaIngredientes)#finishInitialization
2024-10-28T22:56:25.502-03:00 DEBUG 17164 --- [seguridad-calidad-back] [           main] o.hibernate.orm.model.mapping.creation   : Starting PostInitCallbackEntry : PluralAttributeMapping(com.seguridad.seguridad_calidad_back.model.Ingrediente.recetaIngredientes) - key descriptor
2024-10-28T22:56:25.502-03:00 DEBUG 17164 --- [seguridad-calidad-back] [           main] o.hibernate.orm.model.mapping.creation   : Starting PostInitCallbackEntry : Entity(com.seguridad.seguridad_calidad_back.model.Ingrediente) `staticFetchableList` generator
2024-10-28T22:56:25.502-03:00 DEBUG 17164 --- [seguridad-calidad-back] [           main] o.hibernate.orm.model.mapping.creation   : Starting PostInitCallbackEntry : PluralAttributeMapping( NavigableRole[com.seguridad.seguridad_calidad_back.model.Receta.recetaIngredientes#{element}]) - element descriptor
2024-10-28T22:56:25.502-03:00 DEBUG 17164 --- [seguridad-calidad-back] [           main] o.hibernate.orm.model.mapping.creation   : Starting PostInitCallbackEntry : PluralAttributeMapping( NavigableRole[com.seguridad.seguridad_calidad_back.model.Ingrediente.recetaIngredientes#{element}]) - element descriptor
2024-10-28T22:56:25.502-03:00 DEBUG 17164 --- [seguridad-calidad-back] [           main] o.hibernate.orm.model.mapping.creation   : Starting PostInitCallbackEntry : EmbeddableMappingType(com.seguridad.seguridad_calidad_back.model.RecetaIngrediente#{id})#initColumnMappings
2024-10-28T22:56:25.569-03:00 DEBUG 17164 --- [seguridad-calidad-back] [           main] org.hibernate.orm.sql.ast.create         : Created new SQL alias : r1_0
2024-10-28T22:56:25.571-03:00 DEBUG 17164 --- [seguridad-calidad-back] [           main] org.hibernate.orm.sql.ast.create         : Registration of TableGroup [StandardTableGroup(com.seguridad.seguridad_calidad_back.model.Receta)] with identifierForTableGroup [com.seguridad.seguridad_calidad_back.model.Receta] for NavigablePath [com.seguridad.seguridad_calidad_back.model.Receta] 
2024-10-28T22:56:25.584-03:00 DEBUG 17164 --- [seguridad-calidad-back] [           main] org.hibernate.orm.results.graph.AST      : DomainResult Graph:
 \-EntityResultImpl [com.seguridad.seguridad_calidad_back.model.Receta]
 |  +-BasicFetch [com.seguridad.seguridad_calidad_back.model.Receta.dificultadElaboracion]
 |  +-BasicFetch [com.seguridad.seguridad_calidad_back.model.Receta.fechaCreacion]
 |  +-BasicFetch [com.seguridad.seguridad_calidad_back.model.Receta.instruccionesPreparacion]
 |  +-BasicFetch [com.seguridad.seguridad_calidad_back.model.Receta.nombre]
 |  +-BasicFetch [com.seguridad.seguridad_calidad_back.model.Receta.paisDeOrigen]
 |  +-BasicFetch [com.seguridad.seguridad_calidad_back.model.Receta.popularidad]
 |  +-DelayedCollectionFetch [com.seguridad.seguridad_calidad_back.model.Receta.recetaIngredientes]
 |  +-BasicFetch [com.seguridad.seguridad_calidad_back.model.Receta.tiempoCoccion]
 |  +-BasicFetch [com.seguridad.seguridad_calidad_back.model.Receta.tipoDeCocina]
 |  \-BasicFetch [com.seguridad.seguridad_calidad_back.model.Receta.urlImagen]

2024-10-28T22:56:25.586-03:00 DEBUG 17164 --- [seguridad-calidad-back] [           main] org.hibernate.orm.sql.ast.tree           : SQL AST Tree:
    SelectStatement {
      FromClause {
        StandardTableGroup (r1 : com.seguridad.seguridad_calidad_back.model.Receta) {
          primaryTableReference : recetas as r1_0
        }
      }
    }

2024-10-28T22:56:25.596-03:00 DEBUG 17164 --- [seguridad-calidad-back] [           main] o.h.p.entity.AbstractEntityPersister     : Static SQL for entity: com.seguridad.seguridad_calidad_back.model.Receta
2024-10-28T22:56:25.596-03:00 DEBUG 17164 --- [seguridad-calidad-back] [           main] o.h.p.entity.AbstractEntityPersister     :  Version select: select id from recetas where id=?
2024-10-28T22:56:25.596-03:00 DEBUG 17164 --- [seguridad-calidad-back] [           main] o.h.p.entity.AbstractEntityPersister     :  Insert (0): insert into recetas (dificultad_elaboracion,fecha_creacion,instrucciones_preparacion,nombre,pais_de_origen,popularidad,tiempo_coccion,tipo_de_cocina,url_imagen) values (?,?,?,?,?,?,?,?,?)
2024-10-28T22:56:25.596-03:00 DEBUG 17164 --- [seguridad-calidad-back] [           main] o.h.p.entity.AbstractEntityPersister     :  Update (0): update recetas set dificultad_elaboracion=?,fecha_creacion=?,instrucciones_preparacion=?,nombre=?,pais_de_origen=?,popularidad=?,tiempo_coccion=?,tipo_de_cocina=?,url_imagen=? where id=?
2024-10-28T22:56:25.596-03:00 DEBUG 17164 --- [seguridad-calidad-back] [           main] o.h.p.entity.AbstractEntityPersister     :  Delete (0): delete from recetas where id=?
2024-10-28T22:56:25.596-03:00 DEBUG 17164 --- [seguridad-calidad-back] [           main] org.hibernate.orm.sql.ast.create         : Created new SQL alias : ri1_0
2024-10-28T22:56:25.596-03:00 DEBUG 17164 --- [seguridad-calidad-back] [           main] org.hibernate.orm.sql.ast.create         : Registration of TableGroup [StandardTableGroup(com.seguridad.seguridad_calidad_back.model.RecetaIngrediente)] with identifierForTableGroup [com.seguridad.seguridad_calidad_back.model.RecetaIngrediente] for NavigablePath [com.seguridad.seguridad_calidad_back.model.RecetaIngrediente] 
2024-10-28T22:56:25.598-03:00 DEBUG 17164 --- [seguridad-calidad-back] [           main] org.hibernate.orm.sql.ast.create         : Registration of TableGroup [StandardVirtualTableGroup(com.seguridad.seguridad_calidad_back.model.RecetaIngrediente.{id})] with identifierForTableGroup [com.seguridad.seguridad_calidad_back.model.RecetaIngrediente.{id}] for NavigablePath [com.seguridad.seguridad_calidad_back.model.RecetaIngrediente.{id}] 
2024-10-28T22:56:25.603-03:00 DEBUG 17164 --- [seguridad-calidad-back] [           main] org.hibernate.orm.sql.ast.create         : Registration of TableGroup [org.hibernate.sql.ast.tree.from.LazyTableGroup@2190508d] with identifierForTableGroup [com.seguridad.seguridad_calidad_back.model.RecetaIngrediente.ingrediente] for NavigablePath [com.seguridad.seguridad_calidad_back.model.RecetaIngrediente.ingrediente] 
2024-10-28T22:56:25.604-03:00 DEBUG 17164 --- [seguridad-calidad-back] [           main] org.hibernate.orm.sql.ast.create         : Created new SQL alias : i1_0
2024-10-28T22:56:25.605-03:00 DEBUG 17164 --- [seguridad-calidad-back] [           main] org.hibernate.orm.sql.ast.create         : Registration of TableGroup [org.hibernate.sql.ast.tree.from.LazyTableGroup@4d3a7f83] with identifierForTableGroup [com.seguridad.seguridad_calidad_back.model.RecetaIngrediente.receta] for NavigablePath [com.seguridad.seguridad_calidad_back.model.RecetaIngrediente.receta] 
2024-10-28T22:56:25.605-03:00 DEBUG 17164 --- [seguridad-calidad-back] [           main] org.hibernate.orm.sql.ast.create         : Created new SQL alias : r1_0
2024-10-28T22:56:25.606-03:00 DEBUG 17164 --- [seguridad-calidad-back] [           main] org.hibernate.orm.results.graph.AST      : DomainResult Graph:
 \-EntityResultImpl [com.seguridad.seguridad_calidad_back.model.RecetaIngrediente]
 |  +-EntityFetchJoinedImpl [com.seguridad.seguridad_calidad_back.model.RecetaIngrediente.ingrediente]
 |  \-EntityFetchJoinedImpl [com.seguridad.seguridad_calidad_back.model.RecetaIngrediente.receta]

2024-10-28T22:56:25.607-03:00 DEBUG 17164 --- [seguridad-calidad-back] [           main] org.hibernate.orm.sql.ast.tree           : SQL AST Tree:
    SelectStatement {
      FromClause {
        StandardTableGroup (ri1 : com.seguridad.seguridad_calidad_back.model.RecetaIngrediente) {
          primaryTableReference : receta_ingredientes as ri1_0
          TableGroupJoins {
             join StandardVirtualTableGroup (null : com.seguridad.seguridad_calidad_back.model.RecetaIngrediente.{id}) {
              primaryTableReference : receta_ingredientes as ri1_0
            }
             join LazyTableGroup (i1 : com.seguridad.seguridad_calidad_back.model.RecetaIngrediente.ingrediente) {
              primaryTableReference : ingredientes as i1_0
            }
             join LazyTableGroup (r1 : com.seguridad.seguridad_calidad_back.model.RecetaIngrediente.receta) {
              primaryTableReference : recetas as r1_0
            }
          }
        }
      }
    }

2024-10-28T22:56:25.607-03:00 DEBUG 17164 --- [seguridad-calidad-back] [           main] o.h.p.entity.AbstractEntityPersister     : Static SQL for entity: com.seguridad.seguridad_calidad_back.model.RecetaIngrediente
2024-10-28T22:56:25.607-03:00 DEBUG 17164 --- [seguridad-calidad-back] [           main] o.h.p.entity.AbstractEntityPersister     :  Version select: select ingrediente_id, receta_id from receta_ingredientes where ingrediente_id=? and receta_id=?
2024-10-28T22:56:25.607-03:00 DEBUG 17164 --- [seguridad-calidad-back] [           main] o.h.p.entity.AbstractEntityPersister     :  Insert (0): insert into receta_ingredientes (ingrediente_id,receta_id) values (?,?)
2024-10-28T22:56:25.607-03:00 DEBUG 17164 --- [seguridad-calidad-back] [           main] o.h.p.entity.AbstractEntityPersister     :  Delete (0): delete from receta_ingredientes where ingrediente_id=? and receta_id=?
2024-10-28T22:56:25.608-03:00 DEBUG 17164 --- [seguridad-calidad-back] [           main] org.hibernate.orm.sql.ast.create         : Created new SQL alias : i1_0
2024-10-28T22:56:25.608-03:00 DEBUG 17164 --- [seguridad-calidad-back] [           main] org.hibernate.orm.sql.ast.create         : Registration of TableGroup [StandardTableGroup(com.seguridad.seguridad_calidad_back.model.Ingrediente)] with identifierForTableGroup [com.seguridad.seguridad_calidad_back.model.Ingrediente] for NavigablePath [com.seguridad.seguridad_calidad_back.model.Ingrediente] 
2024-10-28T22:56:25.608-03:00 DEBUG 17164 --- [seguridad-calidad-back] [           main] org.hibernate.orm.results.graph.AST      : DomainResult Graph:
 \-EntityResultImpl [com.seguridad.seguridad_calidad_back.model.Ingrediente]
 |  +-BasicFetch [com.seguridad.seguridad_calidad_back.model.Ingrediente.nombre]
 |  \-DelayedCollectionFetch [com.seguridad.seguridad_calidad_back.model.Ingrediente.recetaIngredientes]

2024-10-28T22:56:25.608-03:00 DEBUG 17164 --- [seguridad-calidad-back] [           main] org.hibernate.orm.sql.ast.tree           : SQL AST Tree:
    SelectStatement {
      FromClause {
        StandardTableGroup (i1 : com.seguridad.seguridad_calidad_back.model.Ingrediente) {
          primaryTableReference : ingredientes as i1_0
        }
      }
    }

2024-10-28T22:56:25.608-03:00 DEBUG 17164 --- [seguridad-calidad-back] [           main] o.h.p.entity.AbstractEntityPersister     : Static SQL for entity: com.seguridad.seguridad_calidad_back.model.Ingrediente
2024-10-28T22:56:25.608-03:00 DEBUG 17164 --- [seguridad-calidad-back] [           main] o.h.p.entity.AbstractEntityPersister     :  Version select: select id from ingredientes where id=?
2024-10-28T22:56:25.608-03:00 DEBUG 17164 --- [seguridad-calidad-back] [           main] o.h.p.entity.AbstractEntityPersister     :  Insert (0): insert into ingredientes (nombre) values (?)
2024-10-28T22:56:25.608-03:00 DEBUG 17164 --- [seguridad-calidad-back] [           main] o.h.p.entity.AbstractEntityPersister     :  Update (0): update ingredientes set nombre=? where id=?
2024-10-28T22:56:25.608-03:00 DEBUG 17164 --- [seguridad-calidad-back] [           main] o.h.p.entity.AbstractEntityPersister     :  Delete (0): delete from ingredientes where id=?
2024-10-28T22:56:25.609-03:00 DEBUG 17164 --- [seguridad-calidad-back] [           main] org.hibernate.orm.sql.ast.create         : Created new SQL alias : ri1_0
2024-10-28T22:56:25.609-03:00 DEBUG 17164 --- [seguridad-calidad-back] [           main] org.hibernate.orm.sql.ast.create         : Registration of TableGroup [org.hibernate.sql.ast.tree.from.OneToManyTableGroup@523f3c29] with identifierForTableGroup [com.seguridad.seguridad_calidad_back.model.Ingrediente.recetaIngredientes] for NavigablePath [com.seguridad.seguridad_calidad_back.model.Ingrediente.recetaIngredientes] 
2024-10-28T22:56:25.609-03:00 DEBUG 17164 --- [seguridad-calidad-back] [           main] org.hibernate.orm.sql.ast.create         : Registration of TableGroup [StandardTableGroup(com.seguridad.seguridad_calidad_back.model.Ingrediente.recetaIngredientes.{element})] with identifierForTableGroup [com.seguridad.seguridad_calidad_back.model.Ingrediente.recetaIngredientes.{element}] for NavigablePath [com.seguridad.seguridad_calidad_back.model.Ingrediente.recetaIngredientes.{element}] 
2024-10-28T22:56:25.611-03:00 DEBUG 17164 --- [seguridad-calidad-back] [           main] org.hibernate.orm.sql.ast.create         : Registration of TableGroup [StandardVirtualTableGroup(com.seguridad.seguridad_calidad_back.model.Ingrediente.recetaIngredientes.{element}.{id})] with identifierForTableGroup [com.seguridad.seguridad_calidad_back.model.Ingrediente.recetaIngredientes.{element}.{id}] for NavigablePath [com.seguridad.seguridad_calidad_back.model.Ingrediente.recetaIngredientes.{element}.{id}] 
2024-10-28T22:56:25.612-03:00 DEBUG 17164 --- [seguridad-calidad-back] [           main] org.hibernate.orm.sql.ast.create         : Registration of TableGroup [org.hibernate.sql.ast.tree.from.LazyTableGroup@790d629a] with identifierForTableGroup [com.seguridad.seguridad_calidad_back.model.Ingrediente.recetaIngredientes.{element}.ingrediente] for NavigablePath [com.seguridad.seguridad_calidad_back.model.Ingrediente.recetaIngredientes.{element}.ingrediente] 
2024-10-28T22:56:25.613-03:00 DEBUG 17164 --- [seguridad-calidad-back] [           main] org.hibernate.orm.sql.ast.create         : Registration of TableGroup [org.hibernate.sql.ast.tree.from.LazyTableGroup@5e83298e] with identifierForTableGroup [com.seguridad.seguridad_calidad_back.model.Ingrediente.recetaIngredientes.{element}.receta] for NavigablePath [com.seguridad.seguridad_calidad_back.model.Ingrediente.recetaIngredientes.{element}.receta] 
2024-10-28T22:56:25.614-03:00 DEBUG 17164 --- [seguridad-calidad-back] [           main] org.hibernate.orm.sql.ast.create         : Created new SQL alias : r1_0
2024-10-28T22:56:25.615-03:00 DEBUG 17164 --- [seguridad-calidad-back] [           main] org.hibernate.orm.results.graph.AST      : DomainResult Graph:
 \-CollectionDomainResult [com.seguridad.seguridad_calidad_back.model.Ingrediente.recetaIngredientes]

2024-10-28T22:56:25.616-03:00 DEBUG 17164 --- [seguridad-calidad-back] [           main] org.hibernate.orm.sql.ast.tree           : SQL AST Tree:
    SelectStatement {
      FromClause {
        OneToManyTableGroup (ri1 : com.seguridad.seguridad_calidad_back.model.Ingrediente.recetaIngredientes) {
          primaryTableReference : receta_ingredientes as ri1_0
          TableGroupJoins {
             join StandardVirtualTableGroup (null : com.seguridad.seguridad_calidad_back.model.Ingrediente.recetaIngredientes.{element}.{id}) {
              primaryTableReference : receta_ingredientes as ri1_0
            }
            left  join LazyTableGroup (i1 : com.seguridad.seguridad_calidad_back.model.Ingrediente.recetaIngredientes.{element}.ingrediente) {
            }
            left  join LazyTableGroup (r1 : com.seguridad.seguridad_calidad_back.model.Ingrediente.recetaIngredientes.{element}.receta) {
              primaryTableReference : recetas as r1_0
            }
          }
        }
      }
    }

2024-10-28T22:56:25.616-03:00 DEBUG 17164 --- [seguridad-calidad-back] [           main] org.hibernate.orm.jdbc.mutation          : Static SQL for collection: com.seguridad.seguridad_calidad_back.model.Ingrediente.recetaIngredientes
2024-10-28T22:56:25.617-03:00 DEBUG 17164 --- [seguridad-calidad-back] [           main] org.hibernate.orm.sql.ast.create         : Created new SQL alias : ri1_0
2024-10-28T22:56:25.617-03:00 DEBUG 17164 --- [seguridad-calidad-back] [           main] org.hibernate.orm.sql.ast.create         : Registration of TableGroup [org.hibernate.sql.ast.tree.from.OneToManyTableGroup@516155b5] with identifierForTableGroup [com.seguridad.seguridad_calidad_back.model.Receta.recetaIngredientes] for NavigablePath [com.seguridad.seguridad_calidad_back.model.Receta.recetaIngredientes] 
2024-10-28T22:56:25.617-03:00 DEBUG 17164 --- [seguridad-calidad-back] [           main] org.hibernate.orm.sql.ast.create         : Registration of TableGroup [StandardTableGroup(com.seguridad.seguridad_calidad_back.model.Receta.recetaIngredientes.{element})] with identifierForTableGroup [com.seguridad.seguridad_calidad_back.model.Receta.recetaIngredientes.{element}] for NavigablePath [com.seguridad.seguridad_calidad_back.model.Receta.recetaIngredientes.{element}] 
2024-10-28T22:56:25.617-03:00 DEBUG 17164 --- [seguridad-calidad-back] [           main] org.hibernate.orm.sql.ast.create         : Registration of TableGroup [StandardVirtualTableGroup(com.seguridad.seguridad_calidad_back.model.Receta.recetaIngredientes.{element}.{id})] with identifierForTableGroup [com.seguridad.seguridad_calidad_back.model.Receta.recetaIngredientes.{element}.{id}] for NavigablePath [com.seguridad.seguridad_calidad_back.model.Receta.recetaIngredientes.{element}.{id}] 
2024-10-28T22:56:25.617-03:00 DEBUG 17164 --- [seguridad-calidad-back] [           main] org.hibernate.orm.sql.ast.create         : Registration of TableGroup [org.hibernate.sql.ast.tree.from.LazyTableGroup@799fc4c9] with identifierForTableGroup [com.seguridad.seguridad_calidad_back.model.Receta.recetaIngredientes.{element}.ingrediente] for NavigablePath [com.seguridad.seguridad_calidad_back.model.Receta.recetaIngredientes.{element}.ingrediente] 
2024-10-28T22:56:25.617-03:00 DEBUG 17164 --- [seguridad-calidad-back] [           main] org.hibernate.orm.sql.ast.create         : Created new SQL alias : i1_0
2024-10-28T22:56:25.618-03:00 DEBUG 17164 --- [seguridad-calidad-back] [           main] org.hibernate.orm.sql.ast.create         : Registration of TableGroup [org.hibernate.sql.ast.tree.from.LazyTableGroup@44428583] with identifierForTableGroup [com.seguridad.seguridad_calidad_back.model.Receta.recetaIngredientes.{element}.receta] for NavigablePath [com.seguridad.seguridad_calidad_back.model.Receta.recetaIngredientes.{element}.receta] 
2024-10-28T22:56:25.618-03:00 DEBUG 17164 --- [seguridad-calidad-back] [           main] org.hibernate.orm.results.graph.AST      : DomainResult Graph:
 \-CollectionDomainResult [com.seguridad.seguridad_calidad_back.model.Receta.recetaIngredientes]

2024-10-28T22:56:25.618-03:00 DEBUG 17164 --- [seguridad-calidad-back] [           main] org.hibernate.orm.sql.ast.tree           : SQL AST Tree:
    SelectStatement {
      FromClause {
        OneToManyTableGroup (ri1 : com.seguridad.seguridad_calidad_back.model.Receta.recetaIngredientes) {
          primaryTableReference : receta_ingredientes as ri1_0
          TableGroupJoins {
             join StandardVirtualTableGroup (null : com.seguridad.seguridad_calidad_back.model.Receta.recetaIngredientes.{element}.{id}) {
              primaryTableReference : receta_ingredientes as ri1_0
            }
            left  join LazyTableGroup (i1 : com.seguridad.seguridad_calidad_back.model.Receta.recetaIngredientes.{element}.ingrediente) {
              primaryTableReference : ingredientes as i1_0
            }
            left  join LazyTableGroup (r1 : com.seguridad.seguridad_calidad_back.model.Receta.recetaIngredientes.{element}.receta) {
            }
          }
        }
      }
    }

2024-10-28T22:56:25.618-03:00 DEBUG 17164 --- [seguridad-calidad-back] [           main] org.hibernate.orm.jdbc.mutation          : Static SQL for collection: com.seguridad.seguridad_calidad_back.model.Receta.recetaIngredientes
2024-10-28T22:56:25.643-03:00  INFO 17164 --- [seguridad-calidad-back] [           main] o.h.e.t.j.p.i.JtaPlatformInitiator       : HHH000489: No JTA platform available (set 'hibernate.transaction.jta.platform' to enable JTA platform integration)
2024-10-28T22:56:25.644-03:00 DEBUG 17164 --- [seguridad-calidad-back] [           main] o.h.type.spi.TypeConfiguration$Scope     : Scoping TypeConfiguration [org.hibernate.type.spi.TypeConfiguration@37d3aa8c] to SessionFactoryImplementor [org.hibernate.internal.SessionFactoryImpl@78b2d29e]
2024-10-28T22:56:25.645-03:00 DEBUG 17164 --- [seguridad-calidad-back] [           main] o.h.query.named.NamedObjectRepository    : Checking 0 named HQL queries
2024-10-28T22:56:25.645-03:00 DEBUG 17164 --- [seguridad-calidad-back] [           main] o.h.query.named.NamedObjectRepository    : Checking 0 named SQL queries
2024-10-28T22:56:25.699-03:00 DEBUG 17164 --- [seguridad-calidad-back] [           main] org.hibernate.mapping.Table              : No alter strings for table : ingredientes
2024-10-28T22:56:25.700-03:00 DEBUG 17164 --- [seguridad-calidad-back] [           main] org.hibernate.mapping.Table              : No alter strings for table : receta_ingredientes
2024-10-28T22:56:25.700-03:00 DEBUG 17164 --- [seguridad-calidad-back] [           main] org.hibernate.mapping.Table              : No alter strings for table : recetas
2024-10-28T22:56:25.754-03:00 DEBUG 17164 --- [seguridad-calidad-back] [           main] o.h.internal.SessionFactoryRegistry      : Initializing SessionFactoryRegistry : org.hibernate.internal.SessionFactoryRegistry@49654a35
2024-10-28T22:56:25.754-03:00 DEBUG 17164 --- [seguridad-calidad-back] [           main] o.h.internal.SessionFactoryRegistry      : Registering SessionFactory: 974713f8-2ee8-4d6a-86bc-83e5428803ed (<unnamed>)
2024-10-28T22:56:25.755-03:00 DEBUG 17164 --- [seguridad-calidad-back] [           main] o.h.internal.SessionFactoryRegistry      : Not binding SessionFactory to JNDI, no JNDI name configured
2024-10-28T22:56:25.755-03:00 DEBUG 17164 --- [seguridad-calidad-back] [           main] o.hibernate.internal.SessionFactoryImpl  : Instantiated SessionFactory
2024-10-28T22:56:25.755-03:00  INFO 17164 --- [seguridad-calidad-back] [           main] j.LocalContainerEntityManagerFactoryBean : Initialized JPA EntityManagerFactory for persistence unit 'default'
2024-10-28T22:56:25.759-03:00 DEBUG 17164 --- [seguridad-calidad-back] [           main] o.s.b.f.s.DefaultListableBeanFactory     : Creating shared instance of singleton bean 'seguridadCalidadBackApplication'
2024-10-28T22:56:25.761-03:00 DEBUG 17164 --- [seguridad-calidad-back] [           main] o.s.b.f.s.DefaultListableBeanFactory     : Creating shared instance of singleton bean 'recetaController'
2024-10-28T22:56:25.765-03:00 DEBUG 17164 --- [seguridad-calidad-back] [           main] o.s.b.f.s.DefaultListableBeanFactory     : Creating shared instance of singleton bean 'recetaServiceImpl'
2024-10-28T22:56:25.766-03:00 DEBUG 17164 --- [seguridad-calidad-back] [           main] o.s.b.f.s.DefaultListableBeanFactory     : Creating shared instance of singleton bean 'recetaRepository'
2024-10-28T22:56:25.772-03:00 DEBUG 17164 --- [seguridad-calidad-back] [           main] o.s.b.f.s.DefaultListableBeanFactory     : Creating shared instance of singleton bean 'jpa.named-queries#2'
2024-10-28T22:56:25.774-03:00 DEBUG 17164 --- [seguridad-calidad-back] [           main] o.s.b.f.s.DefaultListableBeanFactory     : Creating shared instance of singleton bean 'jpa.RecetaRepository.fragments#0'
2024-10-28T22:56:25.779-03:00 DEBUG 17164 --- [seguridad-calidad-back] [           main] o.s.b.f.s.DefaultListableBeanFactory     : Creating shared instance of singleton bean 'jpaSharedEM_entityManagerFactory'
2024-10-28T22:56:25.808-03:00 DEBUG 17164 --- [seguridad-calidad-back] [           main] o.s.b.f.s.DefaultListableBeanFactory     : Creating shared instance of singleton bean 'jpaMappingContext'
2024-10-28T22:56:25.809-03:00 DEBUG 17164 --- [seguridad-calidad-back] [           main] .c.JpaMetamodelMappingContextFactoryBean : Initializing JpaMetamodelMappingContext…
2024-10-28T22:56:25.831-03:00 DEBUG 17164 --- [seguridad-calidad-back] [           main] .c.JpaMetamodelMappingContextFactoryBean : Finished initializing JpaMetamodelMappingContext
2024-10-28T22:56:25.859-03:00 DEBUG 17164 --- [seguridad-calidad-back] [           main] tor$SharedEntityManagerInvocationHandler : Creating new EntityManager for shared EntityManager invocation
2024-10-28T22:56:25.925-03:00 DEBUG 17164 --- [seguridad-calidad-back] [           main] o.h.stat.internal.StatisticsInitiator    : Statistics initialized [enabled=false]
2024-10-28T22:56:25.939-03:00 DEBUG 17164 --- [seguridad-calidad-back] [           main] tor$SharedEntityManagerInvocationHandler : Creating new EntityManager for shared EntityManager invocation
2024-10-28T22:56:26.029-03:00 DEBUG 17164 --- [seguridad-calidad-back] [           main] o.s.d.r.c.s.RepositoryFactorySupport     : Initializing repository instance for com.seguridad.seguridad_calidad_back.repository.RecetaRepository…
2024-10-28T22:56:26.048-03:00 DEBUG 17164 --- [seguridad-calidad-back] [           main] tor$SharedEntityManagerInvocationHandler : Creating new EntityManager for shared EntityManager invocation
2024-10-28T22:56:26.083-03:00 DEBUG 17164 --- [seguridad-calidad-back] [           main] o.s.d.r.c.s.RepositoryFactorySupport     : Finished creation of repository instance for com.seguridad.seguridad_calidad_back.repository.RecetaRepository.
2024-10-28T22:56:26.091-03:00 DEBUG 17164 --- [seguridad-calidad-back] [           main] o.s.b.f.s.DefaultListableBeanFactory     : Creating shared instance of singleton bean 'ingredienteServiceImpl'
2024-10-28T22:56:26.092-03:00 DEBUG 17164 --- [seguridad-calidad-back] [           main] o.s.b.f.s.DefaultListableBeanFactory     : Creating shared instance of singleton bean 'ingredienteRepository'
2024-10-28T22:56:26.093-03:00 DEBUG 17164 --- [seguridad-calidad-back] [           main] o.s.b.f.s.DefaultListableBeanFactory     : Creating shared instance of singleton bean 'jpa.named-queries#0'
2024-10-28T22:56:26.094-03:00 DEBUG 17164 --- [seguridad-calidad-back] [           main] o.s.b.f.s.DefaultListableBeanFactory     : Creating shared instance of singleton bean 'jpa.IngredienteRepository.fragments#0'
2024-10-28T22:56:26.095-03:00 DEBUG 17164 --- [seguridad-calidad-back] [           main] tor$SharedEntityManagerInvocationHandler : Creating new EntityManager for shared EntityManager invocation
2024-10-28T22:56:26.095-03:00 DEBUG 17164 --- [seguridad-calidad-back] [           main] o.s.d.r.c.s.RepositoryFactorySupport     : Initializing repository instance for com.seguridad.seguridad_calidad_back.repository.IngredienteRepository…
2024-10-28T22:56:26.097-03:00 DEBUG 17164 --- [seguridad-calidad-back] [           main] tor$SharedEntityManagerInvocationHandler : Creating new EntityManager for shared EntityManager invocation
2024-10-28T22:56:26.104-03:00 DEBUG 17164 --- [seguridad-calidad-back] [           main] o.s.d.r.c.s.RepositoryFactorySupport     : Finished creation of repository instance for com.seguridad.seguridad_calidad_back.repository.IngredienteRepository.
2024-10-28T22:56:26.105-03:00 DEBUG 17164 --- [seguridad-calidad-back] [           main] o.s.b.f.s.DefaultListableBeanFactory     : Creating shared instance of singleton bean 'org.springframework.boot.autoconfigure.context.PropertyPlaceholderAutoConfiguration'
2024-10-28T22:56:26.105-03:00 DEBUG 17164 --- [seguridad-calidad-back] [           main] o.s.b.f.s.DefaultListableBeanFactory     : Creating shared instance of singleton bean 'org.springframework.boot.autoconfigure.ssl.SslAutoConfiguration'
2024-10-28T22:56:26.106-03:00 DEBUG 17164 --- [seguridad-calidad-back] [           main] o.s.b.f.s.DefaultListableBeanFactory     : Creating shared instance of singleton bean 'spring.ssl-org.springframework.boot.autoconfigure.ssl.SslProperties'
2024-10-28T22:56:26.110-03:00 DEBUG 17164 --- [seguridad-calidad-back] [           main] o.s.b.f.s.DefaultListableBeanFactory     : Autowiring by type from bean name 'org.springframework.boot.autoconfigure.ssl.SslAutoConfiguration' via constructor to bean named 'org.springframework.web.context.support.GenericWebApplicationContext@41c07648'
2024-10-28T22:56:26.110-03:00 DEBUG 17164 --- [seguridad-calidad-back] [           main] o.s.b.f.s.DefaultListableBeanFactory     : Autowiring by type from bean name 'org.springframework.boot.autoconfigure.ssl.SslAutoConfiguration' via constructor to bean named 'spring.ssl-org.springframework.boot.autoconfigure.ssl.SslProperties'
2024-10-28T22:56:26.112-03:00 DEBUG 17164 --- [seguridad-calidad-back] [           main] o.s.b.f.s.DefaultListableBeanFactory     : Creating shared instance of singleton bean 'fileWatcher'
2024-10-28T22:56:26.115-03:00 DEBUG 17164 --- [seguridad-calidad-back] [           main] o.s.b.f.s.DefaultListableBeanFactory     : Creating shared instance of singleton bean 'sslPropertiesSslBundleRegistrar'
2024-10-28T22:56:26.115-03:00 DEBUG 17164 --- [seguridad-calidad-back] [           main] o.s.b.f.s.DefaultListableBeanFactory     : Autowiring by type from bean name 'sslPropertiesSslBundleRegistrar' via factory method to bean named 'fileWatcher'
2024-10-28T22:56:26.120-03:00 DEBUG 17164 --- [seguridad-calidad-back] [           main] o.s.b.f.s.DefaultListableBeanFactory     : Creating shared instance of singleton bean 'sslBundleRegistry'
2024-10-28T22:56:26.127-03:00 DEBUG 17164 --- [seguridad-calidad-back] [           main] o.s.b.f.s.DefaultListableBeanFactory     : Creating shared instance of singleton bean 'org.springframework.boot.context.properties.EnableConfigurationPropertiesRegistrar.methodValidationExcludeFilter'
2024-10-28T22:56:26.129-03:00 DEBUG 17164 --- [seguridad-calidad-back] [           main] o.s.b.f.s.DefaultListableBeanFactory     : Creating shared instance of singleton bean 'org.springframework.boot.autoconfigure.websocket.servlet.WebSocketServletAutoConfiguration$TomcatWebSocketConfiguration'
2024-10-28T22:56:26.130-03:00 DEBUG 17164 --- [seguridad-calidad-back] [           main] o.s.b.f.s.DefaultListableBeanFactory     : Creating shared instance of singleton bean 'websocketServletWebServerCustomizer'
2024-10-28T22:56:26.132-03:00 DEBUG 17164 --- [seguridad-calidad-back] [           main] o.s.b.f.s.DefaultListableBeanFactory     : Creating shared instance of singleton bean 'org.springframework.boot.autoconfigure.websocket.servlet.WebSocketServletAutoConfiguration'
2024-10-28T22:56:26.132-03:00 DEBUG 17164 --- [seguridad-calidad-back] [           main] o.s.b.f.s.DefaultListableBeanFactory     : Creating shared instance of singleton bean 'org.springframework.boot.autoconfigure.web.servlet.ServletWebServerFactoryConfiguration$EmbeddedTomcat'
2024-10-28T22:56:26.132-03:00 DEBUG 17164 --- [seguridad-calidad-back] [           main] o.s.b.f.s.DefaultListableBeanFactory     : Creating shared instance of singleton bean 'tomcatServletWebServerFactory'
2024-10-28T22:56:26.165-03:00 DEBUG 17164 --- [seguridad-calidad-back] [           main] o.a.catalina.core.AprLifecycleListener   : The Apache Tomcat Native library could not be found using names [tcnative-2, libtcnative-2, tcnative-1, libtcnative-1] on the java.library.path [C:\Program Files\Java\jdk-21\bin;C:\windows\Sun\Java\bin;C:\windows\system32;C:\windows;C:\Program Files\Common Files\Oracle\Java\javapath;C:\Python310\Scripts\;C:\Python310\;C:\Program Files\Zulu\zulu-16\bin\;C:\Program Files (x86)\Common Files\Oracle\Java\javapath;C:\ProgramData\Oracle\Java\javapath;C:\windows\system32;C:\windows;C:\windows\System32\Wbem;C:\windows\System32\WindowsPowerShell\v1.0\;C:\windows\System32\OpenSSH\;C:\Program Files (x86)\NVIDIA Corporation\PhysX\Common;C:\Program Files\NVIDIA Corporation\NVIDIA NvDLISR;C:\Program Files\Microsoft SQL Server\130\Tools\Binn\;C:\Program Files\PuTTY\;C:\ProgramData\chocolatey\bin;C:\Program Files\Amazon\AWSCLIV2\;C:\Program Files\Docker\Docker\resources\bin;C:\Program Files\Git\cmd;C:\xampp\php;C:\ProgramData\ComposerSetup\bin;C:\Program Files\Java\jdk-21;C:\Program Files\HP\HP One Agent;C:\Program Files\Maven\apache-maven-3.9.6\bin;G:\nodejs\;C:\Users\jorgs\AppData\Local\Programs\Python\Python311\Scripts\;C:\Users\jorgs\AppData\Local\Programs\Python\Python311\;C:\Users\jorgs\AppData\Local\Microsoft\WindowsApps;C:\Users\jorgs\AppData\Local\Programs\Microsoft VS Code\bin;C:\Users\jorgs\AppData\Roaming\Composer\vendor\bin;C:\Users\jorgs\AppData\Roaming\npm;.]. The errors reported were [Can't load library: H:\Duoc\SEGURIDAD Y CALIDAD EN EL DESARROLLO DE SOFTWARE\S2\seguridad-calidad-back\bin\tcnative-2.dll, Can't load library: H:\Duoc\SEGURIDAD Y CALIDAD EN EL DESARROLLO DE SOFTWARE\S2\seguridad-calidad-back\bin\libtcnative-2.dll, Can't load library: H:\Duoc\SEGURIDAD Y CALIDAD EN EL DESARROLLO DE SOFTWARE\S2\seguridad-calidad-back\bin\tcnative-1.dll, Can't load library: H:\Duoc\SEGURIDAD Y CALIDAD EN EL DESARROLLO DE SOFTWARE\S2\seguridad-calidad-back\bin\libtcnative-1.dll, no tcnative-2 in java.library.path: C:\Program Files\Java\jdk-21\bin;C:\windows\Sun\Java\bin;C:\windows\system32;C:\windows;C:\Program Files\Common Files\Oracle\Java\javapath;C:\Python310\Scripts\;C:\Python310\;C:\Program Files\Zulu\zulu-16\bin\;C:\Program Files (x86)\Common Files\Oracle\Java\javapath;C:\ProgramData\Oracle\Java\javapath;C:\windows\system32;C:\windows;C:\windows\System32\Wbem;C:\windows\System32\WindowsPowerShell\v1.0\;C:\windows\System32\OpenSSH\;C:\Program Files (x86)\NVIDIA Corporation\PhysX\Common;C:\Program Files\NVIDIA Corporation\NVIDIA NvDLISR;C:\Program Files\Microsoft SQL Server\130\Tools\Binn\;C:\Program Files\PuTTY\;C:\ProgramData\chocolatey\bin;C:\Program Files\Amazon\AWSCLIV2\;C:\Program Files\Docker\Docker\resources\bin;C:\Program Files\Git\cmd;C:\xampp\php;C:\ProgramData\ComposerSetup\bin;C:\Program Files\Java\jdk-21;C:\Program Files\HP\HP One Agent;C:\Program Files\Maven\apache-maven-3.9.6\bin;G:\nodejs\;C:\Users\jorgs\AppData\Local\Programs\Python\Python311\Scripts\;C:\Users\jorgs\AppData\Local\Programs\Python\Python311\;C:\Users\jorgs\AppData\Local\Microsoft\WindowsApps;C:\Users\jorgs\AppData\Local\Programs\Microsoft VS Code\bin;C:\Users\jorgs\AppData\Roaming\Composer\vendor\bin;C:\Users\jorgs\AppData\Roaming\npm;., no libtcnative-2 in java.library.path: C:\Program Files\Java\jdk-21\bin;C:\windows\Sun\Java\bin;C:\windows\system32;C:\windows;C:\Program Files\Common Files\Oracle\Java\javapath;C:\Python310\Scripts\;C:\Python310\;C:\Program Files\Zulu\zulu-16\bin\;C:\Program Files (x86)\Common Files\Oracle\Java\javapath;C:\ProgramData\Oracle\Java\javapath;C:\windows\system32;C:\windows;C:\windows\System32\Wbem;C:\windows\System32\WindowsPowerShell\v1.0\;C:\windows\System32\OpenSSH\;C:\Program Files (x86)\NVIDIA Corporation\PhysX\Common;C:\Program Files\NVIDIA Corporation\NVIDIA NvDLISR;C:\Program Files\Microsoft SQL Server\130\Tools\Binn\;C:\Program Files\PuTTY\;C:\ProgramData\chocolatey\bin;C:\Program Files\Amazon\AWSCLIV2\;C:\Program Files\Docker\Docker\resources\bin;C:\Program Files\Git\cmd;C:\xampp\php;C:\ProgramData\ComposerSetup\bin;C:\Program Files\Java\jdk-21;C:\Program Files\HP\HP One Agent;C:\Program Files\Maven\apache-maven-3.9.6\bin;G:\nodejs\;C:\Users\jorgs\AppData\Local\Programs\Python\Python311\Scripts\;C:\Users\jorgs\AppData\Local\Programs\Python\Python311\;C:\Users\jorgs\AppData\Local\Microsoft\WindowsApps;C:\Users\jorgs\AppData\Local\Programs\Microsoft VS Code\bin;C:\Users\jorgs\AppData\Roaming\Composer\vendor\bin;C:\Users\jorgs\AppData\Roaming\npm;., no tcnative-1 in java.library.path: C:\Program Files\Java\jdk-21\bin;C:\windows\Sun\Java\bin;C:\windows\system32;C:\windows;C:\Program Files\Common Files\Oracle\Java\javapath;C:\Python310\Scripts\;C:\Python310\;C:\Program Files\Zulu\zulu-16\bin\;C:\Program Files (x86)\Common Files\Oracle\Java\javapath;C:\ProgramData\Oracle\Java\javapath;C:\windows\system32;C:\windows;C:\windows\System32\Wbem;C:\windows\System32\WindowsPowerShell\v1.0\;C:\windows\System32\OpenSSH\;C:\Program Files (x86)\NVIDIA Corporation\PhysX\Common;C:\Program Files\NVIDIA Corporation\NVIDIA NvDLISR;C:\Program Files\Microsoft SQL Server\130\Tools\Binn\;C:\Program Files\PuTTY\;C:\ProgramData\chocolatey\bin;C:\Program Files\Amazon\AWSCLIV2\;C:\Program Files\Docker\Docker\resources\bin;C:\Program Files\Git\cmd;C:\xampp\php;C:\ProgramData\ComposerSetup\bin;C:\Program Files\Java\jdk-21;C:\Program Files\HP\HP One Agent;C:\Program Files\Maven\apache-maven-3.9.6\bin;G:\nodejs\;C:\Users\jorgs\AppData\Local\Programs\Python\Python311\Scripts\;C:\Users\jorgs\AppData\Local\Programs\Python\Python311\;C:\Users\jorgs\AppData\Local\Microsoft\WindowsApps;C:\Users\jorgs\AppData\Local\Programs\Microsoft VS Code\bin;C:\Users\jorgs\AppData\Roaming\Composer\vendor\bin;C:\Users\jorgs\AppData\Roaming\npm;., no libtcnative-1 in java.library.path: C:\Program Files\Java\jdk-21\bin;C:\windows\Sun\Java\bin;C:\windows\system32;C:\windows;C:\Program Files\Common Files\Oracle\Java\javapath;C:\Python310\Scripts\;C:\Python310\;C:\Program Files\Zulu\zulu-16\bin\;C:\Program Files (x86)\Common Files\Oracle\Java\javapath;C:\ProgramData\Oracle\Java\javapath;C:\windows\system32;C:\windows;C:\windows\System32\Wbem;C:\windows\System32\WindowsPowerShell\v1.0\;C:\windows\System32\OpenSSH\;C:\Program Files (x86)\NVIDIA Corporation\PhysX\Common;C:\Program Files\NVIDIA Corporation\NVIDIA NvDLISR;C:\Program Files\Microsoft SQL Server\130\Tools\Binn\;C:\Program Files\PuTTY\;C:\ProgramData\chocolatey\bin;C:\Program Files\Amazon\AWSCLIV2\;C:\Program Files\Docker\Docker\resources\bin;C:\Program Files\Git\cmd;C:\xampp\php;C:\ProgramData\ComposerSetup\bin;C:\Program Files\Java\jdk-21;C:\Program Files\HP\HP One Agent;C:\Program Files\Maven\apache-maven-3.9.6\bin;G:\nodejs\;C:\Users\jorgs\AppData\Local\Programs\Python\Python311\Scripts\;C:\Users\jorgs\AppData\Local\Programs\Python\Python311\;C:\Users\jorgs\AppData\Local\Microsoft\WindowsApps;C:\Users\jorgs\AppData\Local\Programs\Microsoft VS Code\bin;C:\Users\jorgs\AppData\Roaming\Composer\vendor\bin;C:\Users\jorgs\AppData\Roaming\npm;.]

org.apache.tomcat.jni.LibraryNotFoundError: Can't load library: H:\Duoc\SEGURIDAD Y CALIDAD EN EL DESARROLLO DE SOFTWARE\S2\seguridad-calidad-back\bin\tcnative-2.dll, Can't load library: H:\Duoc\SEGURIDAD Y CALIDAD EN EL DESARROLLO DE SOFTWARE\S2\seguridad-calidad-back\bin\libtcnative-2.dll, Can't load library: H:\Duoc\SEGURIDAD Y CALIDAD EN EL DESARROLLO DE SOFTWARE\S2\seguridad-calidad-back\bin\tcnative-1.dll, Can't load library: H:\Duoc\SEGURIDAD Y CALIDAD EN EL DESARROLLO DE SOFTWARE\S2\seguridad-calidad-back\bin\libtcnative-1.dll, no tcnative-2 in java.library.path: C:\Program Files\Java\jdk-21\bin;C:\windows\Sun\Java\bin;C:\windows\system32;C:\windows;C:\Program Files\Common Files\Oracle\Java\javapath;C:\Python310\Scripts\;C:\Python310\;C:\Program Files\Zulu\zulu-16\bin\;C:\Program Files (x86)\Common Files\Oracle\Java\javapath;C:\ProgramData\Oracle\Java\javapath;C:\windows\system32;C:\windows;C:\windows\System32\Wbem;C:\windows\System32\WindowsPowerShell\v1.0\;C:\windows\System32\OpenSSH\;C:\Program Files (x86)\NVIDIA Corporation\PhysX\Common;C:\Program Files\NVIDIA Corporation\NVIDIA NvDLISR;C:\Program Files\Microsoft SQL Server\130\Tools\Binn\;C:\Program Files\PuTTY\;C:\ProgramData\chocolatey\bin;C:\Program Files\Amazon\AWSCLIV2\;C:\Program Files\Docker\Docker\resources\bin;C:\Program Files\Git\cmd;C:\xampp\php;C:\ProgramData\ComposerSetup\bin;C:\Program Files\Java\jdk-21;C:\Program Files\HP\HP One Agent;C:\Program Files\Maven\apache-maven-3.9.6\bin;G:\nodejs\;C:\Users\jorgs\AppData\Local\Programs\Python\Python311\Scripts\;C:\Users\jorgs\AppData\Local\Programs\Python\Python311\;C:\Users\jorgs\AppData\Local\Microsoft\WindowsApps;C:\Users\jorgs\AppData\Local\Programs\Microsoft VS Code\bin;C:\Users\jorgs\AppData\Roaming\Composer\vendor\bin;C:\Users\jorgs\AppData\Roaming\npm;., no libtcnative-2 in java.library.path: C:\Program Files\Java\jdk-21\bin;C:\windows\Sun\Java\bin;C:\windows\system32;C:\windows;C:\Program Files\Common Files\Oracle\Java\javapath;C:\Python310\Scripts\;C:\Python310\;C:\Program Files\Zulu\zulu-16\bin\;C:\Program Files (x86)\Common Files\Oracle\Java\javapath;C:\ProgramData\Oracle\Java\javapath;C:\windows\system32;C:\windows;C:\windows\System32\Wbem;C:\windows\System32\WindowsPowerShell\v1.0\;C:\windows\System32\OpenSSH\;C:\Program Files (x86)\NVIDIA Corporation\PhysX\Common;C:\Program Files\NVIDIA Corporation\NVIDIA NvDLISR;C:\Program Files\Microsoft SQL Server\130\Tools\Binn\;C:\Program Files\PuTTY\;C:\ProgramData\chocolatey\bin;C:\Program Files\Amazon\AWSCLIV2\;C:\Program Files\Docker\Docker\resources\bin;C:\Program Files\Git\cmd;C:\xampp\php;C:\ProgramData\ComposerSetup\bin;C:\Program Files\Java\jdk-21;C:\Program Files\HP\HP One Agent;C:\Program Files\Maven\apache-maven-3.9.6\bin;G:\nodejs\;C:\Users\jorgs\AppData\Local\Programs\Python\Python311\Scripts\;C:\Users\jorgs\AppData\Local\Programs\Python\Python311\;C:\Users\jorgs\AppData\Local\Microsoft\WindowsApps;C:\Users\jorgs\AppData\Local\Programs\Microsoft VS Code\bin;C:\Users\jorgs\AppData\Roaming\Composer\vendor\bin;C:\Users\jorgs\AppData\Roaming\npm;., no tcnative-1 in java.library.path: C:\Program Files\Java\jdk-21\bin;C:\windows\Sun\Java\bin;C:\windows\system32;C:\windows;C:\Program Files\Common Files\Oracle\Java\javapath;C:\Python310\Scripts\;C:\Python310\;C:\Program Files\Zulu\zulu-16\bin\;C:\Program Files (x86)\Common Files\Oracle\Java\javapath;C:\ProgramData\Oracle\Java\javapath;C:\windows\system32;C:\windows;C:\windows\System32\Wbem;C:\windows\System32\WindowsPowerShell\v1.0\;C:\windows\System32\OpenSSH\;C:\Program Files (x86)\NVIDIA Corporation\PhysX\Common;C:\Program Files\NVIDIA Corporation\NVIDIA NvDLISR;C:\Program Files\Microsoft SQL Server\130\Tools\Binn\;C:\Program Files\PuTTY\;C:\ProgramData\chocolatey\bin;C:\Program Files\Amazon\AWSCLIV2\;C:\Program Files\Docker\Docker\resources\bin;C:\Program Files\Git\cmd;C:\xampp\php;C:\ProgramData\ComposerSetup\bin;C:\Program Files\Java\jdk-21;C:\Program Files\HP\HP One Agent;C:\Program Files\Maven\apache-maven-3.9.6\bin;G:\nodejs\;C:\Users\jorgs\AppData\Local\Programs\Python\Python311\Scripts\;C:\Users\jorgs\AppData\Local\Programs\Python\Python311\;C:\Users\jorgs\AppData\Local\Microsoft\WindowsApps;C:\Users\jorgs\AppData\Local\Programs\Microsoft VS Code\bin;C:\Users\jorgs\AppData\Roaming\Composer\vendor\bin;C:\Users\jorgs\AppData\Roaming\npm;., no libtcnative-1 in java.library.path: C:\Program Files\Java\jdk-21\bin;C:\windows\Sun\Java\bin;C:\windows\system32;C:\windows;C:\Program Files\Common Files\Oracle\Java\javapath;C:\Python310\Scripts\;C:\Python310\;C:\Program Files\Zulu\zulu-16\bin\;C:\Program Files (x86)\Common Files\Oracle\Java\javapath;C:\ProgramData\Oracle\Java\javapath;C:\windows\system32;C:\windows;C:\windows\System32\Wbem;C:\windows\System32\WindowsPowerShell\v1.0\;C:\windows\System32\OpenSSH\;C:\Program Files (x86)\NVIDIA Corporation\PhysX\Common;C:\Program Files\NVIDIA Corporation\NVIDIA NvDLISR;C:\Program Files\Microsoft SQL Server\130\Tools\Binn\;C:\Program Files\PuTTY\;C:\ProgramData\chocolatey\bin;C:\Program Files\Amazon\AWSCLIV2\;C:\Program Files\Docker\Docker\resources\bin;C:\Program Files\Git\cmd;C:\xampp\php;C:\ProgramData\ComposerSetup\bin;C:\Program Files\Java\jdk-21;C:\Program Files\HP\HP One Agent;C:\Program Files\Maven\apache-maven-3.9.6\bin;G:\nodejs\;C:\Users\jorgs\AppData\Local\Programs\Python\Python311\Scripts\;C:\Users\jorgs\AppData\Local\Programs\Python\Python311\;C:\Users\jorgs\AppData\Local\Microsoft\WindowsApps;C:\Users\jorgs\AppData\Local\Programs\Microsoft VS Code\bin;C:\Users\jorgs\AppData\Roaming\Composer\vendor\bin;C:\Users\jorgs\AppData\Roaming\npm;.
	at org.apache.tomcat.jni.Library.<init>(Library.java:91) ~[tomcat-embed-core-10.1.31.jar:10.1.31]
	at org.apache.tomcat.jni.Library.initialize(Library.java:147) ~[tomcat-embed-core-10.1.31.jar:10.1.31]
	at org.apache.catalina.core.AprLifecycleListener.init(AprLifecycleListener.java:211) ~[tomcat-embed-core-10.1.31.jar:10.1.31]
	at org.apache.catalina.core.AprLifecycleListener.isAprAvailable(AprLifecycleListener.java:113) ~[tomcat-embed-core-10.1.31.jar:10.1.31]
	at org.springframework.boot.web.embedded.tomcat.TomcatServletWebServerFactory.getDefaultServerLifecycleListeners(TomcatServletWebServerFactory.java:191) ~[spring-boot-3.3.5.jar:3.3.5]
	at org.springframework.boot.web.embedded.tomcat.TomcatServletWebServerFactory.<init>(TomcatServletWebServerFactory.java:138) ~[spring-boot-3.3.5.jar:3.3.5]
	at org.springframework.boot.autoconfigure.web.servlet.ServletWebServerFactoryConfiguration$EmbeddedTomcat.tomcatServletWebServerFactory(ServletWebServerFactoryConfiguration.java:73) ~[spring-boot-autoconfigure-3.3.5.jar:3.3.5]
	at java.base/jdk.internal.reflect.DirectMethodHandleAccessor.invoke(DirectMethodHandleAccessor.java:103) ~[na:na]
	at java.base/java.lang.reflect.Method.invoke(Method.java:580) ~[na:na]
	at org.springframework.beans.factory.support.SimpleInstantiationStrategy.instantiate(SimpleInstantiationStrategy.java:146) ~[spring-beans-6.1.14.jar:6.1.14]
	at org.springframework.beans.factory.support.ConstructorResolver.instantiate(ConstructorResolver.java:644) ~[spring-beans-6.1.14.jar:6.1.14]
	at org.springframework.beans.factory.support.ConstructorResolver.instantiateUsingFactoryMethod(ConstructorResolver.java:636) ~[spring-beans-6.1.14.jar:6.1.14]
	at org.springframework.beans.factory.support.AbstractAutowireCapableBeanFactory.instantiateUsingFactoryMethod(AbstractAutowireCapableBeanFactory.java:1355) ~[spring-beans-6.1.14.jar:6.1.14]
	at org.springframework.beans.factory.support.AbstractAutowireCapableBeanFactory.createBeanInstance(AbstractAutowireCapableBeanFactory.java:1185) ~[spring-beans-6.1.14.jar:6.1.14]
	at org.springframework.beans.factory.support.AbstractAutowireCapableBeanFactory.doCreateBean(AbstractAutowireCapableBeanFactory.java:562) ~[spring-beans-6.1.14.jar:6.1.14]
	at org.springframework.beans.factory.support.AbstractAutowireCapableBeanFactory.createBean(AbstractAutowireCapableBeanFactory.java:522) ~[spring-beans-6.1.14.jar:6.1.14]
	at org.springframework.beans.factory.support.AbstractBeanFactory.lambda$doGetBean$0(AbstractBeanFactory.java:337) ~[spring-beans-6.1.14.jar:6.1.14]
	at org.springframework.beans.factory.support.DefaultSingletonBeanRegistry.getSingleton(DefaultSingletonBeanRegistry.java:234) ~[spring-beans-6.1.14.jar:6.1.14]
	at org.springframework.beans.factory.support.AbstractBeanFactory.doGetBean(AbstractBeanFactory.java:335) ~[spring-beans-6.1.14.jar:6.1.14]
	at org.springframework.beans.factory.support.AbstractBeanFactory.getBean(AbstractBeanFactory.java:200) ~[spring-beans-6.1.14.jar:6.1.14]
	at org.springframework.beans.factory.support.DefaultListableBeanFactory.preInstantiateSingletons(DefaultListableBeanFactory.java:975) ~[spring-beans-6.1.14.jar:6.1.14]
	at org.springframework.context.support.AbstractApplicationContext.finishBeanFactoryInitialization(AbstractApplicationContext.java:971) ~[spring-context-6.1.14.jar:6.1.14]
	at org.springframework.context.support.AbstractApplicationContext.refresh(AbstractApplicationContext.java:625) ~[spring-context-6.1.14.jar:6.1.14]
	at org.springframework.boot.SpringApplication.refresh(SpringApplication.java:754) ~[spring-boot-3.3.5.jar:3.3.5]
	at org.springframework.boot.SpringApplication.refreshContext(SpringApplication.java:456) ~[spring-boot-3.3.5.jar:3.3.5]
	at org.springframework.boot.SpringApplication.run(SpringApplication.java:335) ~[spring-boot-3.3.5.jar:3.3.5]
	at org.springframework.boot.test.context.SpringBootContextLoader.lambda$loadContext$3(SpringBootContextLoader.java:137) ~[spring-boot-test-3.3.5.jar:3.3.5]
	at org.springframework.util.function.ThrowingSupplier.get(ThrowingSupplier.java:58) ~[spring-core-6.1.14.jar:6.1.14]
	at org.springframework.util.function.ThrowingSupplier.get(ThrowingSupplier.java:46) ~[spring-core-6.1.14.jar:6.1.14]
	at org.springframework.boot.SpringApplication.withHook(SpringApplication.java:1463) ~[spring-boot-3.3.5.jar:3.3.5]
	at org.springframework.boot.test.context.SpringBootContextLoader$ContextLoaderHook.run(SpringBootContextLoader.java:553) ~[spring-boot-test-3.3.5.jar:3.3.5]
	at org.springframework.boot.test.context.SpringBootContextLoader.loadContext(SpringBootContextLoader.java:137) ~[spring-boot-test-3.3.5.jar:3.3.5]
	at org.springframework.boot.test.context.SpringBootContextLoader.loadContext(SpringBootContextLoader.java:108) ~[spring-boot-test-3.3.5.jar:3.3.5]
	at org.springframework.test.context.cache.DefaultCacheAwareContextLoaderDelegate.loadContextInternal(DefaultCacheAwareContextLoaderDelegate.java:225) ~[spring-test-6.1.14.jar:6.1.14]
	at org.springframework.test.context.cache.DefaultCacheAwareContextLoaderDelegate.loadContext(DefaultCacheAwareContextLoaderDelegate.java:152) ~[spring-test-6.1.14.jar:6.1.14]
	at org.springframework.test.context.support.DefaultTestContext.getApplicationContext(DefaultTestContext.java:130) ~[spring-test-6.1.14.jar:6.1.14]
	at org.springframework.test.context.web.ServletTestExecutionListener.setUpRequestContextIfNecessary(ServletTestExecutionListener.java:191) ~[spring-test-6.1.14.jar:6.1.14]
	at org.springframework.test.context.web.ServletTestExecutionListener.prepareTestInstance(ServletTestExecutionListener.java:130) ~[spring-test-6.1.14.jar:6.1.14]
	at org.springframework.test.context.TestContextManager.prepareTestInstance(TestContextManager.java:260) ~[spring-test-6.1.14.jar:6.1.14]
	at org.springframework.test.context.junit.jupiter.SpringExtension.postProcessTestInstance(SpringExtension.java:163) ~[spring-test-6.1.14.jar:6.1.14]
	at org.junit.jupiter.engine.descriptor.ClassBasedTestDescriptor.lambda$invokeTestInstancePostProcessors$10(ClassBasedTestDescriptor.java:378) ~[junit-jupiter-engine-5.10.5.jar:5.10.5]
	at org.junit.jupiter.engine.descriptor.ClassBasedTestDescriptor.executeAndMaskThrowable(ClassBasedTestDescriptor.java:383) ~[junit-jupiter-engine-5.10.5.jar:5.10.5]
	at org.junit.jupiter.engine.descriptor.ClassBasedTestDescriptor.lambda$invokeTestInstancePostProcessors$11(ClassBasedTestDescriptor.java:378) ~[junit-jupiter-engine-5.10.5.jar:5.10.5]
	at java.base/java.util.stream.ReferencePipeline$3$1.accept(ReferencePipeline.java:197) ~[na:na]
	at java.base/java.util.stream.ReferencePipeline$2$1.accept(ReferencePipeline.java:179) ~[na:na]
	at java.base/java.util.ArrayList$ArrayListSpliterator.forEachRemaining(ArrayList.java:1708) ~[na:na]
	at java.base/java.util.stream.AbstractPipeline.copyInto(AbstractPipeline.java:509) ~[na:na]
	at java.base/java.util.stream.AbstractPipeline.wrapAndCopyInto(AbstractPipeline.java:499) ~[na:na]
	at java.base/java.util.stream.StreamSpliterators$WrappingSpliterator.forEachRemaining(StreamSpliterators.java:310) ~[na:na]
	at java.base/java.util.stream.Streams$ConcatSpliterator.forEachRemaining(Streams.java:735) ~[na:na]
	at java.base/java.util.stream.Streams$ConcatSpliterator.forEachRemaining(Streams.java:734) ~[na:na]
	at java.base/java.util.stream.ReferencePipeline$Head.forEach(ReferencePipeline.java:762) ~[na:na]
	at org.junit.jupiter.engine.descriptor.ClassBasedTestDescriptor.invokeTestInstancePostProcessors(ClassBasedTestDescriptor.java:377) ~[junit-jupiter-engine-5.10.5.jar:5.10.5]
	at org.junit.jupiter.engine.descriptor.ClassBasedTestDescriptor.lambda$instantiateAndPostProcessTestInstance$6(ClassBasedTestDescriptor.java:290) ~[junit-jupiter-engine-5.10.5.jar:5.10.5]
	at org.junit.platform.engine.support.hierarchical.ThrowableCollector.execute(ThrowableCollector.java:73) ~[junit-platform-engine-1.10.5.jar:1.10.5]
	at org.junit.jupiter.engine.descriptor.ClassBasedTestDescriptor.instantiateAndPostProcessTestInstance(ClassBasedTestDescriptor.java:289) ~[junit-jupiter-engine-5.10.5.jar:5.10.5]
	at org.junit.jupiter.engine.descriptor.ClassBasedTestDescriptor.lambda$testInstancesProvider$4(ClassBasedTestDescriptor.java:279) ~[junit-jupiter-engine-5.10.5.jar:5.10.5]
	at java.base/java.util.Optional.orElseGet(Optional.java:364) ~[na:na]
	at org.junit.jupiter.engine.descriptor.ClassBasedTestDescriptor.lambda$testInstancesProvider$5(ClassBasedTestDescriptor.java:278) ~[junit-jupiter-engine-5.10.5.jar:5.10.5]
	at org.junit.jupiter.engine.execution.TestInstancesProvider.getTestInstances(TestInstancesProvider.java:31) ~[junit-jupiter-engine-5.10.5.jar:5.10.5]
	at org.junit.jupiter.engine.descriptor.TestMethodTestDescriptor.lambda$prepare$0(TestMethodTestDescriptor.java:106) ~[junit-jupiter-engine-5.10.5.jar:5.10.5]
	at org.junit.platform.engine.support.hierarchical.ThrowableCollector.execute(ThrowableCollector.java:73) ~[junit-platform-engine-1.10.5.jar:1.10.5]
	at org.junit.jupiter.engine.descriptor.TestMethodTestDescriptor.prepare(TestMethodTestDescriptor.java:105) ~[junit-jupiter-engine-5.10.5.jar:5.10.5]
	at org.junit.jupiter.engine.descriptor.TestMethodTestDescriptor.prepare(TestMethodTestDescriptor.java:69) ~[junit-jupiter-engine-5.10.5.jar:5.10.5]
	at org.junit.platform.engine.support.hierarchical.NodeTestTask.lambda$prepare$2(NodeTestTask.java:128) ~[junit-platform-engine-1.10.5.jar:1.10.5]
	at org.junit.platform.engine.support.hierarchical.ThrowableCollector.execute(ThrowableCollector.java:73) ~[junit-platform-engine-1.10.5.jar:1.10.5]
	at org.junit.platform.engine.support.hierarchical.NodeTestTask.prepare(NodeTestTask.java:128) ~[junit-platform-engine-1.10.5.jar:1.10.5]
	at org.junit.platform.engine.support.hierarchical.NodeTestTask.execute(NodeTestTask.java:95) ~[junit-platform-engine-1.10.5.jar:1.10.5]
	at java.base/java.util.ArrayList.forEach(ArrayList.java:1596) ~[na:na]
	at org.junit.platform.engine.support.hierarchical.SameThreadHierarchicalTestExecutorService.invokeAll(SameThreadHierarchicalTestExecutorService.java:41) ~[junit-platform-engine-1.10.5.jar:1.10.5]
	at org.junit.platform.engine.support.hierarchical.NodeTestTask.lambda$executeRecursively$6(NodeTestTask.java:160) ~[junit-platform-engine-1.10.5.jar:1.10.5]
	at org.junit.platform.engine.support.hierarchical.ThrowableCollector.execute(ThrowableCollector.java:73) ~[junit-platform-engine-1.10.5.jar:1.10.5]
	at org.junit.platform.engine.support.hierarchical.NodeTestTask.lambda$executeRecursively$8(NodeTestTask.java:146) ~[junit-platform-engine-1.10.5.jar:1.10.5]
	at org.junit.platform.engine.support.hierarchical.Node.around(Node.java:137) ~[junit-platform-engine-1.10.5.jar:1.10.5]
	at org.junit.platform.engine.support.hierarchical.NodeTestTask.lambda$executeRecursively$9(NodeTestTask.java:144) ~[junit-platform-engine-1.10.5.jar:1.10.5]
	at org.junit.platform.engine.support.hierarchical.ThrowableCollector.execute(ThrowableCollector.java:73) ~[junit-platform-engine-1.10.5.jar:1.10.5]
	at org.junit.platform.engine.support.hierarchical.NodeTestTask.executeRecursively(NodeTestTask.java:143) ~[junit-platform-engine-1.10.5.jar:1.10.5]
	at org.junit.platform.engine.support.hierarchical.NodeTestTask.execute(NodeTestTask.java:100) ~[junit-platform-engine-1.10.5.jar:1.10.5]
	at java.base/java.util.ArrayList.forEach(ArrayList.java:1596) ~[na:na]
	at org.junit.platform.engine.support.hierarchical.SameThreadHierarchicalTestExecutorService.invokeAll(SameThreadHierarchicalTestExecutorService.java:41) ~[junit-platform-engine-1.10.5.jar:1.10.5]
	at org.junit.platform.engine.support.hierarchical.NodeTestTask.lambda$executeRecursively$6(NodeTestTask.java:160) ~[junit-platform-engine-1.10.5.jar:1.10.5]
	at org.junit.platform.engine.support.hierarchical.ThrowableCollector.execute(ThrowableCollector.java:73) ~[junit-platform-engine-1.10.5.jar:1.10.5]
	at org.junit.platform.engine.support.hierarchical.NodeTestTask.lambda$executeRecursively$8(NodeTestTask.java:146) ~[junit-platform-engine-1.10.5.jar:1.10.5]
	at org.junit.platform.engine.support.hierarchical.Node.around(Node.java:137) ~[junit-platform-engine-1.10.5.jar:1.10.5]
	at org.junit.platform.engine.support.hierarchical.NodeTestTask.lambda$executeRecursively$9(NodeTestTask.java:144) ~[junit-platform-engine-1.10.5.jar:1.10.5]
	at org.junit.platform.engine.support.hierarchical.ThrowableCollector.execute(ThrowableCollector.java:73) ~[junit-platform-engine-1.10.5.jar:1.10.5]
	at org.junit.platform.engine.support.hierarchical.NodeTestTask.executeRecursively(NodeTestTask.java:143) ~[junit-platform-engine-1.10.5.jar:1.10.5]
	at org.junit.platform.engine.support.hierarchical.NodeTestTask.execute(NodeTestTask.java:100) ~[junit-platform-engine-1.10.5.jar:1.10.5]
	at org.junit.platform.engine.support.hierarchical.SameThreadHierarchicalTestExecutorService.submit(SameThreadHierarchicalTestExecutorService.java:35) ~[junit-platform-engine-1.10.5.jar:1.10.5]
	at org.junit.platform.engine.support.hierarchical.HierarchicalTestExecutor.execute(HierarchicalTestExecutor.java:57) ~[junit-platform-engine-1.10.5.jar:1.10.5]
	at org.junit.platform.engine.support.hierarchical.HierarchicalTestEngine.execute(HierarchicalTestEngine.java:54) ~[junit-platform-engine-1.10.5.jar:1.10.5]
	at org.junit.platform.launcher.core.EngineExecutionOrchestrator.execute(EngineExecutionOrchestrator.java:198) ~[junit-platform-launcher-1.10.5.jar:1.10.5]
	at org.junit.platform.launcher.core.EngineExecutionOrchestrator.execute(EngineExecutionOrchestrator.java:169) ~[junit-platform-launcher-1.10.5.jar:1.10.5]
	at org.junit.platform.launcher.core.EngineExecutionOrchestrator.execute(EngineExecutionOrchestrator.java:93) ~[junit-platform-launcher-1.10.5.jar:1.10.5]
	at org.junit.platform.launcher.core.EngineExecutionOrchestrator.lambda$execute$0(EngineExecutionOrchestrator.java:58) ~[junit-platform-launcher-1.10.5.jar:1.10.5]
	at org.junit.platform.launcher.core.EngineExecutionOrchestrator.withInterceptedStreams(EngineExecutionOrchestrator.java:141) ~[junit-platform-launcher-1.10.5.jar:1.10.5]
	at org.junit.platform.launcher.core.EngineExecutionOrchestrator.execute(EngineExecutionOrchestrator.java:57) ~[junit-platform-launcher-1.10.5.jar:1.10.5]
	at org.junit.platform.launcher.core.DefaultLauncher.execute(DefaultLauncher.java:103) ~[junit-platform-launcher-1.10.5.jar:1.10.5]
	at org.junit.platform.launcher.core.DefaultLauncher.execute(DefaultLauncher.java:85) ~[junit-platform-launcher-1.10.5.jar:1.10.5]
	at org.junit.platform.launcher.core.DelegatingLauncher.execute(DelegatingLauncher.java:47) ~[junit-platform-launcher-1.10.5.jar:1.10.5]
	at org.apache.maven.surefire.junitplatform.LazyLauncher.execute(LazyLauncher.java:56) ~[surefire-junit-platform-3.2.5.jar:3.2.5]
	at org.apache.maven.surefire.junitplatform.JUnitPlatformProvider.execute(JUnitPlatformProvider.java:184) ~[surefire-junit-platform-3.2.5.jar:3.2.5]
	at org.apache.maven.surefire.junitplatform.JUnitPlatformProvider.invokeAllTests(JUnitPlatformProvider.java:148) ~[surefire-junit-platform-3.2.5.jar:3.2.5]
	at org.apache.maven.surefire.junitplatform.JUnitPlatformProvider.invoke(JUnitPlatformProvider.java:122) ~[surefire-junit-platform-3.2.5.jar:3.2.5]
	at org.apache.maven.surefire.booter.ForkedBooter.runSuitesInProcess(ForkedBooter.java:385) ~[surefire-booter-3.2.5.jar:3.2.5]
	at org.apache.maven.surefire.booter.ForkedBooter.execute(ForkedBooter.java:162) ~[surefire-booter-3.2.5.jar:3.2.5]
	at org.apache.maven.surefire.booter.ForkedBooter.run(ForkedBooter.java:507) ~[surefire-booter-3.2.5.jar:3.2.5]
	at org.apache.maven.surefire.booter.ForkedBooter.main(ForkedBooter.java:495) ~[surefire-booter-3.2.5.jar:3.2.5]

2024-10-28T22:56:26.184-03:00 DEBUG 17164 --- [seguridad-calidad-back] [           main] o.s.b.f.s.DefaultListableBeanFactory     : Creating shared instance of singleton bean 'servletWebServerFactoryCustomizer'
2024-10-28T22:56:26.184-03:00 DEBUG 17164 --- [seguridad-calidad-back] [           main] o.s.b.f.s.DefaultListableBeanFactory     : Creating shared instance of singleton bean 'org.springframework.boot.autoconfigure.web.servlet.ServletWebServerFactoryAutoConfiguration'
2024-10-28T22:56:26.185-03:00 DEBUG 17164 --- [seguridad-calidad-back] [           main] o.s.b.f.s.DefaultListableBeanFactory     : Creating shared instance of singleton bean 'server-org.springframework.boot.autoconfigure.web.ServerProperties'
2024-10-28T22:56:26.202-03:00 DEBUG 17164 --- [seguridad-calidad-back] [           main] o.s.b.f.s.DefaultListableBeanFactory     : Autowiring by type from bean name 'servletWebServerFactoryCustomizer' via factory method to bean named 'server-org.springframework.boot.autoconfigure.web.ServerProperties'
2024-10-28T22:56:26.206-03:00 DEBUG 17164 --- [seguridad-calidad-back] [           main] o.s.b.f.s.DefaultListableBeanFactory     : Creating shared instance of singleton bean 'tomcatServletWebServerFactoryCustomizer'
2024-10-28T22:56:26.206-03:00 DEBUG 17164 --- [seguridad-calidad-back] [           main] o.s.b.f.s.DefaultListableBeanFactory     : Autowiring by type from bean name 'tomcatServletWebServerFactoryCustomizer' via factory method to bean named 'server-org.springframework.boot.autoconfigure.web.ServerProperties'
2024-10-28T22:56:26.207-03:00 DEBUG 17164 --- [seguridad-calidad-back] [           main] o.s.b.f.s.DefaultListableBeanFactory     : Creating shared instance of singleton bean 'localeCharsetMappingsCustomizer'
2024-10-28T22:56:26.207-03:00 DEBUG 17164 --- [seguridad-calidad-back] [           main] o.s.b.f.s.DefaultListableBeanFactory     : Creating shared instance of singleton bean 'org.springframework.boot.autoconfigure.web.servlet.HttpEncodingAutoConfiguration'
2024-10-28T22:56:26.207-03:00 DEBUG 17164 --- [seguridad-calidad-back] [           main] o.s.b.f.s.DefaultListableBeanFactory     : Autowiring by type from bean name 'org.springframework.boot.autoconfigure.web.servlet.HttpEncodingAutoConfiguration' via constructor to bean named 'server-org.springframework.boot.autoconfigure.web.ServerProperties'
2024-10-28T22:56:26.225-03:00 DEBUG 17164 --- [seguridad-calidad-back] [           main] o.s.b.f.s.DefaultListableBeanFactory     : Creating shared instance of singleton bean 'errorPageCustomizer'
2024-10-28T22:56:26.225-03:00 DEBUG 17164 --- [seguridad-calidad-back] [           main] o.s.b.f.s.DefaultListableBeanFactory     : Creating shared instance of singleton bean 'org.springframework.boot.autoconfigure.web.servlet.error.ErrorMvcAutoConfiguration'
2024-10-28T22:56:26.226-03:00 DEBUG 17164 --- [seguridad-calidad-back] [           main] o.s.b.f.s.DefaultListableBeanFactory     : Autowiring by type from bean name 'org.springframework.boot.autoconfigure.web.servlet.error.ErrorMvcAutoConfiguration' via constructor to bean named 'server-org.springframework.boot.autoconfigure.web.ServerProperties'
2024-10-28T22:56:26.227-03:00 DEBUG 17164 --- [seguridad-calidad-back] [           main] o.s.b.f.s.DefaultListableBeanFactory     : Creating shared instance of singleton bean 'dispatcherServletRegistration'
2024-10-28T22:56:26.227-03:00 DEBUG 17164 --- [seguridad-calidad-back] [           main] o.s.b.f.s.DefaultListableBeanFactory     : Creating shared instance of singleton bean 'org.springframework.boot.autoconfigure.web.servlet.DispatcherServletAutoConfiguration$DispatcherServletRegistrationConfiguration'
2024-10-28T22:56:26.228-03:00 DEBUG 17164 --- [seguridad-calidad-back] [           main] o.s.b.f.s.DefaultListableBeanFactory     : Creating shared instance of singleton bean 'dispatcherServlet'
2024-10-28T22:56:26.228-03:00 DEBUG 17164 --- [seguridad-calidad-back] [           main] o.s.b.f.s.DefaultListableBeanFactory     : Creating shared instance of singleton bean 'org.springframework.boot.autoconfigure.web.servlet.DispatcherServletAutoConfiguration$DispatcherServletConfiguration'
2024-10-28T22:56:26.229-03:00 DEBUG 17164 --- [seguridad-calidad-back] [           main] o.s.b.f.s.DefaultListableBeanFactory     : Creating shared instance of singleton bean 'spring.mvc-org.springframework.boot.autoconfigure.web.servlet.WebMvcProperties'
2024-10-28T22:56:26.234-03:00 DEBUG 17164 --- [seguridad-calidad-back] [           main] o.s.b.f.s.DefaultListableBeanFactory     : Autowiring by type from bean name 'dispatcherServlet' via factory method to bean named 'spring.mvc-org.springframework.boot.autoconfigure.web.servlet.WebMvcProperties'
2024-10-28T22:56:26.267-03:00 DEBUG 17164 --- [seguridad-calidad-back] [           main] o.s.b.f.s.DefaultListableBeanFactory     : Autowiring by type from bean name 'dispatcherServletRegistration' via factory method to bean named 'dispatcherServlet'
2024-10-28T22:56:26.268-03:00 DEBUG 17164 --- [seguridad-calidad-back] [           main] o.s.b.f.s.DefaultListableBeanFactory     : Autowiring by type from bean name 'dispatcherServletRegistration' via factory method to bean named 'spring.mvc-org.springframework.boot.autoconfigure.web.servlet.WebMvcProperties'
2024-10-28T22:56:26.274-03:00 DEBUG 17164 --- [seguridad-calidad-back] [           main] o.s.b.f.s.DefaultListableBeanFactory     : Creating shared instance of singleton bean 'multipartConfigElement'
2024-10-28T22:56:26.274-03:00 DEBUG 17164 --- [seguridad-calidad-back] [           main] o.s.b.f.s.DefaultListableBeanFactory     : Creating shared instance of singleton bean 'org.springframework.boot.autoconfigure.web.servlet.MultipartAutoConfiguration'
2024-10-28T22:56:26.275-03:00 DEBUG 17164 --- [seguridad-calidad-back] [           main] o.s.b.f.s.DefaultListableBeanFactory     : Creating shared instance of singleton bean 'spring.servlet.multipart-org.springframework.boot.autoconfigure.web.servlet.MultipartProperties'
2024-10-28T22:56:26.285-03:00 DEBUG 17164 --- [seguridad-calidad-back] [           main] o.s.b.f.s.DefaultListableBeanFactory     : Autowiring by type from bean name 'org.springframework.boot.autoconfigure.web.servlet.MultipartAutoConfiguration' via constructor to bean named 'spring.servlet.multipart-org.springframework.boot.autoconfigure.web.servlet.MultipartProperties'
2024-10-28T22:56:26.296-03:00 DEBUG 17164 --- [seguridad-calidad-back] [           main] o.s.b.f.s.DefaultListableBeanFactory     : Autowiring by type from bean name 'errorPageCustomizer' via factory method to bean named 'dispatcherServletRegistration'
2024-10-28T22:56:26.305-03:00 DEBUG 17164 --- [seguridad-calidad-back] [           main] o.s.b.f.s.DefaultListableBeanFactory     : Creating shared instance of singleton bean 'org.springframework.boot.autoconfigure.web.servlet.DispatcherServletAutoConfiguration'
2024-10-28T22:56:26.306-03:00 DEBUG 17164 --- [seguridad-calidad-back] [           main] o.s.b.f.s.DefaultListableBeanFactory     : Creating shared instance of singleton bean 'org.springframework.boot.autoconfigure.task.TaskExecutorConfigurations$ThreadPoolTaskExecutorBuilderConfiguration'
2024-10-28T22:56:26.306-03:00 DEBUG 17164 --- [seguridad-calidad-back] [           main] o.s.b.f.s.DefaultListableBeanFactory     : Creating shared instance of singleton bean 'threadPoolTaskExecutorBuilder'
2024-10-28T22:56:26.307-03:00 DEBUG 17164 --- [seguridad-calidad-back] [           main] o.s.b.f.s.DefaultListableBeanFactory     : Creating shared instance of singleton bean 'spring.task.execution-org.springframework.boot.autoconfigure.task.TaskExecutionProperties'
2024-10-28T22:56:26.309-03:00 DEBUG 17164 --- [seguridad-calidad-back] [           main] o.s.b.f.s.DefaultListableBeanFactory     : Autowiring by type from bean name 'threadPoolTaskExecutorBuilder' via factory method to bean named 'spring.task.execution-org.springframework.boot.autoconfigure.task.TaskExecutionProperties'
2024-10-28T22:56:26.315-03:00 DEBUG 17164 --- [seguridad-calidad-back] [           main] o.s.b.f.s.DefaultListableBeanFactory     : Creating shared instance of singleton bean 'org.springframework.boot.autoconfigure.task.TaskExecutorConfigurations$TaskExecutorBuilderConfiguration'
2024-10-28T22:56:26.315-03:00 DEBUG 17164 --- [seguridad-calidad-back] [           main] o.s.b.f.s.DefaultListableBeanFactory     : Creating shared instance of singleton bean 'taskExecutorBuilder'
2024-10-28T22:56:26.316-03:00 DEBUG 17164 --- [seguridad-calidad-back] [           main] o.s.b.f.s.DefaultListableBeanFactory     : Autowiring by type from bean name 'taskExecutorBuilder' via factory method to bean named 'spring.task.execution-org.springframework.boot.autoconfigure.task.TaskExecutionProperties'
2024-10-28T22:56:26.319-03:00 DEBUG 17164 --- [seguridad-calidad-back] [           main] o.s.b.f.s.DefaultListableBeanFactory     : Creating shared instance of singleton bean 'org.springframework.boot.autoconfigure.task.TaskExecutorConfigurations$SimpleAsyncTaskExecutorBuilderConfiguration'
2024-10-28T22:56:26.320-03:00 DEBUG 17164 --- [seguridad-calidad-back] [           main] o.s.b.f.s.DefaultListableBeanFactory     : Autowiring by type from bean name 'org.springframework.boot.autoconfigure.task.TaskExecutorConfigurations$SimpleAsyncTaskExecutorBuilderConfiguration' via constructor to bean named 'spring.task.execution-org.springframework.boot.autoconfigure.task.TaskExecutionProperties'
2024-10-28T22:56:26.321-03:00 DEBUG 17164 --- [seguridad-calidad-back] [           main] o.s.b.f.s.DefaultListableBeanFactory     : Creating shared instance of singleton bean 'simpleAsyncTaskExecutorBuilder'
2024-10-28T22:56:26.323-03:00 DEBUG 17164 --- [seguridad-calidad-back] [           main] o.s.b.f.s.DefaultListableBeanFactory     : Creating shared instance of singleton bean 'org.springframework.boot.autoconfigure.task.TaskExecutorConfigurations$TaskExecutorConfiguration'
2024-10-28T22:56:26.324-03:00 DEBUG 17164 --- [seguridad-calidad-back] [           main] o.s.b.f.s.DefaultListableBeanFactory     : Creating shared instance of singleton bean 'org.springframework.boot.autoconfigure.task.TaskExecutionAutoConfiguration'
2024-10-28T22:56:26.324-03:00 DEBUG 17164 --- [seguridad-calidad-back] [           main] o.s.b.f.s.DefaultListableBeanFactory     : Creating shared instance of singleton bean 'org.springframework.boot.autoconfigure.web.servlet.error.ErrorMvcAutoConfiguration$WhitelabelErrorViewConfiguration'
2024-10-28T22:56:26.325-03:00 DEBUG 17164 --- [seguridad-calidad-back] [           main] o.s.b.f.s.DefaultListableBeanFactory     : Creating shared instance of singleton bean 'error'
2024-10-28T22:56:26.326-03:00 DEBUG 17164 --- [seguridad-calidad-back] [           main] o.s.b.f.s.DefaultListableBeanFactory     : Creating shared instance of singleton bean 'beanNameViewResolver'
2024-10-28T22:56:26.329-03:00 DEBUG 17164 --- [seguridad-calidad-back] [           main] o.s.b.f.s.DefaultListableBeanFactory     : Creating shared instance of singleton bean 'org.springframework.boot.autoconfigure.web.servlet.error.ErrorMvcAutoConfiguration$DefaultErrorViewResolverConfiguration'
2024-10-28T22:56:26.331-03:00 DEBUG 17164 --- [seguridad-calidad-back] [           main] o.s.b.f.s.DefaultListableBeanFactory     : Creating shared instance of singleton bean 'spring.web-org.springframework.boot.autoconfigure.web.WebProperties'
2024-10-28T22:56:26.334-03:00 DEBUG 17164 --- [seguridad-calidad-back] [           main] o.s.b.f.s.DefaultListableBeanFactory     : Autowiring by type from bean name 'org.springframework.boot.autoconfigure.web.servlet.error.ErrorMvcAutoConfiguration$DefaultErrorViewResolverConfiguration' via constructor to bean named 'org.springframework.web.context.support.GenericWebApplicationContext@41c07648'
2024-10-28T22:56:26.334-03:00 DEBUG 17164 --- [seguridad-calidad-back] [           main] o.s.b.f.s.DefaultListableBeanFactory     : Autowiring by type from bean name 'org.springframework.boot.autoconfigure.web.servlet.error.ErrorMvcAutoConfiguration$DefaultErrorViewResolverConfiguration' via constructor to bean named 'spring.web-org.springframework.boot.autoconfigure.web.WebProperties'
2024-10-28T22:56:26.334-03:00 DEBUG 17164 --- [seguridad-calidad-back] [           main] o.s.b.f.s.DefaultListableBeanFactory     : Creating shared instance of singleton bean 'conventionErrorViewResolver'
2024-10-28T22:56:26.337-03:00 DEBUG 17164 --- [seguridad-calidad-back] [           main] o.s.b.f.s.DefaultListableBeanFactory     : Creating shared instance of singleton bean 'errorAttributes'
2024-10-28T22:56:26.340-03:00 DEBUG 17164 --- [seguridad-calidad-back] [           main] o.s.b.f.s.DefaultListableBeanFactory     : Creating shared instance of singleton bean 'basicErrorController'
2024-10-28T22:56:26.341-03:00 DEBUG 17164 --- [seguridad-calidad-back] [           main] o.s.b.f.s.DefaultListableBeanFactory     : Autowiring by type from bean name 'basicErrorController' via factory method to bean named 'errorAttributes'
2024-10-28T22:56:26.348-03:00 DEBUG 17164 --- [seguridad-calidad-back] [           main] o.s.b.f.s.DefaultListableBeanFactory     : Creating shared instance of singleton bean 'org.springframework.boot.autoconfigure.web.servlet.WebMvcAutoConfiguration$EnableWebMvcConfiguration'
2024-10-28T22:56:26.349-03:00 DEBUG 17164 --- [seguridad-calidad-back] [           main] o.s.b.f.s.DefaultListableBeanFactory     : Autowiring by type from bean name 'org.springframework.boot.autoconfigure.web.servlet.WebMvcAutoConfiguration$EnableWebMvcConfiguration' via constructor to bean named 'spring.mvc-org.springframework.boot.autoconfigure.web.servlet.WebMvcProperties'
2024-10-28T22:56:26.349-03:00 DEBUG 17164 --- [seguridad-calidad-back] [           main] o.s.b.f.s.DefaultListableBeanFactory     : Autowiring by type from bean name 'org.springframework.boot.autoconfigure.web.servlet.WebMvcAutoConfiguration$EnableWebMvcConfiguration' via constructor to bean named 'spring.web-org.springframework.boot.autoconfigure.web.WebProperties'
2024-10-28T22:56:26.349-03:00 DEBUG 17164 --- [seguridad-calidad-back] [           main] o.s.b.f.s.DefaultListableBeanFactory     : Autowiring by type from bean name 'org.springframework.boot.autoconfigure.web.servlet.WebMvcAutoConfiguration$EnableWebMvcConfiguration' via constructor to bean named 'org.springframework.beans.factory.support.DefaultListableBeanFactory@4925f4f5'
2024-10-28T22:56:26.356-03:00 DEBUG 17164 --- [seguridad-calidad-back] [           main] o.s.b.f.s.DefaultListableBeanFactory     : Creating shared instance of singleton bean 'org.springframework.boot.autoconfigure.web.servlet.WebMvcAutoConfiguration$WebMvcAutoConfigurationAdapter'
2024-10-28T22:56:26.357-03:00 DEBUG 17164 --- [seguridad-calidad-back] [           main] o.s.b.f.s.DefaultListableBeanFactory     : Autowiring by type from bean name 'org.springframework.boot.autoconfigure.web.servlet.WebMvcAutoConfiguration$WebMvcAutoConfigurationAdapter' via constructor to bean named 'spring.web-org.springframework.boot.autoconfigure.web.WebProperties'
2024-10-28T22:56:26.357-03:00 DEBUG 17164 --- [seguridad-calidad-back] [           main] o.s.b.f.s.DefaultListableBeanFactory     : Autowiring by type from bean name 'org.springframework.boot.autoconfigure.web.servlet.WebMvcAutoConfiguration$WebMvcAutoConfigurationAdapter' via constructor to bean named 'spring.mvc-org.springframework.boot.autoconfigure.web.servlet.WebMvcProperties'
2024-10-28T22:56:26.357-03:00 DEBUG 17164 --- [seguridad-calidad-back] [           main] o.s.b.f.s.DefaultListableBeanFactory     : Autowiring by type from bean name 'org.springframework.boot.autoconfigure.web.servlet.WebMvcAutoConfiguration$WebMvcAutoConfigurationAdapter' via constructor to bean named 'org.springframework.beans.factory.support.DefaultListableBeanFactory@4925f4f5'
2024-10-28T22:56:26.364-03:00 DEBUG 17164 --- [seguridad-calidad-back] [           main] o.s.b.f.s.DefaultListableBeanFactory     : Creating shared instance of singleton bean 'openEntityManagerInViewInterceptorConfigurer'
2024-10-28T22:56:26.364-03:00 DEBUG 17164 --- [seguridad-calidad-back] [           main] o.s.b.f.s.DefaultListableBeanFactory     : Creating shared instance of singleton bean 'org.springframework.boot.autoconfigure.orm.jpa.JpaBaseConfiguration$JpaWebConfiguration'
2024-10-28T22:56:26.365-03:00 DEBUG 17164 --- [seguridad-calidad-back] [           main] o.s.b.f.s.DefaultListableBeanFactory     : Autowiring by type from bean name 'org.springframework.boot.autoconfigure.orm.jpa.JpaBaseConfiguration$JpaWebConfiguration' via constructor to bean named 'spring.jpa-org.springframework.boot.autoconfigure.orm.jpa.JpaProperties'
2024-10-28T22:56:26.366-03:00 DEBUG 17164 --- [seguridad-calidad-back] [           main] o.s.b.f.s.DefaultListableBeanFactory     : Creating shared instance of singleton bean 'openEntityManagerInViewInterceptor'
2024-10-28T22:56:26.366-03:00  WARN 17164 --- [seguridad-calidad-back] [           main] JpaBaseConfiguration$JpaWebConfiguration : spring.jpa.open-in-view is enabled by default. Therefore, database queries may be performed during view rendering. Explicitly configure spring.jpa.open-in-view to disable this warning
2024-10-28T22:56:26.369-03:00 DEBUG 17164 --- [seguridad-calidad-back] [           main] o.s.b.f.s.DefaultListableBeanFactory     : Autowiring by type from bean name 'openEntityManagerInViewInterceptorConfigurer' via factory method to bean named 'openEntityManagerInViewInterceptor'
2024-10-28T22:56:26.370-03:00 DEBUG 17164 --- [seguridad-calidad-back] [           main] o.s.b.f.s.DefaultListableBeanFactory     : Creating shared instance of singleton bean 'org.springframework.data.web.config.SpringDataWebConfiguration'
2024-10-28T22:56:26.371-03:00 DEBUG 17164 --- [seguridad-calidad-back] [           main] o.s.b.f.s.DefaultListableBeanFactory     : Autowiring by type from bean name 'org.springframework.data.web.config.SpringDataWebConfiguration' via constructor to bean named 'org.springframework.web.context.support.GenericWebApplicationContext@41c07648'
2024-10-28T22:56:26.375-03:00 DEBUG 17164 --- [seguridad-calidad-back] [           main] o.s.b.f.s.DefaultListableBeanFactory     : Creating shared instance of singleton bean 'welcomePageHandlerMapping'
2024-10-28T22:56:26.376-03:00 DEBUG 17164 --- [seguridad-calidad-back] [           main] o.s.b.f.s.DefaultListableBeanFactory     : Creating shared instance of singleton bean 'mvcConversionService'
2024-10-28T22:56:26.392-03:00 DEBUG 17164 --- [seguridad-calidad-back] [           main] o.s.b.f.s.DefaultListableBeanFactory     : Creating shared instance of singleton bean 'mvcResourceUrlProvider'
2024-10-28T22:56:26.395-03:00 DEBUG 17164 --- [seguridad-calidad-back] [           main] o.s.b.f.s.DefaultListableBeanFactory     : Autowiring by type from bean name 'welcomePageHandlerMapping' via factory method to bean named 'org.springframework.web.context.support.GenericWebApplicationContext@41c07648'
2024-10-28T22:56:26.396-03:00 DEBUG 17164 --- [seguridad-calidad-back] [           main] o.s.b.f.s.DefaultListableBeanFactory     : Autowiring by type from bean name 'welcomePageHandlerMapping' via factory method to bean named 'mvcConversionService'
2024-10-28T22:56:26.396-03:00 DEBUG 17164 --- [seguridad-calidad-back] [           main] o.s.b.f.s.DefaultListableBeanFactory     : Autowiring by type from bean name 'welcomePageHandlerMapping' via factory method to bean named 'mvcResourceUrlProvider'
2024-10-28T22:56:26.413-03:00 DEBUG 17164 --- [seguridad-calidad-back] [           main] o.s.b.f.s.DefaultListableBeanFactory     : Creating shared instance of singleton bean 'welcomePageNotAcceptableHandlerMapping'
2024-10-28T22:56:26.414-03:00 DEBUG 17164 --- [seguridad-calidad-back] [           main] o.s.b.f.s.DefaultListableBeanFactory     : Autowiring by type from bean name 'welcomePageNotAcceptableHandlerMapping' via factory method to bean named 'org.springframework.web.context.support.GenericWebApplicationContext@41c07648'
2024-10-28T22:56:26.414-03:00 DEBUG 17164 --- [seguridad-calidad-back] [           main] o.s.b.f.s.DefaultListableBeanFactory     : Autowiring by type from bean name 'welcomePageNotAcceptableHandlerMapping' via factory method to bean named 'mvcConversionService'
2024-10-28T22:56:26.414-03:00 DEBUG 17164 --- [seguridad-calidad-back] [           main] o.s.b.f.s.DefaultListableBeanFactory     : Autowiring by type from bean name 'welcomePageNotAcceptableHandlerMapping' via factory method to bean named 'mvcResourceUrlProvider'
2024-10-28T22:56:26.417-03:00 DEBUG 17164 --- [seguridad-calidad-back] [           main] o.s.b.f.s.DefaultListableBeanFactory     : Creating shared instance of singleton bean 'localeResolver'
2024-10-28T22:56:26.420-03:00 DEBUG 17164 --- [seguridad-calidad-back] [           main] o.s.b.f.s.DefaultListableBeanFactory     : Creating shared instance of singleton bean 'themeResolver'
2024-10-28T22:56:26.421-03:00 DEBUG 17164 --- [seguridad-calidad-back] [           main] o.s.b.f.s.DefaultListableBeanFactory     : Creating shared instance of singleton bean 'flashMapManager'
2024-10-28T22:56:26.424-03:00 DEBUG 17164 --- [seguridad-calidad-back] [           main] o.s.b.f.s.DefaultListableBeanFactory     : Creating shared instance of singleton bean 'mvcValidator'
2024-10-28T22:56:26.426-03:00 DEBUG 17164 --- [seguridad-calidad-back] [           main] o.s.b.f.s.DefaultListableBeanFactory     : Creating shared instance of singleton bean 'mvcContentNegotiationManager'
2024-10-28T22:56:26.431-03:00 DEBUG 17164 --- [seguridad-calidad-back] [           main] o.s.b.f.s.DefaultListableBeanFactory     : Creating shared instance of singleton bean 'requestMappingHandlerMapping'
2024-10-28T22:56:26.432-03:00 DEBUG 17164 --- [seguridad-calidad-back] [           main] o.s.b.f.s.DefaultListableBeanFactory     : Autowiring by type from bean name 'requestMappingHandlerMapping' via factory method to bean named 'mvcContentNegotiationManager'
2024-10-28T22:56:26.432-03:00 DEBUG 17164 --- [seguridad-calidad-back] [           main] o.s.b.f.s.DefaultListableBeanFactory     : Autowiring by type from bean name 'requestMappingHandlerMapping' via factory method to bean named 'mvcConversionService'
2024-10-28T22:56:26.432-03:00 DEBUG 17164 --- [seguridad-calidad-back] [           main] o.s.b.f.s.DefaultListableBeanFactory     : Autowiring by type from bean name 'requestMappingHandlerMapping' via factory method to bean named 'mvcResourceUrlProvider'
2024-10-28T22:56:26.478-03:00 DEBUG 17164 --- [seguridad-calidad-back] [           main] _.s.web.servlet.HandlerMapping.Mappings  : 
	c.s.s.c.RecetaController:
	{GET [/recetas/parcial]}: getAllRecetasParcial()
	{GET [/recetas/full]}: getAllRecetas()
2024-10-28T22:56:26.483-03:00 DEBUG 17164 --- [seguridad-calidad-back] [           main] _.s.web.servlet.HandlerMapping.Mappings  : 
	o.s.b.a.w.s.e.BasicErrorController:
	{ [/error]}: error(HttpServletRequest)
	{ [/error], produces [text/html]}: errorHtml(HttpServletRequest,HttpServletResponse)
2024-10-28T22:56:26.487-03:00 DEBUG 17164 --- [seguridad-calidad-back] [           main] s.w.s.m.m.a.RequestMappingHandlerMapping : 4 mappings in 'requestMappingHandlerMapping'
2024-10-28T22:56:26.490-03:00 DEBUG 17164 --- [seguridad-calidad-back] [           main] o.s.b.f.s.DefaultListableBeanFactory     : Creating shared instance of singleton bean 'mvcPatternParser'
2024-10-28T22:56:26.490-03:00 DEBUG 17164 --- [seguridad-calidad-back] [           main] o.s.b.f.s.DefaultListableBeanFactory     : Creating shared instance of singleton bean 'mvcUrlPathHelper'
2024-10-28T22:56:26.491-03:00 DEBUG 17164 --- [seguridad-calidad-back] [           main] o.s.b.f.s.DefaultListableBeanFactory     : Creating shared instance of singleton bean 'mvcPathMatcher'
2024-10-28T22:56:26.492-03:00 DEBUG 17164 --- [seguridad-calidad-back] [           main] o.s.b.f.s.DefaultListableBeanFactory     : Creating shared instance of singleton bean 'viewControllerHandlerMapping'
2024-10-28T22:56:26.492-03:00 DEBUG 17164 --- [seguridad-calidad-back] [           main] o.s.b.f.s.DefaultListableBeanFactory     : Autowiring by type from bean name 'viewControllerHandlerMapping' via factory method to bean named 'mvcConversionService'
2024-10-28T22:56:26.492-03:00 DEBUG 17164 --- [seguridad-calidad-back] [           main] o.s.b.f.s.DefaultListableBeanFactory     : Autowiring by type from bean name 'viewControllerHandlerMapping' via factory method to bean named 'mvcResourceUrlProvider'
2024-10-28T22:56:26.493-03:00 DEBUG 17164 --- [seguridad-calidad-back] [           main] o.s.b.f.s.DefaultListableBeanFactory     : Creating shared instance of singleton bean 'beanNameHandlerMapping'
2024-10-28T22:56:26.493-03:00 DEBUG 17164 --- [seguridad-calidad-back] [           main] o.s.b.f.s.DefaultListableBeanFactory     : Autowiring by type from bean name 'beanNameHandlerMapping' via factory method to bean named 'mvcConversionService'
2024-10-28T22:56:26.493-03:00 DEBUG 17164 --- [seguridad-calidad-back] [           main] o.s.b.f.s.DefaultListableBeanFactory     : Autowiring by type from bean name 'beanNameHandlerMapping' via factory method to bean named 'mvcResourceUrlProvider'
2024-10-28T22:56:26.495-03:00 DEBUG 17164 --- [seguridad-calidad-back] [           main] _.s.web.servlet.HandlerMapping.Mappings  : 'beanNameHandlerMapping' {}
2024-10-28T22:56:26.497-03:00 DEBUG 17164 --- [seguridad-calidad-back] [           main] o.s.b.f.s.DefaultListableBeanFactory     : Creating shared instance of singleton bean 'routerFunctionMapping'
2024-10-28T22:56:26.497-03:00 DEBUG 17164 --- [seguridad-calidad-back] [           main] o.s.b.f.s.DefaultListableBeanFactory     : Autowiring by type from bean name 'routerFunctionMapping' via factory method to bean named 'mvcConversionService'
2024-10-28T22:56:26.497-03:00 DEBUG 17164 --- [seguridad-calidad-back] [           main] o.s.b.f.s.DefaultListableBeanFactory     : Autowiring by type from bean name 'routerFunctionMapping' via factory method to bean named 'mvcResourceUrlProvider'
2024-10-28T22:56:26.498-03:00 DEBUG 17164 --- [seguridad-calidad-back] [           main] o.s.b.f.s.DefaultListableBeanFactory     : Creating shared instance of singleton bean 'messageConverters'
2024-10-28T22:56:26.499-03:00 DEBUG 17164 --- [seguridad-calidad-back] [           main] o.s.b.f.s.DefaultListableBeanFactory     : Creating shared instance of singleton bean 'org.springframework.boot.autoconfigure.http.HttpMessageConvertersAutoConfiguration'
2024-10-28T22:56:26.501-03:00 DEBUG 17164 --- [seguridad-calidad-back] [           main] o.s.b.f.s.DefaultListableBeanFactory     : Creating shared instance of singleton bean 'stringHttpMessageConverter'
2024-10-28T22:56:26.502-03:00 DEBUG 17164 --- [seguridad-calidad-back] [           main] o.s.b.f.s.DefaultListableBeanFactory     : Creating shared instance of singleton bean 'org.springframework.boot.autoconfigure.http.HttpMessageConvertersAutoConfiguration$StringHttpMessageConverterConfiguration'
2024-10-28T22:56:26.502-03:00 DEBUG 17164 --- [seguridad-calidad-back] [           main] o.s.b.f.s.DefaultListableBeanFactory     : Autowiring by type from bean name 'stringHttpMessageConverter' via factory method to bean named 'environment'
2024-10-28T22:56:26.507-03:00 DEBUG 17164 --- [seguridad-calidad-back] [           main] o.s.b.f.s.DefaultListableBeanFactory     : Creating shared instance of singleton bean 'mappingJackson2HttpMessageConverter'
2024-10-28T22:56:26.507-03:00 DEBUG 17164 --- [seguridad-calidad-back] [           main] o.s.b.f.s.DefaultListableBeanFactory     : Creating shared instance of singleton bean 'org.springframework.boot.autoconfigure.http.JacksonHttpMessageConvertersConfiguration$MappingJackson2HttpMessageConverterConfiguration'
2024-10-28T22:56:26.507-03:00 DEBUG 17164 --- [seguridad-calidad-back] [           main] o.s.b.f.s.DefaultListableBeanFactory     : Creating shared instance of singleton bean 'jacksonObjectMapper'
2024-10-28T22:56:26.507-03:00 DEBUG 17164 --- [seguridad-calidad-back] [           main] o.s.b.f.s.DefaultListableBeanFactory     : Creating shared instance of singleton bean 'org.springframework.boot.autoconfigure.jackson.JacksonAutoConfiguration$JacksonObjectMapperConfiguration'
2024-10-28T22:56:26.508-03:00 DEBUG 17164 --- [seguridad-calidad-back] [           main] o.s.b.f.s.DefaultListableBeanFactory     : Creating shared instance of singleton bean 'org.springframework.boot.autoconfigure.jackson.JacksonAutoConfiguration$JacksonObjectMapperBuilderConfiguration'
2024-10-28T22:56:26.509-03:00 DEBUG 17164 --- [seguridad-calidad-back] [           main] o.s.b.f.s.DefaultListableBeanFactory     : Creating shared instance of singleton bean 'standardJacksonObjectMapperBuilderCustomizer'
2024-10-28T22:56:26.509-03:00 DEBUG 17164 --- [seguridad-calidad-back] [           main] o.s.b.f.s.DefaultListableBeanFactory     : Creating shared instance of singleton bean 'org.springframework.boot.autoconfigure.jackson.JacksonAutoConfiguration$Jackson2ObjectMapperBuilderCustomizerConfiguration'
2024-10-28T22:56:26.510-03:00 DEBUG 17164 --- [seguridad-calidad-back] [           main] o.s.b.f.s.DefaultListableBeanFactory     : Creating shared instance of singleton bean 'spring.jackson-org.springframework.boot.autoconfigure.jackson.JacksonProperties'
2024-10-28T22:56:26.514-03:00 DEBUG 17164 --- [seguridad-calidad-back] [           main] o.s.b.f.s.DefaultListableBeanFactory     : Autowiring by type from bean name 'standardJacksonObjectMapperBuilderCustomizer' via factory method to bean named 'spring.jackson-org.springframework.boot.autoconfigure.jackson.JacksonProperties'
2024-10-28T22:56:26.514-03:00 DEBUG 17164 --- [seguridad-calidad-back] [           main] o.s.b.f.s.DefaultListableBeanFactory     : Creating shared instance of singleton bean 'parameterNamesModule'
2024-10-28T22:56:26.515-03:00 DEBUG 17164 --- [seguridad-calidad-back] [           main] o.s.b.f.s.DefaultListableBeanFactory     : Creating shared instance of singleton bean 'org.springframework.boot.autoconfigure.jackson.JacksonAutoConfiguration$ParameterNamesModuleConfiguration'
2024-10-28T22:56:26.519-03:00 DEBUG 17164 --- [seguridad-calidad-back] [           main] o.s.b.f.s.DefaultListableBeanFactory     : Creating shared instance of singleton bean 'jsonMixinModule'
2024-10-28T22:56:26.519-03:00 DEBUG 17164 --- [seguridad-calidad-back] [           main] o.s.b.f.s.DefaultListableBeanFactory     : Creating shared instance of singleton bean 'org.springframework.boot.autoconfigure.jackson.JacksonAutoConfiguration$JacksonMixinConfiguration'
2024-10-28T22:56:26.519-03:00 DEBUG 17164 --- [seguridad-calidad-back] [           main] o.s.b.f.s.DefaultListableBeanFactory     : Creating shared instance of singleton bean 'jsonMixinModuleEntries'
2024-10-28T22:56:26.519-03:00 DEBUG 17164 --- [seguridad-calidad-back] [           main] o.s.b.f.s.DefaultListableBeanFactory     : Autowiring by type from bean name 'jsonMixinModuleEntries' via factory method to bean named 'org.springframework.web.context.support.GenericWebApplicationContext@41c07648'
2024-10-28T22:56:26.532-03:00 DEBUG 17164 --- [seguridad-calidad-back] [           main] o.s.b.f.s.DefaultListableBeanFactory     : Autowiring by type from bean name 'jsonMixinModule' via factory method to bean named 'org.springframework.web.context.support.GenericWebApplicationContext@41c07648'
2024-10-28T22:56:26.532-03:00 DEBUG 17164 --- [seguridad-calidad-back] [           main] o.s.b.f.s.DefaultListableBeanFactory     : Autowiring by type from bean name 'jsonMixinModule' via factory method to bean named 'jsonMixinModuleEntries'
2024-10-28T22:56:26.533-03:00 DEBUG 17164 --- [seguridad-calidad-back] [           main] o.s.b.f.s.DefaultListableBeanFactory     : Creating shared instance of singleton bean 'jsonComponentModule'
2024-10-28T22:56:26.533-03:00 DEBUG 17164 --- [seguridad-calidad-back] [           main] o.s.b.f.s.DefaultListableBeanFactory     : Creating shared instance of singleton bean 'org.springframework.boot.autoconfigure.jackson.JacksonAutoConfiguration'
2024-10-28T22:56:26.537-03:00 DEBUG 17164 --- [seguridad-calidad-back] [           main] o.s.b.f.s.DefaultListableBeanFactory     : Creating shared instance of singleton bean 'jacksonGeoModule'
2024-10-28T22:56:26.537-03:00 DEBUG 17164 --- [seguridad-calidad-back] [           main] o.s.b.f.s.DefaultListableBeanFactory     : Creating shared instance of singleton bean 'org.springframework.data.web.config.SpringDataJacksonConfiguration'
2024-10-28T22:56:26.541-03:00 DEBUG 17164 --- [seguridad-calidad-back] [           main] o.s.b.f.s.DefaultListableBeanFactory     : Creating shared instance of singleton bean 'pageModule'
2024-10-28T22:56:26.544-03:00 DEBUG 17164 --- [seguridad-calidad-back] [           main] o.s.b.f.s.DefaultListableBeanFactory     : Autowiring by type from bean name 'jacksonObjectMapperBuilder' via factory method to bean named 'org.springframework.web.context.support.GenericWebApplicationContext@41c07648'
2024-10-28T22:56:26.544-03:00 DEBUG 17164 --- [seguridad-calidad-back] [           main] o.s.b.f.s.DefaultListableBeanFactory     : Autowiring by type from bean name 'jacksonObjectMapperBuilder' via factory method to bean named 'standardJacksonObjectMapperBuilderCustomizer'
2024-10-28T22:56:26.546-03:00 DEBUG 17164 --- [seguridad-calidad-back] [           main] o.s.b.f.s.DefaultListableBeanFactory     : Autowiring by type from bean name 'jacksonObjectMapper' via factory method to bean named 'jacksonObjectMapperBuilder'
2024-10-28T22:56:26.560-03:00 DEBUG 17164 --- [seguridad-calidad-back] [           main] o.s.b.f.s.DefaultListableBeanFactory     : Autowiring by type from bean name 'mappingJackson2HttpMessageConverter' via factory method to bean named 'jacksonObjectMapper'
2024-10-28T22:56:26.605-03:00 DEBUG 17164 --- [seguridad-calidad-back] [           main] o.s.b.f.s.DefaultListableBeanFactory     : Creating shared instance of singleton bean 'resourceHandlerMapping'
2024-10-28T22:56:26.606-03:00 DEBUG 17164 --- [seguridad-calidad-back] [           main] o.s.b.f.s.DefaultListableBeanFactory     : Autowiring by type from bean name 'resourceHandlerMapping' via factory method to bean named 'mvcContentNegotiationManager'
2024-10-28T22:56:26.606-03:00 DEBUG 17164 --- [seguridad-calidad-back] [           main] o.s.b.f.s.DefaultListableBeanFactory     : Autowiring by type from bean name 'resourceHandlerMapping' via factory method to bean named 'mvcConversionService'
2024-10-28T22:56:26.607-03:00 DEBUG 17164 --- [seguridad-calidad-back] [           main] o.s.b.f.s.DefaultListableBeanFactory     : Autowiring by type from bean name 'resourceHandlerMapping' via factory method to bean named 'mvcResourceUrlProvider'
2024-10-28T22:56:26.620-03:00 DEBUG 17164 --- [seguridad-calidad-back] [           main] _.s.web.servlet.HandlerMapping.Mappings  : 'resourceHandlerMapping' {/webjars/**=ResourceHttpRequestHandler [classpath [META-INF/resources/webjars/]], /**=ResourceHttpRequestHandler [classpath [META-INF/resources/], classpath [resources/], classpath [static/], classpath [public/], ServletContext [/]]}
2024-10-28T22:56:26.622-03:00 DEBUG 17164 --- [seguridad-calidad-back] [           main] o.s.b.f.s.DefaultListableBeanFactory     : Creating shared instance of singleton bean 'defaultServletHandlerMapping'
2024-10-28T22:56:26.622-03:00 DEBUG 17164 --- [seguridad-calidad-back] [           main] o.s.b.f.s.DefaultListableBeanFactory     : Creating shared instance of singleton bean 'requestMappingHandlerAdapter'
2024-10-28T22:56:26.623-03:00 DEBUG 17164 --- [seguridad-calidad-back] [           main] o.s.b.f.s.DefaultListableBeanFactory     : Autowiring by type from bean name 'requestMappingHandlerAdapter' via factory method to bean named 'mvcContentNegotiationManager'
2024-10-28T22:56:26.623-03:00 DEBUG 17164 --- [seguridad-calidad-back] [           main] o.s.b.f.s.DefaultListableBeanFactory     : Autowiring by type from bean name 'requestMappingHandlerAdapter' via factory method to bean named 'mvcConversionService'
2024-10-28T22:56:26.623-03:00 DEBUG 17164 --- [seguridad-calidad-back] [           main] o.s.b.f.s.DefaultListableBeanFactory     : Autowiring by type from bean name 'requestMappingHandlerAdapter' via factory method to bean named 'mvcValidator'
2024-10-28T22:56:26.632-03:00 DEBUG 17164 --- [seguridad-calidad-back] [           main] o.s.b.f.s.DefaultListableBeanFactory     : Creating shared instance of singleton bean 'sortResolver'
2024-10-28T22:56:26.635-03:00 DEBUG 17164 --- [seguridad-calidad-back] [           main] o.s.b.f.s.DefaultListableBeanFactory     : Creating shared instance of singleton bean 'sortCustomizer'
2024-10-28T22:56:26.635-03:00 DEBUG 17164 --- [seguridad-calidad-back] [           main] o.s.b.f.s.DefaultListableBeanFactory     : Creating shared instance of singleton bean 'org.springframework.boot.autoconfigure.data.web.SpringDataWebAutoConfiguration'
2024-10-28T22:56:26.635-03:00 DEBUG 17164 --- [seguridad-calidad-back] [           main] o.s.b.f.s.DefaultListableBeanFactory     : Creating shared instance of singleton bean 'spring.data.web-org.springframework.boot.autoconfigure.data.web.SpringDataWebProperties'
2024-10-28T22:56:26.636-03:00 DEBUG 17164 --- [seguridad-calidad-back] [           main] o.s.b.f.s.DefaultListableBeanFactory     : Autowiring by type from bean name 'org.springframework.boot.autoconfigure.data.web.SpringDataWebAutoConfiguration' via constructor to bean named 'spring.data.web-org.springframework.boot.autoconfigure.data.web.SpringDataWebProperties'
2024-10-28T22:56:26.640-03:00 DEBUG 17164 --- [seguridad-calidad-back] [           main] o.s.b.f.s.DefaultListableBeanFactory     : Creating shared instance of singleton bean 'pageableResolver'
2024-10-28T22:56:26.644-03:00 DEBUG 17164 --- [seguridad-calidad-back] [           main] o.s.b.f.s.DefaultListableBeanFactory     : Creating shared instance of singleton bean 'pageableCustomizer'
2024-10-28T22:56:26.647-03:00 DEBUG 17164 --- [seguridad-calidad-back] [           main] o.s.b.f.s.DefaultListableBeanFactory     : Creating shared instance of singleton bean 'applicationTaskExecutor'
2024-10-28T22:56:26.648-03:00 DEBUG 17164 --- [seguridad-calidad-back] [           main] o.s.b.f.s.DefaultListableBeanFactory     : Autowiring by type from bean name 'applicationTaskExecutor' via factory method to bean named 'taskExecutorBuilder'
2024-10-28T22:56:26.653-03:00 DEBUG 17164 --- [seguridad-calidad-back] [           main] o.s.s.concurrent.ThreadPoolTaskExecutor  : Initializing ExecutorService 'applicationTaskExecutor'
2024-10-28T22:56:26.672-03:00 DEBUG 17164 --- [seguridad-calidad-back] [           main] s.w.s.m.m.a.RequestMappingHandlerAdapter : ControllerAdvice beans: 0 @ModelAttribute, 0 @InitBinder, 1 RequestBodyAdvice, 1 ResponseBodyAdvice
2024-10-28T22:56:26.713-03:00 DEBUG 17164 --- [seguridad-calidad-back] [           main] o.s.b.f.s.DefaultListableBeanFactory     : Creating shared instance of singleton bean 'handlerFunctionAdapter'
2024-10-28T22:56:26.715-03:00 DEBUG 17164 --- [seguridad-calidad-back] [           main] o.s.b.f.s.DefaultListableBeanFactory     : Creating shared instance of singleton bean 'mvcUriComponentsContributor'
2024-10-28T22:56:26.716-03:00 DEBUG 17164 --- [seguridad-calidad-back] [           main] o.s.b.f.s.DefaultListableBeanFactory     : Autowiring by type from bean name 'mvcUriComponentsContributor' via factory method to bean named 'mvcConversionService'
2024-10-28T22:56:26.716-03:00 DEBUG 17164 --- [seguridad-calidad-back] [           main] o.s.b.f.s.DefaultListableBeanFactory     : Autowiring by type from bean name 'mvcUriComponentsContributor' via factory method to bean named 'requestMappingHandlerAdapter'
2024-10-28T22:56:26.720-03:00 DEBUG 17164 --- [seguridad-calidad-back] [           main] o.s.b.f.s.DefaultListableBeanFactory     : Creating shared instance of singleton bean 'httpRequestHandlerAdapter'
2024-10-28T22:56:26.720-03:00 DEBUG 17164 --- [seguridad-calidad-back] [           main] o.s.b.f.s.DefaultListableBeanFactory     : Creating shared instance of singleton bean 'simpleControllerHandlerAdapter'
2024-10-28T22:56:26.721-03:00 DEBUG 17164 --- [seguridad-calidad-back] [           main] o.s.b.f.s.DefaultListableBeanFactory     : Creating shared instance of singleton bean 'handlerExceptionResolver'
2024-10-28T22:56:26.721-03:00 DEBUG 17164 --- [seguridad-calidad-back] [           main] o.s.b.f.s.DefaultListableBeanFactory     : Autowiring by type from bean name 'handlerExceptionResolver' via factory method to bean named 'mvcContentNegotiationManager'
2024-10-28T22:56:26.724-03:00 DEBUG 17164 --- [seguridad-calidad-back] [           main] .m.m.a.ExceptionHandlerExceptionResolver : ControllerAdvice beans: 0 @ExceptionHandler, 1 ResponseBodyAdvice
2024-10-28T22:56:26.728-03:00 DEBUG 17164 --- [seguridad-calidad-back] [           main] o.s.b.f.s.DefaultListableBeanFactory     : Creating shared instance of singleton bean 'mvcViewResolver'
2024-10-28T22:56:26.729-03:00 DEBUG 17164 --- [seguridad-calidad-back] [           main] o.s.b.f.s.DefaultListableBeanFactory     : Autowiring by type from bean name 'mvcViewResolver' via factory method to bean named 'mvcContentNegotiationManager'
2024-10-28T22:56:26.732-03:00 DEBUG 17164 --- [seguridad-calidad-back] [           main] o.s.b.f.s.DefaultListableBeanFactory     : Creating shared instance of singleton bean 'viewNameTranslator'
2024-10-28T22:56:26.735-03:00 DEBUG 17164 --- [seguridad-calidad-back] [           main] o.s.b.f.s.DefaultListableBeanFactory     : Creating shared instance of singleton bean 'defaultViewResolver'
2024-10-28T22:56:26.741-03:00 DEBUG 17164 --- [seguridad-calidad-back] [           main] o.s.b.f.s.DefaultListableBeanFactory     : Creating shared instance of singleton bean 'viewResolver'
2024-10-28T22:56:26.742-03:00 DEBUG 17164 --- [seguridad-calidad-back] [           main] o.s.b.f.s.DefaultListableBeanFactory     : Autowiring by type from bean name 'viewResolver' via factory method to bean named 'org.springframework.beans.factory.support.DefaultListableBeanFactory@4925f4f5'
2024-10-28T22:56:26.744-03:00 DEBUG 17164 --- [seguridad-calidad-back] [           main] o.s.b.f.s.DefaultListableBeanFactory     : Creating shared instance of singleton bean 'viewResolver'
2024-10-28T22:56:26.747-03:00 DEBUG 17164 --- [seguridad-calidad-back] [           main] o.s.b.f.s.DefaultListableBeanFactory     : Creating shared instance of singleton bean 'requestContextFilter'
2024-10-28T22:56:26.753-03:00 DEBUG 17164 --- [seguridad-calidad-back] [           main] o.s.b.f.s.DefaultListableBeanFactory     : Creating shared instance of singleton bean 'org.springframework.boot.autoconfigure.web.servlet.WebMvcAutoConfiguration'
2024-10-28T22:56:26.753-03:00 DEBUG 17164 --- [seguridad-calidad-back] [           main] o.s.b.f.s.DefaultListableBeanFactory     : Creating shared instance of singleton bean 'formContentFilter'
2024-10-28T22:56:26.755-03:00 DEBUG 17164 --- [seguridad-calidad-back] [           main] o.s.b.f.s.DefaultListableBeanFactory     : Creating shared instance of singleton bean 'org.springframework.boot.autoconfigure.aop.AopAutoConfiguration$AspectJAutoProxyingConfiguration$CglibAutoProxyConfiguration'
2024-10-28T22:56:26.756-03:00 DEBUG 17164 --- [seguridad-calidad-back] [           main] o.s.b.f.s.DefaultListableBeanFactory     : Creating shared instance of singleton bean 'org.springframework.boot.autoconfigure.aop.AopAutoConfiguration$AspectJAutoProxyingConfiguration'
2024-10-28T22:56:26.756-03:00 DEBUG 17164 --- [seguridad-calidad-back] [           main] o.s.b.f.s.DefaultListableBeanFactory     : Creating shared instance of singleton bean 'org.springframework.boot.autoconfigure.aop.AopAutoConfiguration'
2024-10-28T22:56:26.756-03:00 DEBUG 17164 --- [seguridad-calidad-back] [           main] o.s.b.f.s.DefaultListableBeanFactory     : Creating shared instance of singleton bean 'org.springframework.boot.autoconfigure.availability.ApplicationAvailabilityAutoConfiguration'
2024-10-28T22:56:26.756-03:00 DEBUG 17164 --- [seguridad-calidad-back] [           main] o.s.b.f.s.DefaultListableBeanFactory     : Creating shared instance of singleton bean 'applicationAvailability'
2024-10-28T22:56:26.758-03:00 DEBUG 17164 --- [seguridad-calidad-back] [           main] o.s.b.f.s.DefaultListableBeanFactory     : Creating shared instance of singleton bean 'org.springframework.boot.autoconfigure.transaction.jta.JtaAutoConfiguration'
2024-10-28T22:56:26.758-03:00 DEBUG 17164 --- [seguridad-calidad-back] [           main] o.s.b.f.s.DefaultListableBeanFactory     : Creating shared instance of singleton bean 'org.springframework.boot.autoconfigure.jdbc.metadata.DataSourcePoolMetadataProvidersConfiguration'
2024-10-28T22:56:26.759-03:00 DEBUG 17164 --- [seguridad-calidad-back] [           main] o.s.b.f.s.DefaultListableBeanFactory     : Creating shared instance of singleton bean 'org.springframework.boot.autoconfigure.jdbc.DataSourceAutoConfiguration'
2024-10-28T22:56:26.759-03:00 DEBUG 17164 --- [seguridad-calidad-back] [           main] o.s.b.f.s.DefaultListableBeanFactory     : Creating shared instance of singleton bean 'org.springframework.boot.autoconfigure.transaction.TransactionManagerCustomizationAutoConfiguration'
2024-10-28T22:56:26.759-03:00 DEBUG 17164 --- [seguridad-calidad-back] [           main] o.s.b.f.s.DefaultListableBeanFactory     : Creating shared instance of singleton bean 'platformTransactionManagerCustomizers'
2024-10-28T22:56:26.760-03:00 DEBUG 17164 --- [seguridad-calidad-back] [           main] o.s.b.f.s.DefaultListableBeanFactory     : Creating shared instance of singleton bean 'transactionExecutionListeners'
2024-10-28T22:56:26.763-03:00 DEBUG 17164 --- [seguridad-calidad-back] [           main] o.s.b.f.s.DefaultListableBeanFactory     : Creating shared instance of singleton bean 'spring.transaction-org.springframework.boot.autoconfigure.transaction.TransactionProperties'
2024-10-28T22:56:26.767-03:00 DEBUG 17164 --- [seguridad-calidad-back] [           main] o.s.b.f.s.DefaultListableBeanFactory     : Creating shared instance of singleton bean 'org.springframework.boot.autoconfigure.orm.jpa.JpaBaseConfiguration$PersistenceManagedTypesConfiguration'
2024-10-28T22:56:26.767-03:00 DEBUG 17164 --- [seguridad-calidad-back] [           main] o.s.b.f.s.DefaultListableBeanFactory     : Creating shared instance of singleton bean 'transactionManager'
2024-10-28T22:56:26.775-03:00 DEBUG 17164 --- [seguridad-calidad-back] [           main] o.s.b.f.s.DefaultListableBeanFactory     : Creating shared instance of singleton bean 'org.springframework.boot.autoconfigure.orm.jpa.HibernateJpaAutoConfiguration'
2024-10-28T22:56:26.776-03:00 DEBUG 17164 --- [seguridad-calidad-back] [           main] o.s.b.f.s.DefaultListableBeanFactory     : Creating shared instance of singleton bean 'org.springframework.boot.autoconfigure.context.ConfigurationPropertiesAutoConfiguration'
2024-10-28T22:56:26.776-03:00 DEBUG 17164 --- [seguridad-calidad-back] [           main] o.s.b.f.s.DefaultListableBeanFactory     : Creating shared instance of singleton bean 'org.springframework.boot.autoconfigure.context.LifecycleAutoConfiguration'
2024-10-28T22:56:26.776-03:00 DEBUG 17164 --- [seguridad-calidad-back] [           main] o.s.b.f.s.DefaultListableBeanFactory     : Creating shared instance of singleton bean 'lifecycleProcessor'
2024-10-28T22:56:26.777-03:00 DEBUG 17164 --- [seguridad-calidad-back] [           main] o.s.b.f.s.DefaultListableBeanFactory     : Creating shared instance of singleton bean 'spring.lifecycle-org.springframework.boot.autoconfigure.context.LifecycleProperties'
2024-10-28T22:56:26.778-03:00 DEBUG 17164 --- [seguridad-calidad-back] [           main] o.s.b.f.s.DefaultListableBeanFactory     : Autowiring by type from bean name 'lifecycleProcessor' via factory method to bean named 'spring.lifecycle-org.springframework.boot.autoconfigure.context.LifecycleProperties'
2024-10-28T22:56:26.779-03:00 DEBUG 17164 --- [seguridad-calidad-back] [           main] o.s.b.f.s.DefaultListableBeanFactory     : Creating shared instance of singleton bean 'org.springframework.boot.autoconfigure.dao.PersistenceExceptionTranslationAutoConfiguration'
2024-10-28T22:56:26.780-03:00 DEBUG 17164 --- [seguridad-calidad-back] [           main] o.s.b.f.s.DefaultListableBeanFactory     : Creating shared instance of singleton bean 'org.springframework.boot.autoconfigure.data.jpa.JpaRepositoriesAutoConfiguration'
2024-10-28T22:56:26.780-03:00 DEBUG 17164 --- [seguridad-calidad-back] [           main] o.s.b.f.s.DefaultListableBeanFactory     : Creating shared instance of singleton bean 'org.springframework.data.jpa.util.JpaMetamodelCacheCleanup'
2024-10-28T22:56:26.781-03:00 DEBUG 17164 --- [seguridad-calidad-back] [           main] o.s.b.f.s.DefaultListableBeanFactory     : Creating shared instance of singleton bean 'org.springframework.data.jpa.repository.support.JpaEvaluationContextExtension'
2024-10-28T22:56:26.782-03:00 DEBUG 17164 --- [seguridad-calidad-back] [           main] o.s.b.f.s.DefaultListableBeanFactory     : Creating shared instance of singleton bean 'jpa.named-queries#1'
2024-10-28T22:56:26.783-03:00 DEBUG 17164 --- [seguridad-calidad-back] [           main] o.s.b.f.s.DefaultListableBeanFactory     : Creating shared instance of singleton bean 'jpa.RecetaIngredienteRepository.fragments#0'
2024-10-28T22:56:26.784-03:00 DEBUG 17164 --- [seguridad-calidad-back] [           main] o.s.b.f.s.DefaultListableBeanFactory     : Creating shared instance of singleton bean 'recetaIngredienteRepository'
2024-10-28T22:56:26.786-03:00 DEBUG 17164 --- [seguridad-calidad-back] [           main] tor$SharedEntityManagerInvocationHandler : Creating new EntityManager for shared EntityManager invocation
2024-10-28T22:56:26.787-03:00 DEBUG 17164 --- [seguridad-calidad-back] [           main] o.s.d.r.c.s.RepositoryFactorySupport     : Initializing repository instance for com.seguridad.seguridad_calidad_back.repository.RecetaIngredienteRepository…
2024-10-28T22:56:26.788-03:00 DEBUG 17164 --- [seguridad-calidad-back] [           main] tor$SharedEntityManagerInvocationHandler : Creating new EntityManager for shared EntityManager invocation
2024-10-28T22:56:26.817-03:00 DEBUG 17164 --- [seguridad-calidad-back] [           main] o.s.d.jpa.repository.query.NamedQuery    : Looking up named query RecetaIngrediente.findByIdIngredienteId
2024-10-28T22:56:26.819-03:00 DEBUG 17164 --- [seguridad-calidad-back] [           main] cResourceLocalTransactionCoordinatorImpl : JDBC transaction marked for rollback-only (exception provided for stack trace)

java.lang.Exception: exception just for purpose of providing stack trace
	at org.hibernate.resource.transaction.backend.jdbc.internal.JdbcResourceLocalTransactionCoordinatorImpl$TransactionDriverControlImpl.markRollbackOnly(JdbcResourceLocalTransactionCoordinatorImpl.java:309) ~[hibernate-core-6.5.3.Final.jar:6.5.3.Final]
	at org.hibernate.internal.AbstractSharedSessionContract.buildNamedQuery(AbstractSharedSessionContract.java:1109) ~[hibernate-core-6.5.3.Final.jar:6.5.3.Final]
	at org.hibernate.internal.AbstractSharedSessionContract.createNamedQuery(AbstractSharedSessionContract.java:987) ~[hibernate-core-6.5.3.Final.jar:6.5.3.Final]
	at org.hibernate.internal.AbstractSharedSessionContract.createNamedQuery(AbstractSharedSessionContract.java:140) ~[hibernate-core-6.5.3.Final.jar:6.5.3.Final]
	at java.base/jdk.internal.reflect.DirectMethodHandleAccessor.invoke(DirectMethodHandleAccessor.java:103) ~[na:na]
	at java.base/java.lang.reflect.Method.invoke(Method.java:580) ~[na:na]
	at org.springframework.orm.jpa.ExtendedEntityManagerCreator$ExtendedEntityManagerInvocationHandler.invoke(ExtendedEntityManagerCreator.java:364) ~[spring-orm-6.1.14.jar:6.1.14]
	at jdk.proxy2/jdk.proxy2.$Proxy125.createNamedQuery(Unknown Source) ~[na:na]
	at org.springframework.data.jpa.repository.query.NamedQuery.hasNamedQuery(NamedQuery.java:112) ~[spring-data-jpa-3.3.5.jar:3.3.5]
	at org.springframework.data.jpa.repository.query.NamedQuery.lookupFrom(NamedQuery.java:138) ~[spring-data-jpa-3.3.5.jar:3.3.5]
	at org.springframework.data.jpa.repository.query.JpaQueryLookupStrategy$DeclaredQueryLookupStrategy.resolveQuery(JpaQueryLookupStrategy.java:180) ~[spring-data-jpa-3.3.5.jar:3.3.5]
	at org.springframework.data.jpa.repository.query.JpaQueryLookupStrategy$CreateIfNotFoundQueryLookupStrategy.resolveQuery(JpaQueryLookupStrategy.java:252) ~[spring-data-jpa-3.3.5.jar:3.3.5]
	at org.springframework.data.jpa.repository.query.JpaQueryLookupStrategy$AbstractQueryLookupStrategy.resolveQuery(JpaQueryLookupStrategy.java:95) ~[spring-data-jpa-3.3.5.jar:3.3.5]
	at org.springframework.data.repository.core.support.QueryExecutorMethodInterceptor.lookupQuery(QueryExecutorMethodInterceptor.java:115) ~[spring-data-commons-3.3.5.jar:3.3.5]
	at org.springframework.data.repository.core.support.QueryExecutorMethodInterceptor.mapMethodsToQuery(QueryExecutorMethodInterceptor.java:103) ~[spring-data-commons-3.3.5.jar:3.3.5]
	at org.springframework.data.repository.core.support.QueryExecutorMethodInterceptor.lambda$new$0(QueryExecutorMethodInterceptor.java:92) ~[spring-data-commons-3.3.5.jar:3.3.5]
	at java.base/java.util.Optional.map(Optional.java:260) ~[na:na]
	at org.springframework.data.repository.core.support.QueryExecutorMethodInterceptor.<init>(QueryExecutorMethodInterceptor.java:92) ~[spring-data-commons-3.3.5.jar:3.3.5]
	at org.springframework.data.repository.core.support.RepositoryFactorySupport.getRepository(RepositoryFactorySupport.java:357) ~[spring-data-commons-3.3.5.jar:3.3.5]
	at org.springframework.data.repository.core.support.RepositoryFactoryBeanSupport.lambda$afterPropertiesSet$5(RepositoryFactoryBeanSupport.java:290) ~[spring-data-commons-3.3.5.jar:3.3.5]
	at org.springframework.data.util.Lazy.getNullable(Lazy.java:135) ~[spring-data-commons-3.3.5.jar:3.3.5]
	at org.springframework.data.util.Lazy.get(Lazy.java:113) ~[spring-data-commons-3.3.5.jar:3.3.5]
	at org.springframework.data.repository.core.support.RepositoryFactoryBeanSupport.afterPropertiesSet(RepositoryFactoryBeanSupport.java:296) ~[spring-data-commons-3.3.5.jar:3.3.5]
	at org.springframework.data.jpa.repository.support.JpaRepositoryFactoryBean.afterPropertiesSet(JpaRepositoryFactoryBean.java:132) ~[spring-data-jpa-3.3.5.jar:3.3.5]
	at org.springframework.beans.factory.support.AbstractAutowireCapableBeanFactory.invokeInitMethods(AbstractAutowireCapableBeanFactory.java:1853) ~[spring-beans-6.1.14.jar:6.1.14]
	at org.springframework.beans.factory.support.AbstractAutowireCapableBeanFactory.initializeBean(AbstractAutowireCapableBeanFactory.java:1802) ~[spring-beans-6.1.14.jar:6.1.14]
	at org.springframework.beans.factory.support.AbstractAutowireCapableBeanFactory.doCreateBean(AbstractAutowireCapableBeanFactory.java:600) ~[spring-beans-6.1.14.jar:6.1.14]
	at org.springframework.beans.factory.support.AbstractAutowireCapableBeanFactory.createBean(AbstractAutowireCapableBeanFactory.java:522) ~[spring-beans-6.1.14.jar:6.1.14]
	at org.springframework.beans.factory.support.AbstractBeanFactory.lambda$doGetBean$0(AbstractBeanFactory.java:337) ~[spring-beans-6.1.14.jar:6.1.14]
	at org.springframework.beans.factory.support.DefaultSingletonBeanRegistry.getSingleton(DefaultSingletonBeanRegistry.java:234) ~[spring-beans-6.1.14.jar:6.1.14]
	at org.springframework.beans.factory.support.AbstractBeanFactory.doGetBean(AbstractBeanFactory.java:335) ~[spring-beans-6.1.14.jar:6.1.14]
	at org.springframework.beans.factory.support.AbstractBeanFactory.getBean(AbstractBeanFactory.java:200) ~[spring-beans-6.1.14.jar:6.1.14]
	at org.springframework.beans.factory.support.DefaultListableBeanFactory.preInstantiateSingletons(DefaultListableBeanFactory.java:969) ~[spring-beans-6.1.14.jar:6.1.14]
	at org.springframework.context.support.AbstractApplicationContext.finishBeanFactoryInitialization(AbstractApplicationContext.java:971) ~[spring-context-6.1.14.jar:6.1.14]
	at org.springframework.context.support.AbstractApplicationContext.refresh(AbstractApplicationContext.java:625) ~[spring-context-6.1.14.jar:6.1.14]
	at org.springframework.boot.SpringApplication.refresh(SpringApplication.java:754) ~[spring-boot-3.3.5.jar:3.3.5]
	at org.springframework.boot.SpringApplication.refreshContext(SpringApplication.java:456) ~[spring-boot-3.3.5.jar:3.3.5]
	at org.springframework.boot.SpringApplication.run(SpringApplication.java:335) ~[spring-boot-3.3.5.jar:3.3.5]
	at org.springframework.boot.test.context.SpringBootContextLoader.lambda$loadContext$3(SpringBootContextLoader.java:137) ~[spring-boot-test-3.3.5.jar:3.3.5]
	at org.springframework.util.function.ThrowingSupplier.get(ThrowingSupplier.java:58) ~[spring-core-6.1.14.jar:6.1.14]
	at org.springframework.util.function.ThrowingSupplier.get(ThrowingSupplier.java:46) ~[spring-core-6.1.14.jar:6.1.14]
	at org.springframework.boot.SpringApplication.withHook(SpringApplication.java:1463) ~[spring-boot-3.3.5.jar:3.3.5]
	at org.springframework.boot.test.context.SpringBootContextLoader$ContextLoaderHook.run(SpringBootContextLoader.java:553) ~[spring-boot-test-3.3.5.jar:3.3.5]
	at org.springframework.boot.test.context.SpringBootContextLoader.loadContext(SpringBootContextLoader.java:137) ~[spring-boot-test-3.3.5.jar:3.3.5]
	at org.springframework.boot.test.context.SpringBootContextLoader.loadContext(SpringBootContextLoader.java:108) ~[spring-boot-test-3.3.5.jar:3.3.5]
	at org.springframework.test.context.cache.DefaultCacheAwareContextLoaderDelegate.loadContextInternal(DefaultCacheAwareContextLoaderDelegate.java:225) ~[spring-test-6.1.14.jar:6.1.14]
	at org.springframework.test.context.cache.DefaultCacheAwareContextLoaderDelegate.loadContext(DefaultCacheAwareContextLoaderDelegate.java:152) ~[spring-test-6.1.14.jar:6.1.14]
	at org.springframework.test.context.support.DefaultTestContext.getApplicationContext(DefaultTestContext.java:130) ~[spring-test-6.1.14.jar:6.1.14]
	at org.springframework.test.context.web.ServletTestExecutionListener.setUpRequestContextIfNecessary(ServletTestExecutionListener.java:191) ~[spring-test-6.1.14.jar:6.1.14]
	at org.springframework.test.context.web.ServletTestExecutionListener.prepareTestInstance(ServletTestExecutionListener.java:130) ~[spring-test-6.1.14.jar:6.1.14]
	at org.springframework.test.context.TestContextManager.prepareTestInstance(TestContextManager.java:260) ~[spring-test-6.1.14.jar:6.1.14]
	at org.springframework.test.context.junit.jupiter.SpringExtension.postProcessTestInstance(SpringExtension.java:163) ~[spring-test-6.1.14.jar:6.1.14]
	at org.junit.jupiter.engine.descriptor.ClassBasedTestDescriptor.lambda$invokeTestInstancePostProcessors$10(ClassBasedTestDescriptor.java:378) ~[junit-jupiter-engine-5.10.5.jar:5.10.5]
	at org.junit.jupiter.engine.descriptor.ClassBasedTestDescriptor.executeAndMaskThrowable(ClassBasedTestDescriptor.java:383) ~[junit-jupiter-engine-5.10.5.jar:5.10.5]
	at org.junit.jupiter.engine.descriptor.ClassBasedTestDescriptor.lambda$invokeTestInstancePostProcessors$11(ClassBasedTestDescriptor.java:378) ~[junit-jupiter-engine-5.10.5.jar:5.10.5]
	at java.base/java.util.stream.ReferencePipeline$3$1.accept(ReferencePipeline.java:197) ~[na:na]
	at java.base/java.util.stream.ReferencePipeline$2$1.accept(ReferencePipeline.java:179) ~[na:na]
	at java.base/java.util.ArrayList$ArrayListSpliterator.forEachRemaining(ArrayList.java:1708) ~[na:na]
	at java.base/java.util.stream.AbstractPipeline.copyInto(AbstractPipeline.java:509) ~[na:na]
	at java.base/java.util.stream.AbstractPipeline.wrapAndCopyInto(AbstractPipeline.java:499) ~[na:na]
	at java.base/java.util.stream.StreamSpliterators$WrappingSpliterator.forEachRemaining(StreamSpliterators.java:310) ~[na:na]
	at java.base/java.util.stream.Streams$ConcatSpliterator.forEachRemaining(Streams.java:735) ~[na:na]
	at java.base/java.util.stream.Streams$ConcatSpliterator.forEachRemaining(Streams.java:734) ~[na:na]
	at java.base/java.util.stream.ReferencePipeline$Head.forEach(ReferencePipeline.java:762) ~[na:na]
	at org.junit.jupiter.engine.descriptor.ClassBasedTestDescriptor.invokeTestInstancePostProcessors(ClassBasedTestDescriptor.java:377) ~[junit-jupiter-engine-5.10.5.jar:5.10.5]
	at org.junit.jupiter.engine.descriptor.ClassBasedTestDescriptor.lambda$instantiateAndPostProcessTestInstance$6(ClassBasedTestDescriptor.java:290) ~[junit-jupiter-engine-5.10.5.jar:5.10.5]
	at org.junit.platform.engine.support.hierarchical.ThrowableCollector.execute(ThrowableCollector.java:73) ~[junit-platform-engine-1.10.5.jar:1.10.5]
	at org.junit.jupiter.engine.descriptor.ClassBasedTestDescriptor.instantiateAndPostProcessTestInstance(ClassBasedTestDescriptor.java:289) ~[junit-jupiter-engine-5.10.5.jar:5.10.5]
	at org.junit.jupiter.engine.descriptor.ClassBasedTestDescriptor.lambda$testInstancesProvider$4(ClassBasedTestDescriptor.java:279) ~[junit-jupiter-engine-5.10.5.jar:5.10.5]
	at java.base/java.util.Optional.orElseGet(Optional.java:364) ~[na:na]
	at org.junit.jupiter.engine.descriptor.ClassBasedTestDescriptor.lambda$testInstancesProvider$5(ClassBasedTestDescriptor.java:278) ~[junit-jupiter-engine-5.10.5.jar:5.10.5]
	at org.junit.jupiter.engine.execution.TestInstancesProvider.getTestInstances(TestInstancesProvider.java:31) ~[junit-jupiter-engine-5.10.5.jar:5.10.5]
	at org.junit.jupiter.engine.descriptor.TestMethodTestDescriptor.lambda$prepare$0(TestMethodTestDescriptor.java:106) ~[junit-jupiter-engine-5.10.5.jar:5.10.5]
	at org.junit.platform.engine.support.hierarchical.ThrowableCollector.execute(ThrowableCollector.java:73) ~[junit-platform-engine-1.10.5.jar:1.10.5]
	at org.junit.jupiter.engine.descriptor.TestMethodTestDescriptor.prepare(TestMethodTestDescriptor.java:105) ~[junit-jupiter-engine-5.10.5.jar:5.10.5]
	at org.junit.jupiter.engine.descriptor.TestMethodTestDescriptor.prepare(TestMethodTestDescriptor.java:69) ~[junit-jupiter-engine-5.10.5.jar:5.10.5]
	at org.junit.platform.engine.support.hierarchical.NodeTestTask.lambda$prepare$2(NodeTestTask.java:128) ~[junit-platform-engine-1.10.5.jar:1.10.5]
	at org.junit.platform.engine.support.hierarchical.ThrowableCollector.execute(ThrowableCollector.java:73) ~[junit-platform-engine-1.10.5.jar:1.10.5]
	at org.junit.platform.engine.support.hierarchical.NodeTestTask.prepare(NodeTestTask.java:128) ~[junit-platform-engine-1.10.5.jar:1.10.5]
	at org.junit.platform.engine.support.hierarchical.NodeTestTask.execute(NodeTestTask.java:95) ~[junit-platform-engine-1.10.5.jar:1.10.5]
	at java.base/java.util.ArrayList.forEach(ArrayList.java:1596) ~[na:na]
	at org.junit.platform.engine.support.hierarchical.SameThreadHierarchicalTestExecutorService.invokeAll(SameThreadHierarchicalTestExecutorService.java:41) ~[junit-platform-engine-1.10.5.jar:1.10.5]
	at org.junit.platform.engine.support.hierarchical.NodeTestTask.lambda$executeRecursively$6(NodeTestTask.java:160) ~[junit-platform-engine-1.10.5.jar:1.10.5]
	at org.junit.platform.engine.support.hierarchical.ThrowableCollector.execute(ThrowableCollector.java:73) ~[junit-platform-engine-1.10.5.jar:1.10.5]
	at org.junit.platform.engine.support.hierarchical.NodeTestTask.lambda$executeRecursively$8(NodeTestTask.java:146) ~[junit-platform-engine-1.10.5.jar:1.10.5]
	at org.junit.platform.engine.support.hierarchical.Node.around(Node.java:137) ~[junit-platform-engine-1.10.5.jar:1.10.5]
	at org.junit.platform.engine.support.hierarchical.NodeTestTask.lambda$executeRecursively$9(NodeTestTask.java:144) ~[junit-platform-engine-1.10.5.jar:1.10.5]
	at org.junit.platform.engine.support.hierarchical.ThrowableCollector.execute(ThrowableCollector.java:73) ~[junit-platform-engine-1.10.5.jar:1.10.5]
	at org.junit.platform.engine.support.hierarchical.NodeTestTask.executeRecursively(NodeTestTask.java:143) ~[junit-platform-engine-1.10.5.jar:1.10.5]
	at org.junit.platform.engine.support.hierarchical.NodeTestTask.execute(NodeTestTask.java:100) ~[junit-platform-engine-1.10.5.jar:1.10.5]
	at java.base/java.util.ArrayList.forEach(ArrayList.java:1596) ~[na:na]
	at org.junit.platform.engine.support.hierarchical.SameThreadHierarchicalTestExecutorService.invokeAll(SameThreadHierarchicalTestExecutorService.java:41) ~[junit-platform-engine-1.10.5.jar:1.10.5]
	at org.junit.platform.engine.support.hierarchical.NodeTestTask.lambda$executeRecursively$6(NodeTestTask.java:160) ~[junit-platform-engine-1.10.5.jar:1.10.5]
	at org.junit.platform.engine.support.hierarchical.ThrowableCollector.execute(ThrowableCollector.java:73) ~[junit-platform-engine-1.10.5.jar:1.10.5]
	at org.junit.platform.engine.support.hierarchical.NodeTestTask.lambda$executeRecursively$8(NodeTestTask.java:146) ~[junit-platform-engine-1.10.5.jar:1.10.5]
	at org.junit.platform.engine.support.hierarchical.Node.around(Node.java:137) ~[junit-platform-engine-1.10.5.jar:1.10.5]
	at org.junit.platform.engine.support.hierarchical.NodeTestTask.lambda$executeRecursively$9(NodeTestTask.java:144) ~[junit-platform-engine-1.10.5.jar:1.10.5]
	at org.junit.platform.engine.support.hierarchical.ThrowableCollector.execute(ThrowableCollector.java:73) ~[junit-platform-engine-1.10.5.jar:1.10.5]
	at org.junit.platform.engine.support.hierarchical.NodeTestTask.executeRecursively(NodeTestTask.java:143) ~[junit-platform-engine-1.10.5.jar:1.10.5]
	at org.junit.platform.engine.support.hierarchical.NodeTestTask.execute(NodeTestTask.java:100) ~[junit-platform-engine-1.10.5.jar:1.10.5]
	at org.junit.platform.engine.support.hierarchical.SameThreadHierarchicalTestExecutorService.submit(SameThreadHierarchicalTestExecutorService.java:35) ~[junit-platform-engine-1.10.5.jar:1.10.5]
	at org.junit.platform.engine.support.hierarchical.HierarchicalTestExecutor.execute(HierarchicalTestExecutor.java:57) ~[junit-platform-engine-1.10.5.jar:1.10.5]
	at org.junit.platform.engine.support.hierarchical.HierarchicalTestEngine.execute(HierarchicalTestEngine.java:54) ~[junit-platform-engine-1.10.5.jar:1.10.5]
	at org.junit.platform.launcher.core.EngineExecutionOrchestrator.execute(EngineExecutionOrchestrator.java:198) ~[junit-platform-launcher-1.10.5.jar:1.10.5]
	at org.junit.platform.launcher.core.EngineExecutionOrchestrator.execute(EngineExecutionOrchestrator.java:169) ~[junit-platform-launcher-1.10.5.jar:1.10.5]
	at org.junit.platform.launcher.core.EngineExecutionOrchestrator.execute(EngineExecutionOrchestrator.java:93) ~[junit-platform-launcher-1.10.5.jar:1.10.5]
	at org.junit.platform.launcher.core.EngineExecutionOrchestrator.lambda$execute$0(EngineExecutionOrchestrator.java:58) ~[junit-platform-launcher-1.10.5.jar:1.10.5]
	at org.junit.platform.launcher.core.EngineExecutionOrchestrator.withInterceptedStreams(EngineExecutionOrchestrator.java:141) ~[junit-platform-launcher-1.10.5.jar:1.10.5]
	at org.junit.platform.launcher.core.EngineExecutionOrchestrator.execute(EngineExecutionOrchestrator.java:57) ~[junit-platform-launcher-1.10.5.jar:1.10.5]
	at org.junit.platform.launcher.core.DefaultLauncher.execute(DefaultLauncher.java:103) ~[junit-platform-launcher-1.10.5.jar:1.10.5]
	at org.junit.platform.launcher.core.DefaultLauncher.execute(DefaultLauncher.java:85) ~[junit-platform-launcher-1.10.5.jar:1.10.5]
	at org.junit.platform.launcher.core.DelegatingLauncher.execute(DelegatingLauncher.java:47) ~[junit-platform-launcher-1.10.5.jar:1.10.5]
	at org.apache.maven.surefire.junitplatform.LazyLauncher.execute(LazyLauncher.java:56) ~[surefire-junit-platform-3.2.5.jar:3.2.5]
	at org.apache.maven.surefire.junitplatform.JUnitPlatformProvider.execute(JUnitPlatformProvider.java:184) ~[surefire-junit-platform-3.2.5.jar:3.2.5]
	at org.apache.maven.surefire.junitplatform.JUnitPlatformProvider.invokeAllTests(JUnitPlatformProvider.java:148) ~[surefire-junit-platform-3.2.5.jar:3.2.5]
	at org.apache.maven.surefire.junitplatform.JUnitPlatformProvider.invoke(JUnitPlatformProvider.java:122) ~[surefire-junit-platform-3.2.5.jar:3.2.5]
	at org.apache.maven.surefire.booter.ForkedBooter.runSuitesInProcess(ForkedBooter.java:385) ~[surefire-booter-3.2.5.jar:3.2.5]
	at org.apache.maven.surefire.booter.ForkedBooter.execute(ForkedBooter.java:162) ~[surefire-booter-3.2.5.jar:3.2.5]
	at org.apache.maven.surefire.booter.ForkedBooter.run(ForkedBooter.java:507) ~[surefire-booter-3.2.5.jar:3.2.5]
	at org.apache.maven.surefire.booter.ForkedBooter.main(ForkedBooter.java:495) ~[surefire-booter-3.2.5.jar:3.2.5]

2024-10-28T22:56:26.821-03:00 DEBUG 17164 --- [seguridad-calidad-back] [           main] o.s.d.jpa.repository.query.NamedQuery    : Did not find named query RecetaIngrediente.findByIdIngredienteId
2024-10-28T22:56:26.824-03:00 DEBUG 17164 --- [seguridad-calidad-back] [           main] tor$SharedEntityManagerInvocationHandler : Creating new EntityManager for shared EntityManager invocation
2024-10-28T22:56:26.883-03:00 DEBUG 17164 --- [seguridad-calidad-back] [           main] o.s.d.jpa.repository.query.NamedQuery    : Looking up named query RecetaIngrediente.findByIdRecetaId
2024-10-28T22:56:26.883-03:00 DEBUG 17164 --- [seguridad-calidad-back] [           main] cResourceLocalTransactionCoordinatorImpl : JDBC transaction marked for rollback-only (exception provided for stack trace)

java.lang.Exception: exception just for purpose of providing stack trace
	at org.hibernate.resource.transaction.backend.jdbc.internal.JdbcResourceLocalTransactionCoordinatorImpl$TransactionDriverControlImpl.markRollbackOnly(JdbcResourceLocalTransactionCoordinatorImpl.java:309) ~[hibernate-core-6.5.3.Final.jar:6.5.3.Final]
	at org.hibernate.internal.AbstractSharedSessionContract.buildNamedQuery(AbstractSharedSessionContract.java:1109) ~[hibernate-core-6.5.3.Final.jar:6.5.3.Final]
	at org.hibernate.internal.AbstractSharedSessionContract.createNamedQuery(AbstractSharedSessionContract.java:987) ~[hibernate-core-6.5.3.Final.jar:6.5.3.Final]
	at org.hibernate.internal.AbstractSharedSessionContract.createNamedQuery(AbstractSharedSessionContract.java:140) ~[hibernate-core-6.5.3.Final.jar:6.5.3.Final]
	at java.base/jdk.internal.reflect.DirectMethodHandleAccessor.invoke(DirectMethodHandleAccessor.java:103) ~[na:na]
	at java.base/java.lang.reflect.Method.invoke(Method.java:580) ~[na:na]
	at org.springframework.orm.jpa.ExtendedEntityManagerCreator$ExtendedEntityManagerInvocationHandler.invoke(ExtendedEntityManagerCreator.java:364) ~[spring-orm-6.1.14.jar:6.1.14]
	at jdk.proxy2/jdk.proxy2.$Proxy125.createNamedQuery(Unknown Source) ~[na:na]
	at org.springframework.data.jpa.repository.query.NamedQuery.hasNamedQuery(NamedQuery.java:112) ~[spring-data-jpa-3.3.5.jar:3.3.5]
	at org.springframework.data.jpa.repository.query.NamedQuery.lookupFrom(NamedQuery.java:138) ~[spring-data-jpa-3.3.5.jar:3.3.5]
	at org.springframework.data.jpa.repository.query.JpaQueryLookupStrategy$DeclaredQueryLookupStrategy.resolveQuery(JpaQueryLookupStrategy.java:180) ~[spring-data-jpa-3.3.5.jar:3.3.5]
	at org.springframework.data.jpa.repository.query.JpaQueryLookupStrategy$CreateIfNotFoundQueryLookupStrategy.resolveQuery(JpaQueryLookupStrategy.java:252) ~[spring-data-jpa-3.3.5.jar:3.3.5]
	at org.springframework.data.jpa.repository.query.JpaQueryLookupStrategy$AbstractQueryLookupStrategy.resolveQuery(JpaQueryLookupStrategy.java:95) ~[spring-data-jpa-3.3.5.jar:3.3.5]
	at org.springframework.data.repository.core.support.QueryExecutorMethodInterceptor.lookupQuery(QueryExecutorMethodInterceptor.java:115) ~[spring-data-commons-3.3.5.jar:3.3.5]
	at org.springframework.data.repository.core.support.QueryExecutorMethodInterceptor.mapMethodsToQuery(QueryExecutorMethodInterceptor.java:103) ~[spring-data-commons-3.3.5.jar:3.3.5]
	at org.springframework.data.repository.core.support.QueryExecutorMethodInterceptor.lambda$new$0(QueryExecutorMethodInterceptor.java:92) ~[spring-data-commons-3.3.5.jar:3.3.5]
	at java.base/java.util.Optional.map(Optional.java:260) ~[na:na]
	at org.springframework.data.repository.core.support.QueryExecutorMethodInterceptor.<init>(QueryExecutorMethodInterceptor.java:92) ~[spring-data-commons-3.3.5.jar:3.3.5]
	at org.springframework.data.repository.core.support.RepositoryFactorySupport.getRepository(RepositoryFactorySupport.java:357) ~[spring-data-commons-3.3.5.jar:3.3.5]
	at org.springframework.data.repository.core.support.RepositoryFactoryBeanSupport.lambda$afterPropertiesSet$5(RepositoryFactoryBeanSupport.java:290) ~[spring-data-commons-3.3.5.jar:3.3.5]
	at org.springframework.data.util.Lazy.getNullable(Lazy.java:135) ~[spring-data-commons-3.3.5.jar:3.3.5]
	at org.springframework.data.util.Lazy.get(Lazy.java:113) ~[spring-data-commons-3.3.5.jar:3.3.5]
	at org.springframework.data.repository.core.support.RepositoryFactoryBeanSupport.afterPropertiesSet(RepositoryFactoryBeanSupport.java:296) ~[spring-data-commons-3.3.5.jar:3.3.5]
	at org.springframework.data.jpa.repository.support.JpaRepositoryFactoryBean.afterPropertiesSet(JpaRepositoryFactoryBean.java:132) ~[spring-data-jpa-3.3.5.jar:3.3.5]
	at org.springframework.beans.factory.support.AbstractAutowireCapableBeanFactory.invokeInitMethods(AbstractAutowireCapableBeanFactory.java:1853) ~[spring-beans-6.1.14.jar:6.1.14]
	at org.springframework.beans.factory.support.AbstractAutowireCapableBeanFactory.initializeBean(AbstractAutowireCapableBeanFactory.java:1802) ~[spring-beans-6.1.14.jar:6.1.14]
	at org.springframework.beans.factory.support.AbstractAutowireCapableBeanFactory.doCreateBean(AbstractAutowireCapableBeanFactory.java:600) ~[spring-beans-6.1.14.jar:6.1.14]
	at org.springframework.beans.factory.support.AbstractAutowireCapableBeanFactory.createBean(AbstractAutowireCapableBeanFactory.java:522) ~[spring-beans-6.1.14.jar:6.1.14]
	at org.springframework.beans.factory.support.AbstractBeanFactory.lambda$doGetBean$0(AbstractBeanFactory.java:337) ~[spring-beans-6.1.14.jar:6.1.14]
	at org.springframework.beans.factory.support.DefaultSingletonBeanRegistry.getSingleton(DefaultSingletonBeanRegistry.java:234) ~[spring-beans-6.1.14.jar:6.1.14]
	at org.springframework.beans.factory.support.AbstractBeanFactory.doGetBean(AbstractBeanFactory.java:335) ~[spring-beans-6.1.14.jar:6.1.14]
	at org.springframework.beans.factory.support.AbstractBeanFactory.getBean(AbstractBeanFactory.java:200) ~[spring-beans-6.1.14.jar:6.1.14]
	at org.springframework.beans.factory.support.DefaultListableBeanFactory.preInstantiateSingletons(DefaultListableBeanFactory.java:969) ~[spring-beans-6.1.14.jar:6.1.14]
	at org.springframework.context.support.AbstractApplicationContext.finishBeanFactoryInitialization(AbstractApplicationContext.java:971) ~[spring-context-6.1.14.jar:6.1.14]
	at org.springframework.context.support.AbstractApplicationContext.refresh(AbstractApplicationContext.java:625) ~[spring-context-6.1.14.jar:6.1.14]
	at org.springframework.boot.SpringApplication.refresh(SpringApplication.java:754) ~[spring-boot-3.3.5.jar:3.3.5]
	at org.springframework.boot.SpringApplication.refreshContext(SpringApplication.java:456) ~[spring-boot-3.3.5.jar:3.3.5]
	at org.springframework.boot.SpringApplication.run(SpringApplication.java:335) ~[spring-boot-3.3.5.jar:3.3.5]
	at org.springframework.boot.test.context.SpringBootContextLoader.lambda$loadContext$3(SpringBootContextLoader.java:137) ~[spring-boot-test-3.3.5.jar:3.3.5]
	at org.springframework.util.function.ThrowingSupplier.get(ThrowingSupplier.java:58) ~[spring-core-6.1.14.jar:6.1.14]
	at org.springframework.util.function.ThrowingSupplier.get(ThrowingSupplier.java:46) ~[spring-core-6.1.14.jar:6.1.14]
	at org.springframework.boot.SpringApplication.withHook(SpringApplication.java:1463) ~[spring-boot-3.3.5.jar:3.3.5]
	at org.springframework.boot.test.context.SpringBootContextLoader$ContextLoaderHook.run(SpringBootContextLoader.java:553) ~[spring-boot-test-3.3.5.jar:3.3.5]
	at org.springframework.boot.test.context.SpringBootContextLoader.loadContext(SpringBootContextLoader.java:137) ~[spring-boot-test-3.3.5.jar:3.3.5]
	at org.springframework.boot.test.context.SpringBootContextLoader.loadContext(SpringBootContextLoader.java:108) ~[spring-boot-test-3.3.5.jar:3.3.5]
	at org.springframework.test.context.cache.DefaultCacheAwareContextLoaderDelegate.loadContextInternal(DefaultCacheAwareContextLoaderDelegate.java:225) ~[spring-test-6.1.14.jar:6.1.14]
	at org.springframework.test.context.cache.DefaultCacheAwareContextLoaderDelegate.loadContext(DefaultCacheAwareContextLoaderDelegate.java:152) ~[spring-test-6.1.14.jar:6.1.14]
	at org.springframework.test.context.support.DefaultTestContext.getApplicationContext(DefaultTestContext.java:130) ~[spring-test-6.1.14.jar:6.1.14]
	at org.springframework.test.context.web.ServletTestExecutionListener.setUpRequestContextIfNecessary(ServletTestExecutionListener.java:191) ~[spring-test-6.1.14.jar:6.1.14]
	at org.springframework.test.context.web.ServletTestExecutionListener.prepareTestInstance(ServletTestExecutionListener.java:130) ~[spring-test-6.1.14.jar:6.1.14]
	at org.springframework.test.context.TestContextManager.prepareTestInstance(TestContextManager.java:260) ~[spring-test-6.1.14.jar:6.1.14]
	at org.springframework.test.context.junit.jupiter.SpringExtension.postProcessTestInstance(SpringExtension.java:163) ~[spring-test-6.1.14.jar:6.1.14]
	at org.junit.jupiter.engine.descriptor.ClassBasedTestDescriptor.lambda$invokeTestInstancePostProcessors$10(ClassBasedTestDescriptor.java:378) ~[junit-jupiter-engine-5.10.5.jar:5.10.5]
	at org.junit.jupiter.engine.descriptor.ClassBasedTestDescriptor.executeAndMaskThrowable(ClassBasedTestDescriptor.java:383) ~[junit-jupiter-engine-5.10.5.jar:5.10.5]
	at org.junit.jupiter.engine.descriptor.ClassBasedTestDescriptor.lambda$invokeTestInstancePostProcessors$11(ClassBasedTestDescriptor.java:378) ~[junit-jupiter-engine-5.10.5.jar:5.10.5]
	at java.base/java.util.stream.ReferencePipeline$3$1.accept(ReferencePipeline.java:197) ~[na:na]
	at java.base/java.util.stream.ReferencePipeline$2$1.accept(ReferencePipeline.java:179) ~[na:na]
	at java.base/java.util.ArrayList$ArrayListSpliterator.forEachRemaining(ArrayList.java:1708) ~[na:na]
	at java.base/java.util.stream.AbstractPipeline.copyInto(AbstractPipeline.java:509) ~[na:na]
	at java.base/java.util.stream.AbstractPipeline.wrapAndCopyInto(AbstractPipeline.java:499) ~[na:na]
	at java.base/java.util.stream.StreamSpliterators$WrappingSpliterator.forEachRemaining(StreamSpliterators.java:310) ~[na:na]
	at java.base/java.util.stream.Streams$ConcatSpliterator.forEachRemaining(Streams.java:735) ~[na:na]
	at java.base/java.util.stream.Streams$ConcatSpliterator.forEachRemaining(Streams.java:734) ~[na:na]
	at java.base/java.util.stream.ReferencePipeline$Head.forEach(ReferencePipeline.java:762) ~[na:na]
	at org.junit.jupiter.engine.descriptor.ClassBasedTestDescriptor.invokeTestInstancePostProcessors(ClassBasedTestDescriptor.java:377) ~[junit-jupiter-engine-5.10.5.jar:5.10.5]
	at org.junit.jupiter.engine.descriptor.ClassBasedTestDescriptor.lambda$instantiateAndPostProcessTestInstance$6(ClassBasedTestDescriptor.java:290) ~[junit-jupiter-engine-5.10.5.jar:5.10.5]
	at org.junit.platform.engine.support.hierarchical.ThrowableCollector.execute(ThrowableCollector.java:73) ~[junit-platform-engine-1.10.5.jar:1.10.5]
	at org.junit.jupiter.engine.descriptor.ClassBasedTestDescriptor.instantiateAndPostProcessTestInstance(ClassBasedTestDescriptor.java:289) ~[junit-jupiter-engine-5.10.5.jar:5.10.5]
	at org.junit.jupiter.engine.descriptor.ClassBasedTestDescriptor.lambda$testInstancesProvider$4(ClassBasedTestDescriptor.java:279) ~[junit-jupiter-engine-5.10.5.jar:5.10.5]
	at java.base/java.util.Optional.orElseGet(Optional.java:364) ~[na:na]
	at org.junit.jupiter.engine.descriptor.ClassBasedTestDescriptor.lambda$testInstancesProvider$5(ClassBasedTestDescriptor.java:278) ~[junit-jupiter-engine-5.10.5.jar:5.10.5]
	at org.junit.jupiter.engine.execution.TestInstancesProvider.getTestInstances(TestInstancesProvider.java:31) ~[junit-jupiter-engine-5.10.5.jar:5.10.5]
	at org.junit.jupiter.engine.descriptor.TestMethodTestDescriptor.lambda$prepare$0(TestMethodTestDescriptor.java:106) ~[junit-jupiter-engine-5.10.5.jar:5.10.5]
	at org.junit.platform.engine.support.hierarchical.ThrowableCollector.execute(ThrowableCollector.java:73) ~[junit-platform-engine-1.10.5.jar:1.10.5]
	at org.junit.jupiter.engine.descriptor.TestMethodTestDescriptor.prepare(TestMethodTestDescriptor.java:105) ~[junit-jupiter-engine-5.10.5.jar:5.10.5]
	at org.junit.jupiter.engine.descriptor.TestMethodTestDescriptor.prepare(TestMethodTestDescriptor.java:69) ~[junit-jupiter-engine-5.10.5.jar:5.10.5]
	at org.junit.platform.engine.support.hierarchical.NodeTestTask.lambda$prepare$2(NodeTestTask.java:128) ~[junit-platform-engine-1.10.5.jar:1.10.5]
	at org.junit.platform.engine.support.hierarchical.ThrowableCollector.execute(ThrowableCollector.java:73) ~[junit-platform-engine-1.10.5.jar:1.10.5]
	at org.junit.platform.engine.support.hierarchical.NodeTestTask.prepare(NodeTestTask.java:128) ~[junit-platform-engine-1.10.5.jar:1.10.5]
	at org.junit.platform.engine.support.hierarchical.NodeTestTask.execute(NodeTestTask.java:95) ~[junit-platform-engine-1.10.5.jar:1.10.5]
	at java.base/java.util.ArrayList.forEach(ArrayList.java:1596) ~[na:na]
	at org.junit.platform.engine.support.hierarchical.SameThreadHierarchicalTestExecutorService.invokeAll(SameThreadHierarchicalTestExecutorService.java:41) ~[junit-platform-engine-1.10.5.jar:1.10.5]
	at org.junit.platform.engine.support.hierarchical.NodeTestTask.lambda$executeRecursively$6(NodeTestTask.java:160) ~[junit-platform-engine-1.10.5.jar:1.10.5]
	at org.junit.platform.engine.support.hierarchical.ThrowableCollector.execute(ThrowableCollector.java:73) ~[junit-platform-engine-1.10.5.jar:1.10.5]
	at org.junit.platform.engine.support.hierarchical.NodeTestTask.lambda$executeRecursively$8(NodeTestTask.java:146) ~[junit-platform-engine-1.10.5.jar:1.10.5]
	at org.junit.platform.engine.support.hierarchical.Node.around(Node.java:137) ~[junit-platform-engine-1.10.5.jar:1.10.5]
	at org.junit.platform.engine.support.hierarchical.NodeTestTask.lambda$executeRecursively$9(NodeTestTask.java:144) ~[junit-platform-engine-1.10.5.jar:1.10.5]
	at org.junit.platform.engine.support.hierarchical.ThrowableCollector.execute(ThrowableCollector.java:73) ~[junit-platform-engine-1.10.5.jar:1.10.5]
	at org.junit.platform.engine.support.hierarchical.NodeTestTask.executeRecursively(NodeTestTask.java:143) ~[junit-platform-engine-1.10.5.jar:1.10.5]
	at org.junit.platform.engine.support.hierarchical.NodeTestTask.execute(NodeTestTask.java:100) ~[junit-platform-engine-1.10.5.jar:1.10.5]
	at java.base/java.util.ArrayList.forEach(ArrayList.java:1596) ~[na:na]
	at org.junit.platform.engine.support.hierarchical.SameThreadHierarchicalTestExecutorService.invokeAll(SameThreadHierarchicalTestExecutorService.java:41) ~[junit-platform-engine-1.10.5.jar:1.10.5]
	at org.junit.platform.engine.support.hierarchical.NodeTestTask.lambda$executeRecursively$6(NodeTestTask.java:160) ~[junit-platform-engine-1.10.5.jar:1.10.5]
	at org.junit.platform.engine.support.hierarchical.ThrowableCollector.execute(ThrowableCollector.java:73) ~[junit-platform-engine-1.10.5.jar:1.10.5]
	at org.junit.platform.engine.support.hierarchical.NodeTestTask.lambda$executeRecursively$8(NodeTestTask.java:146) ~[junit-platform-engine-1.10.5.jar:1.10.5]
	at org.junit.platform.engine.support.hierarchical.Node.around(Node.java:137) ~[junit-platform-engine-1.10.5.jar:1.10.5]
	at org.junit.platform.engine.support.hierarchical.NodeTestTask.lambda$executeRecursively$9(NodeTestTask.java:144) ~[junit-platform-engine-1.10.5.jar:1.10.5]
	at org.junit.platform.engine.support.hierarchical.ThrowableCollector.execute(ThrowableCollector.java:73) ~[junit-platform-engine-1.10.5.jar:1.10.5]
	at org.junit.platform.engine.support.hierarchical.NodeTestTask.executeRecursively(NodeTestTask.java:143) ~[junit-platform-engine-1.10.5.jar:1.10.5]
	at org.junit.platform.engine.support.hierarchical.NodeTestTask.execute(NodeTestTask.java:100) ~[junit-platform-engine-1.10.5.jar:1.10.5]
	at org.junit.platform.engine.support.hierarchical.SameThreadHierarchicalTestExecutorService.submit(SameThreadHierarchicalTestExecutorService.java:35) ~[junit-platform-engine-1.10.5.jar:1.10.5]
	at org.junit.platform.engine.support.hierarchical.HierarchicalTestExecutor.execute(HierarchicalTestExecutor.java:57) ~[junit-platform-engine-1.10.5.jar:1.10.5]
	at org.junit.platform.engine.support.hierarchical.HierarchicalTestEngine.execute(HierarchicalTestEngine.java:54) ~[junit-platform-engine-1.10.5.jar:1.10.5]
	at org.junit.platform.launcher.core.EngineExecutionOrchestrator.execute(EngineExecutionOrchestrator.java:198) ~[junit-platform-launcher-1.10.5.jar:1.10.5]
	at org.junit.platform.launcher.core.EngineExecutionOrchestrator.execute(EngineExecutionOrchestrator.java:169) ~[junit-platform-launcher-1.10.5.jar:1.10.5]
	at org.junit.platform.launcher.core.EngineExecutionOrchestrator.execute(EngineExecutionOrchestrator.java:93) ~[junit-platform-launcher-1.10.5.jar:1.10.5]
	at org.junit.platform.launcher.core.EngineExecutionOrchestrator.lambda$execute$0(EngineExecutionOrchestrator.java:58) ~[junit-platform-launcher-1.10.5.jar:1.10.5]
	at org.junit.platform.launcher.core.EngineExecutionOrchestrator.withInterceptedStreams(EngineExecutionOrchestrator.java:141) ~[junit-platform-launcher-1.10.5.jar:1.10.5]
	at org.junit.platform.launcher.core.EngineExecutionOrchestrator.execute(EngineExecutionOrchestrator.java:57) ~[junit-platform-launcher-1.10.5.jar:1.10.5]
	at org.junit.platform.launcher.core.DefaultLauncher.execute(DefaultLauncher.java:103) ~[junit-platform-launcher-1.10.5.jar:1.10.5]
	at org.junit.platform.launcher.core.DefaultLauncher.execute(DefaultLauncher.java:85) ~[junit-platform-launcher-1.10.5.jar:1.10.5]
	at org.junit.platform.launcher.core.DelegatingLauncher.execute(DelegatingLauncher.java:47) ~[junit-platform-launcher-1.10.5.jar:1.10.5]
	at org.apache.maven.surefire.junitplatform.LazyLauncher.execute(LazyLauncher.java:56) ~[surefire-junit-platform-3.2.5.jar:3.2.5]
	at org.apache.maven.surefire.junitplatform.JUnitPlatformProvider.execute(JUnitPlatformProvider.java:184) ~[surefire-junit-platform-3.2.5.jar:3.2.5]
	at org.apache.maven.surefire.junitplatform.JUnitPlatformProvider.invokeAllTests(JUnitPlatformProvider.java:148) ~[surefire-junit-platform-3.2.5.jar:3.2.5]
	at org.apache.maven.surefire.junitplatform.JUnitPlatformProvider.invoke(JUnitPlatformProvider.java:122) ~[surefire-junit-platform-3.2.5.jar:3.2.5]
	at org.apache.maven.surefire.booter.ForkedBooter.runSuitesInProcess(ForkedBooter.java:385) ~[surefire-booter-3.2.5.jar:3.2.5]
	at org.apache.maven.surefire.booter.ForkedBooter.execute(ForkedBooter.java:162) ~[surefire-booter-3.2.5.jar:3.2.5]
	at org.apache.maven.surefire.booter.ForkedBooter.run(ForkedBooter.java:507) ~[surefire-booter-3.2.5.jar:3.2.5]
	at org.apache.maven.surefire.booter.ForkedBooter.main(ForkedBooter.java:495) ~[surefire-booter-3.2.5.jar:3.2.5]

2024-10-28T22:56:26.885-03:00 DEBUG 17164 --- [seguridad-calidad-back] [           main] o.s.d.jpa.repository.query.NamedQuery    : Did not find named query RecetaIngrediente.findByIdRecetaId
2024-10-28T22:56:26.885-03:00 DEBUG 17164 --- [seguridad-calidad-back] [           main] tor$SharedEntityManagerInvocationHandler : Creating new EntityManager for shared EntityManager invocation
2024-10-28T22:56:26.888-03:00 DEBUG 17164 --- [seguridad-calidad-back] [           main] o.s.d.r.c.s.RepositoryFactorySupport     : Finished creation of repository instance for com.seguridad.seguridad_calidad_back.repository.RecetaIngredienteRepository.
2024-10-28T22:56:26.888-03:00 DEBUG 17164 --- [seguridad-calidad-back] [           main] o.s.b.f.s.DefaultListableBeanFactory     : Creating shared instance of singleton bean 'data-jpa.repository-aot-processor#0'
2024-10-28T22:56:26.894-03:00 DEBUG 17164 --- [seguridad-calidad-back] [           main] o.s.b.f.s.DefaultListableBeanFactory     : Creating shared instance of singleton bean 'org.springframework.boot.autoconfigure.http.JacksonHttpMessageConvertersConfiguration'
2024-10-28T22:56:26.894-03:00 DEBUG 17164 --- [seguridad-calidad-back] [           main] o.s.b.f.s.DefaultListableBeanFactory     : Creating shared instance of singleton bean 'org.springframework.data.web.config.ProjectingArgumentResolverRegistrar'
2024-10-28T22:56:26.895-03:00 DEBUG 17164 --- [seguridad-calidad-back] [           main] o.s.b.f.s.DefaultListableBeanFactory     : Creating shared instance of singleton bean 'offsetResolver'
2024-10-28T22:56:26.896-03:00 DEBUG 17164 --- [seguridad-calidad-back] [           main] o.s.b.f.s.DefaultListableBeanFactory     : Creating shared instance of singleton bean 'org.springframework.boot.autoconfigure.info.ProjectInfoAutoConfiguration'
2024-10-28T22:56:26.899-03:00 DEBUG 17164 --- [seguridad-calidad-back] [           main] o.s.b.f.s.DefaultListableBeanFactory     : Creating shared instance of singleton bean 'spring.info-org.springframework.boot.autoconfigure.info.ProjectInfoProperties'
2024-10-28T22:56:26.900-03:00 DEBUG 17164 --- [seguridad-calidad-back] [           main] o.s.b.f.s.DefaultListableBeanFactory     : Autowiring by type from bean name 'org.springframework.boot.autoconfigure.info.ProjectInfoAutoConfiguration' via constructor to bean named 'spring.info-org.springframework.boot.autoconfigure.info.ProjectInfoProperties'
2024-10-28T22:56:26.900-03:00 DEBUG 17164 --- [seguridad-calidad-back] [           main] o.s.b.f.s.DefaultListableBeanFactory     : Creating shared instance of singleton bean 'org.springframework.boot.autoconfigure.jdbc.JdbcTemplateConfiguration'
2024-10-28T22:56:26.900-03:00 DEBUG 17164 --- [seguridad-calidad-back] [           main] o.s.b.f.s.DefaultListableBeanFactory     : Creating shared instance of singleton bean 'jdbcTemplate'
2024-10-28T22:56:26.901-03:00 DEBUG 17164 --- [seguridad-calidad-back] [           main] o.s.b.f.s.DefaultListableBeanFactory     : Creating shared instance of singleton bean 'spring.jdbc-org.springframework.boot.autoconfigure.jdbc.JdbcProperties'
2024-10-28T22:56:26.902-03:00 DEBUG 17164 --- [seguridad-calidad-back] [           main] o.s.b.f.s.DefaultListableBeanFactory     : Autowiring by type from bean name 'jdbcTemplate' via factory method to bean named 'dataSource'
2024-10-28T22:56:26.903-03:00 DEBUG 17164 --- [seguridad-calidad-back] [           main] o.s.b.f.s.DefaultListableBeanFactory     : Autowiring by type from bean name 'jdbcTemplate' via factory method to bean named 'spring.jdbc-org.springframework.boot.autoconfigure.jdbc.JdbcProperties'
2024-10-28T22:56:26.912-03:00 DEBUG 17164 --- [seguridad-calidad-back] [           main] o.s.b.f.s.DefaultListableBeanFactory     : Creating shared instance of singleton bean 'org.springframework.boot.autoconfigure.jdbc.NamedParameterJdbcTemplateConfiguration'
2024-10-28T22:56:26.912-03:00 DEBUG 17164 --- [seguridad-calidad-back] [           main] o.s.b.f.s.DefaultListableBeanFactory     : Creating shared instance of singleton bean 'namedParameterJdbcTemplate'
2024-10-28T22:56:26.913-03:00 DEBUG 17164 --- [seguridad-calidad-back] [           main] o.s.b.f.s.DefaultListableBeanFactory     : Autowiring by type from bean name 'namedParameterJdbcTemplate' via factory method to bean named 'jdbcTemplate'
2024-10-28T22:56:26.916-03:00 DEBUG 17164 --- [seguridad-calidad-back] [           main] o.s.b.f.s.DefaultListableBeanFactory     : Creating shared instance of singleton bean 'org.springframework.boot.autoconfigure.jdbc.JdbcTemplateAutoConfiguration'
2024-10-28T22:56:26.917-03:00 DEBUG 17164 --- [seguridad-calidad-back] [           main] o.s.b.f.s.DefaultListableBeanFactory     : Creating shared instance of singleton bean 'org.springframework.boot.autoconfigure.jdbc.JdbcClientAutoConfiguration'
2024-10-28T22:56:26.917-03:00 DEBUG 17164 --- [seguridad-calidad-back] [           main] o.s.b.f.s.DefaultListableBeanFactory     : Creating shared instance of singleton bean 'jdbcClient'
2024-10-28T22:56:26.917-03:00 DEBUG 17164 --- [seguridad-calidad-back] [           main] o.s.b.f.s.DefaultListableBeanFactory     : Autowiring by type from bean name 'jdbcClient' via factory method to bean named 'namedParameterJdbcTemplate'
2024-10-28T22:56:26.919-03:00 DEBUG 17164 --- [seguridad-calidad-back] [           main] o.s.b.f.s.DefaultListableBeanFactory     : Creating shared instance of singleton bean 'org.springframework.boot.autoconfigure.sql.init.SqlInitializationAutoConfiguration'
2024-10-28T22:56:26.919-03:00 DEBUG 17164 --- [seguridad-calidad-back] [           main] o.s.b.f.s.DefaultListableBeanFactory     : Creating shared instance of singleton bean 'org.springframework.boot.autoconfigure.task.TaskSchedulingConfigurations$ThreadPoolTaskSchedulerBuilderConfiguration'
2024-10-28T22:56:26.919-03:00 DEBUG 17164 --- [seguridad-calidad-back] [           main] o.s.b.f.s.DefaultListableBeanFactory     : Creating shared instance of singleton bean 'threadPoolTaskSchedulerBuilder'
2024-10-28T22:56:26.920-03:00 DEBUG 17164 --- [seguridad-calidad-back] [           main] o.s.b.f.s.DefaultListableBeanFactory     : Creating shared instance of singleton bean 'spring.task.scheduling-org.springframework.boot.autoconfigure.task.TaskSchedulingProperties'
2024-10-28T22:56:26.921-03:00 DEBUG 17164 --- [seguridad-calidad-back] [           main] o.s.b.f.s.DefaultListableBeanFactory     : Autowiring by type from bean name 'threadPoolTaskSchedulerBuilder' via factory method to bean named 'spring.task.scheduling-org.springframework.boot.autoconfigure.task.TaskSchedulingProperties'
2024-10-28T22:56:26.924-03:00 DEBUG 17164 --- [seguridad-calidad-back] [           main] o.s.b.f.s.DefaultListableBeanFactory     : Creating shared instance of singleton bean 'org.springframework.boot.autoconfigure.task.TaskSchedulingConfigurations$TaskSchedulerBuilderConfiguration'
2024-10-28T22:56:26.924-03:00 DEBUG 17164 --- [seguridad-calidad-back] [           main] o.s.b.f.s.DefaultListableBeanFactory     : Creating shared instance of singleton bean 'taskSchedulerBuilder'
2024-10-28T22:56:26.924-03:00 DEBUG 17164 --- [seguridad-calidad-back] [           main] o.s.b.f.s.DefaultListableBeanFactory     : Autowiring by type from bean name 'taskSchedulerBuilder' via factory method to bean named 'spring.task.scheduling-org.springframework.boot.autoconfigure.task.TaskSchedulingProperties'
2024-10-28T22:56:26.926-03:00 DEBUG 17164 --- [seguridad-calidad-back] [           main] o.s.b.f.s.DefaultListableBeanFactory     : Creating shared instance of singleton bean 'org.springframework.boot.autoconfigure.task.TaskSchedulingConfigurations$SimpleAsyncTaskSchedulerBuilderConfiguration'
2024-10-28T22:56:26.926-03:00 DEBUG 17164 --- [seguridad-calidad-back] [           main] o.s.b.f.s.DefaultListableBeanFactory     : Autowiring by type from bean name 'org.springframework.boot.autoconfigure.task.TaskSchedulingConfigurations$SimpleAsyncTaskSchedulerBuilderConfiguration' via constructor to bean named 'spring.task.scheduling-org.springframework.boot.autoconfigure.task.TaskSchedulingProperties'
2024-10-28T22:56:26.927-03:00 DEBUG 17164 --- [seguridad-calidad-back] [           main] o.s.b.f.s.DefaultListableBeanFactory     : Creating shared instance of singleton bean 'simpleAsyncTaskSchedulerBuilder'
2024-10-28T22:56:26.929-03:00 DEBUG 17164 --- [seguridad-calidad-back] [           main] o.s.b.f.s.DefaultListableBeanFactory     : Creating shared instance of singleton bean 'org.springframework.boot.autoconfigure.task.TaskSchedulingAutoConfiguration'
2024-10-28T22:56:26.930-03:00 DEBUG 17164 --- [seguridad-calidad-back] [           main] o.s.b.f.s.DefaultListableBeanFactory     : Creating shared instance of singleton bean 'org.springframework.boot.autoconfigure.jdbc.DataSourceTransactionManagerAutoConfiguration$JdbcTransactionManagerConfiguration'
2024-10-28T22:56:26.930-03:00 DEBUG 17164 --- [seguridad-calidad-back] [           main] o.s.b.f.s.DefaultListableBeanFactory     : Creating shared instance of singleton bean 'org.springframework.boot.autoconfigure.jdbc.DataSourceTransactionManagerAutoConfiguration'
2024-10-28T22:56:26.930-03:00 DEBUG 17164 --- [seguridad-calidad-back] [           main] o.s.b.f.s.DefaultListableBeanFactory     : Creating shared instance of singleton bean 'org.springframework.boot.autoconfigure.transaction.TransactionAutoConfiguration$EnableTransactionManagementConfiguration$CglibAutoProxyConfiguration'
2024-10-28T22:56:26.930-03:00 DEBUG 17164 --- [seguridad-calidad-back] [           main] o.s.b.f.s.DefaultListableBeanFactory     : Creating shared instance of singleton bean 'org.springframework.boot.autoconfigure.transaction.TransactionAutoConfiguration$EnableTransactionManagementConfiguration'
2024-10-28T22:56:26.931-03:00 DEBUG 17164 --- [seguridad-calidad-back] [           main] o.s.b.f.s.DefaultListableBeanFactory     : Creating shared instance of singleton bean 'org.springframework.boot.autoconfigure.transaction.TransactionAutoConfiguration$TransactionTemplateConfiguration'
2024-10-28T22:56:26.931-03:00 DEBUG 17164 --- [seguridad-calidad-back] [           main] o.s.b.f.s.DefaultListableBeanFactory     : Creating shared instance of singleton bean 'transactionTemplate'
2024-10-28T22:56:26.931-03:00 DEBUG 17164 --- [seguridad-calidad-back] [           main] o.s.b.f.s.DefaultListableBeanFactory     : Autowiring by type from bean name 'transactionTemplate' via factory method to bean named 'transactionManager'
2024-10-28T22:56:26.933-03:00 DEBUG 17164 --- [seguridad-calidad-back] [           main] o.s.b.f.s.DefaultListableBeanFactory     : Creating shared instance of singleton bean 'org.springframework.boot.autoconfigure.transaction.TransactionAutoConfiguration'
2024-10-28T22:56:26.933-03:00 DEBUG 17164 --- [seguridad-calidad-back] [           main] o.s.b.f.s.DefaultListableBeanFactory     : Creating shared instance of singleton bean 'org.springframework.boot.autoconfigure.web.client.RestClientAutoConfiguration'
2024-10-28T22:56:26.934-03:00 DEBUG 17164 --- [seguridad-calidad-back] [           main] o.s.b.f.s.DefaultListableBeanFactory     : Creating shared instance of singleton bean 'httpMessageConvertersRestClientCustomizer'
2024-10-28T22:56:26.934-03:00 DEBUG 17164 --- [seguridad-calidad-back] [           main] o.s.b.f.s.DefaultListableBeanFactory     : Creating shared instance of singleton bean 'restClientSsl'
2024-10-28T22:56:26.935-03:00 DEBUG 17164 --- [seguridad-calidad-back] [           main] o.s.b.f.s.DefaultListableBeanFactory     : Autowiring by type from bean name 'restClientSsl' via factory method to bean named 'sslBundleRegistry'
2024-10-28T22:56:26.935-03:00 DEBUG 17164 --- [seguridad-calidad-back] [           main] o.s.b.f.s.DefaultListableBeanFactory     : Creating shared instance of singleton bean 'restClientBuilderConfigurer'
2024-10-28T22:56:26.936-03:00 DEBUG 17164 --- [seguridad-calidad-back] [           main] o.s.b.f.s.DefaultListableBeanFactory     : Creating shared instance of singleton bean 'org.springframework.boot.autoconfigure.web.client.RestTemplateAutoConfiguration'
2024-10-28T22:56:26.936-03:00 DEBUG 17164 --- [seguridad-calidad-back] [           main] o.s.b.f.s.DefaultListableBeanFactory     : Creating shared instance of singleton bean 'characterEncodingFilter'
2024-10-28T22:56:26.937-03:00 DEBUG 17164 --- [seguridad-calidad-back] [           main] o.s.b.f.s.DefaultListableBeanFactory     : Creating shared instance of singleton bean 'multipartResolver'
2024-10-28T22:56:26.948-03:00 DEBUG 17164 --- [seguridad-calidad-back] [           main] o.s.c.support.DefaultLifecycleProcessor  : Starting beans in phase -2147483647
2024-10-28T22:56:26.948-03:00 DEBUG 17164 --- [seguridad-calidad-back] [           main] o.s.c.support.DefaultLifecycleProcessor  : Successfully started bean 'springBootLoggingLifecycle'
2024-10-28T22:56:26.948-03:00 DEBUG 17164 --- [seguridad-calidad-back] [           main] o.s.c.support.DefaultLifecycleProcessor  : Starting beans in phase 2147483647
2024-10-28T22:56:26.959-03:00 DEBUG 17164 --- [seguridad-calidad-back] [           main] .s.b.a.l.ConditionEvaluationReportLogger : 


============================
CONDITIONS EVALUATION REPORT
============================


Positive matches:
-----------------

   AopAutoConfiguration matched:
      - @ConditionalOnProperty (spring.aop.auto=true) matched (OnPropertyCondition)

   AopAutoConfiguration.AspectJAutoProxyingConfiguration matched:
      - @ConditionalOnClass found required class 'org.aspectj.weaver.Advice' (OnClassCondition)

   AopAutoConfiguration.AspectJAutoProxyingConfiguration.CglibAutoProxyConfiguration matched:
      - @ConditionalOnProperty (spring.aop.proxy-target-class=true) matched (OnPropertyCondition)

   ApplicationAvailabilityAutoConfiguration#applicationAvailability matched:
      - @ConditionalOnMissingBean (types: org.springframework.boot.availability.ApplicationAvailability; SearchStrategy: all) did not find any beans (OnBeanCondition)

   DataSourceAutoConfiguration matched:
      - @ConditionalOnClass found required classes 'javax.sql.DataSource', 'org.springframework.jdbc.datasource.embedded.EmbeddedDatabaseType' (OnClassCondition)
      - @ConditionalOnMissingBean (types: io.r2dbc.spi.ConnectionFactory; SearchStrategy: all) did not find any beans (OnBeanCondition)

   DataSourceAutoConfiguration.PooledDataSourceConfiguration matched:
      - AnyNestedCondition 1 matched 1 did not; NestedCondition on DataSourceAutoConfiguration.PooledDataSourceCondition.PooledDataSourceAvailable PooledDataSource found supported DataSource; NestedCondition on DataSourceAutoConfiguration.PooledDataSourceCondition.ExplicitType @ConditionalOnProperty (spring.datasource.type) did not find property 'type' (DataSourceAutoConfiguration.PooledDataSourceCondition)
      - @ConditionalOnMissingBean (types: javax.sql.DataSource,javax.sql.XADataSource; SearchStrategy: all) did not find any beans (OnBeanCondition)

   DataSourceAutoConfiguration.PooledDataSourceConfiguration#jdbcConnectionDetails matched:
      - @ConditionalOnMissingBean (types: org.springframework.boot.autoconfigure.jdbc.JdbcConnectionDetails; SearchStrategy: all) did not find any beans (OnBeanCondition)

   DataSourceConfiguration.Hikari matched:
      - @ConditionalOnClass found required class 'com.zaxxer.hikari.HikariDataSource' (OnClassCondition)
      - @ConditionalOnProperty (spring.datasource.type=com.zaxxer.hikari.HikariDataSource) matched (OnPropertyCondition)
      - @ConditionalOnMissingBean (types: javax.sql.DataSource; SearchStrategy: all) did not find any beans (OnBeanCondition)

   DataSourceInitializationConfiguration matched:
      - @ConditionalOnClass found required class 'org.springframework.jdbc.datasource.init.DatabasePopulator' (OnClassCondition)
      - @ConditionalOnSingleCandidate (types: javax.sql.DataSource; SearchStrategy: all) found a single bean 'dataSource'; @ConditionalOnMissingBean (types: org.springframework.boot.autoconfigure.sql.init.SqlDataSourceScriptDatabaseInitializer,org.springframework.boot.autoconfigure.sql.init.SqlR2dbcScriptDatabaseInitializer; SearchStrategy: all) did not find any beans (OnBeanCondition)

   DataSourcePoolMetadataProvidersConfiguration.HikariPoolDataSourceMetadataProviderConfiguration matched:
      - @ConditionalOnClass found required class 'com.zaxxer.hikari.HikariDataSource' (OnClassCondition)

   DataSourceTransactionManagerAutoConfiguration matched:
      - @ConditionalOnClass found required classes 'javax.sql.DataSource', 'org.springframework.jdbc.core.JdbcTemplate', 'org.springframework.transaction.TransactionManager' (OnClassCondition)

   DataSourceTransactionManagerAutoConfiguration.JdbcTransactionManagerConfiguration matched:
      - @ConditionalOnSingleCandidate (types: javax.sql.DataSource; SearchStrategy: all) found a single bean 'dataSource' (OnBeanCondition)

   DispatcherServletAutoConfiguration matched:
      - @ConditionalOnClass found required class 'org.springframework.web.servlet.DispatcherServlet' (OnClassCondition)
      - found 'session' scope (OnWebApplicationCondition)

   DispatcherServletAutoConfiguration.DispatcherServletConfiguration matched:
      - @ConditionalOnClass found required class 'jakarta.servlet.ServletRegistration' (OnClassCondition)
      - Default DispatcherServlet did not find dispatcher servlet beans (DispatcherServletAutoConfiguration.DefaultDispatcherServletCondition)

   DispatcherServletAutoConfiguration.DispatcherServletRegistrationConfiguration matched:
      - @ConditionalOnClass found required class 'jakarta.servlet.ServletRegistration' (OnClassCondition)
      - DispatcherServlet Registration did not find servlet registration bean (DispatcherServletAutoConfiguration.DispatcherServletRegistrationCondition)

   DispatcherServletAutoConfiguration.DispatcherServletRegistrationConfiguration#dispatcherServletRegistration matched:
      - @ConditionalOnBean (names: dispatcherServlet types: org.springframework.web.servlet.DispatcherServlet; SearchStrategy: all) found bean 'dispatcherServlet' (OnBeanCondition)

   ErrorMvcAutoConfiguration matched:
      - @ConditionalOnClass found required classes 'jakarta.servlet.Servlet', 'org.springframework.web.servlet.DispatcherServlet' (OnClassCondition)
      - found 'session' scope (OnWebApplicationCondition)

   ErrorMvcAutoConfiguration#basicErrorController matched:
      - @ConditionalOnMissingBean (types: org.springframework.boot.web.servlet.error.ErrorController; SearchStrategy: current) did not find any beans (OnBeanCondition)

   ErrorMvcAutoConfiguration#errorAttributes matched:
      - @ConditionalOnMissingBean (types: org.springframework.boot.web.servlet.error.ErrorAttributes; SearchStrategy: current) did not find any beans (OnBeanCondition)

   ErrorMvcAutoConfiguration.DefaultErrorViewResolverConfiguration#conventionErrorViewResolver matched:
      - @ConditionalOnBean (types: org.springframework.web.servlet.DispatcherServlet; SearchStrategy: all) found bean 'dispatcherServlet'; @ConditionalOnMissingBean (types: org.springframework.boot.autoconfigure.web.servlet.error.ErrorViewResolver; SearchStrategy: all) did not find any beans (OnBeanCondition)

   ErrorMvcAutoConfiguration.WhitelabelErrorViewConfiguration matched:
      - @ConditionalOnProperty (server.error.whitelabel.enabled) matched (OnPropertyCondition)
      - ErrorTemplate Missing did not find error template view (ErrorMvcAutoConfiguration.ErrorTemplateMissingCondition)

   ErrorMvcAutoConfiguration.WhitelabelErrorViewConfiguration#beanNameViewResolver matched:
      - @ConditionalOnMissingBean (types: org.springframework.web.servlet.view.BeanNameViewResolver; SearchStrategy: all) did not find any beans (OnBeanCondition)

   ErrorMvcAutoConfiguration.WhitelabelErrorViewConfiguration#defaultErrorView matched:
      - @ConditionalOnMissingBean (names: error; SearchStrategy: all) did not find any beans (OnBeanCondition)

   GenericCacheConfiguration matched:
      - Cache org.springframework.boot.autoconfigure.cache.GenericCacheConfiguration automatic cache type (CacheCondition)

   HibernateJpaAutoConfiguration matched:
      - @ConditionalOnClass found required classes 'org.springframework.orm.jpa.LocalContainerEntityManagerFactoryBean', 'jakarta.persistence.EntityManager', 'org.hibernate.engine.spi.SessionImplementor' (OnClassCondition)

   HibernateJpaConfiguration matched:
      - @ConditionalOnSingleCandidate (types: javax.sql.DataSource; SearchStrategy: all) found a single bean 'dataSource' (OnBeanCondition)

   HttpEncodingAutoConfiguration matched:
      - @ConditionalOnClass found required class 'org.springframework.web.filter.CharacterEncodingFilter' (OnClassCondition)
      - found 'session' scope (OnWebApplicationCondition)
      - @ConditionalOnProperty (server.servlet.encoding.enabled) matched (OnPropertyCondition)

   HttpEncodingAutoConfiguration#characterEncodingFilter matched:
      - @ConditionalOnMissingBean (types: org.springframework.web.filter.CharacterEncodingFilter; SearchStrategy: all) did not find any beans (OnBeanCondition)

   HttpMessageConvertersAutoConfiguration matched:
      - @ConditionalOnClass found required class 'org.springframework.http.converter.HttpMessageConverter' (OnClassCondition)
      - NoneNestedConditions 0 matched 1 did not; NestedCondition on HttpMessageConvertersAutoConfiguration.NotReactiveWebApplicationCondition.ReactiveWebApplication did not find reactive web application classes (HttpMessageConvertersAutoConfiguration.NotReactiveWebApplicationCondition)

   HttpMessageConvertersAutoConfiguration#messageConverters matched:
      - @ConditionalOnMissingBean (types: org.springframework.boot.autoconfigure.http.HttpMessageConverters; SearchStrategy: all) did not find any beans (OnBeanCondition)

   HttpMessageConvertersAutoConfiguration.StringHttpMessageConverterConfiguration matched:
      - @ConditionalOnClass found required class 'org.springframework.http.converter.StringHttpMessageConverter' (OnClassCondition)

   HttpMessageConvertersAutoConfiguration.StringHttpMessageConverterConfiguration#stringHttpMessageConverter matched:
      - @ConditionalOnMissingBean (types: org.springframework.http.converter.StringHttpMessageConverter; SearchStrategy: all) did not find any beans (OnBeanCondition)

   JacksonAutoConfiguration matched:
      - @ConditionalOnClass found required class 'com.fasterxml.jackson.databind.ObjectMapper' (OnClassCondition)

   JacksonAutoConfiguration.Jackson2ObjectMapperBuilderCustomizerConfiguration matched:
      - @ConditionalOnClass found required class 'org.springframework.http.converter.json.Jackson2ObjectMapperBuilder' (OnClassCondition)

   JacksonAutoConfiguration.JacksonObjectMapperBuilderConfiguration matched:
      - @ConditionalOnClass found required class 'org.springframework.http.converter.json.Jackson2ObjectMapperBuilder' (OnClassCondition)

   JacksonAutoConfiguration.JacksonObjectMapperBuilderConfiguration#jacksonObjectMapperBuilder matched:
      - @ConditionalOnMissingBean (types: org.springframework.http.converter.json.Jackson2ObjectMapperBuilder; SearchStrategy: all) did not find any beans (OnBeanCondition)

   JacksonAutoConfiguration.JacksonObjectMapperConfiguration matched:
      - @ConditionalOnClass found required class 'org.springframework.http.converter.json.Jackson2ObjectMapperBuilder' (OnClassCondition)

   JacksonAutoConfiguration.JacksonObjectMapperConfiguration#jacksonObjectMapper matched:
      - @ConditionalOnMissingBean (types: com.fasterxml.jackson.databind.ObjectMapper; SearchStrategy: all) did not find any beans (OnBeanCondition)

   JacksonAutoConfiguration.ParameterNamesModuleConfiguration matched:
      - @ConditionalOnClass found required class 'com.fasterxml.jackson.module.paramnames.ParameterNamesModule' (OnClassCondition)

   JacksonAutoConfiguration.ParameterNamesModuleConfiguration#parameterNamesModule matched:
      - @ConditionalOnMissingBean (types: com.fasterxml.jackson.module.paramnames.ParameterNamesModule; SearchStrategy: all) did not find any beans (OnBeanCondition)

   JacksonHttpMessageConvertersConfiguration.MappingJackson2HttpMessageConverterConfiguration matched:
      - @ConditionalOnClass found required class 'com.fasterxml.jackson.databind.ObjectMapper' (OnClassCondition)
      - @ConditionalOnProperty (spring.mvc.converters.preferred-json-mapper=jackson) matched (OnPropertyCondition)
      - @ConditionalOnBean (types: com.fasterxml.jackson.databind.ObjectMapper; SearchStrategy: all) found bean 'jacksonObjectMapper' (OnBeanCondition)

   JacksonHttpMessageConvertersConfiguration.MappingJackson2HttpMessageConverterConfiguration#mappingJackson2HttpMessageConverter matched:
      - @ConditionalOnMissingBean (types: org.springframework.http.converter.json.MappingJackson2HttpMessageConverter ignored: org.springframework.hateoas.server.mvc.TypeConstrainedMappingJackson2HttpMessageConverter,org.springframework.data.rest.webmvc.alps.AlpsJsonHttpMessageConverter; SearchStrategy: all) did not find any beans (OnBeanCondition)

   JdbcClientAutoConfiguration matched:
      - @ConditionalOnSingleCandidate (types: org.springframework.jdbc.core.namedparam.NamedParameterJdbcTemplate; SearchStrategy: all) found a single bean 'namedParameterJdbcTemplate'; @ConditionalOnMissingBean (types: org.springframework.jdbc.core.simple.JdbcClient; SearchStrategy: all) did not find any beans (OnBeanCondition)

   JdbcTemplateAutoConfiguration matched:
      - @ConditionalOnClass found required classes 'javax.sql.DataSource', 'org.springframework.jdbc.core.JdbcTemplate' (OnClassCondition)
      - @ConditionalOnSingleCandidate (types: javax.sql.DataSource; SearchStrategy: all) found a single bean 'dataSource' (OnBeanCondition)

   JdbcTemplateConfiguration matched:
      - @ConditionalOnMissingBean (types: org.springframework.jdbc.core.JdbcOperations; SearchStrategy: all) did not find any beans (OnBeanCondition)

   JpaBaseConfiguration#entityManagerFactory matched:
      - @ConditionalOnMissingBean (types: org.springframework.orm.jpa.LocalContainerEntityManagerFactoryBean,jakarta.persistence.EntityManagerFactory; SearchStrategy: all) did not find any beans (OnBeanCondition)

   JpaBaseConfiguration#entityManagerFactoryBuilder matched:
      - @ConditionalOnMissingBean (types: org.springframework.boot.orm.jpa.EntityManagerFactoryBuilder; SearchStrategy: all) did not find any beans (OnBeanCondition)

   JpaBaseConfiguration#jpaVendorAdapter matched:
      - @ConditionalOnMissingBean (types: org.springframework.orm.jpa.JpaVendorAdapter; SearchStrategy: all) did not find any beans (OnBeanCondition)

   JpaBaseConfiguration#transactionManager matched:
      - @ConditionalOnMissingBean (types: org.springframework.transaction.TransactionManager; SearchStrategy: all) did not find any beans (OnBeanCondition)

   JpaBaseConfiguration.JpaWebConfiguration matched:
      - @ConditionalOnClass found required class 'org.springframework.web.servlet.config.annotation.WebMvcConfigurer' (OnClassCondition)
      - found 'session' scope (OnWebApplicationCondition)
      - @ConditionalOnProperty (spring.jpa.open-in-view=true) matched (OnPropertyCondition)
      - @ConditionalOnMissingBean (types: org.springframework.orm.jpa.support.OpenEntityManagerInViewInterceptor,org.springframework.orm.jpa.support.OpenEntityManagerInViewFilter; SearchStrategy: all) did not find any beans (OnBeanCondition)

   JpaBaseConfiguration.PersistenceManagedTypesConfiguration matched:
      - @ConditionalOnMissingBean (types: org.springframework.orm.jpa.LocalContainerEntityManagerFactoryBean,jakarta.persistence.EntityManagerFactory; SearchStrategy: all) did not find any beans (OnBeanCondition)

   JpaBaseConfiguration.PersistenceManagedTypesConfiguration#persistenceManagedTypes matched:
      - @ConditionalOnMissingBean (types: org.springframework.orm.jpa.persistenceunit.PersistenceManagedTypes; SearchStrategy: all) did not find any beans (OnBeanCondition)

   JpaRepositoriesAutoConfiguration matched:
      - @ConditionalOnClass found required class 'org.springframework.data.jpa.repository.JpaRepository' (OnClassCondition)
      - @ConditionalOnProperty (spring.data.jpa.repositories.enabled=true) matched (OnPropertyCondition)
      - @ConditionalOnBean (types: javax.sql.DataSource; SearchStrategy: all) found bean 'dataSource'; @ConditionalOnMissingBean (types: org.springframework.data.jpa.repository.support.JpaRepositoryFactoryBean,org.springframework.data.jpa.repository.config.JpaRepositoryConfigExtension; SearchStrategy: all) did not find any beans (OnBeanCondition)

   JtaAutoConfiguration matched:
      - @ConditionalOnClass found required class 'jakarta.transaction.Transaction' (OnClassCondition)
      - @ConditionalOnProperty (spring.jta.enabled) matched (OnPropertyCondition)

   LifecycleAutoConfiguration#defaultLifecycleProcessor matched:
      - @ConditionalOnMissingBean (names: lifecycleProcessor; SearchStrategy: current) did not find any beans (OnBeanCondition)

   MultipartAutoConfiguration matched:
      - @ConditionalOnClass found required classes 'jakarta.servlet.Servlet', 'org.springframework.web.multipart.support.StandardServletMultipartResolver', 'jakarta.servlet.MultipartConfigElement' (OnClassCondition)
      - found 'session' scope (OnWebApplicationCondition)
      - @ConditionalOnProperty (spring.servlet.multipart.enabled) matched (OnPropertyCondition)

   MultipartAutoConfiguration#multipartConfigElement matched:
      - @ConditionalOnMissingBean (types: jakarta.servlet.MultipartConfigElement; SearchStrategy: all) did not find any beans (OnBeanCondition)

   MultipartAutoConfiguration#multipartResolver matched:
      - @ConditionalOnMissingBean (types: org.springframework.web.multipart.MultipartResolver; SearchStrategy: all) did not find any beans (OnBeanCondition)

   NamedParameterJdbcTemplateConfiguration matched:
      - @ConditionalOnSingleCandidate (types: org.springframework.jdbc.core.JdbcTemplate; SearchStrategy: all) found a single bean 'jdbcTemplate'; @ConditionalOnMissingBean (types: org.springframework.jdbc.core.namedparam.NamedParameterJdbcOperations; SearchStrategy: all) did not find any beans (OnBeanCondition)

   NoOpCacheConfiguration matched:
      - Cache org.springframework.boot.autoconfigure.cache.NoOpCacheConfiguration automatic cache type (CacheCondition)

   PersistenceExceptionTranslationAutoConfiguration matched:
      - @ConditionalOnClass found required class 'org.springframework.dao.annotation.PersistenceExceptionTranslationPostProcessor' (OnClassCondition)

   PersistenceExceptionTranslationAutoConfiguration#persistenceExceptionTranslationPostProcessor matched:
      - @ConditionalOnProperty (spring.dao.exceptiontranslation.enabled) matched (OnPropertyCondition)
      - @ConditionalOnMissingBean (types: org.springframework.dao.annotation.PersistenceExceptionTranslationPostProcessor; SearchStrategy: all) did not find any beans (OnBeanCondition)

   PropertyPlaceholderAutoConfiguration#propertySourcesPlaceholderConfigurer matched:
      - @ConditionalOnMissingBean (types: org.springframework.context.support.PropertySourcesPlaceholderConfigurer; SearchStrategy: current) did not find any beans (OnBeanCondition)

   RestClientAutoConfiguration matched:
      - @ConditionalOnClass found required class 'org.springframework.web.client.RestClient' (OnClassCondition)
      - NoneNestedConditions 0 matched 1 did not; NestedCondition on NotReactiveWebApplicationCondition.ReactiveWebApplication did not find reactive web application classes (NotReactiveWebApplicationCondition)

   RestClientAutoConfiguration#httpMessageConvertersRestClientCustomizer matched:
      - @ConditionalOnMissingBean (types: org.springframework.boot.autoconfigure.web.client.HttpMessageConvertersRestClientCustomizer; SearchStrategy: all) did not find any beans (OnBeanCondition)

   RestClientAutoConfiguration#restClientBuilder matched:
      - @ConditionalOnMissingBean (types: org.springframework.web.client.RestClient$Builder; SearchStrategy: all) did not find any beans (OnBeanCondition)

   RestClientAutoConfiguration#restClientBuilderConfigurer matched:
      - @ConditionalOnMissingBean (types: org.springframework.boot.autoconfigure.web.client.RestClientBuilderConfigurer; SearchStrategy: all) did not find any beans (OnBeanCondition)

   RestClientAutoConfiguration#restClientSsl matched:
      - @ConditionalOnBean (types: org.springframework.boot.ssl.SslBundles; SearchStrategy: all) found bean 'sslBundleRegistry'; @ConditionalOnMissingBean (types: org.springframework.boot.autoconfigure.web.client.RestClientSsl; SearchStrategy: all) did not find any beans (OnBeanCondition)

   RestTemplateAutoConfiguration matched:
      - @ConditionalOnClass found required class 'org.springframework.web.client.RestTemplate' (OnClassCondition)
      - NoneNestedConditions 0 matched 1 did not; NestedCondition on NotReactiveWebApplicationCondition.ReactiveWebApplication did not find reactive web application classes (NotReactiveWebApplicationCondition)

   RestTemplateAutoConfiguration#restTemplateBuilder matched:
      - @ConditionalOnMissingBean (types: org.springframework.boot.web.client.RestTemplateBuilder; SearchStrategy: all) did not find any beans (OnBeanCondition)

   ServletWebServerFactoryAutoConfiguration matched:
      - @ConditionalOnClass found required class 'jakarta.servlet.ServletRequest' (OnClassCondition)
      - found 'session' scope (OnWebApplicationCondition)

   ServletWebServerFactoryAutoConfiguration#tomcatServletWebServerFactoryCustomizer matched:
      - @ConditionalOnClass found required class 'org.apache.catalina.startup.Tomcat' (OnClassCondition)

   ServletWebServerFactoryConfiguration.EmbeddedTomcat matched:
      - @ConditionalOnClass found required classes 'jakarta.servlet.Servlet', 'org.apache.catalina.startup.Tomcat', 'org.apache.coyote.UpgradeProtocol' (OnClassCondition)
      - @ConditionalOnMissingBean (types: org.springframework.boot.web.servlet.server.ServletWebServerFactory; SearchStrategy: current) did not find any beans (OnBeanCondition)

   SimpleCacheConfiguration matched:
      - Cache org.springframework.boot.autoconfigure.cache.SimpleCacheConfiguration automatic cache type (CacheCondition)

   SpringDataWebAutoConfiguration matched:
      - @ConditionalOnClass found required classes 'org.springframework.data.web.PageableHandlerMethodArgumentResolver', 'org.springframework.web.servlet.config.annotation.WebMvcConfigurer' (OnClassCondition)
      - found 'session' scope (OnWebApplicationCondition)
      - @ConditionalOnMissingBean (types: org.springframework.data.web.PageableHandlerMethodArgumentResolver; SearchStrategy: all) did not find any beans (OnBeanCondition)

   SpringDataWebAutoConfiguration#pageableCustomizer matched:
      - @ConditionalOnMissingBean (types: org.springframework.data.web.config.PageableHandlerMethodArgumentResolverCustomizer; SearchStrategy: all) did not find any beans (OnBeanCondition)

   SpringDataWebAutoConfiguration#sortCustomizer matched:
      - @ConditionalOnMissingBean (types: org.springframework.data.web.config.SortHandlerMethodArgumentResolverCustomizer; SearchStrategy: all) did not find any beans (OnBeanCondition)

   SqlInitializationAutoConfiguration matched:
      - @ConditionalOnProperty (spring.sql.init.enabled) matched (OnPropertyCondition)
      - NoneNestedConditions 0 matched 1 did not; NestedCondition on SqlInitializationAutoConfiguration.SqlInitializationModeCondition.ModeIsNever @ConditionalOnProperty (spring.sql.init.mode=never) did not find property 'mode' (SqlInitializationAutoConfiguration.SqlInitializationModeCondition)

   SslAutoConfiguration#sslBundleRegistry matched:
      - @ConditionalOnMissingBean (types: org.springframework.boot.ssl.SslBundleRegistry,org.springframework.boot.ssl.SslBundles; SearchStrategy: all) did not find any beans (OnBeanCondition)

   TaskExecutionAutoConfiguration matched:
      - @ConditionalOnClass found required class 'org.springframework.scheduling.concurrent.ThreadPoolTaskExecutor' (OnClassCondition)

   TaskExecutorConfigurations.SimpleAsyncTaskExecutorBuilderConfiguration#simpleAsyncTaskExecutorBuilder matched:
      - @ConditionalOnMissingBean (types: org.springframework.boot.task.SimpleAsyncTaskExecutorBuilder; SearchStrategy: all) did not find any beans (OnBeanCondition)
      - @ConditionalOnThreading found PLATFORM (OnThreadingCondition)

   TaskExecutorConfigurations.TaskExecutorBuilderConfiguration#taskExecutorBuilder matched:
      - @ConditionalOnMissingBean (types: org.springframework.boot.task.TaskExecutorBuilder; SearchStrategy: all) did not find any beans (OnBeanCondition)

   TaskExecutorConfigurations.TaskExecutorConfiguration matched:
      - @ConditionalOnMissingBean (types: java.util.concurrent.Executor; SearchStrategy: all) did not find any beans (OnBeanCondition)

   TaskExecutorConfigurations.TaskExecutorConfiguration#applicationTaskExecutor matched:
      - @ConditionalOnThreading found PLATFORM (OnThreadingCondition)

   TaskExecutorConfigurations.ThreadPoolTaskExecutorBuilderConfiguration#threadPoolTaskExecutorBuilder matched:
      - @ConditionalOnMissingBean (types: org.springframework.boot.task.TaskExecutorBuilder,org.springframework.boot.task.ThreadPoolTaskExecutorBuilder; SearchStrategy: all) did not find any beans (OnBeanCondition)

   TaskSchedulingAutoConfiguration matched:
      - @ConditionalOnClass found required class 'org.springframework.scheduling.concurrent.ThreadPoolTaskScheduler' (OnClassCondition)

   TaskSchedulingConfigurations.SimpleAsyncTaskSchedulerBuilderConfiguration#simpleAsyncTaskSchedulerBuilder matched:
      - @ConditionalOnMissingBean (types: org.springframework.boot.task.SimpleAsyncTaskSchedulerBuilder; SearchStrategy: all) did not find any beans (OnBeanCondition)
      - @ConditionalOnThreading found PLATFORM (OnThreadingCondition)

   TaskSchedulingConfigurations.TaskSchedulerBuilderConfiguration#taskSchedulerBuilder matched:
      - @ConditionalOnMissingBean (types: org.springframework.boot.task.TaskSchedulerBuilder; SearchStrategy: all) did not find any beans (OnBeanCondition)

   TaskSchedulingConfigurations.ThreadPoolTaskSchedulerBuilderConfiguration#threadPoolTaskSchedulerBuilder matched:
      - @ConditionalOnMissingBean (types: org.springframework.boot.task.TaskSchedulerBuilder,org.springframework.boot.task.ThreadPoolTaskSchedulerBuilder; SearchStrategy: all) did not find any beans (OnBeanCondition)

   TransactionAutoConfiguration matched:
      - @ConditionalOnClass found required class 'org.springframework.transaction.PlatformTransactionManager' (OnClassCondition)

   TransactionAutoConfiguration.EnableTransactionManagementConfiguration matched:
      - @ConditionalOnBean (types: org.springframework.transaction.TransactionManager; SearchStrategy: all) found bean 'transactionManager'; @ConditionalOnMissingBean (types: org.springframework.transaction.annotation.AbstractTransactionManagementConfiguration; SearchStrategy: all) did not find any beans (OnBeanCondition)

   TransactionAutoConfiguration.EnableTransactionManagementConfiguration.CglibAutoProxyConfiguration matched:
      - @ConditionalOnProperty (spring.aop.proxy-target-class=true) matched (OnPropertyCondition)

   TransactionAutoConfiguration.TransactionTemplateConfiguration matched:
      - @ConditionalOnSingleCandidate (types: org.springframework.transaction.PlatformTransactionManager; SearchStrategy: all) found a single bean 'transactionManager' (OnBeanCondition)

   TransactionAutoConfiguration.TransactionTemplateConfiguration#transactionTemplate matched:
      - @ConditionalOnMissingBean (types: org.springframework.transaction.support.TransactionOperations; SearchStrategy: all) did not find any beans (OnBeanCondition)

   TransactionManagerCustomizationAutoConfiguration matched:
      - @ConditionalOnClass found required class 'org.springframework.transaction.PlatformTransactionManager' (OnClassCondition)

   TransactionManagerCustomizationAutoConfiguration#platformTransactionManagerCustomizers matched:
      - @ConditionalOnMissingBean (types: org.springframework.boot.autoconfigure.transaction.TransactionManagerCustomizers; SearchStrategy: all) did not find any beans (OnBeanCondition)

   WebMvcAutoConfiguration matched:
      - @ConditionalOnClass found required classes 'jakarta.servlet.Servlet', 'org.springframework.web.servlet.DispatcherServlet', 'org.springframework.web.servlet.config.annotation.WebMvcConfigurer' (OnClassCondition)
      - found 'session' scope (OnWebApplicationCondition)
      - @ConditionalOnMissingBean (types: org.springframework.web.servlet.config.annotation.WebMvcConfigurationSupport; SearchStrategy: all) did not find any beans (OnBeanCondition)

   WebMvcAutoConfiguration#formContentFilter matched:
      - @ConditionalOnProperty (spring.mvc.formcontent.filter.enabled) matched (OnPropertyCondition)
      - @ConditionalOnMissingBean (types: org.springframework.web.filter.FormContentFilter; SearchStrategy: all) did not find any beans (OnBeanCondition)

   WebMvcAutoConfiguration.EnableWebMvcConfiguration#flashMapManager matched:
      - @ConditionalOnMissingBean (names: flashMapManager; SearchStrategy: all) did not find any beans (OnBeanCondition)

   WebMvcAutoConfiguration.EnableWebMvcConfiguration#localeResolver matched:
      - @ConditionalOnMissingBean (names: localeResolver; SearchStrategy: all) did not find any beans (OnBeanCondition)

   WebMvcAutoConfiguration.EnableWebMvcConfiguration#themeResolver matched:
      - @ConditionalOnMissingBean (names: themeResolver; SearchStrategy: all) did not find any beans (OnBeanCondition)

   WebMvcAutoConfiguration.WebMvcAutoConfigurationAdapter#defaultViewResolver matched:
      - @ConditionalOnMissingBean (types: org.springframework.web.servlet.view.InternalResourceViewResolver; SearchStrategy: all) did not find any beans (OnBeanCondition)

   WebMvcAutoConfiguration.WebMvcAutoConfigurationAdapter#requestContextFilter matched:
      - @ConditionalOnMissingBean (types: org.springframework.web.context.request.RequestContextListener,org.springframework.web.filter.RequestContextFilter; SearchStrategy: all) did not find any beans (OnBeanCondition)

   WebMvcAutoConfiguration.WebMvcAutoConfigurationAdapter#viewResolver matched:
      - @ConditionalOnBean (types: org.springframework.web.servlet.ViewResolver; SearchStrategy: all) found beans 'defaultViewResolver', 'beanNameViewResolver', 'mvcViewResolver'; @ConditionalOnMissingBean (names: viewResolver types: org.springframework.web.servlet.view.ContentNegotiatingViewResolver; SearchStrategy: all) did not find any beans (OnBeanCondition)

   WebSocketServletAutoConfiguration matched:
      - @ConditionalOnClass found required classes 'jakarta.servlet.Servlet', 'jakarta.websocket.server.ServerContainer' (OnClassCondition)
      - found 'session' scope (OnWebApplicationCondition)

   WebSocketServletAutoConfiguration.TomcatWebSocketConfiguration matched:
      - @ConditionalOnClass found required classes 'org.apache.catalina.startup.Tomcat', 'org.apache.tomcat.websocket.server.WsSci' (OnClassCondition)

   WebSocketServletAutoConfiguration.TomcatWebSocketConfiguration#websocketServletWebServerCustomizer matched:
      - @ConditionalOnMissingBean (names: websocketServletWebServerCustomizer; SearchStrategy: all) did not find any beans (OnBeanCondition)


Negative matches:
-----------------

   ActiveMQAutoConfiguration:
      Did not match:
         - @ConditionalOnClass did not find required class 'jakarta.jms.ConnectionFactory' (OnClassCondition)

   AopAutoConfiguration.AspectJAutoProxyingConfiguration.JdkDynamicAutoProxyConfiguration:
      Did not match:
         - @ConditionalOnProperty (spring.aop.proxy-target-class=false) did not find property 'proxy-target-class' (OnPropertyCondition)

   AopAutoConfiguration.ClassProxyingConfiguration:
      Did not match:
         - @ConditionalOnMissingClass found unwanted class 'org.aspectj.weaver.Advice' (OnClassCondition)

   ArtemisAutoConfiguration:
      Did not match:
         - @ConditionalOnClass did not find required class 'jakarta.jms.ConnectionFactory' (OnClassCondition)

   BatchAutoConfiguration:
      Did not match:
         - @ConditionalOnClass did not find required class 'org.springframework.batch.core.launch.JobLauncher' (OnClassCondition)

   Cache2kCacheConfiguration:
      Did not match:
         - @ConditionalOnClass did not find required class 'org.cache2k.Cache2kBuilder' (OnClassCondition)

   CacheAutoConfiguration:
      Did not match:
         - @ConditionalOnBean (types: org.springframework.cache.interceptor.CacheAspectSupport; SearchStrategy: all) did not find any beans of type org.springframework.cache.interceptor.CacheAspectSupport (OnBeanCondition)
      Matched:
         - @ConditionalOnClass found required class 'org.springframework.cache.CacheManager' (OnClassCondition)

   CacheAutoConfiguration.CacheManagerEntityManagerFactoryDependsOnPostProcessor:
      Did not match:
         - Ancestor org.springframework.boot.autoconfigure.cache.CacheAutoConfiguration did not match (ConditionEvaluationReport.AncestorsMatchedCondition)
      Matched:
         - @ConditionalOnClass found required class 'org.springframework.orm.jpa.LocalContainerEntityManagerFactoryBean' (OnClassCondition)

   CaffeineCacheConfiguration:
      Did not match:
         - @ConditionalOnClass did not find required class 'com.github.benmanes.caffeine.cache.Caffeine' (OnClassCondition)

   CassandraAutoConfiguration:
      Did not match:
         - @ConditionalOnClass did not find required class 'com.datastax.oss.driver.api.core.CqlSession' (OnClassCondition)

   CassandraDataAutoConfiguration:
      Did not match:
         - @ConditionalOnClass did not find required class 'com.datastax.oss.driver.api.core.CqlSession' (OnClassCondition)

   CassandraReactiveDataAutoConfiguration:
      Did not match:
         - @ConditionalOnClass did not find required class 'com.datastax.oss.driver.api.core.CqlSession' (OnClassCondition)

   CassandraReactiveRepositoriesAutoConfiguration:
      Did not match:
         - @ConditionalOnClass did not find required class 'org.springframework.data.cassandra.ReactiveSession' (OnClassCondition)

   CassandraRepositoriesAutoConfiguration:
      Did not match:
         - @ConditionalOnClass did not find required class 'com.datastax.oss.driver.api.core.CqlSession' (OnClassCondition)

   ClientHttpConnectorAutoConfiguration:
      Did not match:
         - @ConditionalOnClass did not find required class 'org.springframework.web.reactive.function.client.WebClient' (OnClassCondition)

   CodecsAutoConfiguration:
      Did not match:
         - @ConditionalOnClass did not find required class 'org.springframework.web.reactive.function.client.WebClient' (OnClassCondition)

   CouchbaseAutoConfiguration:
      Did not match:
         - @ConditionalOnClass did not find required class 'com.couchbase.client.java.Cluster' (OnClassCondition)

   CouchbaseCacheConfiguration:
      Did not match:
         - @ConditionalOnClass did not find required class 'com.couchbase.client.java.Cluster' (OnClassCondition)

   CouchbaseDataAutoConfiguration:
      Did not match:
         - @ConditionalOnClass did not find required class 'com.couchbase.client.java.Bucket' (OnClassCondition)

   CouchbaseReactiveDataAutoConfiguration:
      Did not match:
         - @ConditionalOnClass did not find required class 'com.couchbase.client.java.Cluster' (OnClassCondition)

   CouchbaseReactiveRepositoriesAutoConfiguration:
      Did not match:
         - @ConditionalOnClass did not find required class 'com.couchbase.client.java.Cluster' (OnClassCondition)

   CouchbaseRepositoriesAutoConfiguration:
      Did not match:
         - @ConditionalOnClass did not find required class 'com.couchbase.client.java.Bucket' (OnClassCondition)

   DataSourceAutoConfiguration.EmbeddedDatabaseConfiguration:
      Did not match:
         - EmbeddedDataSource spring.datasource.url is set (DataSourceAutoConfiguration.EmbeddedDatabaseCondition)

   DataSourceCheckpointRestoreConfiguration:
      Did not match:
         - @ConditionalOnClass did not find required class 'org.crac.Resource' (OnClassCondition)

   DataSourceConfiguration.Dbcp2:
      Did not match:
         - @ConditionalOnClass did not find required class 'org.apache.commons.dbcp2.BasicDataSource' (OnClassCondition)

   DataSourceConfiguration.Generic:
      Did not match:
         - @ConditionalOnProperty (spring.datasource.type) did not find property 'spring.datasource.type' (OnPropertyCondition)

   DataSourceConfiguration.OracleUcp:
      Did not match:
         - @ConditionalOnClass did not find required classes 'oracle.ucp.jdbc.PoolDataSourceImpl', 'oracle.jdbc.OracleConnection' (OnClassCondition)

   DataSourceConfiguration.Tomcat:
      Did not match:
         - @ConditionalOnClass did not find required class 'org.apache.tomcat.jdbc.pool.DataSource' (OnClassCondition)

   DataSourceJmxConfiguration:
      Did not match:
         - @ConditionalOnProperty (spring.jmx.enabled=true) found different value in property 'enabled' (OnPropertyCondition)

   DataSourcePoolMetadataProvidersConfiguration.CommonsDbcp2PoolDataSourceMetadataProviderConfiguration:
      Did not match:
         - @ConditionalOnClass did not find required class 'org.apache.commons.dbcp2.BasicDataSource' (OnClassCondition)

   DataSourcePoolMetadataProvidersConfiguration.OracleUcpPoolDataSourceMetadataProviderConfiguration:
      Did not match:
         - @ConditionalOnClass did not find required classes 'oracle.ucp.jdbc.PoolDataSource', 'oracle.jdbc.OracleConnection' (OnClassCondition)

   DataSourcePoolMetadataProvidersConfiguration.TomcatDataSourcePoolMetadataProviderConfiguration:
      Did not match:
         - @ConditionalOnClass did not find required class 'org.apache.tomcat.jdbc.pool.DataSource' (OnClassCondition)

   DataSourceTransactionManagerAutoConfiguration.JdbcTransactionManagerConfiguration#transactionManager:
      Did not match:
         - @ConditionalOnMissingBean (types: org.springframework.transaction.TransactionManager; SearchStrategy: all) found beans of type 'org.springframework.transaction.TransactionManager' transactionManager (OnBeanCondition)

   DispatcherServletAutoConfiguration.DispatcherServletConfiguration#multipartResolver:
      Did not match:
         - @ConditionalOnBean (types: org.springframework.web.multipart.MultipartResolver; SearchStrategy: all) did not find any beans of type org.springframework.web.multipart.MultipartResolver (OnBeanCondition)

   ElasticsearchClientAutoConfiguration:
      Did not match:
         - @ConditionalOnClass did not find required class 'co.elastic.clients.elasticsearch.ElasticsearchClient' (OnClassCondition)

   ElasticsearchDataAutoConfiguration:
      Did not match:
         - @ConditionalOnClass did not find required class 'org.springframework.data.elasticsearch.client.elc.ElasticsearchTemplate' (OnClassCondition)

   ElasticsearchRepositoriesAutoConfiguration:
      Did not match:
         - @ConditionalOnClass did not find required class 'org.springframework.data.elasticsearch.repository.ElasticsearchRepository' (OnClassCondition)

   ElasticsearchRestClientAutoConfiguration:
      Did not match:
         - @ConditionalOnClass did not find required class 'org.elasticsearch.client.RestClientBuilder' (OnClassCondition)

   EmbeddedLdapAutoConfiguration:
      Did not match:
         - @ConditionalOnClass did not find required class 'com.unboundid.ldap.listener.InMemoryDirectoryServer' (OnClassCondition)

   EmbeddedWebServerFactoryCustomizerAutoConfiguration:
      Did not match:
         - Application is deployed as a WAR file. (OnWarDeploymentCondition)
      Matched:
         - @ConditionalOnWebApplication (required) found 'session' scope (OnWebApplicationCondition)

   ErrorWebFluxAutoConfiguration:
      Did not match:
         - @ConditionalOnClass did not find required class 'org.springframework.web.reactive.config.WebFluxConfigurer' (OnClassCondition)

   FlywayAutoConfiguration:
      Did not match:
         - @ConditionalOnClass did not find required class 'org.flywaydb.core.Flyway' (OnClassCondition)

   FreeMarkerAutoConfiguration:
      Did not match:
         - @ConditionalOnClass did not find required class 'freemarker.template.Configuration' (OnClassCondition)

   GraphQlAutoConfiguration:
      Did not match:
         - @ConditionalOnClass did not find required class 'graphql.GraphQL' (OnClassCondition)

   GraphQlQueryByExampleAutoConfiguration:
      Did not match:
         - @ConditionalOnClass did not find required class 'graphql.GraphQL' (OnClassCondition)

   GraphQlQuerydslAutoConfiguration:
      Did not match:
         - @ConditionalOnClass did not find required class 'com.querydsl.core.Query' (OnClassCondition)

   GraphQlRSocketAutoConfiguration:
      Did not match:
         - @ConditionalOnClass did not find required class 'graphql.GraphQL' (OnClassCondition)

   GraphQlReactiveQueryByExampleAutoConfiguration:
      Did not match:
         - @ConditionalOnClass did not find required class 'graphql.GraphQL' (OnClassCondition)

   GraphQlReactiveQuerydslAutoConfiguration:
      Did not match:
         - @ConditionalOnClass did not find required class 'com.querydsl.core.Query' (OnClassCondition)

   GraphQlWebFluxAutoConfiguration:
      Did not match:
         - @ConditionalOnClass did not find required class 'graphql.GraphQL' (OnClassCondition)

   GraphQlWebFluxSecurityAutoConfiguration:
      Did not match:
         - @ConditionalOnClass did not find required class 'graphql.GraphQL' (OnClassCondition)

   GraphQlWebMvcAutoConfiguration:
      Did not match:
         - @ConditionalOnClass did not find required class 'graphql.GraphQL' (OnClassCondition)

   GraphQlWebMvcSecurityAutoConfiguration:
      Did not match:
         - @ConditionalOnClass did not find required class 'graphql.GraphQL' (OnClassCondition)

   GroovyTemplateAutoConfiguration:
      Did not match:
         - @ConditionalOnClass did not find required class 'groovy.text.markup.MarkupTemplateEngine' (OnClassCondition)

   GsonAutoConfiguration:
      Did not match:
         - @ConditionalOnClass did not find required class 'com.google.gson.Gson' (OnClassCondition)

   GsonHttpMessageConvertersConfiguration:
      Did not match:
         - @ConditionalOnClass did not find required class 'com.google.gson.Gson' (OnClassCondition)

   H2ConsoleAutoConfiguration:
      Did not match:
         - @ConditionalOnClass did not find required class 'org.h2.server.web.JakartaWebServlet' (OnClassCondition)

   HazelcastAutoConfiguration:
      Did not match:
         - @ConditionalOnClass did not find required class 'com.hazelcast.core.HazelcastInstance' (OnClassCondition)

   HazelcastCacheConfiguration:
      Did not match:
         - @ConditionalOnClass did not find required class 'com.hazelcast.core.HazelcastInstance' (OnClassCondition)

   HazelcastJpaDependencyAutoConfiguration:
      Did not match:
         - @ConditionalOnClass did not find required class 'com.hazelcast.core.HazelcastInstance' (OnClassCondition)

   HttpHandlerAutoConfiguration:
      Did not match:
         - @ConditionalOnClass did not find required class 'org.springframework.web.reactive.DispatcherHandler' (OnClassCondition)

   HypermediaAutoConfiguration:
      Did not match:
         - @ConditionalOnClass did not find required class 'org.springframework.hateoas.EntityModel' (OnClassCondition)

   InfinispanCacheConfiguration:
      Did not match:
         - @ConditionalOnClass did not find required class 'org.infinispan.spring.embedded.provider.SpringEmbeddedCacheManager' (OnClassCondition)

   InfluxDbAutoConfiguration:
      Did not match:
         - @ConditionalOnClass did not find required class 'org.influxdb.InfluxDB' (OnClassCondition)

   IntegrationAutoConfiguration:
      Did not match:
         - @ConditionalOnClass did not find required class 'org.springframework.integration.config.EnableIntegration' (OnClassCondition)

   JCacheCacheConfiguration:
      Did not match:
         - @ConditionalOnClass did not find required class 'javax.cache.Caching' (OnClassCondition)

   JacksonHttpMessageConvertersConfiguration.MappingJackson2XmlHttpMessageConverterConfiguration:
      Did not match:
         - @ConditionalOnClass did not find required class 'com.fasterxml.jackson.dataformat.xml.XmlMapper' (OnClassCondition)

   JdbcRepositoriesAutoConfiguration:
      Did not match:
         - @ConditionalOnClass did not find required class 'org.springframework.data.jdbc.repository.config.AbstractJdbcConfiguration' (OnClassCondition)

   JerseyAutoConfiguration:
      Did not match:
         - @ConditionalOnClass did not find required class 'org.glassfish.jersey.server.spring.SpringComponentProvider' (OnClassCondition)

   JmsAutoConfiguration:
      Did not match:
         - @ConditionalOnClass did not find required class 'jakarta.jms.Message' (OnClassCondition)

   JmxAutoConfiguration:
      Did not match:
         - @ConditionalOnProperty (spring.jmx.enabled=true) found different value in property 'enabled' (OnPropertyCondition)
      Matched:
         - @ConditionalOnClass found required class 'org.springframework.jmx.export.MBeanExporter' (OnClassCondition)

   JndiConnectionFactoryAutoConfiguration:
      Did not match:
         - @ConditionalOnClass did not find required class 'org.springframework.jms.core.JmsTemplate' (OnClassCondition)

   JndiDataSourceAutoConfiguration:
      Did not match:
         - @ConditionalOnProperty (spring.datasource.jndi-name) did not find property 'jndi-name' (OnPropertyCondition)
      Matched:
         - @ConditionalOnClass found required classes 'javax.sql.DataSource', 'org.springframework.jdbc.datasource.embedded.EmbeddedDatabaseType' (OnClassCondition)

   JndiJtaConfiguration:
      Did not match:
         - @ConditionalOnJndi JNDI environment is not available (OnJndiCondition)
      Matched:
         - @ConditionalOnClass found required class 'org.springframework.transaction.jta.JtaTransactionManager' (OnClassCondition)

   JooqAutoConfiguration:
      Did not match:
         - @ConditionalOnClass did not find required class 'org.jooq.DSLContext' (OnClassCondition)

   JpaRepositoriesAutoConfiguration#entityManagerFactoryBootstrapExecutorCustomizer:
      Did not match:
         - AnyNestedCondition 0 matched 2 did not; NestedCondition on JpaRepositoriesAutoConfiguration.BootstrapExecutorCondition.LazyBootstrapMode @ConditionalOnProperty (spring.data.jpa.repositories.bootstrap-mode=lazy) did not find property 'bootstrap-mode'; NestedCondition on JpaRepositoriesAutoConfiguration.BootstrapExecutorCondition.DeferredBootstrapMode @ConditionalOnProperty (spring.data.jpa.repositories.bootstrap-mode=deferred) did not find property 'bootstrap-mode' (JpaRepositoriesAutoConfiguration.BootstrapExecutorCondition)

   JsonbAutoConfiguration:
      Did not match:
         - @ConditionalOnClass did not find required class 'jakarta.json.bind.Jsonb' (OnClassCondition)

   JsonbHttpMessageConvertersConfiguration:
      Did not match:
         - @ConditionalOnClass did not find required class 'jakarta.json.bind.Jsonb' (OnClassCondition)

   KafkaAutoConfiguration:
      Did not match:
         - @ConditionalOnClass did not find required class 'org.springframework.kafka.core.KafkaTemplate' (OnClassCondition)

   LdapAutoConfiguration:
      Did not match:
         - @ConditionalOnClass did not find required class 'org.springframework.ldap.core.ContextSource' (OnClassCondition)

   LdapRepositoriesAutoConfiguration:
      Did not match:
         - @ConditionalOnClass did not find required class 'org.springframework.data.ldap.repository.LdapRepository' (OnClassCondition)

   LiquibaseAutoConfiguration:
      Did not match:
         - @ConditionalOnClass did not find required class 'liquibase.change.DatabaseChange' (OnClassCondition)

   MailSenderAutoConfiguration:
      Did not match:
         - @ConditionalOnClass did not find required class 'jakarta.mail.internet.MimeMessage' (OnClassCondition)

   MailSenderValidatorAutoConfiguration:
      Did not match:
         - @ConditionalOnSingleCandidate did not find required type 'org.springframework.mail.javamail.JavaMailSenderImpl' (OnBeanCondition)

   MessageSourceAutoConfiguration:
      Did not match:
         - ResourceBundle did not find bundle with basename messages (MessageSourceAutoConfiguration.ResourceBundleCondition)

   MongoAutoConfiguration:
      Did not match:
         - @ConditionalOnClass did not find required class 'com.mongodb.client.MongoClient' (OnClassCondition)

   MongoDataAutoConfiguration:
      Did not match:
         - @ConditionalOnClass did not find required class 'com.mongodb.client.MongoClient' (OnClassCondition)

   MongoReactiveAutoConfiguration:
      Did not match:
         - @ConditionalOnClass did not find required class 'com.mongodb.reactivestreams.client.MongoClient' (OnClassCondition)

   MongoReactiveDataAutoConfiguration:
      Did not match:
         - @ConditionalOnClass did not find required class 'com.mongodb.reactivestreams.client.MongoClient' (OnClassCondition)

   MongoReactiveRepositoriesAutoConfiguration:
      Did not match:
         - @ConditionalOnClass did not find required class 'com.mongodb.reactivestreams.client.MongoClient' (OnClassCondition)

   MongoRepositoriesAutoConfiguration:
      Did not match:
         - @ConditionalOnClass did not find required class 'com.mongodb.client.MongoClient' (OnClassCondition)

   MustacheAutoConfiguration:
      Did not match:
         - @ConditionalOnClass did not find required class 'com.samskivert.mustache.Mustache' (OnClassCondition)

   Neo4jAutoConfiguration:
      Did not match:
         - @ConditionalOnClass did not find required class 'org.neo4j.driver.Driver' (OnClassCondition)

   Neo4jDataAutoConfiguration:
      Did not match:
         - @ConditionalOnClass did not find required class 'org.neo4j.driver.Driver' (OnClassCondition)

   Neo4jReactiveDataAutoConfiguration:
      Did not match:
         - @ConditionalOnClass did not find required class 'org.neo4j.driver.Driver' (OnClassCondition)

   Neo4jReactiveRepositoriesAutoConfiguration:
      Did not match:
         - @ConditionalOnClass did not find required class 'org.neo4j.driver.Driver' (OnClassCondition)

   Neo4jRepositoriesAutoConfiguration:
      Did not match:
         - @ConditionalOnClass did not find required class 'org.neo4j.driver.Driver' (OnClassCondition)

   NettyAutoConfiguration:
      Did not match:
         - @ConditionalOnClass did not find required class 'io.netty.util.NettyRuntime' (OnClassCondition)

   OAuth2AuthorizationServerAutoConfiguration:
      Did not match:
         - @ConditionalOnClass did not find required class 'org.springframework.security.oauth2.server.authorization.OAuth2Authorization' (OnClassCondition)

   OAuth2AuthorizationServerJwtAutoConfiguration:
      Did not match:
         - @ConditionalOnClass did not find required class 'org.springframework.security.oauth2.server.authorization.OAuth2Authorization' (OnClassCondition)

   OAuth2ClientAutoConfiguration:
      Did not match:
         - @ConditionalOnClass did not find required class 'org.springframework.security.config.annotation.web.configuration.EnableWebSecurity' (OnClassCondition)

   OAuth2ResourceServerAutoConfiguration:
      Did not match:
         - @ConditionalOnClass did not find required class 'org.springframework.security.oauth2.server.resource.authentication.BearerTokenAuthenticationToken' (OnClassCondition)

   ProjectInfoAutoConfiguration#buildProperties:
      Did not match:
         - @ConditionalOnResource did not find resource '${spring.info.build.location:classpath:META-INF/build-info.properties}' (OnResourceCondition)

   ProjectInfoAutoConfiguration#gitProperties:
      Did not match:
         - GitResource did not find git info at classpath:git.properties (ProjectInfoAutoConfiguration.GitResourceAvailableCondition)

   PulsarAutoConfiguration:
      Did not match:
         - @ConditionalOnClass did not find required class 'org.apache.pulsar.client.api.PulsarClient' (OnClassCondition)

   PulsarReactiveAutoConfiguration:
      Did not match:
         - @ConditionalOnClass did not find required class 'org.apache.pulsar.client.api.PulsarClient' (OnClassCondition)

   QuartzAutoConfiguration:
      Did not match:
         - @ConditionalOnClass did not find required class 'org.quartz.Scheduler' (OnClassCondition)

   R2dbcAutoConfiguration:
      Did not match:
         - @ConditionalOnClass did not find required class 'io.r2dbc.spi.ConnectionFactory' (OnClassCondition)

   R2dbcDataAutoConfiguration:
      Did not match:
         - @ConditionalOnClass did not find required class 'org.springframework.data.r2dbc.core.R2dbcEntityTemplate' (OnClassCondition)

   R2dbcInitializationConfiguration:
      Did not match:
         - @ConditionalOnClass did not find required classes 'io.r2dbc.spi.ConnectionFactory', 'org.springframework.r2dbc.connection.init.DatabasePopulator' (OnClassCondition)

   R2dbcRepositoriesAutoConfiguration:
      Did not match:
         - @ConditionalOnClass did not find required class 'io.r2dbc.spi.ConnectionFactory' (OnClassCondition)

   R2dbcTransactionManagerAutoConfiguration:
      Did not match:
         - @ConditionalOnClass did not find required class 'org.springframework.r2dbc.connection.R2dbcTransactionManager' (OnClassCondition)

   RSocketGraphQlClientAutoConfiguration:
      Did not match:
         - @ConditionalOnClass did not find required class 'graphql.GraphQL' (OnClassCondition)

   RSocketMessagingAutoConfiguration:
      Did not match:
         - @ConditionalOnClass did not find required class 'io.rsocket.RSocket' (OnClassCondition)

   RSocketRequesterAutoConfiguration:
      Did not match:
         - @ConditionalOnClass did not find required class 'io.rsocket.RSocket' (OnClassCondition)

   RSocketSecurityAutoConfiguration:
      Did not match:
         - @ConditionalOnClass did not find required class 'org.springframework.security.rsocket.core.SecuritySocketAcceptorInterceptor' (OnClassCondition)

   RSocketServerAutoConfiguration:
      Did not match:
         - @ConditionalOnClass did not find required class 'io.rsocket.core.RSocketServer' (OnClassCondition)

   RSocketStrategiesAutoConfiguration:
      Did not match:
         - @ConditionalOnClass did not find required class 'io.netty.buffer.PooledByteBufAllocator' (OnClassCondition)

   RabbitAutoConfiguration:
      Did not match:
         - @ConditionalOnClass did not find required class 'com.rabbitmq.client.Channel' (OnClassCondition)

   ReactiveElasticsearchClientAutoConfiguration:
      Did not match:
         - @ConditionalOnClass did not find required class 'co.elastic.clients.transport.ElasticsearchTransport' (OnClassCondition)

   ReactiveElasticsearchRepositoriesAutoConfiguration:
      Did not match:
         - @ConditionalOnClass did not find required class 'reactor.core.publisher.Mono' (OnClassCondition)

   ReactiveMultipartAutoConfiguration:
      Did not match:
         - @ConditionalOnClass did not find required class 'org.springframework.web.reactive.config.WebFluxConfigurer' (OnClassCondition)

   ReactiveOAuth2ClientAutoConfiguration:
      Did not match:
         - @ConditionalOnClass did not find required class 'reactor.core.publisher.Flux' (OnClassCondition)

   ReactiveOAuth2ResourceServerAutoConfiguration:
      Did not match:
         - @ConditionalOnClass did not find required class 'org.springframework.security.config.annotation.web.reactive.EnableWebFluxSecurity' (OnClassCondition)

   ReactiveSecurityAutoConfiguration:
      Did not match:
         - @ConditionalOnClass did not find required class 'reactor.core.publisher.Flux' (OnClassCondition)

   ReactiveUserDetailsServiceAutoConfiguration:
      Did not match:
         - @ConditionalOnClass did not find required class 'org.springframework.security.authentication.ReactiveAuthenticationManager' (OnClassCondition)

   ReactiveWebServerFactoryAutoConfiguration:
      Did not match:
         - @ConditionalOnWebApplication did not find reactive web application classes (OnWebApplicationCondition)

   ReactorAutoConfiguration:
      Did not match:
         - @ConditionalOnClass did not find required class 'reactor.core.publisher.Hooks' (OnClassCondition)

   RedisAutoConfiguration:
      Did not match:
         - @ConditionalOnClass did not find required class 'org.springframework.data.redis.core.RedisOperations' (OnClassCondition)

   RedisCacheConfiguration:
      Did not match:
         - @ConditionalOnClass did not find required class 'org.springframework.data.redis.connection.RedisConnectionFactory' (OnClassCondition)

   RedisReactiveAutoConfiguration:
      Did not match:
         - @ConditionalOnClass did not find required class 'reactor.core.publisher.Flux' (OnClassCondition)

   RedisRepositoriesAutoConfiguration:
      Did not match:
         - @ConditionalOnClass did not find required class 'org.springframework.data.redis.repository.configuration.EnableRedisRepositories' (OnClassCondition)

   RepositoryRestMvcAutoConfiguration:
      Did not match:
         - @ConditionalOnClass did not find required class 'org.springframework.data.rest.webmvc.config.RepositoryRestMvcConfiguration' (OnClassCondition)

   Saml2RelyingPartyAutoConfiguration:
      Did not match:
         - @ConditionalOnClass did not find required class 'org.springframework.security.saml2.provider.service.registration.RelyingPartyRegistrationRepository' (OnClassCondition)

   SecurityAutoConfiguration:
      Did not match:
         - @ConditionalOnClass did not find required class 'org.springframework.security.authentication.DefaultAuthenticationEventPublisher' (OnClassCondition)

   SecurityFilterAutoConfiguration:
      Did not match:
         - @ConditionalOnClass did not find required class 'org.springframework.security.config.http.SessionCreationPolicy' (OnClassCondition)

   SendGridAutoConfiguration:
      Did not match:
         - @ConditionalOnClass did not find required class 'com.sendgrid.SendGrid' (OnClassCondition)

   ServletWebServerFactoryAutoConfiguration.ForwardedHeaderFilterConfiguration:
      Did not match:
         - @ConditionalOnProperty (server.forward-headers-strategy=framework) did not find property 'server.forward-headers-strategy' (OnPropertyCondition)

   ServletWebServerFactoryConfiguration.EmbeddedJetty:
      Did not match:
         - @ConditionalOnClass did not find required classes 'org.eclipse.jetty.server.Server', 'org.eclipse.jetty.util.Loader', 'org.eclipse.jetty.ee10.webapp.WebAppContext' (OnClassCondition)

   ServletWebServerFactoryConfiguration.EmbeddedUndertow:
      Did not match:
         - @ConditionalOnClass did not find required classes 'io.undertow.Undertow', 'org.xnio.SslClientAuthMode' (OnClassCondition)

   SessionAutoConfiguration:
      Did not match:
         - @ConditionalOnClass did not find required class 'org.springframework.session.Session' (OnClassCondition)

   SpringApplicationAdminJmxAutoConfiguration:
      Did not match:
         - @ConditionalOnProperty (spring.application.admin.enabled=true) did not find property 'enabled' (OnPropertyCondition)

   TaskExecutorConfigurations.SimpleAsyncTaskExecutorBuilderConfiguration#simpleAsyncTaskExecutorBuilderVirtualThreads:
      Did not match:
         - @ConditionalOnMissingBean (types: org.springframework.boot.task.SimpleAsyncTaskExecutorBuilder; SearchStrategy: all) found beans of type 'org.springframework.boot.task.SimpleAsyncTaskExecutorBuilder' simpleAsyncTaskExecutorBuilder (OnBeanCondition)

   TaskExecutorConfigurations.TaskExecutorConfiguration#applicationTaskExecutorVirtualThreads:
      Did not match:
         - @ConditionalOnThreading did not find VIRTUAL (OnThreadingCondition)

   TaskSchedulingAutoConfiguration#scheduledBeanLazyInitializationExcludeFilter:
      Did not match:
         - @ConditionalOnBean (names: org.springframework.context.annotation.internalScheduledAnnotationProcessor; SearchStrategy: all) did not find any beans named org.springframework.context.annotation.internalScheduledAnnotationProcessor (OnBeanCondition)

   TaskSchedulingConfigurations.SimpleAsyncTaskSchedulerBuilderConfiguration#simpleAsyncTaskSchedulerBuilderVirtualThreads:
      Did not match:
         - @ConditionalOnMissingBean (types: org.springframework.boot.task.SimpleAsyncTaskSchedulerBuilder; SearchStrategy: all) found beans of type 'org.springframework.boot.task.SimpleAsyncTaskSchedulerBuilder' simpleAsyncTaskSchedulerBuilder (OnBeanCondition)

   TaskSchedulingConfigurations.TaskSchedulerConfiguration:
      Did not match:
         - @ConditionalOnBean (names: org.springframework.context.annotation.internalScheduledAnnotationProcessor; SearchStrategy: all) did not find any beans named org.springframework.context.annotation.internalScheduledAnnotationProcessor (OnBeanCondition)

   ThymeleafAutoConfiguration:
      Did not match:
         - @ConditionalOnClass did not find required class 'org.thymeleaf.spring6.SpringTemplateEngine' (OnClassCondition)

   TransactionAutoConfiguration#transactionalOperator:
      Did not match:
         - @ConditionalOnSingleCandidate (types: org.springframework.transaction.ReactiveTransactionManager; SearchStrategy: all) did not find any beans (OnBeanCondition)

   TransactionAutoConfiguration.AspectJTransactionManagementConfiguration:
      Did not match:
         - @ConditionalOnBean (types: org.springframework.transaction.aspectj.AbstractTransactionAspect; SearchStrategy: all) did not find any beans of type org.springframework.transaction.aspectj.AbstractTransactionAspect (OnBeanCondition)

   TransactionAutoConfiguration.EnableTransactionManagementConfiguration.JdkDynamicAutoProxyConfiguration:
      Did not match:
         - @ConditionalOnProperty (spring.aop.proxy-target-class=false) did not find property 'proxy-target-class' (OnPropertyCondition)

   UserDetailsServiceAutoConfiguration:
      Did not match:
         - @ConditionalOnClass did not find required class 'org.springframework.security.authentication.AuthenticationManager' (OnClassCondition)

   ValidationAutoConfiguration:
      Did not match:
         - @ConditionalOnClass did not find required class 'jakarta.validation.executable.ExecutableValidator' (OnClassCondition)

   WebClientAutoConfiguration:
      Did not match:
         - @ConditionalOnClass did not find required class 'org.springframework.web.reactive.function.client.WebClient' (OnClassCondition)

   WebFluxAutoConfiguration:
      Did not match:
         - @ConditionalOnClass did not find required class 'org.springframework.web.reactive.config.WebFluxConfigurer' (OnClassCondition)

   WebMvcAutoConfiguration#hiddenHttpMethodFilter:
      Did not match:
         - @ConditionalOnProperty (spring.mvc.hiddenmethod.filter.enabled) did not find property 'enabled' (OnPropertyCondition)

   WebMvcAutoConfiguration.ProblemDetailsErrorHandlingConfiguration:
      Did not match:
         - @ConditionalOnProperty (spring.mvc.problemdetails.enabled=true) did not find property 'enabled' (OnPropertyCondition)

   WebMvcAutoConfiguration.ResourceChainCustomizerConfiguration:
      Did not match:
         - @ConditionalOnEnabledResourceChain did not find class org.webjars.WebJarAssetLocator (OnEnabledResourceChainCondition)

   WebMvcAutoConfiguration.WebMvcAutoConfigurationAdapter#beanNameViewResolver:
      Did not match:
         - @ConditionalOnMissingBean (types: org.springframework.web.servlet.view.BeanNameViewResolver; SearchStrategy: all) found beans of type 'org.springframework.web.servlet.view.BeanNameViewResolver' beanNameViewResolver (OnBeanCondition)

   WebServiceTemplateAutoConfiguration:
      Did not match:
         - @ConditionalOnClass did not find required class 'org.springframework.oxm.Marshaller' (OnClassCondition)

   WebServicesAutoConfiguration:
      Did not match:
         - @ConditionalOnClass did not find required class 'org.springframework.ws.transport.http.MessageDispatcherServlet' (OnClassCondition)

   WebSessionIdResolverAutoConfiguration:
      Did not match:
         - @ConditionalOnClass did not find required class 'reactor.core.publisher.Mono' (OnClassCondition)

   WebSocketMessagingAutoConfiguration:
      Did not match:
         - @ConditionalOnClass did not find required class 'org.springframework.web.socket.config.annotation.WebSocketMessageBrokerConfigurer' (OnClassCondition)

   WebSocketReactiveAutoConfiguration:
      Did not match:
         - @ConditionalOnWebApplication did not find reactive web application classes (OnWebApplicationCondition)

   WebSocketServletAutoConfiguration.JettyWebSocketConfiguration:
      Did not match:
         - @ConditionalOnClass did not find required class 'org.eclipse.jetty.ee10.websocket.jakarta.server.config.JakartaWebSocketServletContainerInitializer' (OnClassCondition)

   WebSocketServletAutoConfiguration.UndertowWebSocketConfiguration:
      Did not match:
         - @ConditionalOnClass did not find required class 'io.undertow.websockets.jsr.Bootstrap' (OnClassCondition)

   XADataSourceAutoConfiguration:
      Did not match:
         - @ConditionalOnBean (types: org.springframework.boot.jdbc.XADataSourceWrapper; SearchStrategy: all) did not find any beans of type org.springframework.boot.jdbc.XADataSourceWrapper (OnBeanCondition)
      Matched:
         - @ConditionalOnClass found required classes 'javax.sql.DataSource', 'jakarta.transaction.TransactionManager', 'org.springframework.jdbc.datasource.embedded.EmbeddedDatabaseType' (OnClassCondition)


Exclusions:
-----------

    None


Unconditional classes:
----------------------

    org.springframework.boot.autoconfigure.context.ConfigurationPropertiesAutoConfiguration

    org.springframework.boot.autoconfigure.ssl.SslAutoConfiguration

    org.springframework.boot.autoconfigure.context.LifecycleAutoConfiguration

    org.springframework.boot.autoconfigure.context.PropertyPlaceholderAutoConfiguration

    org.springframework.boot.autoconfigure.availability.ApplicationAvailabilityAutoConfiguration

    org.springframework.boot.autoconfigure.info.ProjectInfoAutoConfiguration



2024-10-28T22:56:26.962-03:00  INFO 17164 --- [seguridad-calidad-back] [           main] s.s.SeguridadCalidadBackApplicationTests : Started SeguridadCalidadBackApplicationTests in 5.556 seconds (process running for 6.681)
2024-10-28T22:56:26.964-03:00 DEBUG 17164 --- [seguridad-calidad-back] [           main] o.s.b.a.ApplicationAvailabilityBean      : Application availability state LivenessState changed to CORRECT
2024-10-28T22:56:26.967-03:00 DEBUG 17164 --- [seguridad-calidad-back] [           main] o.s.b.a.ApplicationAvailabilityBean      : Application availability state ReadinessState changed to ACCEPTING_TRAFFIC
2024-10-28T22:56:26.970-03:00 DEBUG 17164 --- [seguridad-calidad-back] [           main] org.springframework.test.context.cache   : Spring test ApplicationContext cache statistics: [DefaultContextCache@d970881 size = 1, maxSize = 32, parentContextCount = 0, hitCount = 0, missCount = 1, failureCount = 0]
2024-10-28T22:56:26.971-03:00 DEBUG 17164 --- [seguridad-calidad-back] [           main] o.s.t.c.w.ServletTestExecutionListener   : Setting up MockHttpServletRequest, MockHttpServletResponse, ServletWebRequest, and RequestContextHolder for test class com.seguridad.seguridad_calidad_back.SeguridadCalidadBackApplicationTests
2024-10-28T22:56:26.993-03:00 DEBUG 17164 --- [seguridad-calidad-back] [           main] DependencyInjectionTestExecutionListener : Performing dependency injection for test class com.seguridad.seguridad_calidad_back.SeguridadCalidadBackApplicationTests
2024-10-28T22:56:26.993-03:00 DEBUG 17164 --- [seguridad-calidad-back] [           main] org.springframework.test.context.cache   : Spring test ApplicationContext cache statistics: [DefaultContextCache@d970881 size = 1, maxSize = 32, parentContextCount = 0, hitCount = 1, missCount = 1, failureCount = 0]
2024-10-28T22:56:26.996-03:00 DEBUG 17164 --- [seguridad-calidad-back] [           main] org.springframework.test.context.cache   : Spring test ApplicationContext cache statistics: [DefaultContextCache@d970881 size = 1, maxSize = 32, parentContextCount = 0, hitCount = 2, missCount = 1, failureCount = 0]
2024-10-28T22:56:27.005-03:00 DEBUG 17164 --- [seguridad-calidad-back] [           main] sContextBeforeModesTestExecutionListener : Before test method: class [SeguridadCalidadBackApplicationTests], method [contextLoads], class annotated with @DirtiesContext [false] with mode [null], method annotated with @DirtiesContext [false] with mode [null]
2024-10-28T22:56:27.007-03:00 DEBUG 17164 --- [seguridad-calidad-back] [           main] org.springframework.test.context.cache   : Spring test ApplicationContext cache statistics: [DefaultContextCache@d970881 size = 1, maxSize = 32, parentContextCount = 0, hitCount = 3, missCount = 1, failureCount = 0]
2024-10-28T22:56:27.007-03:00 DEBUG 17164 --- [seguridad-calidad-back] [           main] org.springframework.test.context.cache   : Spring test ApplicationContext cache statistics: [DefaultContextCache@d970881 size = 1, maxSize = 32, parentContextCount = 0, hitCount = 4, missCount = 1, failureCount = 0]
2024-10-28T22:56:27.073-03:00 DEBUG 17164 --- [seguridad-calidad-back] [           main] java.lang.ProcessBuilder                 : ProcessBuilder.start(): pid: 9004, dir: null, cmd: "C:\Program Files\Java\jdk-21\bin\java.exe"

java.lang.RuntimeException: ProcessBuilder.start() debug
	at java.base/java.lang.ProcessBuilder.start(ProcessBuilder.java:1147) ~[na:na]
	at java.base/java.lang.ProcessBuilder.start(ProcessBuilder.java:1089) ~[na:na]
	at net.bytebuddy.agent.ByteBuddyAgent.installExternal(ByteBuddyAgent.java:673) ~[byte-buddy-agent-1.14.19.jar:na]
	at net.bytebuddy.agent.ByteBuddyAgent.install(ByteBuddyAgent.java:604) ~[byte-buddy-agent-1.14.19.jar:na]
	at net.bytebuddy.agent.ByteBuddyAgent.install(ByteBuddyAgent.java:584) ~[byte-buddy-agent-1.14.19.jar:na]
	at net.bytebuddy.agent.ByteBuddyAgent.install(ByteBuddyAgent.java:536) ~[byte-buddy-agent-1.14.19.jar:na]
	at net.bytebuddy.agent.ByteBuddyAgent.install(ByteBuddyAgent.java:513) ~[byte-buddy-agent-1.14.19.jar:na]
	at org.mockito.internal.creation.bytebuddy.InlineDelegateByteBuddyMockMaker.<clinit>(InlineDelegateByteBuddyMockMaker.java:133) ~[mockito-core-5.11.0.jar:na]
	at org.mockito.internal.creation.bytebuddy.InlineByteBuddyMockMaker.<init>(InlineByteBuddyMockMaker.java:23) ~[mockito-core-5.11.0.jar:na]
	at java.base/jdk.internal.reflect.DirectConstructorHandleAccessor.newInstance(DirectConstructorHandleAccessor.java:62) ~[na:na]
	at java.base/java.lang.reflect.Constructor.newInstanceWithCaller(Constructor.java:502) ~[na:na]
	at java.base/java.lang.reflect.Constructor.newInstance(Constructor.java:486) ~[na:na]
	at org.mockito.internal.configuration.plugins.DefaultMockitoPlugins.create(DefaultMockitoPlugins.java:103) ~[mockito-core-5.11.0.jar:na]
	at org.mockito.internal.configuration.plugins.DefaultMockitoPlugins.getDefaultPlugin(DefaultMockitoPlugins.java:79) ~[mockito-core-5.11.0.jar:na]
	at org.mockito.internal.configuration.plugins.PluginLoader.loadPlugin(PluginLoader.java:75) ~[mockito-core-5.11.0.jar:na]
	at org.mockito.internal.configuration.plugins.PluginLoader.loadPlugin(PluginLoader.java:49) ~[mockito-core-5.11.0.jar:na]
	at org.mockito.internal.configuration.plugins.PluginRegistry.<init>(PluginRegistry.java:29) ~[mockito-core-5.11.0.jar:na]
	at org.mockito.internal.configuration.plugins.Plugins.<clinit>(Plugins.java:26) ~[mockito-core-5.11.0.jar:na]
	at org.mockito.internal.MockitoCore.<clinit>(MockitoCore.java:71) ~[mockito-core-5.11.0.jar:na]
	at org.mockito.Mockito.<clinit>(Mockito.java:1683) ~[mockito-core-5.11.0.jar:na]
	at org.springframework.boot.test.mock.mockito.MockReset.get(MockReset.java:105) ~[spring-boot-test-3.3.5.jar:3.3.5]
	at org.springframework.boot.test.mock.mockito.ResetMocksTestExecutionListener.resetMocks(ResetMocksTestExecutionListener.java:85) ~[spring-boot-test-3.3.5.jar:3.3.5]
	at org.springframework.boot.test.mock.mockito.ResetMocksTestExecutionListener.resetMocks(ResetMocksTestExecutionListener.java:73) ~[spring-boot-test-3.3.5.jar:3.3.5]
	at org.springframework.boot.test.mock.mockito.ResetMocksTestExecutionListener.beforeTestMethod(ResetMocksTestExecutionListener.java:60) ~[spring-boot-test-3.3.5.jar:3.3.5]
	at org.springframework.test.context.TestContextManager.beforeTestMethod(TestContextManager.java:320) ~[spring-test-6.1.14.jar:6.1.14]
	at org.springframework.test.context.junit.jupiter.SpringExtension.beforeEach(SpringExtension.java:240) ~[spring-test-6.1.14.jar:6.1.14]
	at org.junit.jupiter.engine.descriptor.TestMethodTestDescriptor.lambda$invokeBeforeEachCallbacks$2(TestMethodTestDescriptor.java:167) ~[junit-jupiter-engine-5.10.5.jar:5.10.5]
	at org.junit.jupiter.engine.descriptor.TestMethodTestDescriptor.lambda$invokeBeforeMethodsOrCallbacksUntilExceptionOccurs$6(TestMethodTestDescriptor.java:203) ~[junit-jupiter-engine-5.10.5.jar:5.10.5]
	at org.junit.platform.engine.support.hierarchical.ThrowableCollector.execute(ThrowableCollector.java:73) ~[junit-platform-engine-1.10.5.jar:1.10.5]
	at org.junit.jupiter.engine.descriptor.TestMethodTestDescriptor.invokeBeforeMethodsOrCallbacksUntilExceptionOccurs(TestMethodTestDescriptor.java:203) ~[junit-jupiter-engine-5.10.5.jar:5.10.5]
	at org.junit.jupiter.engine.descriptor.TestMethodTestDescriptor.invokeBeforeEachCallbacks(TestMethodTestDescriptor.java:166) ~[junit-jupiter-engine-5.10.5.jar:5.10.5]
	at org.junit.jupiter.engine.descriptor.TestMethodTestDescriptor.execute(TestMethodTestDescriptor.java:133) ~[junit-jupiter-engine-5.10.5.jar:5.10.5]
	at org.junit.jupiter.engine.descriptor.TestMethodTestDescriptor.execute(TestMethodTestDescriptor.java:69) ~[junit-jupiter-engine-5.10.5.jar:5.10.5]
	at org.junit.platform.engine.support.hierarchical.NodeTestTask.lambda$executeRecursively$6(NodeTestTask.java:156) ~[junit-platform-engine-1.10.5.jar:1.10.5]
	at org.junit.platform.engine.support.hierarchical.ThrowableCollector.execute(ThrowableCollector.java:73) ~[junit-platform-engine-1.10.5.jar:1.10.5]
	at org.junit.platform.engine.support.hierarchical.NodeTestTask.lambda$executeRecursively$8(NodeTestTask.java:146) ~[junit-platform-engine-1.10.5.jar:1.10.5]
	at org.junit.platform.engine.support.hierarchical.Node.around(Node.java:137) ~[junit-platform-engine-1.10.5.jar:1.10.5]
	at org.junit.platform.engine.support.hierarchical.NodeTestTask.lambda$executeRecursively$9(NodeTestTask.java:144) ~[junit-platform-engine-1.10.5.jar:1.10.5]
	at org.junit.platform.engine.support.hierarchical.ThrowableCollector.execute(ThrowableCollector.java:73) ~[junit-platform-engine-1.10.5.jar:1.10.5]
	at org.junit.platform.engine.support.hierarchical.NodeTestTask.executeRecursively(NodeTestTask.java:143) ~[junit-platform-engine-1.10.5.jar:1.10.5]
	at org.junit.platform.engine.support.hierarchical.NodeTestTask.execute(NodeTestTask.java:100) ~[junit-platform-engine-1.10.5.jar:1.10.5]
	at java.base/java.util.ArrayList.forEach(ArrayList.java:1596) ~[na:na]
	at org.junit.platform.engine.support.hierarchical.SameThreadHierarchicalTestExecutorService.invokeAll(SameThreadHierarchicalTestExecutorService.java:41) ~[junit-platform-engine-1.10.5.jar:1.10.5]
	at org.junit.platform.engine.support.hierarchical.NodeTestTask.lambda$executeRecursively$6(NodeTestTask.java:160) ~[junit-platform-engine-1.10.5.jar:1.10.5]
	at org.junit.platform.engine.support.hierarchical.ThrowableCollector.execute(ThrowableCollector.java:73) ~[junit-platform-engine-1.10.5.jar:1.10.5]
	at org.junit.platform.engine.support.hierarchical.NodeTestTask.lambda$executeRecursively$8(NodeTestTask.java:146) ~[junit-platform-engine-1.10.5.jar:1.10.5]
	at org.junit.platform.engine.support.hierarchical.Node.around(Node.java:137) ~[junit-platform-engine-1.10.5.jar:1.10.5]
	at org.junit.platform.engine.support.hierarchical.NodeTestTask.lambda$executeRecursively$9(NodeTestTask.java:144) ~[junit-platform-engine-1.10.5.jar:1.10.5]
	at org.junit.platform.engine.support.hierarchical.ThrowableCollector.execute(ThrowableCollector.java:73) ~[junit-platform-engine-1.10.5.jar:1.10.5]
	at org.junit.platform.engine.support.hierarchical.NodeTestTask.executeRecursively(NodeTestTask.java:143) ~[junit-platform-engine-1.10.5.jar:1.10.5]
	at org.junit.platform.engine.support.hierarchical.NodeTestTask.execute(NodeTestTask.java:100) ~[junit-platform-engine-1.10.5.jar:1.10.5]
	at java.base/java.util.ArrayList.forEach(ArrayList.java:1596) ~[na:na]
	at org.junit.platform.engine.support.hierarchical.SameThreadHierarchicalTestExecutorService.invokeAll(SameThreadHierarchicalTestExecutorService.java:41) ~[junit-platform-engine-1.10.5.jar:1.10.5]
	at org.junit.platform.engine.support.hierarchical.NodeTestTask.lambda$executeRecursively$6(NodeTestTask.java:160) ~[junit-platform-engine-1.10.5.jar:1.10.5]
	at org.junit.platform.engine.support.hierarchical.ThrowableCollector.execute(ThrowableCollector.java:73) ~[junit-platform-engine-1.10.5.jar:1.10.5]
	at org.junit.platform.engine.support.hierarchical.NodeTestTask.lambda$executeRecursively$8(NodeTestTask.java:146) ~[junit-platform-engine-1.10.5.jar:1.10.5]
	at org.junit.platform.engine.support.hierarchical.Node.around(Node.java:137) ~[junit-platform-engine-1.10.5.jar:1.10.5]
	at org.junit.platform.engine.support.hierarchical.NodeTestTask.lambda$executeRecursively$9(NodeTestTask.java:144) ~[junit-platform-engine-1.10.5.jar:1.10.5]
	at org.junit.platform.engine.support.hierarchical.ThrowableCollector.execute(ThrowableCollector.java:73) ~[junit-platform-engine-1.10.5.jar:1.10.5]
	at org.junit.platform.engine.support.hierarchical.NodeTestTask.executeRecursively(NodeTestTask.java:143) ~[junit-platform-engine-1.10.5.jar:1.10.5]
	at org.junit.platform.engine.support.hierarchical.NodeTestTask.execute(NodeTestTask.java:100) ~[junit-platform-engine-1.10.5.jar:1.10.5]
	at org.junit.platform.engine.support.hierarchical.SameThreadHierarchicalTestExecutorService.submit(SameThreadHierarchicalTestExecutorService.java:35) ~[junit-platform-engine-1.10.5.jar:1.10.5]
	at org.junit.platform.engine.support.hierarchical.HierarchicalTestExecutor.execute(HierarchicalTestExecutor.java:57) ~[junit-platform-engine-1.10.5.jar:1.10.5]
	at org.junit.platform.engine.support.hierarchical.HierarchicalTestEngine.execute(HierarchicalTestEngine.java:54) ~[junit-platform-engine-1.10.5.jar:1.10.5]
	at org.junit.platform.launcher.core.EngineExecutionOrchestrator.execute(EngineExecutionOrchestrator.java:198) ~[junit-platform-launcher-1.10.5.jar:1.10.5]
	at org.junit.platform.launcher.core.EngineExecutionOrchestrator.execute(EngineExecutionOrchestrator.java:169) ~[junit-platform-launcher-1.10.5.jar:1.10.5]
	at org.junit.platform.launcher.core.EngineExecutionOrchestrator.execute(EngineExecutionOrchestrator.java:93) ~[junit-platform-launcher-1.10.5.jar:1.10.5]
	at org.junit.platform.launcher.core.EngineExecutionOrchestrator.lambda$execute$0(EngineExecutionOrchestrator.java:58) ~[junit-platform-launcher-1.10.5.jar:1.10.5]
	at org.junit.platform.launcher.core.EngineExecutionOrchestrator.withInterceptedStreams(EngineExecutionOrchestrator.java:141) ~[junit-platform-launcher-1.10.5.jar:1.10.5]
	at org.junit.platform.launcher.core.EngineExecutionOrchestrator.execute(EngineExecutionOrchestrator.java:57) ~[junit-platform-launcher-1.10.5.jar:1.10.5]
	at org.junit.platform.launcher.core.DefaultLauncher.execute(DefaultLauncher.java:103) ~[junit-platform-launcher-1.10.5.jar:1.10.5]
	at org.junit.platform.launcher.core.DefaultLauncher.execute(DefaultLauncher.java:85) ~[junit-platform-launcher-1.10.5.jar:1.10.5]
	at org.junit.platform.launcher.core.DelegatingLauncher.execute(DelegatingLauncher.java:47) ~[junit-platform-launcher-1.10.5.jar:1.10.5]
	at org.apache.maven.surefire.junitplatform.LazyLauncher.execute(LazyLauncher.java:56) ~[surefire-junit-platform-3.2.5.jar:3.2.5]
	at org.apache.maven.surefire.junitplatform.JUnitPlatformProvider.execute(JUnitPlatformProvider.java:184) ~[surefire-junit-platform-3.2.5.jar:3.2.5]
	at org.apache.maven.surefire.junitplatform.JUnitPlatformProvider.invokeAllTests(JUnitPlatformProvider.java:148) ~[surefire-junit-platform-3.2.5.jar:3.2.5]
	at org.apache.maven.surefire.junitplatform.JUnitPlatformProvider.invoke(JUnitPlatformProvider.java:122) ~[surefire-junit-platform-3.2.5.jar:3.2.5]
	at org.apache.maven.surefire.booter.ForkedBooter.runSuitesInProcess(ForkedBooter.java:385) ~[surefire-booter-3.2.5.jar:3.2.5]
	at org.apache.maven.surefire.booter.ForkedBooter.execute(ForkedBooter.java:162) ~[surefire-booter-3.2.5.jar:3.2.5]
	at org.apache.maven.surefire.booter.ForkedBooter.run(ForkedBooter.java:507) ~[surefire-booter-3.2.5.jar:3.2.5]
	at org.apache.maven.surefire.booter.ForkedBooter.main(ForkedBooter.java:495) ~[surefire-booter-3.2.5.jar:3.2.5]

2024-10-28T22:56:27.545-03:00 DEBUG 17164 --- [seguridad-calidad-back] [           main] org.springframework.test.context.cache   : Spring test ApplicationContext cache statistics: [DefaultContextCache@d970881 size = 1, maxSize = 32, parentContextCount = 0, hitCount = 5, missCount = 1, failureCount = 0]
2024-10-28T22:56:27.551-03:00 DEBUG 17164 --- [seguridad-calidad-back] [           main] org.springframework.test.context.cache   : Spring test ApplicationContext cache statistics: [DefaultContextCache@d970881 size = 1, maxSize = 32, parentContextCount = 0, hitCount = 6, missCount = 1, failureCount = 0]
2024-10-28T22:56:27.552-03:00 DEBUG 17164 --- [seguridad-calidad-back] [           main] org.springframework.test.context.cache   : Spring test ApplicationContext cache statistics: [DefaultContextCache@d970881 size = 1, maxSize = 32, parentContextCount = 0, hitCount = 7, missCount = 1, failureCount = 0]
2024-10-28T22:56:27.552-03:00 DEBUG 17164 --- [seguridad-calidad-back] [           main] org.springframework.test.context.cache   : Spring test ApplicationContext cache statistics: [DefaultContextCache@d970881 size = 1, maxSize = 32, parentContextCount = 0, hitCount = 8, missCount = 1, failureCount = 0]
2024-10-28T22:56:27.553-03:00 DEBUG 17164 --- [seguridad-calidad-back] [           main] org.springframework.test.context.cache   : Spring test ApplicationContext cache statistics: [DefaultContextCache@d970881 size = 1, maxSize = 32, parentContextCount = 0, hitCount = 9, missCount = 1, failureCount = 0]
2024-10-28T22:56:27.554-03:00 DEBUG 17164 --- [seguridad-calidad-back] [           main] org.springframework.test.context.cache   : Spring test ApplicationContext cache statistics: [DefaultContextCache@d970881 size = 1, maxSize = 32, parentContextCount = 0, hitCount = 10, missCount = 1, failureCount = 0]
2024-10-28T22:56:27.555-03:00 DEBUG 17164 --- [seguridad-calidad-back] [           main] org.springframework.test.context.cache   : Spring test ApplicationContext cache statistics: [DefaultContextCache@d970881 size = 1, maxSize = 32, parentContextCount = 0, hitCount = 11, missCount = 1, failureCount = 0]
2024-10-28T22:56:27.556-03:00 DEBUG 17164 --- [seguridad-calidad-back] [           main] .c.s.DirtiesContextTestExecutionListener : After test method: class [SeguridadCalidadBackApplicationTests], method [contextLoads], class annotated with @DirtiesContext [false] with mode [null], method annotated with @DirtiesContext [false] with mode [null]
2024-10-28T22:56:27.556-03:00 DEBUG 17164 --- [seguridad-calidad-back] [           main] o.s.t.c.w.ServletTestExecutionListener   : Resetting RequestContextHolder for test class com.seguridad.seguridad_calidad_back.SeguridadCalidadBackApplicationTests
]]></system-out>
    <system-err><![CDATA[WARNING: A Java agent has been loaded dynamically (C:\Users\jorgs\.m2\repository\net\bytebuddy\byte-buddy-agent\1.14.19\byte-buddy-agent-1.14.19.jar)
WARNING: If a serviceability tool is in use, please run with -XX:+EnableDynamicAgentLoading to hide this warning
WARNING: If a serviceability tool is not in use, please run with -Djdk.instrument.traceUsage for more information
WARNING: Dynamic loading of agents will be disallowed by default in a future release
]]></system-err>
  </testcase>
</testsuite>